<?xml version="1.0" encoding="UTF-8"?>
<coverage generated="1602854082306" clover="3.2.0">
  <project timestamp="1602854082306" name="All files">
    <metrics statements="252" coveredstatements="249" conditionals="64" coveredconditionals="58" methods="62" coveredmethods="62" elements="378" coveredelements="369" complexity="0" loc="252" ncloc="252" packages="1" files="5" classes="5"/>
    <file name="Xbd.js" path="/Users/shanebdavis/dev/art-suite-foundations/packages/art-xbd/source/Art.Xbd/Xbd.js">
      <metrics statements="4" coveredstatements="4" conditionals="0" coveredconditionals="0" methods="1" coveredmethods="1"/>
      <line num="2" count="3" type="stmt"/>
      <line num="3" count="3" type="stmt"/>
      <line num="5" count="3" type="stmt"/>
      <line num="6" count="3" type="stmt"/>
    </file>
    <file name="XbdDictionary.js" path="/Users/shanebdavis/dev/art-suite-foundations/packages/art-xbd/source/Art.Xbd/XbdDictionary.js">
      <metrics statements="71" coveredstatements="69" conditionals="14" coveredconditionals="10" methods="16" coveredmethods="16"/>
      <line num="2" count="3" type="stmt"/>
      <line num="4" count="201" type="cond" truecount="2" falsecount="0"/>
      <line num="5" count="3" type="stmt"/>
      <line num="7" count="3" type="stmt"/>
      <line num="9" count="3" type="stmt"/>
      <line num="11" count="3" type="stmt"/>
      <line num="13" count="3" type="stmt"/>
      <line num="15" count="3" type="stmt"/>
      <line num="16" count="3" type="stmt"/>
      <line num="18" count="3" type="stmt"/>
      <line num="20" count="30" type="stmt"/>
      <line num="21" count="30" type="stmt"/>
      <line num="23" count="30" type="stmt"/>
      <line num="24" count="30" type="cond" truecount="2" falsecount="2"/>
      <line num="25" count="95" type="stmt"/>
      <line num="27" count="30" type="stmt"/>
      <line num="29" count="30" type="stmt"/>
      <line num="31" count="30" type="stmt"/>
      <line num="32" count="30" type="stmt"/>
      <line num="33" count="95" type="stmt"/>
      <line num="34" count="95" type="stmt"/>
      <line num="36" count="30" type="stmt"/>
      <line num="38" count="30" type="stmt"/>
      <line num="42" count="51" type="stmt"/>
      <line num="43" count="51" type="stmt"/>
      <line num="55" count="3" type="stmt"/>
      <line num="57" count="25" type="stmt"/>
      <line num="58" count="25" type="cond" truecount="2" falsecount="0"/>
      <line num="59" count="5" type="stmt"/>
      <line num="61" count="20" type="stmt"/>
      <line num="62" count="20" type="stmt"/>
      <line num="73" count="3" type="stmt"/>
      <line num="75" count="25" type="stmt"/>
      <line num="76" count="25" type="cond" truecount="1" falsecount="1"/>
      <line num="77" count="25" type="stmt"/>
      <line num="79" count="0" type="stmt"/>
      <line num="83" count="3" type="stmt"/>
      <line num="85" count="305" type="stmt"/>
      <line num="86" count="305" type="stmt"/>
      <line num="87" count="305" type="cond" truecount="1" falsecount="1"/>
      <line num="88" count="0" type="stmt"/>
      <line num="90" count="305" type="stmt"/>
      <line num="93" count="3" type="stmt"/>
      <line num="96" count="21" type="stmt"/>
      <line num="97" count="21" type="stmt"/>
      <line num="98" count="21" type="stmt"/>
      <line num="99" count="21" type="stmt"/>
      <line num="100" count="20" type="stmt"/>
      <line num="101" count="20" type="stmt"/>
      <line num="103" count="21" type="stmt"/>
      <line num="104" count="20" type="stmt"/>
      <line num="105" count="20" type="stmt"/>
      <line num="107" count="21" type="stmt"/>
      <line num="111" count="3" type="stmt"/>
      <line num="112" count="21" type="stmt"/>
      <line num="113" count="21" type="stmt"/>
      <line num="117" count="3" type="stmt"/>
      <line num="119" count="21" type="stmt"/>
      <line num="120" count="21" type="stmt"/>
      <line num="121" count="21" type="stmt"/>
      <line num="122" count="20" type="stmt"/>
      <line num="123" count="20" type="stmt"/>
      <line num="125" count="21" type="stmt"/>
      <line num="128" count="3" type="stmt"/>
      <line num="130" count="50" type="stmt"/>
      <line num="131" count="50" type="stmt"/>
      <line num="132" count="52" type="stmt"/>
      <line num="133" count="52" type="cond" truecount="2" falsecount="0"/>
      <line num="134" count="30" type="stmt"/>
      <line num="137" count="20" type="stmt"/>
      <line num="140" count="3" type="stmt"/>
    </file>
    <file name="XbdTag.js" path="/Users/shanebdavis/dev/art-suite-foundations/packages/art-xbd/source/Art.Xbd/XbdTag.js">
      <metrics statements="175" coveredstatements="174" conditionals="50" coveredconditionals="48" methods="45" coveredmethods="45"/>
      <line num="2" count="3" type="stmt"/>
      <line num="4" count="201" type="cond" truecount="2" falsecount="0"/>
      <line num="5" count="3" type="stmt"/>
      <line num="7" count="3" type="stmt"/>
      <line num="9" count="3" type="stmt"/>
      <line num="11" count="3" type="stmt"/>
      <line num="13" count="3" type="stmt"/>
      <line num="15" count="3" type="stmt"/>
      <line num="17" count="3" type="stmt"/>
      <line num="19" count="3" type="stmt"/>
      <line num="22" count="3" type="stmt"/>
      <line num="52" count="3" type="stmt"/>
      <line num="53" count="2" type="cond" truecount="2" falsecount="0"/>
      <line num="54" count="1" type="stmt"/>
      <line num="56" count="2" type="stmt"/>
      <line num="59" count="22" type="stmt"/>
      <line num="63" count="3" type="stmt"/>
      <line num="65" count="10" type="stmt"/>
      <line num="66" count="10" type="stmt"/>
      <line num="67" count="10" type="stmt"/>
      <line num="79" count="79" type="stmt"/>
      <line num="80" count="79" type="cond" truecount="2" falsecount="0"/>
      <line num="81" count="79" type="cond" truecount="2" falsecount="0"/>
      <line num="84" count="3" type="stmt"/>
      <line num="85" count="7" type="stmt"/>
      <line num="88" count="3" type="stmt"/>
      <line num="89" count="2" type="cond" truecount="2" falsecount="0"/>
      <line num="105" count="3" type="stmt"/>
      <line num="107" count="7" type="stmt"/>
      <line num="108" count="7" type="stmt"/>
      <line num="109" count="7" type="stmt"/>
      <line num="110" count="7" type="stmt"/>
      <line num="112" count="7" type="stmt"/>
      <line num="114" count="7" type="stmt"/>
      <line num="115" count="7" type="stmt"/>
      <line num="118" count="7" type="stmt"/>
      <line num="119" count="7" type="stmt"/>
      <line num="123" count="3" type="stmt"/>
      <line num="125" count="37" type="cond" truecount="2" falsecount="0"/>
      <line num="126" count="21" type="stmt"/>
      <line num="128" count="37" type="stmt"/>
      <line num="129" count="37" type="stmt"/>
      <line num="130" count="23" type="stmt"/>
      <line num="131" count="23" type="cond" truecount="2" falsecount="0"/>
      <line num="132" count="7" type="stmt"/>
      <line num="134" count="16" type="stmt"/>
      <line num="137" count="37" type="stmt"/>
      <line num="140" count="3" type="stmt"/>
      <line num="142" count="2" type="stmt"/>
      <line num="143" count="2" type="stmt"/>
      <line num="144" count="3" type="stmt"/>
      <line num="145" count="3" type="cond" truecount="2" falsecount="0"/>
      <line num="146" count="2" type="stmt"/>
      <line num="149" count="0" type="stmt"/>
      <line num="152" count="3" type="stmt"/>
      <line num="153" count="3" type="stmt"/>
      <line num="156" count="3" type="stmt"/>
      <line num="158" count="34" type="cond" truecount="2" falsecount="0"/>
      <line num="159" count="10" type="stmt"/>
      <line num="161" count="34" type="cond" truecount="3" falsecount="1"/>
      <line num="162" count="10" type="stmt"/>
      <line num="164" count="10" type="stmt"/>
      <line num="165" count="10" type="stmt"/>
      <line num="166" count="10" type="stmt"/>
      <line num="167" count="16" type="stmt"/>
      <line num="168" count="16" type="stmt"/>
      <line num="170" count="10" type="stmt"/>
      <line num="173" count="34" type="stmt"/>
      <line num="180" count="3" type="stmt"/>
      <line num="182" count="51" type="cond" truecount="2" falsecount="0"/>
      <line num="183" count="14" type="stmt"/>
      <line num="185" count="51" type="stmt"/>
      <line num="186" count="51" type="cond" truecount="4" falsecount="0"/>
      <line num="187" count="16" type="stmt"/>
      <line num="189" count="51" type="cond" truecount="2" falsecount="0"/>
      <line num="190" count="33" type="stmt"/>
      <line num="192" count="18" type="stmt"/>
      <line num="196" count="3" type="stmt"/>
      <line num="198" count="7" type="stmt"/>
      <line num="201" count="14" type="stmt"/>
      <line num="204" count="11" type="stmt"/>
      <line num="207" count="7" type="stmt"/>
      <line num="211" count="15" type="cond" truecount="2" falsecount="0"/>
      <line num="212" count="7" type="stmt"/>
      <line num="214" count="15" type="stmt"/>
      <line num="215" count="15" type="stmt"/>
      <line num="216" count="15" type="stmt"/>
      <line num="217" count="8" type="stmt"/>
      <line num="218" count="8" type="stmt"/>
      <line num="220" count="15" type="stmt"/>
      <line num="224" count="15" type="cond" truecount="2" falsecount="0"/>
      <line num="225" count="7" type="stmt"/>
      <line num="227" count="15" type="stmt"/>
      <line num="228" count="15" type="stmt"/>
      <line num="229" count="5" type="stmt"/>
      <line num="230" count="5" type="stmt"/>
      <line num="232" count="15" type="stmt"/>
      <line num="233" count="15" type="stmt"/>
      <line num="234" count="8" type="stmt"/>
      <line num="235" count="8" type="stmt"/>
      <line num="237" count="15" type="stmt"/>
      <line num="241" count="15" type="cond" truecount="2" falsecount="0"/>
      <line num="242" count="7" type="stmt"/>
      <line num="244" count="15" type="stmt"/>
      <line num="245" count="15" type="stmt"/>
      <line num="246" count="5" type="stmt"/>
      <line num="247" count="5" type="stmt"/>
      <line num="249" count="15" type="stmt"/>
      <line num="250" count="15" type="stmt"/>
      <line num="251" count="8" type="stmt"/>
      <line num="252" count="8" type="stmt"/>
      <line num="254" count="15" type="stmt"/>
      <line num="258" count="3" type="stmt"/>
      <line num="260" count="3" type="stmt"/>
      <line num="261" count="7" type="stmt"/>
      <line num="262" count="7" type="stmt"/>
      <line num="265" count="3" type="stmt"/>
      <line num="266" count="18" type="stmt"/>
      <line num="269" count="3" type="stmt"/>
      <line num="271" count="51" type="stmt"/>
      <line num="273" count="51" type="stmt"/>
      <line num="274" count="51" type="stmt"/>
      <line num="275" count="51" type="stmt"/>
      <line num="276" count="17" type="stmt"/>
      <line num="277" count="17" type="stmt"/>
      <line num="279" count="51" type="stmt"/>
      <line num="281" count="51" type="stmt"/>
      <line num="284" count="3" type="stmt"/>
      <line num="286" count="18" type="stmt"/>
      <line num="287" count="27" type="stmt"/>
      <line num="289" count="18" type="stmt"/>
      <line num="292" count="3" type="stmt"/>
      <line num="294" count="15" type="stmt"/>
      <line num="295" count="15" type="stmt"/>
      <line num="296" count="15" type="stmt"/>
      <line num="297" count="5" type="stmt"/>
      <line num="298" count="5" type="stmt"/>
      <line num="299" count="5" type="stmt"/>
      <line num="301" count="15" type="stmt"/>
      <line num="304" count="3" type="stmt"/>
      <line num="306" count="15" type="stmt"/>
      <line num="307" count="15" type="stmt"/>
      <line num="308" count="15" type="stmt"/>
      <line num="310" count="23" type="cond" truecount="3" falsecount="1"/>
      <line num="311" count="8" type="stmt"/>
      <line num="312" count="8" type="stmt"/>
      <line num="313" count="8" type="stmt"/>
      <line num="316" count="15" type="stmt"/>
      <line num="320" count="15" type="stmt"/>
      <line num="323" count="3" type="stmt"/>
      <line num="325" count="15" type="stmt"/>
      <line num="326" count="15" type="stmt"/>
      <line num="327" count="15" type="stmt"/>
      <line num="328" count="15" type="stmt"/>
      <line num="329" count="15" type="stmt"/>
      <line num="330" count="15" type="stmt"/>
      <line num="333" count="15" type="stmt"/>
      <line num="337" count="3" type="stmt"/>
      <line num="339" count="51" type="stmt"/>
      <line num="340" count="51" type="stmt"/>
      <line num="341" count="51" type="stmt"/>
      <line num="342" count="51" type="stmt"/>
      <line num="343" count="51" type="stmt"/>
      <line num="344" count="127" type="cond" truecount="2" falsecount="0"/>
      <line num="345" count="30" type="stmt"/>
      <line num="347" count="127" type="stmt"/>
      <line num="348" count="127" type="stmt"/>
      <line num="349" count="127" type="stmt"/>
      <line num="351" count="51" type="stmt"/>
      <line num="352" count="51" type="stmt"/>
      <line num="353" count="41" type="stmt"/>
      <line num="354" count="41" type="stmt"/>
      <line num="355" count="41" type="cond" truecount="2" falsecount="0"/>
      <line num="357" count="51" type="stmt"/>
      <line num="360" count="3" type="stmt"/>
    </file>
    <file name="index.js" path="/Users/shanebdavis/dev/art-suite-foundations/packages/art-xbd/source/Art.Xbd/index.js">
      <metrics statements="1" coveredstatements="1" conditionals="0" coveredconditionals="0" methods="0" coveredmethods="0"/>
      <line num="4" count="3" type="stmt"/>
    </file>
    <file name="namespace.js" path="/Users/shanebdavis/dev/art-suite-foundations/packages/art-xbd/source/Art.Xbd/namespace.js">
      <metrics statements="1" coveredstatements="1" conditionals="0" coveredconditionals="0" methods="0" coveredmethods="0"/>
      <line num="4" count="3" type="stmt"/>
    </file>
  </project>
</coverage>
