TN:
SF:source/Art.Xbd/Xbd.js
FN:3,(anonymous_0)
FNF:1
FNH:1
FNDA:3,(anonymous_0)
DA:2,3
DA:3,3
DA:5,3
DA:6,3
LF:4
LH:4
BRF:0
BRH:0
end_of_record
TN:
SF:source/Art.Xbd/XbdDictionary.js
FN:2,(anonymous_0)
FN:4,(anonymous_1)
FN:4,ctor
FN:15,(anonymous_3)
FN:18,(anonymous_4)
FN:21,(anonymous_5)
FN:29,(anonymous_6)
FN:41,XbdDictionary
FN:55,(anonymous_8)
FN:73,(anonymous_9)
FN:83,(anonymous_10)
FN:94,(anonymous_11)
FN:111,(anonymous_12)
FN:112,(anonymous_13)
FN:117,(anonymous_14)
FN:128,(anonymous_15)
FNF:16
FNH:16
FNDA:3,(anonymous_0)
FNDA:3,(anonymous_1)
FNDA:3,ctor
FNDA:3,(anonymous_3)
FNDA:30,(anonymous_4)
FNDA:30,(anonymous_5)
FNDA:30,(anonymous_6)
FNDA:51,XbdDictionary
FNDA:25,(anonymous_8)
FNDA:25,(anonymous_9)
FNDA:305,(anonymous_10)
FNDA:21,(anonymous_11)
FNDA:21,(anonymous_12)
FNDA:21,(anonymous_13)
FNDA:21,(anonymous_14)
FNDA:50,(anonymous_15)
DA:2,3
DA:4,201
DA:5,3
DA:7,3
DA:9,3
DA:11,3
DA:13,3
DA:15,3
DA:16,3
DA:18,3
DA:20,30
DA:21,30
DA:23,30
DA:24,30
DA:25,95
DA:27,30
DA:29,30
DA:31,30
DA:32,30
DA:33,95
DA:34,95
DA:36,30
DA:38,30
DA:42,51
DA:43,51
DA:55,3
DA:57,25
DA:58,25
DA:59,5
DA:61,20
DA:62,20
DA:73,3
DA:75,25
DA:76,25
DA:77,25
DA:79,0
DA:83,3
DA:85,305
DA:86,305
DA:87,305
DA:88,0
DA:90,305
DA:93,3
DA:96,21
DA:97,21
DA:98,21
DA:99,21
DA:100,20
DA:101,20
DA:103,21
DA:104,20
DA:105,20
DA:107,21
DA:111,3
DA:112,21
DA:113,21
DA:117,3
DA:119,21
DA:120,21
DA:121,21
DA:122,20
DA:123,20
DA:125,21
DA:128,3
DA:130,50
DA:131,50
DA:132,52
DA:133,52
DA:134,30
DA:137,20
DA:140,3
LF:71
LH:69
BRDA:4,0,0,195
BRDA:4,0,1,6
BRDA:24,1,0,125
BRDA:24,1,1,0
BRDA:24,2,0,95
BRDA:24,2,1,0
BRDA:58,3,0,5
BRDA:58,3,1,20
BRDA:76,4,0,25
BRDA:76,4,1,0
BRDA:87,5,0,0
BRDA:87,5,1,305
BRDA:133,6,0,30
BRDA:133,6,1,22
BRF:14
BRH:10
end_of_record
TN:
SF:source/Art.Xbd/XbdTag.js
FN:2,(anonymous_0)
FN:4,(anonymous_1)
FN:4,ctor
FN:19,(anonymous_3)
FN:52,(anonymous_4)
FN:58,(anonymous_5)
FN:63,(anonymous_6)
FN:78,XbdTag
FN:84,(anonymous_8)
FN:88,(anonymous_9)
FN:105,(anonymous_10)
FN:109,(anonymous_11)
FN:111,(anonymous_12)
FN:113,(anonymous_13)
FN:114,(anonymous_14)
FN:117,(anonymous_15)
FN:123,(anonymous_16)
FN:140,(anonymous_17)
FN:152,(anonymous_18)
FN:156,(anonymous_19)
FN:162,(anonymous_20)
FN:180,(anonymous_21)
FN:197,(anonymous_22)
FN:200,(anonymous_23)
FN:203,(anonymous_24)
FN:206,(anonymous_25)
FN:209,(anonymous_26)
FN:222,(anonymous_27)
FN:239,(anonymous_28)
FN:260,(anonymous_29)
FN:265,(anonymous_30)
FN:269,(anonymous_31)
FN:271,(anonymous_32)
FN:284,(anonymous_33)
FN:286,(anonymous_34)
FN:292,(anonymous_35)
FN:304,(anonymous_36)
FN:307,(anonymous_37)
FN:308,(anonymous_38)
FN:311,(anonymous_39)
FN:323,(anonymous_40)
FN:327,(anonymous_41)
FN:328,(anonymous_42)
FN:332,(anonymous_43)
FN:337,(anonymous_44)
FNF:45
FNH:45
FNDA:3,(anonymous_0)
FNDA:3,(anonymous_1)
FNDA:3,ctor
FNDA:3,(anonymous_3)
FNDA:2,(anonymous_4)
FNDA:22,(anonymous_5)
FNDA:10,(anonymous_6)
FNDA:79,XbdTag
FNDA:7,(anonymous_8)
FNDA:2,(anonymous_9)
FNDA:7,(anonymous_10)
FNDA:7,(anonymous_11)
FNDA:7,(anonymous_12)
FNDA:7,(anonymous_13)
FNDA:7,(anonymous_14)
FNDA:7,(anonymous_15)
FNDA:37,(anonymous_16)
FNDA:2,(anonymous_17)
FNDA:3,(anonymous_18)
FNDA:34,(anonymous_19)
FNDA:10,(anonymous_20)
FNDA:51,(anonymous_21)
FNDA:7,(anonymous_22)
FNDA:14,(anonymous_23)
FNDA:11,(anonymous_24)
FNDA:7,(anonymous_25)
FNDA:15,(anonymous_26)
FNDA:15,(anonymous_27)
FNDA:15,(anonymous_28)
FNDA:7,(anonymous_29)
FNDA:18,(anonymous_30)
FNDA:51,(anonymous_31)
FNDA:51,(anonymous_32)
FNDA:18,(anonymous_33)
FNDA:27,(anonymous_34)
FNDA:15,(anonymous_35)
FNDA:15,(anonymous_36)
FNDA:15,(anonymous_37)
FNDA:23,(anonymous_38)
FNDA:8,(anonymous_39)
FNDA:15,(anonymous_40)
FNDA:15,(anonymous_41)
FNDA:15,(anonymous_42)
FNDA:15,(anonymous_43)
FNDA:51,(anonymous_44)
DA:2,3
DA:4,201
DA:5,3
DA:7,3
DA:9,3
DA:11,3
DA:13,3
DA:15,3
DA:17,3
DA:19,3
DA:22,3
DA:52,3
DA:53,2
DA:54,1
DA:56,2
DA:59,22
DA:63,3
DA:65,10
DA:66,10
DA:67,10
DA:79,79
DA:80,79
DA:81,79
DA:84,3
DA:85,7
DA:88,3
DA:89,2
DA:105,3
DA:107,7
DA:108,7
DA:109,7
DA:110,7
DA:112,7
DA:114,7
DA:115,7
DA:118,7
DA:119,7
DA:123,3
DA:125,37
DA:126,21
DA:128,37
DA:129,37
DA:130,23
DA:131,23
DA:132,7
DA:134,16
DA:137,37
DA:140,3
DA:142,2
DA:143,2
DA:144,3
DA:145,3
DA:146,2
DA:149,0
DA:152,3
DA:153,3
DA:156,3
DA:158,34
DA:159,10
DA:161,34
DA:162,10
DA:164,10
DA:165,10
DA:166,10
DA:167,16
DA:168,16
DA:170,10
DA:173,34
DA:180,3
DA:182,51
DA:183,14
DA:185,51
DA:186,51
DA:187,16
DA:189,51
DA:190,33
DA:192,18
DA:196,3
DA:198,7
DA:201,14
DA:204,11
DA:207,7
DA:211,15
DA:212,7
DA:214,15
DA:215,15
DA:216,15
DA:217,8
DA:218,8
DA:220,15
DA:224,15
DA:225,7
DA:227,15
DA:228,15
DA:229,5
DA:230,5
DA:232,15
DA:233,15
DA:234,8
DA:235,8
DA:237,15
DA:241,15
DA:242,7
DA:244,15
DA:245,15
DA:246,5
DA:247,5
DA:249,15
DA:250,15
DA:251,8
DA:252,8
DA:254,15
DA:258,3
DA:260,3
DA:261,7
DA:262,7
DA:265,3
DA:266,18
DA:269,3
DA:271,51
DA:273,51
DA:274,51
DA:275,51
DA:276,17
DA:277,17
DA:279,51
DA:281,51
DA:284,3
DA:286,18
DA:287,27
DA:289,18
DA:292,3
DA:294,15
DA:295,15
DA:296,15
DA:297,5
DA:298,5
DA:299,5
DA:301,15
DA:304,3
DA:306,15
DA:307,15
DA:308,15
DA:310,23
DA:311,8
DA:312,8
DA:313,8
DA:316,15
DA:320,15
DA:323,3
DA:325,15
DA:326,15
DA:327,15
DA:328,15
DA:329,15
DA:330,15
DA:333,15
DA:337,3
DA:339,51
DA:340,51
DA:341,51
DA:342,51
DA:343,51
DA:344,127
DA:345,30
DA:347,127
DA:348,127
DA:349,127
DA:351,51
DA:352,51
DA:353,41
DA:354,41
DA:355,41
DA:357,51
DA:360,3
LF:175
LH:174
BRDA:4,0,0,195
BRDA:4,0,1,6
BRDA:53,1,0,1
BRDA:53,1,1,1
BRDA:80,2,0,38
BRDA:80,2,1,41
BRDA:81,3,0,60
BRDA:81,3,1,19
BRDA:89,4,0,2
BRDA:89,4,1,2
BRDA:125,5,0,21
BRDA:125,5,1,16
BRDA:131,6,0,7
BRDA:131,6,1,16
BRDA:145,7,0,2
BRDA:145,7,1,1
BRDA:158,8,0,10
BRDA:158,8,1,24
BRDA:161,9,0,10
BRDA:161,9,1,24
BRDA:161,10,0,34
BRDA:161,10,1,0
BRDA:175,11,0,10
BRDA:175,11,1,24
BRDA:175,12,0,2
BRDA:175,12,1,8
BRDA:175,13,0,8
BRDA:175,13,1,16
BRDA:182,14,0,14
BRDA:182,14,1,37
BRDA:186,15,0,16
BRDA:186,15,1,35
BRDA:186,16,0,51
BRDA:186,16,1,51
BRDA:189,17,0,33
BRDA:189,17,1,18
BRDA:211,18,0,7
BRDA:211,18,1,8
BRDA:224,19,0,7
BRDA:224,19,1,8
BRDA:241,20,0,7
BRDA:241,20,1,8
BRDA:310,21,0,8
BRDA:310,21,1,15
BRDA:310,22,0,23
BRDA:310,22,1,0
BRDA:344,23,0,30
BRDA:344,23,1,97
BRDA:355,24,0,41
BRDA:355,24,1,27
BRF:50
BRH:48
end_of_record
TN:
SF:source/Art.Xbd/index.js
FNF:0
FNH:0
DA:4,3
LF:1
LH:1
BRF:0
BRH:0
end_of_record
TN:
SF:source/Art.Xbd/namespace.js
FNF:0
FNH:0
DA:4,3
LF:1
LH:1
BRF:0
BRH:0
end_of_record
