<?xml version="1.0" encoding="UTF-8"?>
<coverage generated="1594924602076" clover="3.2.0">
  <project timestamp="1594924602076" name="All files">
    <metrics statements="77" coveredstatements="77" conditionals="63" coveredconditionals="62" methods="33" coveredmethods="33" elements="173" coveredelements="172" complexity="0" loc="77" ncloc="77" packages="2" files="3" classes="3"/>
    <package name="Art.HtmlFactory">
      <metrics statements="74" coveredstatements="74" conditionals="63" coveredconditionals="62" methods="32" coveredmethods="32"/>
      <file name="HtmlElementNames.js" path="/Users/shanebdavis/dev/art-suite-foundations/packages/art-html-factory/source/Art.HtmlFactory/HtmlElementNames.js">
        <metrics statements="3" coveredstatements="3" conditionals="0" coveredconditionals="0" methods="1" coveredmethods="1"/>
        <line num="2" count="2" type="stmt"/>
        <line num="3" count="2" type="stmt"/>
        <line num="4" count="2" type="stmt"/>
      </file>
      <file name="HtmlTextNode.js" path="/Users/shanebdavis/dev/art-suite-foundations/packages/art-html-factory/source/Art.HtmlFactory/HtmlTextNode.js">
        <metrics statements="71" coveredstatements="71" conditionals="63" coveredconditionals="62" methods="31" coveredmethods="31"/>
        <line num="2" count="2" type="stmt"/>
        <line num="3" count="2" type="stmt"/>
        <line num="4" count="2" type="stmt"/>
        <line num="27" count="2" type="stmt"/>
        <line num="28" count="2" type="stmt"/>
        <line num="31" count="38" type="stmt"/>
        <line num="32" count="38" type="stmt"/>
        <line num="33" count="38" type="stmt"/>
        <line num="34" count="38" type="stmt"/>
        <line num="35" count="38" type="stmt"/>
        <line num="36" count="38" type="stmt"/>
        <line num="37" count="38" type="stmt"/>
        <line num="47" count="2" type="stmt"/>
        <line num="48" count="38" type="cond" truecount="2" falsecount="0"/>
        <line num="54" count="4" type="stmt"/>
        <line num="59" count="2" type="stmt"/>
        <line num="61" count="38" type="stmt"/>
        <line num="62" count="38" type="cond" truecount="2" falsecount="0"/>
        <line num="67" count="19" type="stmt"/>
        <line num="68" count="25" type="cond" truecount="2" falsecount="0"/>
        <line num="69" count="22" type="stmt"/>
        <line num="70" count="22" type="cond" truecount="2" falsecount="0"/>
        <line num="71" count="4" type="stmt"/>
        <line num="74" count="25" type="stmt"/>
        <line num="76" count="29" type="stmt"/>
        <line num="82" count="2" type="stmt"/>
        <line num="83" count="22" type="cond" truecount="4" falsecount="0"/>
        <line num="88" count="4" type="stmt"/>
        <line num="94" count="2" type="stmt"/>
        <line num="100" count="2" type="stmt"/>
        <line num="101" count="2" type="stmt"/>
        <line num="103" count="2" type="stmt"/>
        <line num="104" count="30" type="stmt"/>
        <line num="105" count="30" type="cond" truecount="2" falsecount="0"/>
        <line num="109" count="2" type="stmt"/>
        <line num="111" count="91" type="stmt"/>
        <line num="114" count="22" type="stmt"/>
        <line num="117" count="23" type="stmt"/>
        <line num="124" count="26" type="stmt"/>
        <line num="130" count="42" type="stmt"/>
        <line num="136" count="11" type="stmt"/>
        <line num="142" count="36" type="stmt"/>
        <line num="149" count="42" type="cond" truecount="2" falsecount="0"/>
        <line num="152" count="12" type="cond" truecount="2" falsecount="0"/>
        <line num="161" count="2" type="stmt"/>
        <line num="162" count="2" type="stmt"/>
        <line num="164" count="21" type="cond" truecount="2" falsecount="0"/>
        <line num="165" count="19" type="stmt"/>
        <line num="166" count="19" type="stmt"/>
        <line num="168" count="2" type="cond" truecount="1" falsecount="1"/>
        <line num="169" count="2" type="stmt"/>
        <line num="170" count="2" type="stmt"/>
        <line num="176" count="21" type="cond" truecount="2" falsecount="0"/>
        <line num="177" count="1" type="stmt"/>
        <line num="179" count="21" type="stmt"/>
        <line num="181" count="2" type="cond" truecount="1" falsecount="0"/>
        <line num="182" count="21" type="stmt"/>
        <line num="184" count="2" type="stmt"/>
        <line num="185" count="2" type="stmt"/>
        <line num="186" count="22" type="stmt"/>
        <line num="188" count="2" type="stmt"/>
        <line num="189" count="9" type="stmt"/>
        <line num="191" count="2" type="stmt"/>
        <line num="192" count="96" type="cond" truecount="2" falsecount="0"/>
        <line num="193" count="9" type="stmt"/>
        <line num="195" count="96" type="cond" truecount="2" falsecount="0"/>
        <line num="199" count="2" type="stmt"/>
        <line num="201" count="57" type="cond" truecount="4" falsecount="0"/>
        <line num="232" count="2" type="stmt"/>
        <line num="233" count="43" type="cond" truecount="2" falsecount="0"/>
        <line num="238" count="39" type="cond" truecount="2" falsecount="0"/>
      </file>
    </package>
    <package name="Jest">
      <metrics statements="3" coveredstatements="3" conditionals="0" coveredconditionals="0" methods="1" coveredmethods="1"/>
      <file name="StandardImport.js" path="/Users/shanebdavis/dev/art-suite-foundations/packages/art-html-factory/source/Jest/StandardImport.js">
        <metrics statements="3" coveredstatements="3" conditionals="0" coveredconditionals="0" methods="1" coveredmethods="1"/>
        <line num="2" count="2" type="stmt"/>
        <line num="3" count="2" type="stmt"/>
        <line num="4" count="2" type="stmt"/>
      </file>
    </package>
  </project>
</coverage>
