<?xml version="1.0" encoding="UTF-8"?>
<coverage generated="1595127327598" clover="3.2.0">
  <project timestamp="1595127327598" name="All files">
    <metrics statements="14" coveredstatements="14" conditionals="7" coveredconditionals="7" methods="6" coveredmethods="6" elements="27" coveredelements="27" complexity="0" loc="14" ncloc="14" packages="1" files="3" classes="3"/>
    <file name="HtmlElementNames.js" path="/Users/shanebdavis/dev/art-suite-foundations/packages/art-html-factory/source/Art.HtmlFactory/HtmlElementNames.js">
      <metrics statements="3" coveredstatements="3" conditionals="0" coveredconditionals="0" methods="1" coveredmethods="1"/>
      <line num="2" count="3" type="stmt"/>
      <line num="3" count="3" type="stmt"/>
      <line num="4" count="3" type="stmt"/>
    </file>
    <file name="HtmlFactory.js" path="/Users/shanebdavis/dev/art-suite-foundations/packages/art-html-factory/source/Art.HtmlFactory/HtmlFactory.js">
      <metrics statements="10" coveredstatements="10" conditionals="7" coveredconditionals="7" methods="5" coveredmethods="5"/>
      <line num="2" count="3" type="stmt"/>
      <line num="3" count="3" type="stmt"/>
      <line num="4" count="3" type="stmt"/>
      <line num="8" count="3" type="stmt"/>
      <line num="11" count="16" type="stmt"/>
      <line num="15" count="16" type="cond" truecount="2" falsecount="0"/>
      <line num="18" count="14" type="cond" truecount="3" falsecount="0"/>
      <line num="20" count="8" type="stmt"/>
      <line num="27" count="5" type="stmt"/>
      <line num="31" count="1" type="stmt"/>
    </file>
    <file name="index.js" path="/Users/shanebdavis/dev/art-suite-foundations/packages/art-html-factory/source/Art.HtmlFactory/index.js">
      <metrics statements="1" coveredstatements="1" conditionals="0" coveredconditionals="0" methods="0" coveredmethods="0"/>
      <line num="4" count="3" type="stmt"/>
    </file>
  </project>
</coverage>
