{"/Users/shanebdavis/dev/art-suite-foundations/packages/art-html-factory/source/index.js": {"path":"/Users/shanebdavis/dev/art-suite-foundations/packages/art-html-factory/source/index.js","statementMap":{"0":{"start":{"line":2,"column":10},"end":{"line":2,"column":44}},"1":{"start":{"line":3,"column":0},"end":{"line":5,"column":3}},"2":{"start":{"line":4,"column":2},"end":{"line":4,"column":38}}},"fnMap":{"0":{"name":"(anonymous_0)","decl":{"start":{"line":3,"column":19},"end":{"line":3,"column":20}},"loc":{"start":{"line":3,"column":25},"end":{"line":5,"column":1}},"line":3}},"branchMap":{},"s":{"0":3,"1":3,"2":3},"f":{"0":3},"b":{},"_coverageSchema":"1a1c01bbd47fc00a2c39e90264f33305004495a9","hash":"63ce192b451d961a915ecd93640625e182550525"}
,"/Users/shanebdavis/dev/art-suite-foundations/packages/art-html-factory/source/Art.HtmlFactory/HtmlElementNames.js": {"path":"/Users/shanebdavis/dev/art-suite-foundations/packages/art-html-factory/source/Art.HtmlFactory/HtmlElementNames.js","statementMap":{"0":{"start":{"line":2,"column":10},"end":{"line":2,"column":44}},"1":{"start":{"line":3,"column":0},"end":{"line":3,"column":29}}},"fnMap":{"0":{"name":"(anonymous_0)","decl":{"start":{"line":3,"column":19},"end":{"line":3,"column":20}},"loc":{"start":{"line":3,"column":25},"end":{"line":3,"column":27}},"line":3}},"branchMap":{},"s":{"0":3,"1":3},"f":{"0":3},"b":{},"_coverageSchema":"1a1c01bbd47fc00a2c39e90264f33305004495a9","hash":"c37cdd92f6e5140b210d3827375f0b3e99c8bd84"}
,"/Users/shanebdavis/dev/art-suite-foundations/packages/art-html-factory/source/Art.HtmlFactory/HtmlFactory.js": {"path":"/Users/shanebdavis/dev/art-suite-foundations/packages/art-html-factory/source/Art.HtmlFactory/HtmlFactory.js","statementMap":{"0":{"start":{"line":2,"column":10},"end":{"line":2,"column":44}},"1":{"start":{"line":3,"column":0},"end":{"line":8,"column":3}},"2":{"start":{"line":4,"column":2},"end":{"line":7,"column":4}}},"fnMap":{"0":{"name":"(anonymous_0)","decl":{"start":{"line":3,"column":19},"end":{"line":3,"column":20}},"loc":{"start":{"line":3,"column":25},"end":{"line":8,"column":1}},"line":3}},"branchMap":{},"s":{"0":3,"1":3,"2":3},"f":{"0":3},"b":{},"_coverageSchema":"1a1c01bbd47fc00a2c39e90264f33305004495a9","hash":"3cefc2346ae6dcc2ab69ec680309220e7a610dc3"}
,"/Users/shanebdavis/dev/art-suite-foundations/packages/art-html-factory/source/Art.HtmlFactory/HtmlLib.js": {"path":"/Users/shanebdavis/dev/art-suite-foundations/packages/art-html-factory/source/Art.HtmlFactory/HtmlLib.js","statementMap":{"0":{"start":{"line":2,"column":10},"end":{"line":2,"column":44}},"1":{"start":{"line":3,"column":0},"end":{"line":27,"column":3}},"2":{"start":{"line":5,"column":2},"end":{"line":26,"column":4}},"3":{"start":{"line":18,"column":6},"end":{"line":18,"column":28}},"4":{"start":{"line":21,"column":6},"end":{"line":21,"column":41}},"5":{"start":{"line":22,"column":6},"end":{"line":24,"column":17}}},"fnMap":{"0":{"name":"(anonymous_0)","decl":{"start":{"line":3,"column":19},"end":{"line":3,"column":20}},"loc":{"start":{"line":3,"column":25},"end":{"line":27,"column":1}},"line":3},"1":{"name":"(anonymous_1)","decl":{"start":{"line":17,"column":36},"end":{"line":17,"column":37}},"loc":{"start":{"line":17,"column":48},"end":{"line":19,"column":5}},"line":17},"2":{"name":"(anonymous_2)","decl":{"start":{"line":20,"column":42},"end":{"line":20,"column":43}},"loc":{"start":{"line":20,"column":59},"end":{"line":25,"column":5}},"line":20}},"branchMap":{"0":{"loc":{"start":{"line":22,"column":13},"end":{"line":24,"column":16}},"type":"cond-expr","locations":[{"start":{"line":23,"column":10},"end":{"line":23,"column":50}},{"start":{"line":24,"column":10},"end":{"line":24,"column":16}}],"line":22}},"s":{"0":3,"1":3,"2":3,"3":2,"4":37,"5":37},"f":{"0":3,"1":2,"2":37},"b":{"0":[1,36]},"_coverageSchema":"1a1c01bbd47fc00a2c39e90264f33305004495a9","hash":"6df91f6db054f19bf85def7f1d1130fc1807ae86"}
,"/Users/shanebdavis/dev/art-suite-foundations/packages/art-html-factory/source/Art.HtmlFactory/HtmlTagsWithoutEndTags.js": {"path":"/Users/shanebdavis/dev/art-suite-foundations/packages/art-html-factory/source/Art.HtmlFactory/HtmlTagsWithoutEndTags.js","statementMap":{"0":{"start":{"line":2,"column":10},"end":{"line":2,"column":44}},"1":{"start":{"line":3,"column":0},"end":{"line":5,"column":3}},"2":{"start":{"line":4,"column":2},"end":{"line":4,"column":68}}},"fnMap":{"0":{"name":"(anonymous_0)","decl":{"start":{"line":3,"column":19},"end":{"line":3,"column":20}},"loc":{"start":{"line":3,"column":25},"end":{"line":5,"column":1}},"line":3}},"branchMap":{},"s":{"0":3,"1":3,"2":3},"f":{"0":3},"b":{},"_coverageSchema":"1a1c01bbd47fc00a2c39e90264f33305004495a9","hash":"fac4211bb256bf087f16701b0acedf4be376aa9a"}
,"/Users/shanebdavis/dev/art-suite-foundations/packages/art-html-factory/source/Art.HtmlFactory/HtmlTextNode.js": {"path":"/Users/shanebdavis/dev/art-suite-foundations/packages/art-html-factory/source/Art.HtmlFactory/HtmlTextNode.js","statementMap":{"0":{"start":{"line":2,"column":10},"end":{"line":2,"column":44}},"1":{"start":{"line":3,"column":0},"end":{"line":344,"column":3}},"2":{"start":{"line":4,"column":2},"end":{"line":343,"column":4}},"3":{"start":{"line":42,"column":6},"end":{"line":341,"column":9}},"4":{"start":{"line":45,"column":12},"end":{"line":45,"column":32}},"5":{"start":{"line":46,"column":12},"end":{"line":46,"column":31}},"6":{"start":{"line":47,"column":12},"end":{"line":47,"column":33}},"7":{"start":{"line":48,"column":12},"end":{"line":48,"column":39}},"8":{"start":{"line":49,"column":12},"end":{"line":49,"column":56}},"9":{"start":{"line":50,"column":12},"end":{"line":50,"column":38}},"10":{"start":{"line":59,"column":10},"end":{"line":79,"column":12}},"11":{"start":{"line":61,"column":12},"end":{"line":65,"column":13}},"12":{"start":{"line":62,"column":14},"end":{"line":62,"column":40}},"13":{"start":{"line":63,"column":14},"end":{"line":63,"column":42}},"14":{"start":{"line":64,"column":14},"end":{"line":64,"column":48}},"15":{"start":{"line":66,"column":12},"end":{"line":68,"column":13}},"16":{"start":{"line":67,"column":14},"end":{"line":67,"column":60}},"17":{"start":{"line":69,"column":12},"end":{"line":71,"column":13}},"18":{"start":{"line":70,"column":14},"end":{"line":70,"column":72}},"19":{"start":{"line":72,"column":12},"end":{"line":78,"column":14}},"20":{"start":{"line":80,"column":10},"end":{"line":102,"column":12}},"21":{"start":{"line":82,"column":12},"end":{"line":82,"column":57}},"22":{"start":{"line":83,"column":12},"end":{"line":101,"column":26}},"23":{"start":{"line":88,"column":22},"end":{"line":96,"column":24}},"24":{"start":{"line":89,"column":24},"end":{"line":94,"column":25}},"25":{"start":{"line":90,"column":26},"end":{"line":90,"column":65}},"26":{"start":{"line":91,"column":26},"end":{"line":93,"column":27}},"27":{"start":{"line":92,"column":28},"end":{"line":92,"column":72}},"28":{"start":{"line":95,"column":24},"end":{"line":95,"column":37}},"29":{"start":{"line":97,"column":29},"end":{"line":97,"column":50}},"30":{"start":{"line":103,"column":10},"end":{"line":110,"column":12}},"31":{"start":{"line":104,"column":12},"end":{"line":109,"column":40}},"32":{"start":{"line":107,"column":23},"end":{"line":107,"column":50}},"33":{"start":{"line":111,"column":10},"end":{"line":115,"column":12}},"34":{"start":{"line":112,"column":12},"end":{"line":114,"column":52}},"35":{"start":{"line":116,"column":10},"end":{"line":144,"column":13}},"36":{"start":{"line":118,"column":14},"end":{"line":120,"column":16}},"37":{"start":{"line":121,"column":14},"end":{"line":121,"column":67}},"38":{"start":{"line":125,"column":14},"end":{"line":142,"column":17}},"39":{"start":{"line":136,"column":26},"end":{"line":136,"column":79}},"40":{"start":{"line":145,"column":10},"end":{"line":145,"column":27}},"41":{"start":{"line":146,"column":10},"end":{"line":248,"column":13}},"42":{"start":{"line":148,"column":14},"end":{"line":160,"column":16}},"43":{"start":{"line":154,"column":24},"end":{"line":156,"column":34}},"44":{"start":{"line":164,"column":14},"end":{"line":164,"column":68}},"45":{"start":{"line":167,"column":14},"end":{"line":167,"column":45}},"46":{"start":{"line":170,"column":14},"end":{"line":170,"column":46}},"47":{"start":{"line":173,"column":14},"end":{"line":177,"column":16}},"48":{"start":{"line":180,"column":14},"end":{"line":183,"column":16}},"49":{"start":{"line":187,"column":14},"end":{"line":198,"column":23}},"50":{"start":{"line":195,"column":36},"end":{"line":195,"column":52}},"51":{"start":{"line":202,"column":14},"end":{"line":225,"column":33}},"52":{"start":{"line":211,"column":28},"end":{"line":220,"column":29}},"53":{"start":{"line":213,"column":30},"end":{"line":213,"column":45}},"54":{"start":{"line":214,"column":30},"end":{"line":218,"column":32}},"55":{"start":{"line":219,"column":30},"end":{"line":219,"column":42}},"56":{"start":{"line":221,"column":28},"end":{"line":221,"column":41}},"57":{"start":{"line":229,"column":14},"end":{"line":246,"column":37}},"58":{"start":{"line":235,"column":26},"end":{"line":237,"column":27}},"59":{"start":{"line":236,"column":28},"end":{"line":236,"column":57}},"60":{"start":{"line":238,"column":26},"end":{"line":242,"column":35}},"61":{"start":{"line":249,"column":10},"end":{"line":249,"column":73}},"62":{"start":{"line":250,"column":10},"end":{"line":268,"column":12}},"63":{"start":{"line":252,"column":12},"end":{"line":263,"column":13}},"64":{"start":{"line":253,"column":14},"end":{"line":253,"column":39}},"65":{"start":{"line":254,"column":14},"end":{"line":254,"column":59}},"66":{"start":{"line":256,"column":14},"end":{"line":262,"column":15}},"67":{"start":{"line":257,"column":16},"end":{"line":257,"column":48}},"68":{"start":{"line":258,"column":16},"end":{"line":261,"column":19}},"69":{"start":{"line":264,"column":12},"end":{"line":266,"column":13}},"70":{"start":{"line":265,"column":14},"end":{"line":265,"column":26}},"71":{"start":{"line":267,"column":12},"end":{"line":267,"column":66}},"72":{"start":{"line":269,"column":10},"end":{"line":271,"column":12}},"73":{"start":{"line":270,"column":12},"end":{"line":270,"column":52}},"74":{"start":{"line":272,"column":10},"end":{"line":272,"column":28}},"75":{"start":{"line":273,"column":10},"end":{"line":275,"column":12}},"76":{"start":{"line":274,"column":12},"end":{"line":274,"column":77}},"77":{"start":{"line":276,"column":10},"end":{"line":278,"column":12}},"78":{"start":{"line":277,"column":12},"end":{"line":277,"column":75}},"79":{"start":{"line":279,"column":10},"end":{"line":286,"column":12}},"80":{"start":{"line":280,"column":12},"end":{"line":282,"column":13}},"81":{"start":{"line":281,"column":14},"end":{"line":281,"column":57}},"82":{"start":{"line":283,"column":12},"end":{"line":285,"column":21}},"83":{"start":{"line":287,"column":10},"end":{"line":319,"column":12}},"84":{"start":{"line":289,"column":12},"end":{"line":318,"column":18}},"85":{"start":{"line":320,"column":10},"end":{"line":339,"column":12}},"86":{"start":{"line":321,"column":12},"end":{"line":338,"column":26}},"87":{"start":{"line":326,"column":18},"end":{"line":336,"column":53}}},"fnMap":{"0":{"name":"(anonymous_0)","decl":{"start":{"line":3,"column":19},"end":{"line":3,"column":20}},"loc":{"start":{"line":3,"column":25},"end":{"line":344,"column":1}},"line":3},"1":{"name":"(anonymous_1)","decl":{"start":{"line":26,"column":4},"end":{"line":26,"column":5}},"loc":{"start":{"line":40,"column":9},"end":{"line":342,"column":5}},"line":40},"2":{"name":"(anonymous_2)","decl":{"start":{"line":44,"column":10},"end":{"line":44,"column":11}},"loc":{"start":{"line":44,"column":48},"end":{"line":51,"column":11}},"line":44},"3":{"name":"(anonymous_3)","decl":{"start":{"line":53,"column":8},"end":{"line":53,"column":9}},"loc":{"start":{"line":53,"column":58},"end":{"line":340,"column":9}},"line":53},"4":{"name":"(anonymous_4)","decl":{"start":{"line":59,"column":33},"end":{"line":59,"column":34}},"loc":{"start":{"line":59,"column":57},"end":{"line":79,"column":11}},"line":59},"5":{"name":"(anonymous_5)","decl":{"start":{"line":80,"column":46},"end":{"line":80,"column":47}},"loc":{"start":{"line":80,"column":57},"end":{"line":102,"column":11}},"line":80},"6":{"name":"(anonymous_6)","decl":{"start":{"line":87,"column":20},"end":{"line":87,"column":21}},"loc":{"start":{"line":88,"column":22},"end":{"line":96,"column":24}},"line":88},"7":{"name":"(anonymous_7)","decl":{"start":{"line":88,"column":48},"end":{"line":88,"column":49}},"loc":{"start":{"line":88,"column":57},"end":{"line":96,"column":23}},"line":88},"8":{"name":"(anonymous_8)","decl":{"start":{"line":97,"column":20},"end":{"line":97,"column":21}},"loc":{"start":{"line":97,"column":29},"end":{"line":97,"column":50}},"line":97},"9":{"name":"(anonymous_9)","decl":{"start":{"line":103,"column":42},"end":{"line":103,"column":43}},"loc":{"start":{"line":103,"column":57},"end":{"line":110,"column":11}},"line":103},"10":{"name":"(anonymous_10)","decl":{"start":{"line":107,"column":18},"end":{"line":107,"column":19}},"loc":{"start":{"line":107,"column":23},"end":{"line":107,"column":50}},"line":107},"11":{"name":"(anonymous_11)","decl":{"start":{"line":111,"column":46},"end":{"line":111,"column":47}},"loc":{"start":{"line":111,"column":61},"end":{"line":115,"column":11}},"line":111},"12":{"name":"(anonymous_12)","decl":{"start":{"line":117,"column":19},"end":{"line":117,"column":20}},"loc":{"start":{"line":117,"column":35},"end":{"line":122,"column":13}},"line":117},"13":{"name":"(anonymous_13)","decl":{"start":{"line":123,"column":19},"end":{"line":123,"column":20}},"loc":{"start":{"line":123,"column":35},"end":{"line":143,"column":13}},"line":123},"14":{"name":"(anonymous_14)","decl":{"start":{"line":135,"column":24},"end":{"line":135,"column":25}},"loc":{"start":{"line":136,"column":26},"end":{"line":136,"column":79}},"line":136},"15":{"name":"(anonymous_15)","decl":{"start":{"line":147,"column":30},"end":{"line":147,"column":31}},"loc":{"start":{"line":147,"column":41},"end":{"line":161,"column":13}},"line":147},"16":{"name":"(anonymous_16)","decl":{"start":{"line":152,"column":47},"end":{"line":152,"column":48}},"loc":{"start":{"line":152,"column":56},"end":{"line":157,"column":23}},"line":152},"17":{"name":"(anonymous_17)","decl":{"start":{"line":162,"column":19},"end":{"line":162,"column":20}},"loc":{"start":{"line":162,"column":30},"end":{"line":165,"column":13}},"line":162},"18":{"name":"(anonymous_18)","decl":{"start":{"line":166,"column":29},"end":{"line":166,"column":30}},"loc":{"start":{"line":166,"column":40},"end":{"line":168,"column":13}},"line":166},"19":{"name":"(anonymous_19)","decl":{"start":{"line":169,"column":23},"end":{"line":169,"column":24}},"loc":{"start":{"line":169,"column":34},"end":{"line":171,"column":13}},"line":169},"20":{"name":"(anonymous_20)","decl":{"start":{"line":172,"column":39},"end":{"line":172,"column":40}},"loc":{"start":{"line":172,"column":50},"end":{"line":178,"column":13}},"line":172},"21":{"name":"(anonymous_21)","decl":{"start":{"line":179,"column":24},"end":{"line":179,"column":25}},"loc":{"start":{"line":179,"column":35},"end":{"line":184,"column":13}},"line":179},"22":{"name":"(anonymous_22)","decl":{"start":{"line":185,"column":20},"end":{"line":185,"column":21}},"loc":{"start":{"line":185,"column":31},"end":{"line":199,"column":13}},"line":185},"23":{"name":"(anonymous_23)","decl":{"start":{"line":195,"column":22},"end":{"line":195,"column":23}},"loc":{"start":{"line":195,"column":36},"end":{"line":195,"column":52}},"line":195},"24":{"name":"(anonymous_24)","decl":{"start":{"line":200,"column":25},"end":{"line":200,"column":26}},"loc":{"start":{"line":200,"column":36},"end":{"line":226,"column":13}},"line":200},"25":{"name":"(anonymous_25)","decl":{"start":{"line":210,"column":27},"end":{"line":210,"column":28}},"loc":{"start":{"line":210,"column":33},"end":{"line":222,"column":27}},"line":210},"26":{"name":"(anonymous_26)","decl":{"start":{"line":227,"column":25},"end":{"line":227,"column":26}},"loc":{"start":{"line":227,"column":36},"end":{"line":247,"column":13}},"line":227},"27":{"name":"(anonymous_27)","decl":{"start":{"line":234,"column":47},"end":{"line":234,"column":48}},"loc":{"start":{"line":234,"column":72},"end":{"line":243,"column":25}},"line":234},"28":{"name":"(anonymous_28)","decl":{"start":{"line":250,"column":35},"end":{"line":250,"column":36}},"loc":{"start":{"line":250,"column":61},"end":{"line":268,"column":11}},"line":250},"29":{"name":"(anonymous_29)","decl":{"start":{"line":269,"column":36},"end":{"line":269,"column":37}},"loc":{"start":{"line":269,"column":59},"end":{"line":271,"column":11}},"line":269},"30":{"name":"(anonymous_30)","decl":{"start":{"line":273,"column":43},"end":{"line":273,"column":44}},"loc":{"start":{"line":273,"column":54},"end":{"line":275,"column":11}},"line":273},"31":{"name":"(anonymous_31)","decl":{"start":{"line":276,"column":33},"end":{"line":276,"column":34}},"loc":{"start":{"line":276,"column":57},"end":{"line":278,"column":11}},"line":276},"32":{"name":"(anonymous_32)","decl":{"start":{"line":279,"column":24},"end":{"line":279,"column":25}},"loc":{"start":{"line":279,"column":56},"end":{"line":286,"column":11}},"line":279},"33":{"name":"(anonymous_33)","decl":{"start":{"line":287,"column":36},"end":{"line":287,"column":37}},"loc":{"start":{"line":287,"column":62},"end":{"line":319,"column":11}},"line":287},"34":{"name":"(anonymous_34)","decl":{"start":{"line":320,"column":48},"end":{"line":320,"column":49}},"loc":{"start":{"line":320,"column":74},"end":{"line":339,"column":11}},"line":320},"35":{"name":"(anonymous_35)","decl":{"start":{"line":325,"column":42},"end":{"line":325,"column":43}},"loc":{"start":{"line":326,"column":18},"end":{"line":336,"column":53}},"line":326}},"branchMap":{"0":{"loc":{"start":{"line":61,"column":12},"end":{"line":65,"column":13}},"type":"if","locations":[{"start":{"line":61,"column":12},"end":{"line":65,"column":13}},{"start":{"line":61,"column":12},"end":{"line":65,"column":13}}],"line":61},"1":{"loc":{"start":{"line":66,"column":12},"end":{"line":68,"column":13}},"type":"if","locations":[{"start":{"line":66,"column":12},"end":{"line":68,"column":13}},{"start":{"line":66,"column":12},"end":{"line":68,"column":13}}],"line":66},"2":{"loc":{"start":{"line":67,"column":14},"end":{"line":67,"column":59}},"type":"cond-expr","locations":[{"start":{"line":67,"column":30},"end":{"line":67,"column":35}},{"start":{"line":67,"column":39},"end":{"line":67,"column":58}}],"line":67},"3":{"loc":{"start":{"line":69,"column":12},"end":{"line":71,"column":13}},"type":"if","locations":[{"start":{"line":69,"column":12},"end":{"line":71,"column":13}},{"start":{"line":69,"column":12},"end":{"line":71,"column":13}}],"line":69},"4":{"loc":{"start":{"line":70,"column":14},"end":{"line":70,"column":71}},"type":"cond-expr","locations":[{"start":{"line":70,"column":33},"end":{"line":70,"column":41}},{"start":{"line":70,"column":45},"end":{"line":70,"column":70}}],"line":70},"5":{"loc":{"start":{"line":73,"column":14},"end":{"line":73,"column":46}},"type":"cond-expr","locations":[{"start":{"line":73,"column":29},"end":{"line":73,"column":33}},{"start":{"line":73,"column":36},"end":{"line":73,"column":46}}],"line":73},"6":{"loc":{"start":{"line":74,"column":14},"end":{"line":74,"column":71}},"type":"cond-expr","locations":[{"start":{"line":74,"column":54},"end":{"line":74,"column":59}},{"start":{"line":74,"column":62},"end":{"line":74,"column":71}}],"line":74},"7":{"loc":{"start":{"line":74,"column":14},"end":{"line":74,"column":51}},"type":"binary-expr","locations":[{"start":{"line":74,"column":14},"end":{"line":74,"column":27}},{"start":{"line":74,"column":31},"end":{"line":74,"column":51}}],"line":74},"8":{"loc":{"start":{"line":75,"column":14},"end":{"line":77,"column":27}},"type":"cond-expr","locations":[{"start":{"line":76,"column":18},"end":{"line":76,"column":26}},{"start":{"line":77,"column":18},"end":{"line":77,"column":27}}],"line":75},"9":{"loc":{"start":{"line":75,"column":15},"end":{"line":75,"column":54}},"type":"binary-expr","locations":[{"start":{"line":75,"column":15},"end":{"line":75,"column":35}},{"start":{"line":75,"column":39},"end":{"line":75,"column":54}}],"line":75},"10":{"loc":{"start":{"line":83,"column":19},"end":{"line":101,"column":25}},"type":"cond-expr","locations":[{"start":{"line":84,"column":17},"end":{"line":100,"column":36}},{"start":{"line":101,"column":16},"end":{"line":101,"column":25}}],"line":83},"11":{"loc":{"start":{"line":85,"column":18},"end":{"line":100,"column":36}},"type":"cond-expr","locations":[{"start":{"line":99,"column":22},"end":{"line":99,"column":26}},{"start":{"line":100,"column":22},"end":{"line":100,"column":36}}],"line":85},"12":{"loc":{"start":{"line":89,"column":24},"end":{"line":94,"column":25}},"type":"if","locations":[{"start":{"line":89,"column":24},"end":{"line":94,"column":25}},{"start":{"line":89,"column":24},"end":{"line":94,"column":25}}],"line":89},"13":{"loc":{"start":{"line":91,"column":26},"end":{"line":93,"column":27}},"type":"if","locations":[{"start":{"line":91,"column":26},"end":{"line":93,"column":27}},{"start":{"line":91,"column":26},"end":{"line":93,"column":27}}],"line":91},"14":{"loc":{"start":{"line":104,"column":19},"end":{"line":109,"column":39}},"type":"cond-expr","locations":[{"start":{"line":105,"column":16},"end":{"line":108,"column":30}},{"start":{"line":109,"column":16},"end":{"line":109,"column":39}}],"line":104},"15":{"loc":{"start":{"line":112,"column":19},"end":{"line":114,"column":51}},"type":"cond-expr","locations":[{"start":{"line":113,"column":16},"end":{"line":113,"column":20}},{"start":{"line":114,"column":16},"end":{"line":114,"column":51}}],"line":112},"16":{"loc":{"start":{"line":129,"column":16},"end":{"line":141,"column":24}},"type":"cond-expr","locations":[{"start":{"line":132,"column":21},"end":{"line":138,"column":22}},{"start":{"line":139,"column":20},"end":{"line":141,"column":24}}],"line":129},"17":{"loc":{"start":{"line":129,"column":31},"end":{"line":131,"column":29}},"type":"cond-expr","locations":[{"start":{"line":130,"column":21},"end":{"line":130,"column":40}},{"start":{"line":131,"column":20},"end":{"line":131,"column":29}}],"line":129},"18":{"loc":{"start":{"line":139,"column":20},"end":{"line":141,"column":24}},"type":"cond-expr","locations":[{"start":{"line":140,"column":20},"end":{"line":140,"column":25}},{"start":{"line":141,"column":20},"end":{"line":141,"column":24}}],"line":139},"19":{"loc":{"start":{"line":151,"column":28},"end":{"line":158,"column":31}},"type":"cond-expr","locations":[{"start":{"line":152,"column":22},"end":{"line":157,"column":24}},{"start":{"line":158,"column":22},"end":{"line":158,"column":31}}],"line":151},"20":{"loc":{"start":{"line":154,"column":31},"end":{"line":156,"column":33}},"type":"cond-expr","locations":[{"start":{"line":155,"column":28},"end":{"line":155,"column":32}},{"start":{"line":156,"column":28},"end":{"line":156,"column":33}}],"line":154},"21":{"loc":{"start":{"line":164,"column":21},"end":{"line":164,"column":67}},"type":"binary-expr","locations":[{"start":{"line":164,"column":21},"end":{"line":164,"column":53}},{"start":{"line":164,"column":57},"end":{"line":164,"column":67}}],"line":164},"22":{"loc":{"start":{"line":174,"column":16},"end":{"line":176,"column":57}},"type":"binary-expr","locations":[{"start":{"line":174,"column":16},"end":{"line":174,"column":32}},{"start":{"line":175,"column":17},"end":{"line":175,"column":42}},{"start":{"line":176,"column":18},"end":{"line":176,"column":56}}],"line":174},"23":{"loc":{"start":{"line":181,"column":16},"end":{"line":182,"column":47}},"type":"binary-expr","locations":[{"start":{"line":181,"column":16},"end":{"line":181,"column":53}},{"start":{"line":182,"column":16},"end":{"line":182,"column":47}}],"line":181},"24":{"loc":{"start":{"line":187,"column":21},"end":{"line":198,"column":22}},"type":"cond-expr","locations":[{"start":{"line":188,"column":18},"end":{"line":188,"column":22}},{"start":{"line":189,"column":19},"end":{"line":198,"column":21}}],"line":187},"25":{"loc":{"start":{"line":202,"column":21},"end":{"line":225,"column":32}},"type":"cond-expr","locations":[{"start":{"line":203,"column":18},"end":{"line":203,"column":22}},{"start":{"line":204,"column":19},"end":{"line":225,"column":31}}],"line":202},"26":{"loc":{"start":{"line":204,"column":39},"end":{"line":225,"column":31}},"type":"cond-expr","locations":[{"start":{"line":205,"column":22},"end":{"line":224,"column":38}},{"start":{"line":225,"column":22},"end":{"line":225,"column":31}}],"line":204},"27":{"loc":{"start":{"line":207,"column":22},"end":{"line":223,"column":35}},"type":"cond-expr","locations":[{"start":{"line":208,"column":27},"end":{"line":222,"column":30}},{"start":{"line":223,"column":26},"end":{"line":223,"column":35}}],"line":207},"28":{"loc":{"start":{"line":229,"column":21},"end":{"line":246,"column":36}},"type":"cond-expr","locations":[{"start":{"line":230,"column":18},"end":{"line":230,"column":22}},{"start":{"line":231,"column":19},"end":{"line":246,"column":35}}],"line":229},"29":{"loc":{"start":{"line":232,"column":20},"end":{"line":246,"column":35}},"type":"cond-expr","locations":[{"start":{"line":245,"column":24},"end":{"line":245,"column":29}},{"start":{"line":246,"column":24},"end":{"line":246,"column":35}}],"line":232},"30":{"loc":{"start":{"line":232,"column":29},"end":{"line":244,"column":33}},"type":"cond-expr","locations":[{"start":{"line":233,"column":24},"end":{"line":243,"column":36}},{"start":{"line":244,"column":24},"end":{"line":244,"column":33}}],"line":232},"31":{"loc":{"start":{"line":235,"column":26},"end":{"line":237,"column":27}},"type":"if","locations":[{"start":{"line":235,"column":26},"end":{"line":237,"column":27}},{"start":{"line":235,"column":26},"end":{"line":237,"column":27}}],"line":235},"32":{"loc":{"start":{"line":238,"column":33},"end":{"line":242,"column":34}},"type":"cond-expr","locations":[{"start":{"line":239,"column":30},"end":{"line":239,"column":38}},{"start":{"line":240,"column":30},"end":{"line":242,"column":34}}],"line":238},"33":{"loc":{"start":{"line":252,"column":12},"end":{"line":263,"column":13}},"type":"if","locations":[{"start":{"line":252,"column":12},"end":{"line":263,"column":13}},{"start":{"line":252,"column":12},"end":{"line":263,"column":13}}],"line":252},"34":{"loc":{"start":{"line":256,"column":14},"end":{"line":262,"column":15}},"type":"if","locations":[{"start":{"line":256,"column":14},"end":{"line":262,"column":15}},{"start":{"line":256,"column":14},"end":{"line":262,"column":15}}],"line":256},"35":{"loc":{"start":{"line":264,"column":12},"end":{"line":266,"column":13}},"type":"if","locations":[{"start":{"line":264,"column":12},"end":{"line":266,"column":13}},{"start":{"line":264,"column":12},"end":{"line":266,"column":13}}],"line":264},"36":{"loc":{"start":{"line":269,"column":45},"end":{"line":269,"column":57}},"type":"default-arg","locations":[{"start":{"line":269,"column":55},"end":{"line":269,"column":57}}],"line":269},"37":{"loc":{"start":{"line":280,"column":12},"end":{"line":282,"column":13}},"type":"if","locations":[{"start":{"line":280,"column":12},"end":{"line":282,"column":13}},{"start":{"line":280,"column":12},"end":{"line":282,"column":13}}],"line":280},"38":{"loc":{"start":{"line":283,"column":19},"end":{"line":285,"column":20}},"type":"cond-expr","locations":[{"start":{"line":284,"column":16},"end":{"line":284,"column":79}},{"start":{"line":285,"column":16},"end":{"line":285,"column":20}}],"line":283},"39":{"loc":{"start":{"line":289,"column":19},"end":{"line":318,"column":17}},"type":"cond-expr","locations":[{"start":{"line":290,"column":16},"end":{"line":290,"column":63}},{"start":{"line":291,"column":16},"end":{"line":318,"column":17}}],"line":289},"40":{"loc":{"start":{"line":289,"column":19},"end":{"line":289,"column":51}},"type":"binary-expr","locations":[{"start":{"line":289,"column":19},"end":{"line":289,"column":33}},{"start":{"line":289,"column":37},"end":{"line":289,"column":51}}],"line":289},"41":{"loc":{"start":{"line":291,"column":16},"end":{"line":318,"column":17}},"type":"cond-expr","locations":[{"start":{"line":294,"column":16},"end":{"line":294,"column":47}},{"start":{"line":295,"column":16},"end":{"line":318,"column":17}}],"line":291},"42":{"loc":{"start":{"line":291,"column":16},"end":{"line":293,"column":31}},"type":"binary-expr","locations":[{"start":{"line":291,"column":16},"end":{"line":291,"column":30}},{"start":{"line":292,"column":16},"end":{"line":292,"column":62}},{"start":{"line":293,"column":16},"end":{"line":293,"column":31}}],"line":291},"43":{"loc":{"start":{"line":295,"column":16},"end":{"line":318,"column":17}},"type":"cond-expr","locations":[{"start":{"line":296,"column":16},"end":{"line":305,"column":17}},{"start":{"line":306,"column":16},"end":{"line":318,"column":17}}],"line":295},"44":{"loc":{"start":{"line":306,"column":16},"end":{"line":318,"column":17}},"type":"cond-expr","locations":[{"start":{"line":307,"column":16},"end":{"line":312,"column":17}},{"start":{"line":313,"column":16},"end":{"line":318,"column":17}}],"line":306},"45":{"loc":{"start":{"line":321,"column":19},"end":{"line":338,"column":25}},"type":"cond-expr","locations":[{"start":{"line":322,"column":17},"end":{"line":337,"column":17}},{"start":{"line":338,"column":16},"end":{"line":338,"column":25}}],"line":321},"46":{"loc":{"start":{"line":322,"column":17},"end":{"line":324,"column":29}},"type":"cond-expr","locations":[{"start":{"line":323,"column":21},"end":{"line":323,"column":43}},{"start":{"line":324,"column":20},"end":{"line":324,"column":29}}],"line":322},"47":{"loc":{"start":{"line":322,"column":17},"end":{"line":322,"column":50}},"type":"binary-expr","locations":[{"start":{"line":322,"column":17},"end":{"line":322,"column":31}},{"start":{"line":322,"column":35},"end":{"line":322,"column":50}}],"line":322},"48":{"loc":{"start":{"line":326,"column":18},"end":{"line":336,"column":53}},"type":"cond-expr","locations":[{"start":{"line":327,"column":22},"end":{"line":335,"column":29}},{"start":{"line":336,"column":22},"end":{"line":336,"column":53}}],"line":326},"49":{"loc":{"start":{"line":327,"column":22},"end":{"line":335,"column":29}},"type":"cond-expr","locations":[{"start":{"line":328,"column":24},"end":{"line":334,"column":25}},{"start":{"line":335,"column":24},"end":{"line":335,"column":29}}],"line":327},"50":{"loc":{"start":{"line":331,"column":26},"end":{"line":333,"column":39}},"type":"cond-expr","locations":[{"start":{"line":332,"column":30},"end":{"line":332,"column":50}},{"start":{"line":333,"column":30},"end":{"line":333,"column":39}}],"line":331}},"s":{"0":3,"1":3,"2":3,"3":3,"4":84,"5":84,"6":84,"7":84,"8":84,"9":84,"10":3,"11":7,"12":7,"13":7,"14":7,"15":7,"16":6,"17":7,"18":6,"19":7,"20":3,"21":84,"22":84,"23":32,"24":40,"25":35,"26":35,"27":5,"28":40,"29":63,"30":3,"31":29,"32":4,"33":3,"34":35,"35":3,"36":0,"37":0,"38":0,"39":0,"40":3,"41":3,"42":3,"43":5,"44":15,"45":67,"46":137,"47":48,"48":51,"49":93,"50":58,"51":12,"52":11,"53":17,"54":17,"55":17,"56":11,"57":148,"58":38,"59":11,"60":38,"61":3,"62":3,"63":38,"64":36,"65":36,"66":2,"67":2,"68":2,"69":38,"70":1,"71":38,"72":3,"73":38,"74":3,"75":3,"76":44,"77":3,"78":9,"79":3,"80":158,"81":9,"82":158,"83":3,"84":114,"85":3,"86":78,"87":65},"f":{"0":3,"1":3,"2":84,"3":3,"4":7,"5":84,"6":32,"7":40,"8":63,"9":29,"10":4,"11":35,"12":0,"13":0,"14":0,"15":3,"16":5,"17":15,"18":67,"19":137,"20":48,"21":51,"22":93,"23":58,"24":12,"25":11,"26":148,"27":38,"28":38,"29":38,"30":44,"31":9,"32":158,"33":114,"34":78,"35":65},"b":{"0":[7,0],"1":[6,1],"2":[4,2],"3":[6,1],"4":[2,4],"5":[0,7],"6":[4,3],"7":[7,5],"8":[4,3],"9":[7,5],"10":[55,29],"11":[32,23],"12":[35,5],"13":[5,30],"14":[2,27],"15":[6,29],"16":[0,0],"17":[0,0],"18":[0,0],"19":[3,0],"20":[2,3],"21":[15,12],"22":[48,25,22],"23":[51,48],"24":[22,71],"25":[0,12],"26":[11,1],"27":[11,0],"28":[77,71],"29":[29,42],"30":[29,42],"31":[11,27],"32":[1,37],"33":[36,2],"34":[2,0],"35":[1,37],"36":[36],"37":[9,149],"38":[58,100],"39":[1,113],"40":[114,1],"41":[36,77],"42":[113,59,42],"43":[49,28],"44":[8,20],"45":[50,28],"46":[22,28],"47":[50,23],"48":[33,32],"49":[32,1],"50":[27,5]},"_coverageSchema":"1a1c01bbd47fc00a2c39e90264f33305004495a9","hash":"9f8fb9aeefd158e6671ef518919c35335ffcee6b"}
,"/Users/shanebdavis/dev/art-suite-foundations/packages/art-html-factory/source/Art.HtmlFactory/createHtmlFactories.js": {"path":"/Users/shanebdavis/dev/art-suite-foundations/packages/art-html-factory/source/Art.HtmlFactory/createHtmlFactories.js","statementMap":{"0":{"start":{"line":2,"column":10},"end":{"line":2,"column":44}},"1":{"start":{"line":3,"column":0},"end":{"line":68,"column":3}},"2":{"start":{"line":4,"column":2},"end":{"line":67,"column":4}},"3":{"start":{"line":23,"column":6},"end":{"line":65,"column":9}},"4":{"start":{"line":24,"column":8},"end":{"line":64,"column":10}},"5":{"start":{"line":27,"column":14},"end":{"line":60,"column":15}},"6":{"start":{"line":31,"column":18},"end":{"line":56,"column":27}},"7":{"start":{"line":34,"column":24},"end":{"line":55,"column":25}},"8":{"start":{"line":36,"column":28},"end":{"line":42,"column":29}},"9":{"start":{"line":37,"column":30},"end":{"line":41,"column":32}},"10":{"start":{"line":43,"column":28},"end":{"line":48,"column":30}},"11":{"start":{"line":50,"column":28},"end":{"line":52,"column":40}},"12":{"start":{"line":54,"column":28},"end":{"line":54,"column":37}}},"fnMap":{"0":{"name":"(anonymous_0)","decl":{"start":{"line":3,"column":19},"end":{"line":3,"column":20}},"loc":{"start":{"line":3,"column":25},"end":{"line":68,"column":1}},"line":3},"1":{"name":"(anonymous_1)","decl":{"start":{"line":14,"column":4},"end":{"line":14,"column":5}},"loc":{"start":{"line":21,"column":9},"end":{"line":66,"column":5}},"line":21},"2":{"name":"(anonymous_2)","decl":{"start":{"line":23,"column":36},"end":{"line":23,"column":37}},"loc":{"start":{"line":23,"column":62},"end":{"line":65,"column":7}},"line":23},"3":{"name":"(anonymous_3)","decl":{"start":{"line":26,"column":28},"end":{"line":26,"column":29}},"loc":{"start":{"line":27,"column":14},"end":{"line":60,"column":15}},"line":27},"4":{"name":"(anonymous_4)","decl":{"start":{"line":29,"column":16},"end":{"line":29,"column":17}},"loc":{"start":{"line":29,"column":26},"end":{"line":57,"column":17}},"line":29},"5":{"name":"(anonymous_5)","decl":{"start":{"line":33,"column":23},"end":{"line":33,"column":24}},"loc":{"start":{"line":33,"column":29},"end":{"line":56,"column":23}},"line":33}},"branchMap":{"0":{"loc":{"start":{"line":31,"column":25},"end":{"line":56,"column":26}},"type":"cond-expr","locations":[{"start":{"line":32,"column":22},"end":{"line":32,"column":23}},{"start":{"line":33,"column":22},"end":{"line":56,"column":26}}],"line":31},"1":{"loc":{"start":{"line":34,"column":24},"end":{"line":55,"column":25}},"type":"switch","locations":[{"start":{"line":35,"column":26},"end":{"line":48,"column":30}},{"start":{"line":49,"column":26},"end":{"line":52,"column":40}},{"start":{"line":53,"column":26},"end":{"line":54,"column":37}}],"line":34},"2":{"loc":{"start":{"line":36,"column":28},"end":{"line":42,"column":29}},"type":"if","locations":[{"start":{"line":36,"column":28},"end":{"line":42,"column":29}},{"start":{"line":36,"column":28},"end":{"line":42,"column":29}}],"line":36},"3":{"loc":{"start":{"line":47,"column":30},"end":{"line":47,"column":69}},"type":"cond-expr","locations":[{"start":{"line":47,"column":60},"end":{"line":47,"column":64}},{"start":{"line":47,"column":67},"end":{"line":47,"column":69}}],"line":47}},"s":{"0":3,"1":3,"2":3,"3":3,"4":4,"5":16,"6":16,"7":14,"8":8,"9":0,"10":8,"11":5,"12":1},"f":{"0":3,"1":3,"2":4,"3":16,"4":16,"5":14},"b":{"0":[2,14],"1":[8,5,1],"2":[0,8],"3":[3,5]},"_coverageSchema":"1a1c01bbd47fc00a2c39e90264f33305004495a9","hash":"f7e7ca7ed99ef0a8e514355da5106de69a811df6"}
,"/Users/shanebdavis/dev/art-suite-foundations/packages/art-html-factory/source/Art.HtmlFactory/index.js": {"path":"/Users/shanebdavis/dev/art-suite-foundations/packages/art-html-factory/source/Art.HtmlFactory/index.js","statementMap":{"0":{"start":{"line":4,"column":0},"end":{"line":12,"column":3}}},"fnMap":{},"branchMap":{},"s":{"0":3},"f":{},"b":{},"_coverageSchema":"1a1c01bbd47fc00a2c39e90264f33305004495a9","hash":"cfbd98ed8ae5bd2ad44618ff198d0269fc28e38c"}
,"/Users/shanebdavis/dev/art-suite-foundations/packages/art-html-factory/source/Art.HtmlFactory/namespace.js": {"path":"/Users/shanebdavis/dev/art-suite-foundations/packages/art-html-factory/source/Art.HtmlFactory/namespace.js","statementMap":{"0":{"start":{"line":4,"column":0},"end":{"line":8,"column":2}}},"fnMap":{},"branchMap":{},"s":{"0":3},"f":{},"b":{},"_coverageSchema":"1a1c01bbd47fc00a2c39e90264f33305004495a9","hash":"64fb6fccdc78fde089be41b8b261b32317d49637"}
}
