TN:
SF:source/Art.HtmlFactory/HtmlTextNode.js
FN:3,(anonymous_0)
FN:16,(anonymous_1)
FN:30,(anonymous_2)
FN:40,(anonymous_3)
FN:48,(anonymous_4)
FN:54,(anonymous_5)
FN:60,(anonymous_6)
FN:67,(anonymous_7)
FN:68,(anonymous_8)
FN:77,(anonymous_9)
FN:83,(anonymous_10)
FN:89,(anonymous_11)
FN:101,(anonymous_12)
FN:104,(anonymous_13)
FN:112,(anonymous_14)
FN:115,(anonymous_15)
FN:118,(anonymous_16)
FN:121,(anonymous_17)
FN:128,(anonymous_18)
FN:134,(anonymous_19)
FN:140,(anonymous_20)
FN:147,(anonymous_21)
FN:153,(anonymous_22)
FN:156,(anonymous_23)
FN:167,(anonymous_24)
FN:186,(anonymous_25)
FN:190,(anonymous_26)
FN:193,(anonymous_27)
FN:196,(anonymous_28)
FN:204,(anonymous_29)
FN:237,(anonymous_30)
FN:242,(anonymous_31)
FNF:32
FNH:31
FNDA:2,(anonymous_0)
FNDA:2,(anonymous_1)
FNDA:44,(anonymous_2)
FNDA:2,(anonymous_3)
FNDA:44,(anonymous_4)
FNDA:4,(anonymous_5)
FNDA:44,(anonymous_6)
FNDA:21,(anonymous_7)
FNDA:27,(anonymous_8)
FNDA:35,(anonymous_9)
FNDA:24,(anonymous_10)
FNDA:4,(anonymous_11)
FNDA:2,(anonymous_12)
FNDA:29,(anonymous_13)
FNDA:50,(anonymous_14)
FNDA:80,(anonymous_15)
FNDA:0,(anonymous_16)
FNDA:26,(anonymous_17)
FNDA:29,(anonymous_18)
FNDA:51,(anonymous_19)
FNDA:11,(anonymous_20)
FNDA:45,(anonymous_21)
FNDA:48,(anonymous_22)
FNDA:12,(anonymous_23)
FNDA:23,(anonymous_24)
FNDA:23,(anonymous_25)
FNDA:23,(anonymous_26)
FNDA:9,(anonymous_27)
FNDA:110,(anonymous_28)
FNDA:64,(anonymous_29)
FNDA:49,(anonymous_30)
FNDA:45,(anonymous_31)
DA:2,2
DA:3,2
DA:4,2
DA:27,2
DA:28,2
DA:31,44
DA:32,44
DA:33,44
DA:34,44
DA:35,44
DA:36,44
DA:37,44
DA:48,2
DA:49,44
DA:55,4
DA:60,2
DA:62,44
DA:63,44
DA:68,21
DA:69,27
DA:70,24
DA:71,24
DA:72,5
DA:75,27
DA:77,35
DA:83,2
DA:84,24
DA:89,4
DA:95,2
DA:101,2
DA:102,2
DA:104,2
DA:105,29
DA:106,29
DA:110,2
DA:111,2
DA:113,50
DA:116,80
DA:119,0
DA:122,26
DA:129,29
DA:135,51
DA:141,11
DA:147,45
DA:154,48
DA:157,12
DA:166,2
DA:167,2
DA:169,23
DA:170,21
DA:171,21
DA:173,2
DA:174,2
DA:175,2
DA:181,23
DA:182,1
DA:184,23
DA:186,2
DA:187,23
DA:189,2
DA:190,2
DA:191,23
DA:193,2
DA:194,9
DA:196,2
DA:197,110
DA:198,9
DA:200,110
DA:204,2
DA:206,64
DA:237,2
DA:238,49
DA:243,45
LF:73
LH:72
BRDA:49,0,0,10
BRDA:49,0,1,34
BRDA:50,1,0,2
BRDA:50,1,1,8
BRDA:63,2,0,34
BRDA:63,2,1,10
BRDA:65,3,0,21
BRDA:65,3,1,13
BRDA:69,4,0,24
BRDA:69,4,1,3
BRDA:71,5,0,5
BRDA:71,5,1,19
BRDA:84,6,0,18
BRDA:84,6,1,6
BRDA:86,7,0,2
BRDA:86,7,1,16
BRDA:106,8,0,1
BRDA:106,8,1,28
BRDA:123,9,0,26
BRDA:123,9,1,18
BRDA:123,9,2,16
BRDA:130,10,0,29
BRDA:130,10,1,26
BRDA:154,11,0,11
BRDA:154,11,1,37
BRDA:157,12,0,1
BRDA:157,12,1,11
BRDA:169,13,0,21
BRDA:169,13,1,2
BRDA:173,14,0,2
BRDA:173,14,1,0
BRDA:181,15,0,1
BRDA:181,15,1,22
BRDA:186,16,0,21
BRDA:197,17,0,9
BRDA:197,17,1,101
BRDA:200,18,0,43
BRDA:200,18,1,67
BRDA:206,19,0,1
BRDA:206,19,1,63
BRDA:206,20,0,64
BRDA:206,20,1,1
BRDA:208,21,0,15
BRDA:208,21,1,48
BRDA:208,22,0,63
BRDA:208,22,1,30
BRDA:208,22,2,20
BRDA:212,23,0,36
BRDA:212,23,1,12
BRDA:223,24,0,4
BRDA:223,24,1,8
BRDA:238,25,0,37
BRDA:238,25,1,12
BRDA:239,26,0,15
BRDA:239,26,1,22
BRDA:239,27,0,37
BRDA:239,27,1,16
BRDA:243,28,0,27
BRDA:243,28,1,18
BRDA:244,29,0,26
BRDA:244,29,1,1
BRDA:248,30,0,21
BRDA:248,30,1,5
BRF:63
BRH:62
end_of_record
TN:
SF:source/Jest/StandardImport.js
FN:3,(anonymous_0)
FNF:1
FNH:1
FNDA:2,(anonymous_0)
DA:2,2
DA:3,2
DA:4,2
LF:3
LH:3
BRF:0
BRH:0
end_of_record
