TN:
SF:build/Art.HtmlFactory/index.js
FNF:0
FNH:0
DA:4,6
LF:1
LH:1
BRF:0
BRH:0
end_of_record
TN:
SF:build/Art.HtmlFactory/namespace.js
FNF:0
FNH:0
DA:4,6
LF:1
LH:1
BRF:0
BRH:0
end_of_record
TN:
SF:build/Jest/Lib.js
FN:3,(anonymous_0)
FN:7,(anonymous_1)
FN:9,(anonymous_2)
FN:17,(anonymous_3)
FN:30,(anonymous_4)
FNF:5
FNH:5
FNDA:1,(anonymous_0)
FNDA:1,(anonymous_1)
FNDA:19,(anonymous_2)
FNDA:19,(anonymous_3)
FNDA:32,(anonymous_4)
DA:2,1
DA:3,1
DA:4,1
DA:8,1
DA:11,19
DA:18,19
DA:20,32
DA:21,32
DA:22,32
DA:23,32
DA:24,0
DA:30,32
DA:31,32
DA:35,32
DA:37,19
LF:15
LH:14
BRDA:14,0,0,19
BRDA:14,0,1,0
BRDA:23,1,0,0
BRDA:23,1,1,32
BRF:4
BRH:2
end_of_record
TN:
SF:build/Jest/StandardImport.js
FN:3,(anonymous_0)
FNF:1
FNH:1
FNDA:3,(anonymous_0)
DA:2,3
DA:3,3
DA:4,3
LF:3
LH:3
BRF:0
BRH:0
end_of_record
TN:
SF:build/Jest/index.js
FNF:0
FNH:0
DA:4,0
LF:1
LH:0
BRF:0
BRH:0
end_of_record
TN:
SF:build/Jest/namespace.js
FNF:0
FNH:0
DA:4,0
LF:1
LH:0
BRF:0
BRH:0
end_of_record
TN:
SF:source/Art.HtmlFactory/HtmlFactory.caf
FN:1,(anonymous_0)
FNF:1
FNH:1
FNDA:6,(anonymous_0)
DA:1,12
LF:1
LH:1
BRF:0
BRH:0
end_of_record
TN:
SF:source/Art.HtmlFactory/HtmlFactoryLib.caf
FN:1,(anonymous_0)
FN:1,(anonymous_1)
FN:4,(anonymous_2)
FN:5,(anonymous_3)
FN:8,(anonymous_4)
FN:18,(anonymous_5)
FN:23,(anonymous_6)
FN:27,(anonymous_7)
FN:36,(anonymous_8)
FNF:9
FNH:9
FNDA:6,(anonymous_0)
FNDA:6,(anonymous_1)
FNDA:36,(anonymous_2)
FNDA:36,(anonymous_3)
FNDA:32,(anonymous_4)
FNDA:10,(anonymous_5)
FNDA:18,(anonymous_6)
FNDA:8,(anonymous_7)
FNDA:8,(anonymous_8)
DA:1,12
DA:3,6
DA:4,36
DA:5,36
DA:8,32
DA:10,12
DA:11,12
DA:15,18
DA:16,2
DA:19,10
DA:24,18
DA:25,18
DA:28,18
DA:36,8
LF:14
LH:14
BRDA:6,0,0,4
BRDA:6,0,1,32
BRDA:8,1,0,12
BRDA:8,1,1,18
BRDA:8,1,2,2
BRDA:10,2,0,0
BRDA:10,2,1,12
BRDA:13,3,0,4
BRDA:13,3,1,8
BRDA:21,4,0,6
BRDA:21,4,1,4
BRDA:25,5,0,12
BRDA:25,5,1,6
BRDA:31,6,0,14
BRDA:31,6,1,4
BRF:15
BRH:14
end_of_record
TN:
SF:source/Art.HtmlFactory/HtmlLib.caf
FN:1,(anonymous_0)
FN:25,(anonymous_1)
FN:27,(anonymous_2)
FN:35,(anonymous_3)
FN:37,(anonymous_4)
FNF:5
FNH:5
FNDA:6,(anonymous_0)
FNDA:24,(anonymous_1)
FNDA:66,(anonymous_2)
FNDA:4,(anonymous_3)
FNDA:90,(anonymous_4)
DA:1,12
DA:25,24
DA:27,66
DA:35,4
DA:38,90
LF:5
LH:5
BRDA:40,0,0,2
BRDA:40,0,1,88
BRF:2
BRH:2
end_of_record
TN:
SF:source/Art.HtmlFactory/HtmlTextNode.caf
FN:1,(anonymous_0)
FN:1,(anonymous_1)
FN:3,(anonymous_2)
FN:6,(anonymous_3)
FN:19,(anonymous_4)
FN:27,(anonymous_5)
FN:28,(anonymous_6)
FN:29,(anonymous_7)
FN:30,(anonymous_8)
FN:31,(anonymous_9)
FN:33,(anonymous_10)
FN:38,(anonymous_11)
FN:39,(anonymous_12)
FN:44,(anonymous_13)
FN:47,(anonymous_14)
FN:49,(anonymous_15)
FN:54,(anonymous_16)
FN:63,(anonymous_17)
FN:65,(anonymous_18)
FN:67,(anonymous_19)
FN:68,(anonymous_20)
FN:69,(anonymous_21)
FN:71,(anonymous_22)
FN:75,(anonymous_23)
FN:77,(anonymous_24)
FN:80,(anonymous_25)
FN:82,(anonymous_26)
FN:84,(anonymous_27)
FN:88,(anonymous_28)
FN:92,(anonymous_29)
FN:104,(anonymous_30)
FN:119,(anonymous_31)
FN:124,(anonymous_32)
FN:131,(anonymous_33)
FN:136,(anonymous_34)
FN:146,(anonymous_35)
FN:175,(anonymous_36)
FN:178,(anonymous_37)
FN:185,(anonymous_38)
FN:188,(anonymous_39)
FNF:40
FNH:40
FNDA:6,(anonymous_0)
FNDA:6,(anonymous_1)
FNDA:228,(anonymous_2)
FNDA:6,(anonymous_3)
FNDA:28,(anonymous_4)
FNDA:2,(anonymous_5)
FNDA:4,(anonymous_6)
FNDA:2,(anonymous_7)
FNDA:2,(anonymous_8)
FNDA:2,(anonymous_9)
FNDA:228,(anonymous_10)
FNDA:84,(anonymous_11)
FNDA:118,(anonymous_12)
FNDA:162,(anonymous_13)
FNDA:88,(anonymous_14)
FNDA:8,(anonymous_15)
FNDA:100,(anonymous_16)
FNDA:20,(anonymous_17)
FNDA:20,(anonymous_18)
FNDA:26,(anonymous_19)
FNDA:184,(anonymous_20)
FNDA:356,(anonymous_21)
FNDA:118,(anonymous_22)
FNDA:124,(anonymous_23)
FNDA:250,(anonymous_24)
FNDA:156,(anonymous_25)
FNDA:20,(anonymous_26)
FNDA:18,(anonymous_27)
FNDA:364,(anonymous_28)
FNDA:92,(anonymous_29)
FNDA:88,(anonymous_30)
FNDA:88,(anonymous_31)
FNDA:102,(anonymous_32)
FNDA:28,(anonymous_33)
FNDA:386,(anonymous_34)
FNDA:278,(anonymous_35)
FNDA:114,(anonymous_36)
FNDA:144,(anonymous_37)
FNDA:18,(anonymous_38)
FNDA:30,(anonymous_39)
DA:1,12
DA:3,6
DA:4,912
DA:5,228
DA:6,228
DA:19,28
DA:20,52
DA:25,6
DA:27,6
DA:28,6
DA:29,6
DA:30,6
DA:31,6
DA:34,228
DA:38,84
DA:40,118
DA:41,100
DA:42,118
DA:44,162
DA:47,88
DA:50,8
DA:52,6
DA:54,100
DA:58,6
DA:59,6
DA:63,20
DA:65,20
DA:67,26
DA:68,184
DA:69,356
DA:71,118
DA:75,124
DA:77,250
DA:80,156
DA:82,20
DA:84,46
DA:85,46
DA:88,364
DA:92,92
DA:93,92
DA:98,6
DA:102,6
DA:105,88
DA:106,84
DA:107,84
DA:109,4
DA:111,4
DA:113,88
DA:115,88
DA:117,6
DA:119,88
DA:123,6
DA:124,102
DA:131,28
DA:136,6
DA:137,386
DA:138,386
DA:143,6
DA:146,278
DA:173,6
DA:175,114
DA:179,144
DA:183,6
DA:185,18
DA:189,30
LF:65
LH:65
BRDA:19,0,0,26
BRDA:19,0,1,2
BRDA:24,1,0,18
BRDA:24,1,1,10
BRDA:25,2,0,10
BRDA:25,2,1,18
BRDA:37,3,0,146
BRDA:37,3,1,82
BRDA:44,4,0,84
BRDA:44,4,1,62
BRDA:40,5,0,100
BRDA:40,5,1,18
BRDA:41,6,0,10
BRDA:41,6,1,90
BRDA:49,7,0,4
BRDA:49,7,1,84
BRDA:55,8,0,12
BRDA:55,8,1,88
BRDA:65,9,0,10
BRDA:65,9,1,10
BRDA:65,10,0,4
BRDA:65,10,1,16
BRDA:67,11,0,26
BRDA:67,11,1,20
BRDA:72,12,0,118
BRDA:72,12,1,68
BRDA:72,12,2,58
BRDA:75,13,0,124
BRDA:75,13,1,118
BRDA:77,14,0,76
BRDA:77,14,1,174
BRDA:83,15,0,0
BRDA:83,15,1,20
BRDA:84,16,0,18
BRDA:84,16,1,2
BRDA:84,17,0,18
BRDA:84,17,1,0
BRDA:89,18,0,190
BRDA:89,18,1,174
BRDA:97,19,0,70
BRDA:97,19,1,104
BRDA:91,20,0,70
BRDA:91,20,1,104
BRDA:92,21,0,18
BRDA:92,21,1,74
BRDA:94,22,0,2
BRDA:94,22,1,90
BRDA:105,23,0,84
BRDA:105,23,1,4
BRDA:109,24,0,4
BRDA:109,24,1,0
BRDA:113,25,0,2
BRDA:113,25,1,86
BRDA:119,26,0,84
BRDA:137,27,0,28
BRDA:137,27,1,358
BRDA:141,28,0,172
BRDA:141,28,1,214
BRDA:148,29,0,2
BRDA:148,29,1,276
BRDA:147,30,0,278
BRDA:147,30,1,2
BRDA:151,31,0,86
BRDA:151,31,1,190
BRDA:150,32,0,276
BRDA:150,32,1,154
BRDA:150,32,2,102
BRDA:158,33,0,130
BRDA:158,33,1,60
BRDA:159,34,0,18
BRDA:159,34,1,112
BRDA:170,35,0,22
BRDA:170,35,1,38
BRDA:176,36,0,114
BRDA:176,36,1,0
BRDA:177,37,0,58
BRDA:177,37,1,56
BRDA:177,38,0,114
BRDA:177,38,1,60
BRDA:180,39,0,68
BRDA:180,39,1,76
BRDA:181,40,0,66
BRDA:181,40,1,2
BRDA:181,41,0,56
BRDA:181,41,1,10
BRDA:187,42,0,18
BRDA:187,42,1,0
BRDA:190,43,0,18
BRDA:190,43,1,12
BRDA:191,44,0,18
BRDA:191,44,1,0
BRDA:191,45,0,18
BRDA:191,45,1,0
BRDA:199,46,0,18
BRDA:199,46,1,0
BRF:95
BRH:87
end_of_record
