{"/Users/shanebdavis/dev/art-suite-foundations/packages/art-suite/cli/source/ArtSuite.Cli/Help.js": {"path":"/Users/shanebdavis/dev/art-suite-foundations/packages/art-suite/cli/source/ArtSuite.Cli/Help.js","statementMap":{"0":{"start":{"line":2,"column":10},"end":{"line":2,"column":44}},"1":{"start":{"line":3,"column":0},"end":{"line":226,"column":3}},"2":{"start":{"line":4,"column":2},"end":{"line":225,"column":4}},"3":{"start":{"line":35,"column":6},"end":{"line":223,"column":10}},"4":{"start":{"line":40,"column":8},"end":{"line":40,"column":38}},"5":{"start":{"line":41,"column":8},"end":{"line":45,"column":10}},"6":{"start":{"line":42,"column":10},"end":{"line":44,"column":20}},"7":{"start":{"line":46,"column":8},"end":{"line":50,"column":11}},"8":{"start":{"line":48,"column":12},"end":{"line":48,"column":58}},"9":{"start":{"line":51,"column":8},"end":{"line":60,"column":10}},"10":{"start":{"line":55,"column":10},"end":{"line":55,"column":46}},"11":{"start":{"line":56,"column":10},"end":{"line":59,"column":12}},"12":{"start":{"line":61,"column":8},"end":{"line":88,"column":10}},"13":{"start":{"line":63,"column":10},"end":{"line":78,"column":11}},"14":{"start":{"line":65,"column":14},"end":{"line":65,"column":36}},"15":{"start":{"line":66,"column":14},"end":{"line":66,"column":20}},"16":{"start":{"line":68,"column":14},"end":{"line":68,"column":48}},"17":{"start":{"line":69,"column":14},"end":{"line":69,"column":20}},"18":{"start":{"line":71,"column":14},"end":{"line":71,"column":72}},"19":{"start":{"line":72,"column":14},"end":{"line":72,"column":20}},"20":{"start":{"line":74,"column":14},"end":{"line":74,"column":44}},"21":{"start":{"line":75,"column":14},"end":{"line":77,"column":16}},"22":{"start":{"line":79,"column":10},"end":{"line":87,"column":12}},"23":{"start":{"line":89,"column":8},"end":{"line":100,"column":10}},"24":{"start":{"line":90,"column":10},"end":{"line":90,"column":38}},"25":{"start":{"line":91,"column":10},"end":{"line":99,"column":23}},"26":{"start":{"line":95,"column":45},"end":{"line":95,"column":55}},"27":{"start":{"line":98,"column":63},"end":{"line":98,"column":74}},"28":{"start":{"line":101,"column":8},"end":{"line":126,"column":10}},"29":{"start":{"line":103,"column":10},"end":{"line":125,"column":24}},"30":{"start":{"line":110,"column":20},"end":{"line":117,"column":21}},"31":{"start":{"line":112,"column":22},"end":{"line":112,"column":34}},"32":{"start":{"line":113,"column":22},"end":{"line":115,"column":23}},"33":{"start":{"line":114,"column":24},"end":{"line":114,"column":72}},"34":{"start":{"line":116,"column":22},"end":{"line":116,"column":33}},"35":{"start":{"line":118,"column":20},"end":{"line":118,"column":32}},"36":{"start":{"line":127,"column":8},"end":{"line":186,"column":10}},"37":{"start":{"line":132,"column":10},"end":{"line":185,"column":12}},"38":{"start":{"line":139,"column":18},"end":{"line":139,"column":64}},"39":{"start":{"line":152,"column":22},"end":{"line":179,"column":23}},"40":{"start":{"line":154,"column":24},"end":{"line":154,"column":43}},"41":{"start":{"line":155,"column":24},"end":{"line":155,"column":31}},"42":{"start":{"line":156,"column":24},"end":{"line":177,"column":26}},"43":{"start":{"line":166,"column":38},"end":{"line":171,"column":45}},"44":{"start":{"line":178,"column":24},"end":{"line":178,"column":39}},"45":{"start":{"line":180,"column":22},"end":{"line":180,"column":34}},"46":{"start":{"line":187,"column":8},"end":{"line":211,"column":10}},"47":{"start":{"line":189,"column":10},"end":{"line":194,"column":11}},"48":{"start":{"line":190,"column":12},"end":{"line":190,"column":43}},"49":{"start":{"line":191,"column":12},"end":{"line":193,"column":14}},"50":{"start":{"line":192,"column":14},"end":{"line":192,"column":31}},"51":{"start":{"line":195,"column":10},"end":{"line":195,"column":61}},"52":{"start":{"line":196,"column":10},"end":{"line":197,"column":74}},"53":{"start":{"line":198,"column":10},"end":{"line":210,"column":12}},"54":{"start":{"line":202,"column":18},"end":{"line":202,"column":35}},"55":{"start":{"line":207,"column":22},"end":{"line":207,"column":80}},"56":{"start":{"line":212,"column":8},"end":{"line":222,"column":33}},"57":{"start":{"line":213,"column":10},"end":{"line":222,"column":32}}},"fnMap":{"0":{"name":"(anonymous_0)","decl":{"start":{"line":3,"column":19},"end":{"line":3,"column":20}},"loc":{"start":{"line":3,"column":25},"end":{"line":226,"column":1}},"line":3},"1":{"name":"(anonymous_1)","decl":{"start":{"line":20,"column":4},"end":{"line":20,"column":5}},"loc":{"start":{"line":33,"column":9},"end":{"line":224,"column":5}},"line":33},"2":{"name":"(anonymous_2)","decl":{"start":{"line":35,"column":67},"end":{"line":35,"column":68}},"loc":{"start":{"line":39,"column":8},"end":{"line":223,"column":7}},"line":39},"3":{"name":"(anonymous_3)","decl":{"start":{"line":41,"column":28},"end":{"line":41,"column":29}},"loc":{"start":{"line":41,"column":46},"end":{"line":45,"column":9}},"line":41},"4":{"name":"(anonymous_4)","decl":{"start":{"line":47,"column":26},"end":{"line":47,"column":27}},"loc":{"start":{"line":47,"column":37},"end":{"line":49,"column":11}},"line":47},"5":{"name":"(anonymous_5)","decl":{"start":{"line":51,"column":33},"end":{"line":51,"column":34}},"loc":{"start":{"line":54,"column":10},"end":{"line":60,"column":9}},"line":54},"6":{"name":"(anonymous_6)","decl":{"start":{"line":61,"column":32},"end":{"line":61,"column":33}},"loc":{"start":{"line":61,"column":58},"end":{"line":88,"column":9}},"line":61},"7":{"name":"(anonymous_7)","decl":{"start":{"line":89,"column":31},"end":{"line":89,"column":32}},"loc":{"start":{"line":89,"column":53},"end":{"line":100,"column":9}},"line":89},"8":{"name":"(anonymous_8)","decl":{"start":{"line":95,"column":40},"end":{"line":95,"column":41}},"loc":{"start":{"line":95,"column":45},"end":{"line":95,"column":55}},"line":95},"9":{"name":"(anonymous_9)","decl":{"start":{"line":98,"column":58},"end":{"line":98,"column":59}},"loc":{"start":{"line":98,"column":63},"end":{"line":98,"column":74}},"line":98},"10":{"name":"(anonymous_10)","decl":{"start":{"line":101,"column":30},"end":{"line":101,"column":31}},"loc":{"start":{"line":101,"column":53},"end":{"line":126,"column":9}},"line":101},"11":{"name":"(anonymous_11)","decl":{"start":{"line":109,"column":19},"end":{"line":109,"column":20}},"loc":{"start":{"line":109,"column":25},"end":{"line":119,"column":19}},"line":109},"12":{"name":"(anonymous_12)","decl":{"start":{"line":127,"column":33},"end":{"line":127,"column":34}},"loc":{"start":{"line":130,"column":13},"end":{"line":186,"column":9}},"line":130},"13":{"name":"(anonymous_13)","decl":{"start":{"line":138,"column":55},"end":{"line":138,"column":56}},"loc":{"start":{"line":139,"column":18},"end":{"line":139,"column":64}},"line":139},"14":{"name":"(anonymous_14)","decl":{"start":{"line":151,"column":21},"end":{"line":151,"column":22}},"loc":{"start":{"line":151,"column":27},"end":{"line":181,"column":21}},"line":151},"15":{"name":"(anonymous_15)","decl":{"start":{"line":165,"column":36},"end":{"line":165,"column":37}},"loc":{"start":{"line":166,"column":38},"end":{"line":171,"column":45}},"line":166},"16":{"name":"(anonymous_16)","decl":{"start":{"line":187,"column":23},"end":{"line":187,"column":24}},"loc":{"start":{"line":187,"column":57},"end":{"line":211,"column":9}},"line":187},"17":{"name":"(anonymous_17)","decl":{"start":{"line":191,"column":67},"end":{"line":191,"column":68}},"loc":{"start":{"line":192,"column":14},"end":{"line":192,"column":31}},"line":192},"18":{"name":"(anonymous_18)","decl":{"start":{"line":201,"column":68},"end":{"line":201,"column":69}},"loc":{"start":{"line":202,"column":18},"end":{"line":202,"column":35}},"line":202},"19":{"name":"(anonymous_19)","decl":{"start":{"line":206,"column":60},"end":{"line":206,"column":61}},"loc":{"start":{"line":207,"column":22},"end":{"line":207,"column":80}},"line":207},"20":{"name":"(anonymous_20)","decl":{"start":{"line":212,"column":30},"end":{"line":212,"column":31}},"loc":{"start":{"line":213,"column":10},"end":{"line":222,"column":32}},"line":213}},"branchMap":{"0":{"loc":{"start":{"line":58,"column":12},"end":{"line":58,"column":79}},"type":"cond-expr","locations":[{"start":{"line":58,"column":35},"end":{"line":58,"column":67}},{"start":{"line":58,"column":70},"end":{"line":58,"column":79}}],"line":58},"1":{"loc":{"start":{"line":63,"column":10},"end":{"line":78,"column":11}},"type":"switch","locations":[{"start":{"line":64,"column":12},"end":{"line":66,"column":20}},{"start":{"line":67,"column":12},"end":{"line":69,"column":20}},{"start":{"line":70,"column":12},"end":{"line":72,"column":20}},{"start":{"line":73,"column":12},"end":{"line":77,"column":16}}],"line":63},"2":{"loc":{"start":{"line":67,"column":19},"end":{"line":67,"column":65}},"type":"binary-expr","locations":[{"start":{"line":67,"column":19},"end":{"line":67,"column":41}},{"start":{"line":67,"column":45},"end":{"line":67,"column":65}}],"line":67},"3":{"loc":{"start":{"line":82,"column":14},"end":{"line":82,"column":60}},"type":"cond-expr","locations":[{"start":{"line":82,"column":25},"end":{"line":82,"column":48}},{"start":{"line":82,"column":51},"end":{"line":82,"column":60}}],"line":82},"4":{"loc":{"start":{"line":83,"column":14},"end":{"line":83,"column":69}},"type":"cond-expr","locations":[{"start":{"line":83,"column":25},"end":{"line":83,"column":57}},{"start":{"line":83,"column":60},"end":{"line":83,"column":69}}],"line":83},"5":{"loc":{"start":{"line":84,"column":14},"end":{"line":84,"column":62}},"type":"cond-expr","locations":[{"start":{"line":84,"column":25},"end":{"line":84,"column":50}},{"start":{"line":84,"column":53},"end":{"line":84,"column":62}}],"line":84},"6":{"loc":{"start":{"line":103,"column":17},"end":{"line":125,"column":23}},"type":"cond-expr","locations":[{"start":{"line":104,"column":15},"end":{"line":124,"column":51}},{"start":{"line":125,"column":14},"end":{"line":125,"column":23}}],"line":103},"7":{"loc":{"start":{"line":106,"column":14},"end":{"line":120,"column":27}},"type":"cond-expr","locations":[{"start":{"line":107,"column":19},"end":{"line":119,"column":22}},{"start":{"line":120,"column":18},"end":{"line":120,"column":27}}],"line":106},"8":{"loc":{"start":{"line":113,"column":22},"end":{"line":115,"column":23}},"type":"if","locations":[{"start":{"line":113,"column":22},"end":{"line":115,"column":23}},{"start":{"line":113,"column":22},"end":{"line":115,"column":23}}],"line":113},"9":{"loc":{"start":{"line":123,"column":22},"end":{"line":123,"column":43}},"type":"cond-expr","locations":[{"start":{"line":123,"column":33},"end":{"line":123,"column":36}},{"start":{"line":123,"column":39},"end":{"line":123,"column":43}}],"line":123},"10":{"loc":{"start":{"line":124,"column":14},"end":{"line":124,"column":51}},"type":"cond-expr","locations":[{"start":{"line":124,"column":25},"end":{"line":124,"column":26}},{"start":{"line":124,"column":29},"end":{"line":124,"column":51}}],"line":124},"11":{"loc":{"start":{"line":134,"column":12},"end":{"line":134,"column":79}},"type":"cond-expr","locations":[{"start":{"line":134,"column":35},"end":{"line":134,"column":67}},{"start":{"line":134,"column":70},"end":{"line":134,"column":79}}],"line":134},"12":{"loc":{"start":{"line":136,"column":12},"end":{"line":136,"column":59}},"type":"cond-expr","locations":[{"start":{"line":136,"column":22},"end":{"line":136,"column":47}},{"start":{"line":136,"column":50},"end":{"line":136,"column":59}}],"line":136},"13":{"loc":{"start":{"line":137,"column":12},"end":{"line":141,"column":25}},"type":"cond-expr","locations":[{"start":{"line":138,"column":16},"end":{"line":140,"column":30}},{"start":{"line":141,"column":16},"end":{"line":141,"column":25}}],"line":137},"14":{"loc":{"start":{"line":142,"column":12},"end":{"line":144,"column":25}},"type":"cond-expr","locations":[{"start":{"line":143,"column":16},"end":{"line":143,"column":44}},{"start":{"line":144,"column":16},"end":{"line":144,"column":25}}],"line":142},"15":{"loc":{"start":{"line":142,"column":13},"end":{"line":142,"column":52}},"type":"binary-expr","locations":[{"start":{"line":142,"column":13},"end":{"line":142,"column":33}},{"start":{"line":142,"column":37},"end":{"line":142,"column":52}}],"line":142},"16":{"loc":{"start":{"line":145,"column":12},"end":{"line":184,"column":25}},"type":"cond-expr","locations":[{"start":{"line":146,"column":17},"end":{"line":183,"column":20}},{"start":{"line":184,"column":16},"end":{"line":184,"column":25}}],"line":145},"17":{"loc":{"start":{"line":145,"column":13},"end":{"line":145,"column":52}},"type":"binary-expr","locations":[{"start":{"line":145,"column":13},"end":{"line":145,"column":33}},{"start":{"line":145,"column":37},"end":{"line":145,"column":52}}],"line":145},"18":{"loc":{"start":{"line":148,"column":16},"end":{"line":182,"column":29}},"type":"cond-expr","locations":[{"start":{"line":149,"column":21},"end":{"line":181,"column":24}},{"start":{"line":182,"column":20},"end":{"line":182,"column":29}}],"line":148},"19":{"loc":{"start":{"line":162,"column":31},"end":{"line":173,"column":41}},"type":"cond-expr","locations":[{"start":{"line":163,"column":34},"end":{"line":172,"column":45}},{"start":{"line":173,"column":34},"end":{"line":173,"column":41}}],"line":162},"20":{"loc":{"start":{"line":169,"column":39},"end":{"line":171,"column":44}},"type":"cond-expr","locations":[{"start":{"line":170,"column":42},"end":{"line":170,"column":68}},{"start":{"line":171,"column":42},"end":{"line":171,"column":44}}],"line":169},"21":{"loc":{"start":{"line":169,"column":39},"end":{"line":169,"column":76}},"type":"binary-expr","locations":[{"start":{"line":169,"column":39},"end":{"line":169,"column":58}},{"start":{"line":169,"column":62},"end":{"line":169,"column":76}}],"line":169},"22":{"loc":{"start":{"line":189,"column":10},"end":{"line":194,"column":11}},"type":"if","locations":[{"start":{"line":189,"column":10},"end":{"line":194,"column":11}},{"start":{"line":189,"column":10},"end":{"line":194,"column":11}}],"line":189},"23":{"loc":{"start":{"line":197,"column":12},"end":{"line":197,"column":73}},"type":"binary-expr","locations":[{"start":{"line":197,"column":12},"end":{"line":197,"column":32}},{"start":{"line":197,"column":36},"end":{"line":197,"column":73}}],"line":197},"24":{"loc":{"start":{"line":199,"column":12},"end":{"line":199,"column":79}},"type":"cond-expr","locations":[{"start":{"line":199,"column":35},"end":{"line":199,"column":67}},{"start":{"line":199,"column":70},"end":{"line":199,"column":79}}],"line":199},"25":{"loc":{"start":{"line":200,"column":12},"end":{"line":209,"column":25}},"type":"cond-expr","locations":[{"start":{"line":201,"column":17},"end":{"line":208,"column":34}},{"start":{"line":209,"column":16},"end":{"line":209,"column":25}}],"line":200},"26":{"loc":{"start":{"line":204,"column":16},"end":{"line":208,"column":34}},"type":"cond-expr","locations":[{"start":{"line":205,"column":20},"end":{"line":205,"column":76}},{"start":{"line":206,"column":20},"end":{"line":208,"column":34}}],"line":204}},"s":{"0":3,"1":3,"2":3,"3":3,"4":3,"5":3,"6":29,"7":3,"8":29,"9":3,"10":10,"11":10,"12":3,"13":2,"14":0,"15":0,"16":2,"17":2,"18":0,"19":0,"20":0,"21":0,"22":2,"23":3,"24":17,"25":17,"26":6,"27":6,"28":3,"29":34,"30":6,"31":6,"32":6,"33":6,"34":6,"35":6,"36":3,"37":7,"38":2,"39":2,"40":4,"41":4,"42":4,"43":0,"44":4,"45":2,"46":3,"47":10,"48":10,"49":10,"50":22,"51":10,"52":10,"53":10,"54":22,"55":10,"56":3,"57":4},"f":{"0":3,"1":3,"2":3,"3":29,"4":29,"5":10,"6":2,"7":17,"8":6,"9":6,"10":34,"11":6,"12":7,"13":2,"14":2,"15":0,"16":10,"17":22,"18":22,"19":10,"20":4},"b":{"0":[8,2],"1":[0,2,0,0],"2":[2,2],"3":[2,0],"4":[0,2],"5":[0,2],"6":[6,28],"7":[6,0],"8":[6,0],"9":[0,6],"10":[0,6],"11":[7,0],"12":[2,5],"13":[2,5],"14":[2,5],"15":[7,2],"16":[2,5],"17":[7,2],"18":[2,0],"19":[0,4],"20":[0,0],"21":[0,0],"22":[10,0],"23":[10,10],"24":[4,6],"25":[10,0],"26":[6,4]},"_coverageSchema":"1a1c01bbd47fc00a2c39e90264f33305004495a9","hash":"08fead965e65a738516043ed9c5f84050c1ae8c2"}
,"/Users/shanebdavis/dev/art-suite-foundations/packages/art-suite/cli/source/ArtSuite.Cli/Main.js": {"path":"/Users/shanebdavis/dev/art-suite-foundations/packages/art-suite/cli/source/ArtSuite.Cli/Main.js","statementMap":{"0":{"start":{"line":2,"column":10},"end":{"line":2,"column":44}},"1":{"start":{"line":3,"column":0},"end":{"line":71,"column":3}},"2":{"start":{"line":4,"column":2},"end":{"line":70,"column":4}},"3":{"start":{"line":9,"column":6},"end":{"line":68,"column":10}},"4":{"start":{"line":14,"column":8},"end":{"line":67,"column":10}},"5":{"start":{"line":27,"column":10},"end":{"line":27,"column":46}},"6":{"start":{"line":28,"column":10},"end":{"line":33,"column":72}},"7":{"start":{"line":34,"column":10},"end":{"line":34,"column":76}},"8":{"start":{"line":34,"column":57},"end":{"line":34,"column":74}},"9":{"start":{"line":35,"column":10},"end":{"line":39,"column":11}},"10":{"start":{"line":36,"column":12},"end":{"line":38,"column":15}},"11":{"start":{"line":40,"column":10},"end":{"line":66,"column":60}},"12":{"start":{"line":41,"column":12},"end":{"line":65,"column":17}},"13":{"start":{"line":61,"column":26},"end":{"line":61,"column":36}},"14":{"start":{"line":66,"column":26},"end":{"line":66,"column":58}}},"fnMap":{"0":{"name":"(anonymous_0)","decl":{"start":{"line":3,"column":19},"end":{"line":3,"column":20}},"loc":{"start":{"line":3,"column":25},"end":{"line":71,"column":1}},"line":3},"1":{"name":"(anonymous_1)","decl":{"start":{"line":7,"column":4},"end":{"line":7,"column":5}},"loc":{"start":{"line":7,"column":61},"end":{"line":69,"column":5}},"line":7},"2":{"name":"(anonymous_2)","decl":{"start":{"line":9,"column":64},"end":{"line":9,"column":65}},"loc":{"start":{"line":13,"column":8},"end":{"line":68,"column":7}},"line":13},"3":{"name":"(anonymous_3)","decl":{"start":{"line":14,"column":21},"end":{"line":14,"column":22}},"loc":{"start":{"line":19,"column":14},"end":{"line":67,"column":9}},"line":19},"4":{"name":"(anonymous_4)","decl":{"start":{"line":34,"column":52},"end":{"line":34,"column":53}},"loc":{"start":{"line":34,"column":57},"end":{"line":34,"column":74}},"line":34},"5":{"name":"(anonymous_5)","decl":{"start":{"line":40,"column":30},"end":{"line":40,"column":31}},"loc":{"start":{"line":41,"column":12},"end":{"line":65,"column":17}},"line":41},"6":{"name":"(anonymous_6)","decl":{"start":{"line":60,"column":55},"end":{"line":60,"column":56}},"loc":{"start":{"line":60,"column":61},"end":{"line":62,"column":25}},"line":60},"7":{"name":"(anonymous_7)","decl":{"start":{"line":66,"column":16},"end":{"line":66,"column":17}},"loc":{"start":{"line":66,"column":26},"end":{"line":66,"column":58}},"line":66}},"branchMap":{"0":{"loc":{"start":{"line":17,"column":10},"end":{"line":17,"column":29}},"type":"default-arg","locations":[{"start":{"line":17,"column":17},"end":{"line":17,"column":29}}],"line":17},"1":{"loc":{"start":{"line":18,"column":10},"end":{"line":18,"column":22}},"type":"default-arg","locations":[{"start":{"line":18,"column":19},"end":{"line":18,"column":22}}],"line":18},"2":{"loc":{"start":{"line":35,"column":10},"end":{"line":39,"column":11}},"type":"if","locations":[{"start":{"line":35,"column":10},"end":{"line":39,"column":11}},{"start":{"line":35,"column":10},"end":{"line":39,"column":11}}],"line":35},"3":{"loc":{"start":{"line":37,"column":30},"end":{"line":37,"column":63}},"type":"binary-expr","locations":[{"start":{"line":37,"column":30},"end":{"line":37,"column":46}},{"start":{"line":37,"column":50},"end":{"line":37,"column":63}}],"line":37},"4":{"loc":{"start":{"line":41,"column":12},"end":{"line":65,"column":17}},"type":"cond-expr","locations":[{"start":{"line":42,"column":17},"end":{"line":54,"column":46}},{"start":{"line":55,"column":16},"end":{"line":65,"column":17}}],"line":41},"5":{"loc":{"start":{"line":41,"column":12},"end":{"line":41,"column":44}},"type":"binary-expr","locations":[{"start":{"line":41,"column":12},"end":{"line":41,"column":27}},{"start":{"line":41,"column":31},"end":{"line":41,"column":44}}],"line":41},"6":{"loc":{"start":{"line":42,"column":17},"end":{"line":53,"column":29}},"type":"cond-expr","locations":[{"start":{"line":43,"column":20},"end":{"line":52,"column":21}},{"start":{"line":53,"column":20},"end":{"line":53,"column":29}}],"line":42},"7":{"loc":{"start":{"line":46,"column":33},"end":{"line":46,"column":77}},"type":"cond-expr","locations":[{"start":{"line":46,"column":58},"end":{"line":46,"column":65}},{"start":{"line":46,"column":68},"end":{"line":46,"column":77}}],"line":46},"8":{"loc":{"start":{"line":48,"column":26},"end":{"line":50,"column":39}},"type":"cond-expr","locations":[{"start":{"line":49,"column":30},"end":{"line":49,"column":34}},{"start":{"line":50,"column":30},"end":{"line":50,"column":39}}],"line":48},"9":{"loc":{"start":{"line":48,"column":27},"end":{"line":48,"column":58}},"type":"binary-expr","locations":[{"start":{"line":48,"column":27},"end":{"line":48,"column":43}},{"start":{"line":48,"column":47},"end":{"line":48,"column":58}}],"line":48},"10":{"loc":{"start":{"line":57,"column":18},"end":{"line":63,"column":23}},"type":"cond-expr","locations":[{"start":{"line":58,"column":22},"end":{"line":58,"column":26}},{"start":{"line":59,"column":22},"end":{"line":63,"column":23}}],"line":57},"11":{"loc":{"start":{"line":64,"column":18},"end":{"line":64,"column":79}},"type":"cond-expr","locations":[{"start":{"line":64,"column":56},"end":{"line":64,"column":67}},{"start":{"line":64,"column":70},"end":{"line":64,"column":79}}],"line":64},"12":{"loc":{"start":{"line":64,"column":18},"end":{"line":64,"column":53}},"type":"binary-expr","locations":[{"start":{"line":64,"column":18},"end":{"line":64,"column":37}},{"start":{"line":64,"column":41},"end":{"line":64,"column":53}}],"line":64},"13":{"loc":{"start":{"line":66,"column":26},"end":{"line":66,"column":58}},"type":"binary-expr","locations":[{"start":{"line":66,"column":26},"end":{"line":66,"column":40}},{"start":{"line":66,"column":44},"end":{"line":66,"column":58}}],"line":66}},"s":{"0":3,"1":3,"2":3,"3":3,"4":3,"5":4,"6":4,"7":4,"8":5,"9":4,"10":0,"11":4,"12":4,"13":2,"14":4},"f":{"0":3,"1":3,"2":3,"3":4,"4":5,"5":4,"6":2,"7":4},"b":{"0":[0],"1":[0],"2":[0,4],"3":[0,0],"4":[2,2],"5":[4,2],"6":[0,2],"7":[0,0],"8":[0,0],"9":[0,0],"10":[0,2],"11":[0,2],"12":[2,2],"13":[4,4]},"_coverageSchema":"1a1c01bbd47fc00a2c39e90264f33305004495a9","hash":"b53f9cd1036c464b72c6589f0377d12589c8c3e9"}
,"/Users/shanebdavis/dev/art-suite-foundations/packages/art-suite/cli/source/ArtSuite.Cli/Parse.js": {"path":"/Users/shanebdavis/dev/art-suite-foundations/packages/art-suite/cli/source/ArtSuite.Cli/Parse.js","statementMap":{"0":{"start":{"line":2,"column":10},"end":{"line":2,"column":44}},"1":{"start":{"line":3,"column":0},"end":{"line":183,"column":3}},"2":{"start":{"line":4,"column":2},"end":{"line":182,"column":4}},"3":{"start":{"line":17,"column":6},"end":{"line":19,"column":8}},"4":{"start":{"line":18,"column":8},"end":{"line":18,"column":44}},"5":{"start":{"line":20,"column":6},"end":{"line":180,"column":10}},"6":{"start":{"line":25,"column":8},"end":{"line":25,"column":39}},"7":{"start":{"line":26,"column":8},"end":{"line":26,"column":40}},"8":{"start":{"line":27,"column":8},"end":{"line":27,"column":53}},"9":{"start":{"line":28,"column":8},"end":{"line":28,"column":80}},"10":{"start":{"line":29,"column":8},"end":{"line":133,"column":10}},"11":{"start":{"line":31,"column":10},"end":{"line":31,"column":41}},"12":{"start":{"line":32,"column":10},"end":{"line":32,"column":40}},"13":{"start":{"line":33,"column":10},"end":{"line":117,"column":12}},"14":{"start":{"line":37,"column":14},"end":{"line":113,"column":20}},"15":{"start":{"line":43,"column":22},"end":{"line":111,"column":23}},"16":{"start":{"line":45,"column":26},"end":{"line":45,"column":38}},"17":{"start":{"line":47,"column":26},"end":{"line":47,"column":39}},"18":{"start":{"line":49,"column":26},"end":{"line":49,"column":46}},"19":{"start":{"line":53,"column":26},"end":{"line":53,"column":57}},"20":{"start":{"line":54,"column":26},"end":{"line":108,"column":31}},"21":{"start":{"line":55,"column":28},"end":{"line":107,"column":29}},"22":{"start":{"line":57,"column":32},"end":{"line":57,"column":45}},"23":{"start":{"line":59,"column":32},"end":{"line":77,"column":37}},"24":{"start":{"line":60,"column":34},"end":{"line":76,"column":35}},"25":{"start":{"line":61,"column":36},"end":{"line":61,"column":61}},"26":{"start":{"line":63,"column":36},"end":{"line":63,"column":51}},"27":{"start":{"line":64,"column":36},"end":{"line":72,"column":39}},"28":{"start":{"line":73,"column":36},"end":{"line":75,"column":41}},"29":{"start":{"line":74,"column":38},"end":{"line":74,"column":50}},"30":{"start":{"line":79,"column":32},"end":{"line":96,"column":37}},"31":{"start":{"line":80,"column":34},"end":{"line":95,"column":35}},"32":{"start":{"line":81,"column":36},"end":{"line":81,"column":55}},"33":{"start":{"line":83,"column":36},"end":{"line":83,"column":51}},"34":{"start":{"line":84,"column":36},"end":{"line":91,"column":38}},"35":{"start":{"line":92,"column":36},"end":{"line":94,"column":41}},"36":{"start":{"line":93,"column":38},"end":{"line":93,"column":50}},"37":{"start":{"line":98,"column":32},"end":{"line":106,"column":37}},"38":{"start":{"line":99,"column":34},"end":{"line":105,"column":36}},"39":{"start":{"line":110,"column":26},"end":{"line":110,"column":42}},"40":{"start":{"line":118,"column":10},"end":{"line":132,"column":12}},"41":{"start":{"line":121,"column":14},"end":{"line":130,"column":18}},"42":{"start":{"line":122,"column":16},"end":{"line":129,"column":17}},"43":{"start":{"line":124,"column":20},"end":{"line":124,"column":32}},"44":{"start":{"line":126,"column":20},"end":{"line":126,"column":32}},"45":{"start":{"line":128,"column":20},"end":{"line":128,"column":29}},"46":{"start":{"line":134,"column":8},"end":{"line":139,"column":10}},"47":{"start":{"line":136,"column":10},"end":{"line":136,"column":52}},"48":{"start":{"line":137,"column":10},"end":{"line":137,"column":68}},"49":{"start":{"line":138,"column":10},"end":{"line":138,"column":55}},"50":{"start":{"line":140,"column":8},"end":{"line":163,"column":10}},"51":{"start":{"line":142,"column":10},"end":{"line":142,"column":48}},"52":{"start":{"line":143,"column":10},"end":{"line":145,"column":12}},"53":{"start":{"line":144,"column":12},"end":{"line":144,"column":29}},"54":{"start":{"line":146,"column":10},"end":{"line":157,"column":11}},"55":{"start":{"line":147,"column":12},"end":{"line":155,"column":13}},"56":{"start":{"line":153,"column":14},"end":{"line":153,"column":42}},"57":{"start":{"line":154,"column":14},"end":{"line":154,"column":38}},"58":{"start":{"line":156,"column":12},"end":{"line":156,"column":32}},"59":{"start":{"line":158,"column":10},"end":{"line":162,"column":13}},"60":{"start":{"line":164,"column":8},"end":{"line":179,"column":10}},"61":{"start":{"line":166,"column":10},"end":{"line":166,"column":71}},"62":{"start":{"line":167,"column":10},"end":{"line":170,"column":13}},"63":{"start":{"line":171,"column":10},"end":{"line":178,"column":12}}},"fnMap":{"0":{"name":"(anonymous_0)","decl":{"start":{"line":3,"column":19},"end":{"line":3,"column":20}},"loc":{"start":{"line":3,"column":25},"end":{"line":183,"column":1}},"line":3},"1":{"name":"(anonymous_1)","decl":{"start":{"line":15,"column":4},"end":{"line":15,"column":5}},"loc":{"start":{"line":15,"column":70},"end":{"line":181,"column":5}},"line":15},"2":{"name":"(anonymous_2)","decl":{"start":{"line":17,"column":27},"end":{"line":17,"column":28}},"loc":{"start":{"line":17,"column":39},"end":{"line":19,"column":7}},"line":17},"3":{"name":"(anonymous_3)","decl":{"start":{"line":20,"column":66},"end":{"line":20,"column":67}},"loc":{"start":{"line":24,"column":8},"end":{"line":180,"column":7}},"line":24},"4":{"name":"(anonymous_4)","decl":{"start":{"line":29,"column":25},"end":{"line":29,"column":26}},"loc":{"start":{"line":29,"column":33},"end":{"line":133,"column":9}},"line":29},"5":{"name":"(anonymous_5)","decl":{"start":{"line":35,"column":12},"end":{"line":35,"column":13}},"loc":{"start":{"line":35,"column":29},"end":{"line":114,"column":13}},"line":35},"6":{"name":"(anonymous_6)","decl":{"start":{"line":42,"column":21},"end":{"line":42,"column":22}},"loc":{"start":{"line":42,"column":27},"end":{"line":112,"column":21}},"line":42},"7":{"name":"(anonymous_7)","decl":{"start":{"line":54,"column":34},"end":{"line":54,"column":35}},"loc":{"start":{"line":54,"column":40},"end":{"line":108,"column":27}},"line":54},"8":{"name":"(anonymous_8)","decl":{"start":{"line":59,"column":40},"end":{"line":59,"column":41}},"loc":{"start":{"line":59,"column":46},"end":{"line":77,"column":33}},"line":59},"9":{"name":"(anonymous_9)","decl":{"start":{"line":73,"column":44},"end":{"line":73,"column":45}},"loc":{"start":{"line":73,"column":50},"end":{"line":75,"column":37}},"line":73},"10":{"name":"(anonymous_10)","decl":{"start":{"line":79,"column":40},"end":{"line":79,"column":41}},"loc":{"start":{"line":79,"column":46},"end":{"line":96,"column":33}},"line":79},"11":{"name":"(anonymous_11)","decl":{"start":{"line":92,"column":44},"end":{"line":92,"column":45}},"loc":{"start":{"line":92,"column":50},"end":{"line":94,"column":37}},"line":92},"12":{"name":"(anonymous_12)","decl":{"start":{"line":98,"column":40},"end":{"line":98,"column":41}},"loc":{"start":{"line":98,"column":46},"end":{"line":106,"column":33}},"line":98},"13":{"name":"(anonymous_13)","decl":{"start":{"line":120,"column":47},"end":{"line":120,"column":48}},"loc":{"start":{"line":121,"column":14},"end":{"line":130,"column":18}},"line":121},"14":{"name":"(anonymous_14)","decl":{"start":{"line":121,"column":15},"end":{"line":121,"column":16}},"loc":{"start":{"line":121,"column":21},"end":{"line":130,"column":15}},"line":121},"15":{"name":"(anonymous_15)","decl":{"start":{"line":134,"column":26},"end":{"line":134,"column":27}},"loc":{"start":{"line":134,"column":58},"end":{"line":139,"column":9}},"line":134},"16":{"name":"(anonymous_16)","decl":{"start":{"line":140,"column":29},"end":{"line":140,"column":30}},"loc":{"start":{"line":140,"column":57},"end":{"line":163,"column":9}},"line":140},"17":{"name":"(anonymous_17)","decl":{"start":{"line":143,"column":60},"end":{"line":143,"column":61}},"loc":{"start":{"line":144,"column":12},"end":{"line":144,"column":29}},"line":144},"18":{"name":"(anonymous_18)","decl":{"start":{"line":164,"column":37},"end":{"line":164,"column":38}},"loc":{"start":{"line":164,"column":57},"end":{"line":179,"column":9}},"line":164}},"branchMap":{"0":{"loc":{"start":{"line":18,"column":15},"end":{"line":18,"column":43}},"type":"binary-expr","locations":[{"start":{"line":18,"column":15},"end":{"line":18,"column":28}},{"start":{"line":18,"column":32},"end":{"line":18,"column":43}}],"line":18},"1":{"loc":{"start":{"line":37,"column":21},"end":{"line":113,"column":19}},"type":"cond-expr","locations":[{"start":{"line":38,"column":19},"end":{"line":40,"column":24}},{"start":{"line":41,"column":18},"end":{"line":113,"column":19}}],"line":37},"2":{"loc":{"start":{"line":43,"column":22},"end":{"line":111,"column":23}},"type":"switch","locations":[{"start":{"line":44,"column":24},"end":{"line":45,"column":38}},{"start":{"line":46,"column":24},"end":{"line":47,"column":39}},{"start":{"line":48,"column":24},"end":{"line":49,"column":46}},{"start":{"line":50,"column":24},"end":{"line":108,"column":31}},{"start":{"line":109,"column":24},"end":{"line":110,"column":42}}],"line":43},"3":{"loc":{"start":{"line":55,"column":28},"end":{"line":107,"column":29}},"type":"switch","locations":[{"start":{"line":56,"column":30},"end":{"line":57,"column":45}},{"start":{"line":58,"column":30},"end":{"line":77,"column":37}},{"start":{"line":78,"column":30},"end":{"line":96,"column":37}},{"start":{"line":97,"column":30},"end":{"line":106,"column":37}}],"line":55},"4":{"loc":{"start":{"line":122,"column":16},"end":{"line":129,"column":17}},"type":"switch","locations":[{"start":{"line":123,"column":18},"end":{"line":124,"column":32}},{"start":{"line":125,"column":18},"end":{"line":126,"column":32}},{"start":{"line":127,"column":18},"end":{"line":128,"column":29}}],"line":122},"5":{"loc":{"start":{"line":137,"column":14},"end":{"line":137,"column":67}},"type":"cond-expr","locations":[{"start":{"line":137,"column":59},"end":{"line":137,"column":63}},{"start":{"line":137,"column":66},"end":{"line":137,"column":67}}],"line":137},"6":{"loc":{"start":{"line":137,"column":22},"end":{"line":137,"column":47}},"type":"binary-expr","locations":[{"start":{"line":137,"column":22},"end":{"line":137,"column":35}},{"start":{"line":137,"column":39},"end":{"line":137,"column":47}}],"line":137},"7":{"loc":{"start":{"line":138,"column":17},"end":{"line":138,"column":54}},"type":"cond-expr","locations":[{"start":{"line":138,"column":41},"end":{"line":138,"column":42}},{"start":{"line":138,"column":45},"end":{"line":138,"column":54}}],"line":138},"8":{"loc":{"start":{"line":146,"column":10},"end":{"line":157,"column":11}},"type":"if","locations":[{"start":{"line":146,"column":10},"end":{"line":157,"column":11}},{"start":{"line":146,"column":10},"end":{"line":157,"column":11}}],"line":146},"9":{"loc":{"start":{"line":147,"column":12},"end":{"line":155,"column":13}},"type":"if","locations":[{"start":{"line":147,"column":12},"end":{"line":155,"column":13}},{"start":{"line":147,"column":12},"end":{"line":155,"column":13}}],"line":147},"10":{"loc":{"start":{"line":161,"column":18},"end":{"line":161,"column":52}},"type":"cond-expr","locations":[{"start":{"line":161,"column":36},"end":{"line":161,"column":40}},{"start":{"line":161,"column":43},"end":{"line":161,"column":52}}],"line":161},"11":{"loc":{"start":{"line":175,"column":14},"end":{"line":177,"column":25}},"type":"cond-expr","locations":[{"start":{"line":176,"column":18},"end":{"line":176,"column":42}},{"start":{"line":177,"column":18},"end":{"line":177,"column":25}}],"line":175},"12":{"loc":{"start":{"line":175,"column":15},"end":{"line":175,"column":46}},"type":"binary-expr","locations":[{"start":{"line":175,"column":15},"end":{"line":175,"column":31}},{"start":{"line":175,"column":35},"end":{"line":175,"column":46}}],"line":175}},"s":{"0":3,"1":3,"2":3,"3":3,"4":17,"5":3,"6":3,"7":3,"8":3,"9":3,"10":3,"11":23,"12":23,"13":23,"14":42,"15":27,"16":1,"17":1,"18":1,"19":7,"20":7,"21":7,"22":3,"23":1,"24":1,"25":1,"26":0,"27":0,"28":0,"29":0,"30":3,"31":3,"32":3,"33":1,"34":1,"35":1,"36":1,"37":0,"38":0,"39":17,"40":22,"41":14,"42":14,"43":1,"44":11,"45":2,"46":3,"47":17,"48":17,"49":17,"50":3,"51":11,"52":11,"53":16,"54":11,"55":6,"56":3,"57":3,"58":6,"59":11,"60":3,"61":6,"62":6,"63":6},"f":{"0":3,"1":3,"2":17,"3":3,"4":23,"5":42,"6":27,"7":7,"8":1,"9":0,"10":3,"11":1,"12":0,"13":14,"14":14,"15":17,"16":11,"17":16,"18":6},"b":{"0":[17,8],"1":[15,27],"2":[1,1,1,7,17],"3":[3,1,3,0],"4":[1,11,2],"5":[1,16],"6":[17,8],"7":[8,9],"8":[6,5],"9":[3,3],"10":[5,6],"11":[3,3],"12":[6,3]},"_coverageSchema":"1a1c01bbd47fc00a2c39e90264f33305004495a9","hash":"90dd7e95a640e1b4d0dc73232791f68129fd60e5"}
,"/Users/shanebdavis/dev/art-suite-foundations/packages/art-suite/cli/source/jest/StandardImport.js": {"path":"/Users/shanebdavis/dev/art-suite-foundations/packages/art-suite/cli/source/jest/StandardImport.js","statementMap":{"0":{"start":{"line":2,"column":10},"end":{"line":2,"column":44}},"1":{"start":{"line":3,"column":0},"end":{"line":29,"column":3}},"2":{"start":{"line":4,"column":2},"end":{"line":28,"column":4}},"3":{"start":{"line":9,"column":6},"end":{"line":26,"column":8}},"4":{"start":{"line":14,"column":12},"end":{"line":21,"column":14}},"5":{"start":{"line":15,"column":14},"end":{"line":20,"column":55}},"6":{"start":{"line":17,"column":20},"end":{"line":17,"column":24}},"7":{"start":{"line":18,"column":20},"end":{"line":18,"column":37}},"8":{"start":{"line":20,"column":43},"end":{"line":20,"column":54}},"9":{"start":{"line":22,"column":12},"end":{"line":22,"column":29}}},"fnMap":{"0":{"name":"(anonymous_0)","decl":{"start":{"line":3,"column":19},"end":{"line":3,"column":20}},"loc":{"start":{"line":3,"column":25},"end":{"line":29,"column":1}},"line":3},"1":{"name":"(anonymous_1)","decl":{"start":{"line":7,"column":4},"end":{"line":7,"column":5}},"loc":{"start":{"line":7,"column":16},"end":{"line":27,"column":5}},"line":7},"2":{"name":"(anonymous_2)","decl":{"start":{"line":13,"column":32},"end":{"line":13,"column":33}},"loc":{"start":{"line":13,"column":46},"end":{"line":23,"column":11}},"line":13},"3":{"name":"(anonymous_3)","decl":{"start":{"line":14,"column":27},"end":{"line":14,"column":28}},"loc":{"start":{"line":15,"column":14},"end":{"line":20,"column":55}},"line":15},"4":{"name":"(anonymous_4)","decl":{"start":{"line":16,"column":37},"end":{"line":16,"column":38}},"loc":{"start":{"line":16,"column":43},"end":{"line":19,"column":19}},"line":16},"5":{"name":"(anonymous_5)","decl":{"start":{"line":20,"column":37},"end":{"line":20,"column":38}},"loc":{"start":{"line":20,"column":43},"end":{"line":20,"column":54}},"line":20}},"branchMap":{"0":{"loc":{"start":{"line":15,"column":14},"end":{"line":20,"column":55}},"type":"cond-expr","locations":[{"start":{"line":16,"column":18},"end":{"line":19,"column":20}},{"start":{"line":20,"column":18},"end":{"line":20,"column":55}}],"line":15}},"s":{"0":3,"1":3,"2":3,"3":3,"4":5,"5":18,"6":15,"7":15,"8":3,"9":5},"f":{"0":3,"1":3,"2":5,"3":18,"4":15,"5":3},"b":{"0":[15,3]},"_coverageSchema":"1a1c01bbd47fc00a2c39e90264f33305004495a9","hash":"81994a46104c2c55c9e989068b6cfb8a94068227"}
}
