TN:
SF:source/ArtSuite.Cli/Cli.js
FN:3,(anonymous_0)
FNF:1
FNH:1
FNDA:3,(anonymous_0)
DA:2,3
DA:3,3
DA:4,3
LF:3
LH:3
BRF:0
BRH:0
end_of_record
TN:
SF:source/ArtSuite.Cli/Help.js
FN:3,(anonymous_0)
FN:20,(anonymous_1)
FN:35,(anonymous_2)
FN:41,(anonymous_3)
FN:47,(anonymous_4)
FN:51,(anonymous_5)
FN:61,(anonymous_6)
FN:89,(anonymous_7)
FN:96,(anonymous_8)
FN:99,(anonymous_9)
FN:102,(anonymous_10)
FN:110,(anonymous_11)
FN:128,(anonymous_12)
FN:141,(anonymous_13)
FN:154,(anonymous_14)
FN:168,(anonymous_15)
FN:190,(anonymous_16)
FN:194,(anonymous_17)
FN:204,(anonymous_18)
FN:209,(anonymous_19)
FN:215,(anonymous_20)
FNF:21
FNH:19
FNDA:3,(anonymous_0)
FNDA:3,(anonymous_1)
FNDA:3,(anonymous_2)
FNDA:29,(anonymous_3)
FNDA:25,(anonymous_4)
FNDA:10,(anonymous_5)
FNDA:2,(anonymous_6)
FNDA:17,(anonymous_7)
FNDA:6,(anonymous_8)
FNDA:6,(anonymous_9)
FNDA:34,(anonymous_10)
FNDA:6,(anonymous_11)
FNDA:7,(anonymous_12)
FNDA:2,(anonymous_13)
FNDA:0,(anonymous_14)
FNDA:0,(anonymous_15)
FNDA:10,(anonymous_16)
FNDA:22,(anonymous_17)
FNDA:22,(anonymous_18)
FNDA:10,(anonymous_19)
FNDA:4,(anonymous_20)
DA:2,3
DA:3,3
DA:4,3
DA:35,3
DA:40,3
DA:41,3
DA:42,29
DA:46,3
DA:48,25
DA:51,3
DA:55,10
DA:56,10
DA:61,3
DA:63,2
DA:65,0
DA:66,0
DA:68,2
DA:69,2
DA:71,0
DA:72,0
DA:74,0
DA:75,0
DA:79,2
DA:89,3
DA:90,17
DA:91,17
DA:96,6
DA:99,6
DA:102,3
DA:104,34
DA:111,6
DA:113,6
DA:114,6
DA:115,6
DA:117,6
DA:119,6
DA:128,3
DA:133,7
DA:142,2
DA:155,0
DA:157,0
DA:158,0
DA:159,0
DA:169,0
DA:181,0
DA:183,0
DA:190,3
DA:192,10
DA:193,10
DA:194,10
DA:195,22
DA:198,10
DA:199,10
DA:201,10
DA:205,22
DA:210,10
DA:215,3
DA:216,4
LF:58
LH:45
BRDA:58,0,0,8
BRDA:58,0,1,2
BRDA:63,1,0,0
BRDA:63,1,1,2
BRDA:63,1,2,0
BRDA:63,1,3,0
BRDA:67,2,0,2
BRDA:67,2,1,2
BRDA:82,3,0,2
BRDA:82,3,1,0
BRDA:83,4,0,0
BRDA:83,4,1,2
BRDA:84,5,0,0
BRDA:84,5,1,2
BRDA:94,6,0,4
BRDA:94,6,1,13
BRDA:104,7,0,6
BRDA:104,7,1,28
BRDA:107,8,0,6
BRDA:107,8,1,0
BRDA:114,9,0,6
BRDA:114,9,1,0
BRDA:124,10,0,0
BRDA:124,10,1,6
BRDA:125,11,0,0
BRDA:125,11,1,6
BRDA:137,12,0,7
BRDA:137,12,1,0
BRDA:139,13,0,2
BRDA:139,13,1,5
BRDA:140,14,0,2
BRDA:140,14,1,5
BRDA:145,15,0,0
BRDA:145,15,1,7
BRDA:145,16,0,7
BRDA:145,16,1,0
BRDA:148,17,0,0
BRDA:148,17,1,7
BRDA:148,18,0,7
BRDA:148,18,1,0
BRDA:151,19,0,0
BRDA:151,19,1,0
BRDA:165,20,0,0
BRDA:165,20,1,0
BRDA:172,21,0,0
BRDA:172,21,1,0
BRDA:172,22,0,0
BRDA:172,22,1,0
BRDA:192,23,0,10
BRDA:192,23,1,0
BRDA:200,24,0,10
BRDA:200,24,1,10
BRDA:202,25,0,4
BRDA:202,25,1,6
BRDA:203,26,0,10
BRDA:203,26,1,0
BRDA:207,27,0,6
BRDA:207,27,1,4
BRF:58
BRH:33
end_of_record
TN:
SF:source/ArtSuite.Cli/Main.js
FN:3,(anonymous_0)
FN:7,(anonymous_1)
FN:9,(anonymous_2)
FN:14,(anonymous_3)
FN:28,(anonymous_4)
FN:48,(anonymous_5)
FN:54,(anonymous_6)
FNF:7
FNH:7
FNDA:3,(anonymous_0)
FNDA:3,(anonymous_1)
FNDA:3,(anonymous_2)
FNDA:4,(anonymous_3)
FNDA:4,(anonymous_4)
FNDA:2,(anonymous_5)
FNDA:4,(anonymous_6)
DA:2,3
DA:3,3
DA:4,3
DA:9,3
DA:14,3
DA:21,4
DA:22,4
DA:28,4
DA:29,4
DA:49,2
DA:54,4
LF:11
LH:11
BRDA:17,0,0,0
BRDA:18,1,0,0
BRDA:29,2,0,2
BRDA:29,2,1,2
BRDA:29,3,0,4
BRDA:29,3,1,2
BRDA:30,4,0,0
BRDA:30,4,1,2
BRDA:34,5,0,0
BRDA:34,5,1,0
BRDA:36,6,0,0
BRDA:36,6,1,0
BRDA:36,7,0,0
BRDA:36,7,1,0
BRDA:45,8,0,0
BRDA:45,8,1,2
BRDA:52,9,0,0
BRDA:52,9,1,2
BRDA:52,10,0,2
BRDA:52,10,1,2
BRDA:54,11,0,4
BRDA:54,11,1,4
BRF:22
BRH:11
end_of_record
TN:
SF:source/ArtSuite.Cli/Parse.js
FN:3,(anonymous_0)
FN:15,(anonymous_1)
FN:17,(anonymous_2)
FN:20,(anonymous_3)
FN:29,(anonymous_4)
FN:35,(anonymous_5)
FN:42,(anonymous_6)
FN:54,(anonymous_7)
FN:59,(anonymous_8)
FN:73,(anonymous_9)
FN:79,(anonymous_10)
FN:93,(anonymous_11)
FN:99,(anonymous_12)
FN:121,(anonymous_13)
FN:122,(anonymous_14)
FN:135,(anonymous_15)
FN:138,(anonymous_16)
FN:162,(anonymous_17)
FNF:18
FNH:15
FNDA:3,(anonymous_0)
FNDA:3,(anonymous_1)
FNDA:15,(anonymous_2)
FNDA:3,(anonymous_3)
FNDA:20,(anonymous_4)
FNDA:36,(anonymous_5)
FNDA:22,(anonymous_6)
FNDA:6,(anonymous_7)
FNDA:1,(anonymous_8)
FNDA:0,(anonymous_9)
FNDA:2,(anonymous_10)
FNDA:0,(anonymous_11)
FNDA:0,(anonymous_12)
FNDA:14,(anonymous_13)
FNDA:14,(anonymous_14)
FNDA:9,(anonymous_15)
FNDA:12,(anonymous_16)
FNDA:4,(anonymous_17)
DA:2,3
DA:3,3
DA:4,3
DA:17,3
DA:18,15
DA:20,3
DA:25,3
DA:26,3
DA:27,3
DA:28,3
DA:29,3
DA:31,20
DA:32,20
DA:33,20
DA:37,36
DA:43,22
DA:45,1
DA:47,1
DA:49,1
DA:53,6
DA:54,6
DA:55,6
DA:57,3
DA:59,1
DA:60,1
DA:61,1
DA:63,0
DA:64,0
DA:73,0
DA:74,0
DA:79,2
DA:80,2
DA:81,2
DA:83,0
DA:84,0
DA:93,0
DA:94,0
DA:99,0
DA:100,0
DA:111,13
DA:119,20
DA:122,14
DA:123,14
DA:125,1
DA:127,11
DA:129,2
DA:135,3
DA:137,9
DA:138,9
DA:139,12
DA:141,9
DA:146,6
DA:151,3
DA:152,3
DA:154,6
DA:156,9
DA:162,3
DA:164,4
DA:165,4
DA:169,4
LF:60
LH:50
BRDA:18,0,0,15
BRDA:18,0,1,6
BRDA:37,1,0,14
BRDA:37,1,1,22
BRDA:43,2,0,1
BRDA:43,2,1,1
BRDA:43,2,2,1
BRDA:43,2,3,6
BRDA:43,2,4,13
BRDA:55,3,0,3
BRDA:55,3,1,1
BRDA:55,3,2,2
BRDA:55,3,3,0
BRDA:123,4,0,1
BRDA:123,4,1,11
BRDA:123,4,2,2
BRDA:141,5,0,6
BRDA:141,5,1,3
BRDA:146,6,0,3
BRDA:146,6,1,3
BRDA:159,7,0,3
BRDA:159,7,1,6
BRF:22
BRH:21
end_of_record
TN:
SF:source/ArtSuite.Cli/StandardImport.js
FN:3,(anonymous_0)
FNF:1
FNH:1
FNDA:3,(anonymous_0)
DA:2,3
DA:3,3
DA:4,3
LF:3
LH:3
BRF:0
BRH:0
end_of_record
TN:
SF:source/ArtSuite.Cli/index.js
FNF:0
FNH:0
DA:4,3
LF:1
LH:1
BRF:0
BRH:0
end_of_record
TN:
SF:source/ArtSuite.Cli/namespace.js
FNF:0
FNH:0
DA:4,3
LF:1
LH:1
BRF:0
BRH:0
end_of_record
TN:
SF:source/jest/StandardImport.js
FN:3,(anonymous_0)
FN:7,(anonymous_1)
FN:13,(anonymous_2)
FN:14,(anonymous_3)
FN:16,(anonymous_4)
FNF:5
FNH:5
FNDA:3,(anonymous_0)
FNDA:3,(anonymous_1)
FNDA:5,(anonymous_2)
FNDA:17,(anonymous_3)
FNDA:14,(anonymous_4)
DA:2,3
DA:3,3
DA:4,3
DA:9,3
DA:14,5
DA:15,17
DA:17,14
DA:18,14
LF:8
LH:8
BRDA:15,0,0,14
BRDA:15,0,1,3
BRF:2
BRH:2
end_of_record
