TN:
SF:source/ArtSuite.Cli/Cli.js
FN:3,(anonymous_0)
FNF:1
FNH:1
FNDA:4,(anonymous_0)
DA:2,4
DA:3,4
DA:4,4
LF:3
LH:3
BRF:0
BRH:0
end_of_record
TN:
SF:source/ArtSuite.Cli/Help.js
FN:3,(anonymous_0)
FN:20,(anonymous_1)
FN:35,(anonymous_2)
FN:41,(anonymous_3)
FN:47,(anonymous_4)
FN:51,(anonymous_5)
FN:61,(anonymous_6)
FN:89,(anonymous_7)
FN:95,(anonymous_8)
FN:98,(anonymous_9)
FN:101,(anonymous_10)
FN:109,(anonymous_11)
FN:127,(anonymous_12)
FN:138,(anonymous_13)
FN:151,(anonymous_14)
FN:165,(anonymous_15)
FN:187,(anonymous_16)
FN:191,(anonymous_17)
FN:201,(anonymous_18)
FN:206,(anonymous_19)
FN:212,(anonymous_20)
FNF:21
FNH:20
FNDA:4,(anonymous_0)
FNDA:4,(anonymous_1)
FNDA:4,(anonymous_2)
FNDA:32,(anonymous_3)
FNDA:30,(anonymous_4)
FNDA:10,(anonymous_5)
FNDA:3,(anonymous_6)
FNDA:18,(anonymous_7)
FNDA:7,(anonymous_8)
FNDA:7,(anonymous_9)
FNDA:36,(anonymous_10)
FNDA:7,(anonymous_11)
FNDA:8,(anonymous_12)
FNDA:3,(anonymous_13)
FNDA:2,(anonymous_14)
FNDA:0,(anonymous_15)
FNDA:11,(anonymous_16)
FNDA:23,(anonymous_17)
FNDA:23,(anonymous_18)
FNDA:10,(anonymous_19)
FNDA:4,(anonymous_20)
DA:2,4
DA:3,4
DA:4,4
DA:35,4
DA:40,4
DA:41,4
DA:42,32
DA:46,4
DA:48,30
DA:51,4
DA:55,10
DA:56,10
DA:61,4
DA:63,3
DA:65,1
DA:66,1
DA:68,2
DA:69,2
DA:71,0
DA:72,0
DA:74,0
DA:75,0
DA:79,3
DA:89,4
DA:90,18
DA:91,18
DA:95,7
DA:98,7
DA:101,4
DA:103,36
DA:110,7
DA:112,7
DA:113,7
DA:114,5
DA:116,7
DA:118,7
DA:127,4
DA:132,8
DA:139,3
DA:152,2
DA:154,4
DA:155,4
DA:156,4
DA:166,0
DA:178,4
DA:180,2
DA:187,4
DA:189,11
DA:190,11
DA:191,11
DA:192,23
DA:195,11
DA:196,11
DA:198,11
DA:202,23
DA:207,10
DA:212,4
DA:213,4
LF:58
LH:53
BRDA:58,0,0,8
BRDA:58,0,1,2
BRDA:63,1,0,1
BRDA:63,1,1,2
BRDA:63,1,2,0
BRDA:63,1,3,0
BRDA:67,2,0,2
BRDA:67,2,1,2
BRDA:82,3,0,2
BRDA:82,3,1,1
BRDA:83,4,0,0
BRDA:83,4,1,3
BRDA:84,5,0,0
BRDA:84,5,1,3
BRDA:103,6,0,7
BRDA:103,6,1,29
BRDA:106,7,0,7
BRDA:106,7,1,0
BRDA:113,8,0,5
BRDA:113,8,1,2
BRDA:123,9,0,2
BRDA:123,9,1,5
BRDA:124,10,0,2
BRDA:124,10,1,5
BRDA:134,11,0,8
BRDA:134,11,1,0
BRDA:136,12,0,3
BRDA:136,12,1,5
BRDA:137,13,0,3
BRDA:137,13,1,5
BRDA:142,14,0,2
BRDA:142,14,1,6
BRDA:142,15,0,8
BRDA:142,15,1,2
BRDA:145,16,0,2
BRDA:145,16,1,6
BRDA:145,17,0,8
BRDA:145,17,1,2
BRDA:148,18,0,2
BRDA:148,18,1,0
BRDA:162,19,0,0
BRDA:162,19,1,4
BRDA:169,20,0,0
BRDA:169,20,1,0
BRDA:169,21,0,0
BRDA:169,21,1,0
BRDA:189,22,0,11
BRDA:189,22,1,0
BRDA:197,23,0,11
BRDA:197,23,1,11
BRDA:199,24,0,4
BRDA:199,24,1,7
BRDA:200,25,0,11
BRDA:200,25,1,0
BRDA:204,26,0,7
BRDA:204,26,1,4
BRF:56
BRH:42
end_of_record
TN:
SF:source/ArtSuite.Cli/Main.js
FN:3,(anonymous_0)
FN:7,(anonymous_1)
FN:9,(anonymous_2)
FN:14,(anonymous_3)
FN:34,(anonymous_4)
FN:54,(anonymous_5)
FNF:6
FNH:6
FNDA:4,(anonymous_0)
FNDA:4,(anonymous_1)
FNDA:4,(anonymous_2)
FNDA:6,(anonymous_3)
FNDA:6,(anonymous_4)
FNDA:6,(anonymous_5)
DA:2,4
DA:3,4
DA:4,4
DA:9,4
DA:14,4
DA:23,6
DA:24,6
DA:34,6
DA:35,6
DA:54,6
LF:10
LH:10
BRDA:19,0,0,0
BRDA:20,1,0,0
BRDA:35,2,0,3
BRDA:35,2,1,3
BRDA:35,3,0,6
BRDA:35,3,1,4
BRDA:36,4,0,1
BRDA:36,4,1,2
BRDA:42,5,0,0
BRDA:42,5,1,1
BRDA:42,6,0,1
BRDA:42,6,1,0
BRDA:54,7,0,6
BRDA:54,7,1,6
BRF:14
BRH:10
end_of_record
TN:
SF:source/ArtSuite.Cli/Parse.js
FN:3,(anonymous_0)
FN:7,(anonymous_1)
FN:9,(anonymous_2)
FN:18,(anonymous_3)
FN:24,(anonymous_4)
FN:31,(anonymous_5)
FN:43,(anonymous_6)
FN:48,(anonymous_7)
FN:62,(anonymous_8)
FN:68,(anonymous_9)
FN:81,(anonymous_10)
FN:87,(anonymous_11)
FN:109,(anonymous_12)
FN:110,(anonymous_13)
FN:123,(anonymous_14)
FN:129,(anonymous_15)
FN:143,(anonymous_16)
FNF:17
FNH:15
FNDA:4,(anonymous_0)
FNDA:4,(anonymous_1)
FNDA:4,(anonymous_2)
FNDA:25,(anonymous_3)
FNDA:47,(anonymous_4)
FNDA:30,(anonymous_5)
FNDA:7,(anonymous_6)
FNDA:1,(anonymous_7)
FNDA:0,(anonymous_8)
FNDA:3,(anonymous_9)
FNDA:1,(anonymous_10)
FNDA:0,(anonymous_11)
FNDA:16,(anonymous_12)
FNDA:16,(anonymous_13)
FNDA:13,(anonymous_14)
FNDA:13,(anonymous_15)
FNDA:8,(anonymous_16)
DA:2,4
DA:3,4
DA:4,4
DA:9,4
DA:14,4
DA:15,4
DA:16,4
DA:17,4
DA:18,4
DA:20,25
DA:21,25
DA:22,25
DA:26,47
DA:32,30
DA:34,1
DA:36,1
DA:38,1
DA:42,7
DA:43,7
DA:44,7
DA:46,3
DA:48,1
DA:49,1
DA:50,1
DA:52,0
DA:53,0
DA:62,0
DA:63,0
DA:68,3
DA:69,3
DA:70,3
DA:72,1
DA:73,1
DA:81,1
DA:82,1
DA:87,0
DA:88,0
DA:99,20
DA:107,24
DA:110,16
DA:111,16
DA:113,3
DA:115,11
DA:117,2
DA:123,4
DA:125,13
DA:129,4
DA:131,13
DA:132,13
DA:143,4
DA:145,8
DA:146,8
DA:151,8
LF:53
LH:47
BRDA:26,0,0,17
BRDA:26,0,1,30
BRDA:32,1,0,1
BRDA:32,1,1,1
BRDA:32,1,2,1
BRDA:32,1,3,7
BRDA:32,1,4,20
BRDA:44,2,0,3
BRDA:44,2,1,1
BRDA:44,2,2,3
BRDA:44,2,3,0
BRDA:111,3,0,3
BRDA:111,3,1,11
BRDA:111,3,2,2
BRDA:125,4,0,9
BRDA:125,4,1,4
BRDA:135,5,0,10
BRDA:135,5,1,3
BRDA:140,6,0,3
BRDA:140,6,1,10
BRDA:155,7,0,3
BRDA:155,7,1,5
BRDA:155,8,0,8
BRDA:155,8,1,3
BRF:24
BRH:23
end_of_record
TN:
SF:source/ArtSuite.Cli/StandardImport.js
FN:3,(anonymous_0)
FNF:1
FNH:1
FNDA:4,(anonymous_0)
DA:2,4
DA:3,4
DA:4,4
LF:3
LH:3
BRF:0
BRH:0
end_of_record
TN:
SF:source/ArtSuite.Cli/Util.js
FN:3,(anonymous_0)
FN:7,(anonymous_1)
FN:10,(anonymous_2)
FN:14,(anonymous_3)
FN:18,(anonymous_4)
FN:22,(anonymous_5)
FN:30,(anonymous_6)
FN:39,(anonymous_7)
FN:44,(anonymous_8)
FNF:9
FNH:7
FNDA:4,(anonymous_0)
FNDA:4,(anonymous_1)
FNDA:15,(anonymous_2)
FNDA:10,(anonymous_3)
FNDA:11,(anonymous_4)
FNDA:2,(anonymous_5)
FNDA:11,(anonymous_6)
FNDA:0,(anonymous_7)
FNDA:0,(anonymous_8)
DA:2,4
DA:3,4
DA:4,4
DA:9,4
DA:11,15
DA:16,10
DA:19,11
DA:23,2
DA:30,11
DA:32,8
DA:33,0
DA:36,0
DA:39,0
DA:41,0
DA:42,0
DA:45,0
DA:53,8
LF:17
LH:11
BRDA:11,0,0,15
BRDA:11,0,1,11
BRDA:19,1,0,7
BRDA:19,1,1,4
BRDA:21,2,0,2
BRDA:21,2,1,2
BRDA:21,3,0,4
BRDA:21,3,1,4
BRDA:32,4,0,0
BRDA:32,4,1,8
BRDA:36,5,0,0
BRDA:36,5,1,0
BRDA:42,6,0,0
BRDA:42,6,1,0
BRF:14
BRH:9
end_of_record
TN:
SF:source/ArtSuite.Cli/index.js
FNF:0
FNH:0
DA:4,4
LF:1
LH:1
BRF:0
BRH:0
end_of_record
TN:
SF:source/ArtSuite.Cli/namespace.js
FNF:0
FNH:0
DA:4,4
LF:1
LH:1
BRF:0
BRH:0
end_of_record
TN:
SF:source/jest/StandardImport.js
FN:3,(anonymous_0)
FN:7,(anonymous_1)
FN:13,(anonymous_2)
FN:14,(anonymous_3)
FN:16,(anonymous_4)
FN:20,(anonymous_5)
FNF:6
FNH:6
FNDA:4,(anonymous_0)
FNDA:4,(anonymous_1)
FNDA:6,(anonymous_2)
FNDA:19,(anonymous_3)
FNDA:16,(anonymous_4)
FNDA:3,(anonymous_5)
DA:2,4
DA:3,4
DA:4,4
DA:9,4
DA:14,6
DA:15,19
DA:17,16
DA:18,16
DA:20,3
DA:22,6
LF:10
LH:10
BRDA:15,0,0,16
BRDA:15,0,1,3
BRF:2
BRH:2
end_of_record
