<?xml version="1.0" encoding="UTF-8"?>
<coverage generated="1607801835510" clover="3.2.0">
  <project timestamp="1607801835510" name="All files">
    <metrics statements="158" coveredstatements="153" conditionals="69" coveredconditionals="57" methods="73" coveredmethods="70" elements="300" coveredelements="280" complexity="0" loc="158" ncloc="158" packages="2" files="9" classes="9"/>
    <package name="source-source.Art.Config">
      <metrics statements="156" coveredstatements="151" conditionals="69" coveredconditionals="57" methods="73" coveredmethods="70"/>
      <file name="Config.caf" path="/Users/shanebdavis/dev/art-suite-foundations/packages/art-config/source-source/Art.Config/Config.caf">
        <metrics statements="1" coveredstatements="1" conditionals="0" coveredconditionals="0" methods="1" coveredmethods="1"/>
        <line num="1" count="10" type="stmt"/>
      </file>
      <file name="ConfigRegistry.caf" path="/Users/shanebdavis/dev/art-suite-foundations/packages/art-config/source-source/Art.Config/ConfigRegistry.caf">
        <metrics statements="6" coveredstatements="6" conditionals="2" coveredconditionals="1" methods="5" coveredmethods="5"/>
        <line num="1" count="10" type="stmt"/>
        <line num="3" count="10" type="stmt"/>
        <line num="10" count="10" type="cond" truecount="1" falsecount="1"/>
        <line num="11" count="10" type="stmt"/>
        <line num="12" count="5" type="stmt"/>
        <line num="14" count="6" type="stmt"/>
      </file>
      <file name="Configurable.coffee" path="/Users/shanebdavis/dev/art-suite-foundations/packages/art-config/source-source/Art.Config/Configurable.coffee">
        <metrics statements="50" coveredstatements="49" conditionals="14" coveredconditionals="10" methods="16" coveredmethods="14"/>
        <line num="1" count="705" type="cond" truecount="2" falsecount="0"/>
        <line num="12" count="5" type="stmt"/>
        <line num="14" count="5" type="stmt"/>
        <line num="16" count="5" type="stmt"/>
        <line num="18" count="5" type="stmt"/>
        <line num="34" count="5" type="stmt"/>
        <line num="35" count="5" type="stmt"/>
        <line num="37" count="5" type="stmt"/>
        <line num="41" count="5" type="stmt"/>
        <line num="47" count="5" type="stmt"/>
        <line num="49" count="28" type="stmt"/>
        <line num="51" count="6" type="stmt"/>
        <line num="55" count="5" type="stmt"/>
        <line num="56" count="34" type="stmt"/>
        <line num="57" count="34" type="stmt"/>
        <line num="58" count="34" type="stmt"/>
        <line num="59" count="34" type="stmt"/>
        <line num="62" count="28" type="cond" truecount="2" falsecount="0"/>
        <line num="63" count="34" type="stmt"/>
        <line num="65" count="5" type="stmt"/>
        <line num="68" count="5" type="stmt"/>
        <line num="72" count="5" type="stmt"/>
        <line num="73" count="21" type="cond" truecount="1" falsecount="1"/>
        <line num="74" count="21" type="stmt"/>
        <line num="76" count="5" type="stmt"/>
        <line num="77" count="3" type="stmt"/>
        <line num="78" count="3" type="stmt"/>
        <line num="79" count="3" type="stmt"/>
        <line num="80" count="6" type="cond" truecount="1" falsecount="1"/>
        <line num="81" count="3" type="stmt"/>
        <line num="82" count="3" type="stmt"/>
        <line num="85" count="3" type="stmt"/>
        <line num="91" count="5" type="cond" truecount="1" falsecount="1"/>
        <line num="92" count="1" type="stmt"/>
        <line num="95" count="5" type="stmt"/>
        <line num="96" count="21" type="stmt"/>
        <line num="102" count="5" type="stmt"/>
        <line num="103" count="50" type="cond" truecount="1" falsecount="1"/>
        <line num="104" count="50" type="stmt"/>
        <line num="106" count="26" type="stmt"/>
        <line num="108" count="23" type="stmt"/>
        <line num="109" count="69" type="cond" truecount="2" falsecount="0"/>
        <line num="110" count="23" type="stmt"/>
        <line num="115" count="5" type="stmt"/>
        <line num="116" count="6" type="stmt"/>
        <line num="117" count="6" type="stmt"/>
        <line num="119" count="6" type="stmt"/>
        <line num="121" count="0" type="stmt"/>
        <line num="124" count="6" type="stmt"/>
        <line num="125" count="6" type="stmt"/>
      </file>
      <file name="Configuration.coffee" path="/Users/shanebdavis/dev/art-suite-foundations/packages/art-config/source-source/Art.Config/Configuration.coffee">
        <metrics statements="17" coveredstatements="16" conditionals="2" coveredconditionals="2" methods="7" coveredmethods="7"/>
        <line num="1" count="695" type="cond" truecount="2" falsecount="0"/>
        <line num="8" count="5" type="stmt"/>
        <line num="10" count="5" type="stmt"/>
        <line num="12" count="5" type="stmt"/>
        <line num="13" count="5" type="stmt"/>
        <line num="15" count="10" type="stmt"/>
        <line num="17" count="10" type="stmt"/>
        <line num="19" count="10" type="stmt"/>
        <line num="20" count="10" type="stmt"/>
        <line num="21" count="0" type="stmt"/>
        <line num="22" count="10" type="stmt"/>
        <line num="24" count="5" type="stmt"/>
        <line num="25" count="25" type="stmt"/>
        <line num="27" count="5" type="stmt"/>
        <line num="28" count="10" type="stmt"/>
        <line num="30" count="5" type="stmt"/>
        <line num="31" count="5" type="stmt"/>
      </file>
      <file name="Configure.caf" path="/Users/shanebdavis/dev/art-suite-foundations/packages/art-config/source-source/Art.Config/Configure.caf">
        <metrics statements="36" coveredstatements="36" conditionals="22" coveredconditionals="20" methods="16" coveredmethods="15"/>
        <line num="1" count="10" type="stmt"/>
        <line num="3" count="5" type="stmt"/>
        <line num="6" count="5" type="stmt"/>
        <line num="72" count="17" type="cond" truecount="1" falsecount="0"/>
        <line num="74" count="17" type="stmt"/>
        <line num="75" count="17" type="stmt"/>
        <line num="76" count="17" type="stmt"/>
        <line num="85" count="17" type="stmt"/>
        <line num="87" count="17" type="stmt"/>
        <line num="92" count="21" type="stmt"/>
        <line num="106" count="52" type="stmt"/>
        <line num="108" count="17" type="cond" truecount="2" falsecount="0"/>
        <line num="109" count="1" type="stmt"/>
        <line num="110" count="1" type="stmt"/>
        <line num="111" count="1" type="stmt"/>
        <line num="113" count="17" type="stmt"/>
        <line num="115" count="17" type="cond" truecount="2" falsecount="0"/>
        <line num="116" count="1" type="stmt"/>
        <line num="117" count="1" type="stmt"/>
        <line num="118" count="17" type="cond" truecount="1" falsecount="1"/>
        <line num="120" count="17" type="stmt"/>
        <line num="122" count="5" type="stmt"/>
        <line num="126" count="1" type="stmt"/>
        <line num="127" count="1" type="stmt"/>
        <line num="128" count="1" type="stmt"/>
        <line num="131" count="1" type="stmt"/>
        <line num="144" count="1" type="stmt"/>
        <line num="148" count="5" type="stmt"/>
        <line num="153" count="5" type="stmt"/>
        <line num="155" count="17" type="stmt"/>
        <line num="156" count="24" type="stmt"/>
        <line num="158" count="17" type="stmt"/>
        <line num="159" count="21" type="stmt"/>
        <line num="160" count="5" type="stmt"/>
        <line num="162" count="17" type="stmt"/>
        <line num="164" count="21" type="stmt"/>
      </file>
      <file name="Lib.caf" path="/Users/shanebdavis/dev/art-suite-foundations/packages/art-config/source-source/Art.Config/Lib.caf">
        <metrics statements="23" coveredstatements="20" conditionals="17" coveredconditionals="16" methods="11" coveredmethods="11"/>
        <line num="1" count="10" type="stmt"/>
        <line num="2" count="5" type="stmt"/>
        <line num="26" count="5" type="stmt"/>
        <line num="31" count="16" type="stmt"/>
        <line num="35" count="5" type="cond" truecount="2" falsecount="0"/>
        <line num="38" count="23" type="cond" truecount="1" falsecount="0"/>
        <line num="39" count="23" type="stmt"/>
        <line num="41" count="23" type="stmt"/>
        <line num="42" count="1" type="cond" truecount="3" falsecount="0"/>
        <line num="43" count="2" type="stmt"/>
        <line num="44" count="2" type="stmt"/>
        <line num="45" count="0" type="stmt"/>
        <line num="47" count="0" type="stmt"/>
        <line num="56" count="0" type="stmt"/>
        <line num="60" count="23" type="stmt"/>
        <line num="63" count="3" type="stmt"/>
        <line num="66" count="670" type="stmt"/>
        <line num="68" count="5" type="stmt"/>
        <line num="74" count="32" type="stmt"/>
        <line num="75" count="32" type="cond" truecount="3" falsecount="0"/>
        <line num="76" count="1" type="stmt"/>
        <line num="77" count="1" type="stmt"/>
        <line num="78" count="30" type="cond" truecount="2" falsecount="0"/>
      </file>
      <file name="PublicLib.caf" path="/Users/shanebdavis/dev/art-suite-foundations/packages/art-config/source-source/Art.Config/PublicLib.caf">
        <metrics statements="23" coveredstatements="23" conditionals="12" coveredconditionals="8" methods="17" coveredmethods="17"/>
        <line num="1" count="10" type="stmt"/>
        <line num="5" count="5" type="stmt"/>
        <line num="7" count="5" type="stmt"/>
        <line num="8" count="5" type="stmt"/>
        <line num="10" count="5" type="cond" truecount="1" falsecount="1"/>
        <line num="14" count="5" type="stmt"/>
        <line num="15" count="5" type="cond" truecount="1" falsecount="1"/>
        <line num="16" count="5" type="cond" truecount="1" falsecount="1"/>
        <line num="20" count="7" type="stmt"/>
        <line num="21" count="66" type="stmt"/>
        <line num="22" count="48" type="stmt"/>
        <line num="23" count="17" type="stmt"/>
        <line num="24" count="29" type="stmt"/>
        <line num="27" count="29" type="cond" truecount="1" falsecount="1"/>
        <line num="28" count="29" type="stmt"/>
        <line num="31" count="11" type="cond" truecount="2" falsecount="0"/>
        <line num="32" count="18" type="cond" truecount="2" falsecount="0"/>
        <line num="34" count="3" type="stmt"/>
        <line num="35" count="3" type="stmt"/>
        <line num="36" count="3" type="stmt"/>
        <line num="38" count="17" type="stmt"/>
        <line num="40" count="1" type="stmt"/>
        <line num="42" count="2" type="stmt"/>
      </file>
    </package>
    <package name="source.Art.Config">
      <metrics statements="2" coveredstatements="2" conditionals="0" coveredconditionals="0" methods="0" coveredmethods="0"/>
      <file name="index.js" path="/Users/shanebdavis/dev/art-suite-foundations/packages/art-config/source/Art.Config/index.js">
        <metrics statements="1" coveredstatements="1" conditionals="0" coveredconditionals="0" methods="0" coveredmethods="0"/>
        <line num="4" count="5" type="stmt"/>
      </file>
      <file name="namespace.js" path="/Users/shanebdavis/dev/art-suite-foundations/packages/art-config/source/Art.Config/namespace.js">
        <metrics statements="1" coveredstatements="1" conditionals="0" coveredconditionals="0" methods="0" coveredmethods="0"/>
        <line num="4" count="5" type="stmt"/>
      </file>
    </package>
  </project>
</coverage>
