<?xml version="1.0" encoding="UTF-8"?>
<coverage generated="1607800939397" clover="3.2.0">
  <project timestamp="1607800939397" name="All files">
    <metrics statements="163" coveredstatements="153" conditionals="71" coveredconditionals="57" methods="76" coveredmethods="68" elements="310" coveredelements="278" complexity="0" loc="163" ncloc="163" packages="2" files="9" classes="9"/>
    <package name="source-source.Art.Config">
      <metrics statements="161" coveredstatements="151" conditionals="71" coveredconditionals="57" methods="76" coveredmethods="68"/>
      <file name="Config.caf" path="/Users/shanebdavis/dev/art-suite-foundations/packages/art-config/source-source/Art.Config/Config.caf">
        <metrics statements="1" coveredstatements="1" conditionals="0" coveredconditionals="0" methods="1" coveredmethods="1"/>
        <line num="1" count="10" type="stmt"/>
      </file>
      <file name="ConfigRegistry.caf" path="/Users/shanebdavis/dev/art-suite-foundations/packages/art-config/source-source/Art.Config/ConfigRegistry.caf">
        <metrics statements="7" coveredstatements="6" conditionals="2" coveredconditionals="1" methods="6" coveredmethods="5"/>
        <line num="1" count="10" type="stmt"/>
        <line num="3" count="10" type="stmt"/>
        <line num="10" count="10" type="cond" truecount="1" falsecount="1"/>
        <line num="11" count="10" type="stmt"/>
        <line num="12" count="5" type="stmt"/>
        <line num="14" count="5" type="stmt"/>
        <line num="17" count="0" type="stmt"/>
      </file>
      <file name="Configurable.coffee" path="/Users/shanebdavis/dev/art-suite-foundations/packages/art-config/source-source/Art.Config/Configurable.coffee">
        <metrics statements="50" coveredstatements="49" conditionals="14" coveredconditionals="10" methods="16" coveredmethods="14"/>
        <line num="1" count="705" type="cond" truecount="2" falsecount="0"/>
        <line num="12" count="5" type="stmt"/>
        <line num="14" count="5" type="stmt"/>
        <line num="16" count="5" type="stmt"/>
        <line num="18" count="5" type="stmt"/>
        <line num="34" count="5" type="stmt"/>
        <line num="35" count="5" type="stmt"/>
        <line num="37" count="5" type="stmt"/>
        <line num="41" count="5" type="stmt"/>
        <line num="47" count="5" type="stmt"/>
        <line num="49" count="20" type="stmt"/>
        <line num="51" count="5" type="stmt"/>
        <line num="55" count="5" type="stmt"/>
        <line num="56" count="25" type="stmt"/>
        <line num="57" count="25" type="stmt"/>
        <line num="58" count="25" type="stmt"/>
        <line num="59" count="25" type="stmt"/>
        <line num="62" count="20" type="cond" truecount="2" falsecount="0"/>
        <line num="63" count="25" type="stmt"/>
        <line num="65" count="5" type="stmt"/>
        <line num="68" count="5" type="stmt"/>
        <line num="72" count="5" type="stmt"/>
        <line num="73" count="16" type="cond" truecount="1" falsecount="1"/>
        <line num="74" count="16" type="stmt"/>
        <line num="76" count="5" type="stmt"/>
        <line num="77" count="1" type="stmt"/>
        <line num="78" count="1" type="stmt"/>
        <line num="79" count="1" type="stmt"/>
        <line num="80" count="2" type="cond" truecount="1" falsecount="1"/>
        <line num="81" count="1" type="stmt"/>
        <line num="82" count="1" type="stmt"/>
        <line num="85" count="1" type="stmt"/>
        <line num="91" count="5" type="cond" truecount="1" falsecount="1"/>
        <line num="92" count="1" type="stmt"/>
        <line num="95" count="5" type="stmt"/>
        <line num="96" count="16" type="stmt"/>
        <line num="102" count="5" type="stmt"/>
        <line num="103" count="38" type="cond" truecount="1" falsecount="1"/>
        <line num="104" count="38" type="stmt"/>
        <line num="106" count="19" type="stmt"/>
        <line num="108" count="18" type="stmt"/>
        <line num="109" count="54" type="cond" truecount="2" falsecount="0"/>
        <line num="110" count="18" type="stmt"/>
        <line num="115" count="5" type="stmt"/>
        <line num="116" count="5" type="stmt"/>
        <line num="117" count="5" type="stmt"/>
        <line num="119" count="5" type="stmt"/>
        <line num="121" count="0" type="stmt"/>
        <line num="124" count="5" type="stmt"/>
        <line num="125" count="5" type="stmt"/>
      </file>
      <file name="Configuration.coffee" path="/Users/shanebdavis/dev/art-suite-foundations/packages/art-config/source-source/Art.Config/Configuration.coffee">
        <metrics statements="17" coveredstatements="16" conditionals="2" coveredconditionals="2" methods="7" coveredmethods="7"/>
        <line num="1" count="695" type="cond" truecount="2" falsecount="0"/>
        <line num="8" count="5" type="stmt"/>
        <line num="10" count="5" type="stmt"/>
        <line num="12" count="5" type="stmt"/>
        <line num="13" count="5" type="stmt"/>
        <line num="15" count="10" type="stmt"/>
        <line num="17" count="10" type="stmt"/>
        <line num="19" count="10" type="stmt"/>
        <line num="20" count="10" type="stmt"/>
        <line num="21" count="0" type="stmt"/>
        <line num="22" count="10" type="stmt"/>
        <line num="24" count="5" type="stmt"/>
        <line num="25" count="25" type="stmt"/>
        <line num="27" count="5" type="stmt"/>
        <line num="28" count="10" type="stmt"/>
        <line num="30" count="5" type="stmt"/>
        <line num="31" count="5" type="stmt"/>
      </file>
      <file name="Configure.caf" path="/Users/shanebdavis/dev/art-suite-foundations/packages/art-config/source-source/Art.Config/Configure.caf">
        <metrics statements="40" coveredstatements="38" conditionals="22" coveredconditionals="20" methods="18" coveredmethods="15"/>
        <line num="1" count="10" type="stmt"/>
        <line num="3" count="5" type="stmt"/>
        <line num="6" count="5" type="stmt"/>
        <line num="72" count="16" type="cond" truecount="1" falsecount="0"/>
        <line num="74" count="16" type="stmt"/>
        <line num="75" count="16" type="stmt"/>
        <line num="76" count="16" type="stmt"/>
        <line num="85" count="16" type="stmt"/>
        <line num="87" count="16" type="stmt"/>
        <line num="92" count="16" type="stmt"/>
        <line num="106" count="45" type="stmt"/>
        <line num="108" count="16" type="cond" truecount="2" falsecount="0"/>
        <line num="109" count="1" type="stmt"/>
        <line num="110" count="1" type="stmt"/>
        <line num="111" count="1" type="stmt"/>
        <line num="113" count="16" type="stmt"/>
        <line num="115" count="16" type="cond" truecount="2" falsecount="0"/>
        <line num="116" count="1" type="stmt"/>
        <line num="117" count="1" type="stmt"/>
        <line num="118" count="16" type="cond" truecount="1" falsecount="1"/>
        <line num="120" count="16" type="stmt"/>
        <line num="122" count="5" type="stmt"/>
        <line num="126" count="1" type="stmt"/>
        <line num="127" count="1" type="stmt"/>
        <line num="128" count="1" type="stmt"/>
        <line num="131" count="1" type="stmt"/>
        <line num="144" count="1" type="stmt"/>
        <line num="148" count="5" type="stmt"/>
        <line num="152" count="0" type="stmt"/>
        <line num="153" count="5" type="stmt"/>
        <line num="156" count="0" type="stmt"/>
        <line num="157" count="5" type="stmt"/>
        <line num="162" count="5" type="stmt"/>
        <line num="164" count="16" type="stmt"/>
        <line num="165" count="23" type="stmt"/>
        <line num="167" count="16" type="stmt"/>
        <line num="168" count="16" type="stmt"/>
        <line num="169" count="5" type="stmt"/>
        <line num="171" count="16" type="stmt"/>
        <line num="173" count="16" type="stmt"/>
      </file>
      <file name="Lib.caf" path="/Users/shanebdavis/dev/art-suite-foundations/packages/art-config/source-source/Art.Config/Lib.caf">
        <metrics statements="23" coveredstatements="20" conditionals="17" coveredconditionals="16" methods="11" coveredmethods="11"/>
        <line num="1" count="10" type="stmt"/>
        <line num="2" count="5" type="stmt"/>
        <line num="26" count="5" type="stmt"/>
        <line num="31" count="16" type="stmt"/>
        <line num="35" count="5" type="cond" truecount="2" falsecount="0"/>
        <line num="38" count="22" type="cond" truecount="1" falsecount="0"/>
        <line num="39" count="22" type="stmt"/>
        <line num="41" count="22" type="stmt"/>
        <line num="42" count="1" type="cond" truecount="3" falsecount="0"/>
        <line num="43" count="2" type="stmt"/>
        <line num="44" count="2" type="stmt"/>
        <line num="45" count="0" type="stmt"/>
        <line num="47" count="0" type="stmt"/>
        <line num="56" count="0" type="stmt"/>
        <line num="60" count="22" type="stmt"/>
        <line num="63" count="3" type="stmt"/>
        <line num="66" count="647" type="stmt"/>
        <line num="68" count="5" type="stmt"/>
        <line num="74" count="31" type="stmt"/>
        <line num="75" count="31" type="cond" truecount="3" falsecount="0"/>
        <line num="76" count="1" type="stmt"/>
        <line num="77" count="1" type="stmt"/>
        <line num="78" count="29" type="cond" truecount="2" falsecount="0"/>
      </file>
      <file name="PublicLib.caf" path="/Users/shanebdavis/dev/art-suite-foundations/packages/art-config/source-source/Art.Config/PublicLib.caf">
        <metrics statements="23" coveredstatements="21" conditionals="14" coveredconditionals="8" methods="17" coveredmethods="15"/>
        <line num="1" count="10" type="stmt"/>
        <line num="5" count="5" type="stmt"/>
        <line num="7" count="5" type="stmt"/>
        <line num="8" count="5" type="stmt"/>
        <line num="10" count="5" type="cond" truecount="1" falsecount="1"/>
        <line num="14" count="5" type="stmt"/>
        <line num="15" count="5" type="cond" truecount="1" falsecount="1"/>
        <line num="16" count="5" type="cond" truecount="1" falsecount="1"/>
        <line num="20" count="6" type="stmt"/>
        <line num="21" count="59" type="stmt"/>
        <line num="22" count="48" type="stmt"/>
        <line num="23" count="16" type="stmt"/>
        <line num="24" count="29" type="stmt"/>
        <line num="27" count="29" type="cond" truecount="1" falsecount="1"/>
        <line num="28" count="29" type="stmt"/>
        <line num="31" count="11" type="cond" truecount="2" falsecount="0"/>
        <line num="32" count="18" type="cond" truecount="2" falsecount="0"/>
        <line num="34" count="3" type="stmt"/>
        <line num="35" count="3" type="stmt"/>
        <line num="36" count="3" type="stmt"/>
        <line num="38" count="16" type="stmt"/>
        <line num="41" count="0" type="stmt"/>
        <line num="42" count="0" type="stmt"/>
      </file>
    </package>
    <package name="source.Art.Config">
      <metrics statements="2" coveredstatements="2" conditionals="0" coveredconditionals="0" methods="0" coveredmethods="0"/>
      <file name="index.js" path="/Users/shanebdavis/dev/art-suite-foundations/packages/art-config/source/Art.Config/index.js">
        <metrics statements="1" coveredstatements="1" conditionals="0" coveredconditionals="0" methods="0" coveredmethods="0"/>
        <line num="4" count="5" type="stmt"/>
      </file>
      <file name="namespace.js" path="/Users/shanebdavis/dev/art-suite-foundations/packages/art-config/source/Art.Config/namespace.js">
        <metrics statements="1" coveredstatements="1" conditionals="0" coveredconditionals="0" methods="0" coveredmethods="0"/>
        <line num="4" count="5" type="stmt"/>
      </file>
    </package>
  </project>
</coverage>
