{"/Users/shanebdavis/dev/art-suite-foundations/packages/art-config/source-source/Art.Config/Config.caf": {"path":"/Users/shanebdavis/dev/art-suite-foundations/packages/art-config/source-source/Art.Config/Config.caf","statementMap":{"0":{"start":{"line":1,"column":0},"end":{"line":4,"column":null}}},"fnMap":{"0":{"name":"(anonymous_0)","decl":{"start":{"line":1,"column":0},"end":{"line":1,"column":null}},"loc":{"start":{"line":1,"column":0},"end":{"line":4,"column":null}}}},"branchMap":{},"s":{"0":8},"f":{"0":4},"b":{}}
,"/Users/shanebdavis/dev/art-suite-foundations/packages/art-config/source-source/Art.Config/ConfigRegistry.caf": {"path":"/Users/shanebdavis/dev/art-suite-foundations/packages/art-config/source-source/Art.Config/ConfigRegistry.caf","statementMap":{"0":{"start":{"line":1,"column":0},"end":{"line":18,"column":null}},"1":{"start":{"line":3,"column":0},"end":{"line":3,"column":null}},"2":{"start":{"line":3,"column":20},"end":{"line":18,"column":null}},"3":{"start":{"line":3,"column":20},"end":{"line":3,"column":null}},"4":{"start":{"line":3,"column":20},"end":{"line":12,"column":null}},"5":{"start":{"line":10,"column":36},"end":{"line":11,"column":null}},"6":{"start":{"line":11,"column":73},"end":{"line":11,"column":null}},"7":{"start":{"line":11,"column":73},"end":{"line":12,"column":null}},"8":{"start":{"line":12,"column":21},"end":{"line":14,"column":null}},"9":{"start":{"line":14,"column":43},"end":{"line":14,"column":null}},"10":{"start":{"line":14,"column":76},"end":{"line":18,"column":null}},"11":{"start":{"line":17,"column":4},"end":{"line":17,"column":null}},"12":{"start":{"line":17,"column":18},"end":{"line":18,"column":null}}},"fnMap":{"0":{"name":"(anonymous_0)","decl":{"start":{"line":1,"column":0},"end":{"line":1,"column":7}},"loc":{"start":{"line":1,"column":0},"end":{"line":18,"column":null}}},"1":{"name":"(anonymous_1)","decl":{"start":{"line":1,"column":7},"end":{"line":1,"column":null}},"loc":{"start":{"line":1,"column":7},"end":{"line":18,"column":null}}},"2":{"name":"(anonymous_2)","decl":{"start":{"line":3,"column":20},"end":{"line":3,"column":null}},"loc":{"start":{"line":3,"column":20},"end":{"line":18,"column":null}}},"3":{"name":"(anonymous_3)","decl":{"start":{"line":10,"column":19},"end":{"line":10,"column":20}},"loc":{"start":{"line":10,"column":26},"end":{"line":12,"column":null}}},"4":{"name":"(anonymous_4)","decl":{"start":{"line":14,"column":25},"end":{"line":14,"column":26}},"loc":{"start":{"line":14,"column":43},"end":{"line":14,"column":null}}},"5":{"name":"(anonymous_5)","decl":{"start":{"line":16,"column":2},"end":{"line":16,"column":14}},"loc":{"start":{"line":16,"column":15},"end":{"line":18,"column":null}}}},"branchMap":{"0":{"loc":{"start":{"line":10,"column":36},"end":{"line":11,"column":null}},"type":"if","locations":[{"start":{"line":10,"column":36},"end":{"line":11,"column":null}},{"start":{"line":10,"column":36},"end":{"line":11,"column":null}}]}},"s":{"0":8,"1":4,"2":4,"3":8,"4":4,"5":7,"6":0,"7":7,"8":4,"9":4,"10":4,"11":0,"12":0},"f":{"0":4,"1":4,"2":4,"3":7,"4":4,"5":0},"b":{"0":[0,7]}}
,"/Users/shanebdavis/dev/art-suite-foundations/packages/art-config/source-source/Art.Config/Configurable.coffee": {"path":"/Users/shanebdavis/dev/art-suite-foundations/packages/art-config/source-source/Art.Config/Configurable.coffee","statementMap":{"0":{"start":{"line":1,"column":0},"end":{"line":1,"column":null}},"1":{"start":{"line":1,"column":0},"end":{"line":10,"column":null}},"2":{"start":{"line":12,"column":1},"end":{"line":12,"column":22}},"3":{"start":{"line":14,"column":0},"end":{"line":14,"column":20}},"4":{"start":{"line":16,"column":0},"end":{"line":16,"column":25}},"5":{"start":{"line":18,"column":1},"end":{"line":18,"column":25}},"6":{"start":{"line":34,"column":0},"end":{"line":34,"column":13}},"7":{"start":{"line":35,"column":2},"end":{"line":35,"column":3}},"8":{"start":{"line":37,"column":2},"end":{"line":37,"column":3}},"9":{"start":{"line":41,"column":2},"end":{"line":41,"column":24}},"10":{"start":{"line":41,"column":24},"end":{"line":41,"column":25}},"11":{"start":{"line":47,"column":2},"end":{"line":47,"column":null}},"12":{"start":{"line":49,"column":6},"end":{"line":49,"column":null}},"13":{"start":{"line":51,"column":6},"end":{"line":51,"column":null}},"14":{"start":{"line":55,"column":2},"end":{"line":55,"column":null}},"15":{"start":{"line":56,"column":4},"end":{"line":56,"column":16}},"16":{"start":{"line":57,"column":4},"end":{"line":57,"column":14}},"17":{"start":{"line":58,"column":4},"end":{"line":58,"column":11}},"18":{"start":{"line":58,"column":4},"end":{"line":58,"column":46}},"19":{"start":{"line":59,"column":4},"end":{"line":59,"column":14}},"20":{"start":{"line":62,"column":16},"end":{"line":62,"column":null}},"21":{"start":{"line":63,"column":4},"end":{"line":63,"column":null}},"22":{"start":{"line":65,"column":2},"end":{"line":65,"column":null}},"23":{"start":{"line":68,"column":2},"end":{"line":68,"column":null}},"24":{"start":{"line":72,"column":2},"end":{"line":72,"column":15}},"25":{"start":{"line":73,"column":4},"end":{"line":73,"column":32}},"26":{"start":{"line":74,"column":4},"end":{"line":74,"column":14}},"27":{"start":{"line":76,"column":2},"end":{"line":76,"column":null}},"28":{"start":{"line":77,"column":4},"end":{"line":77,"column":null}},"29":{"start":{"line":78,"column":4},"end":{"line":78,"column":16}},"30":{"start":{"line":79,"column":4},"end":{"line":79,"column":null}},"31":{"start":{"line":80,"column":4},"end":{"line":80,"column":35}},"32":{"start":{"line":81,"column":6},"end":{"line":81,"column":null}},"33":{"start":{"line":82,"column":6},"end":{"line":82,"column":null}},"34":{"start":{"line":85,"column":6},"end":{"line":84,"column":7}},"35":{"start":{"line":91,"column":2},"end":{"line":91,"column":8}},"36":{"start":{"line":91,"column":8},"end":{"line":91,"column":null}},"37":{"start":{"line":92,"column":4},"end":{"line":92,"column":5}},"38":{"start":{"line":95,"column":2},"end":{"line":95,"column":null}},"39":{"start":{"line":96,"column":4},"end":{"line":96,"column":5}},"40":{"start":{"line":102,"column":2},"end":{"line":102,"column":null}},"41":{"start":{"line":103,"column":4},"end":{"line":103,"column":41}},"42":{"start":{"line":104,"column":4},"end":{"line":104,"column":null}},"43":{"start":{"line":106,"column":2},"end":{"line":106,"column":34}},"44":{"start":{"line":106,"column":34},"end":{"line":106,"column":35}},"45":{"start":{"line":108,"column":2},"end":{"line":108,"column":30}},"46":{"start":{"line":108,"column":38},"end":{"line":108,"column":46}},"47":{"start":{"line":109,"column":4},"end":{"line":109,"column":13}},"48":{"start":{"line":109,"column":4},"end":{"line":109,"column":null}},"49":{"start":{"line":110,"column":4},"end":{"line":110,"column":null}},"50":{"start":{"line":115,"column":2},"end":{"line":115,"column":null}},"51":{"start":{"line":116,"column":4},"end":{"line":116,"column":5}},"52":{"start":{"line":117,"column":4},"end":{"line":117,"column":18}},"53":{"start":{"line":119,"column":2},"end":{"line":119,"column":29}},"54":{"start":{"line":119,"column":30},"end":{"line":null,"column":-1}},"55":{"start":{"line":121,"column":6},"end":{"line":121,"column":20}},"56":{"start":{"line":124,"column":6},"end":{"line":124,"column":7}},"57":{"start":{"line":125,"column":4},"end":{"line":125,"column":null}}},"fnMap":{"0":{"name":"(anonymous_1)","decl":{"start":{"line":1,"column":0},"end":{"line":1,"column":null}},"loc":{"start":{"line":1,"column":0},"end":{"line":1,"column":null}}},"1":{"name":"(anonymous_3)","decl":{"start":{"line":34,"column":27},"end":{"line":34,"column":48}},"loc":{"start":{"line":34,"column":27},"end":{"line":34,"column":61}}},"2":{"name":"(anonymous_5)","decl":{"start":{"line":41,"column":21},"end":{"line":41,"column":24}},"loc":{"start":{"line":41,"column":21},"end":{"line":41,"column":24}}},"3":{"name":"(anonymous_6)","decl":{"start":{"line":47,"column":17},"end":{"line":47,"column":null}},"loc":{"start":{"line":47,"column":17},"end":{"line":47,"column":null}}},"4":{"name":"(anonymous_7)","decl":{"start":{"line":55,"column":10},"end":{"line":55,"column":null}},"loc":{"start":{"line":55,"column":10},"end":{"line":55,"column":null}}},"5":{"name":"(anonymous_8)","decl":{"start":{"line":65,"column":24},"end":{"line":65,"column":null}},"loc":{"start":{"line":65,"column":24},"end":{"line":65,"column":null}}},"6":{"name":"(anonymous_9)","decl":{"start":{"line":68,"column":27},"end":{"line":68,"column":null}},"loc":{"start":{"line":68,"column":27},"end":{"line":68,"column":null}}},"7":{"name":"(anonymous_10)","decl":{"start":{"line":72,"column":14},"end":{"line":72,"column":15}},"loc":{"start":{"line":72,"column":14},"end":{"line":72,"column":15}}},"8":{"name":"(anonymous_11)","decl":{"start":{"line":76,"column":18},"end":{"line":76,"column":null}},"loc":{"start":{"line":76,"column":18},"end":{"line":76,"column":null}}},"9":{"name":"(anonymous_12)","decl":{"start":{"line":91,"column":7},"end":{"line":91,"column":8}},"loc":{"start":{"line":91,"column":7},"end":{"line":91,"column":8}}},"10":{"name":"(anonymous_13)","decl":{"start":{"line":95,"column":15},"end":{"line":95,"column":null}},"loc":{"start":{"line":95,"column":15},"end":{"line":95,"column":null}}},"11":{"name":"(anonymous_14)","decl":{"start":{"line":102,"column":25},"end":{"line":102,"column":null}},"loc":{"start":{"line":102,"column":25},"end":{"line":102,"column":null}}},"12":{"name":"(anonymous_15)","decl":{"start":{"line":106,"column":31},"end":{"line":106,"column":34}},"loc":{"start":{"line":106,"column":31},"end":{"line":106,"column":34}}},"13":{"name":"(anonymous_16)","decl":{"start":{"line":108,"column":29},"end":{"line":108,"column":30}},"loc":{"start":{"line":108,"column":29},"end":{"line":108,"column":30}}},"14":{"name":"(anonymous_17)","decl":{"start":{"line":115,"column":14},"end":{"line":115,"column":null}},"loc":{"start":{"line":115,"column":14},"end":{"line":115,"column":null}}},"15":{"name":"(anonymous_18)","decl":{"start":{"line":119,"column":28},"end":{"line":119,"column":29}},"loc":{"start":{"line":119,"column":28},"end":{"line":119,"column":29}}}},"branchMap":{"0":{"loc":{"start":{"line":1,"column":0},"end":{"line":1,"column":null}},"type":"if","locations":[{"start":{"line":1,"column":0},"end":{"line":1,"column":null}},{"start":{"line":1,"column":0},"end":{"line":1,"column":null}}]},"1":{"loc":{"start":{"line":62,"column":16},"end":{"line":62,"column":29}},"type":"binary-expr","locations":[{"start":{"line":62,"column":16},"end":{"line":62,"column":29}},{"start":{"line":62,"column":18},"end":{"line":62,"column":null}}]},"2":{"loc":{"start":{"line":73,"column":4},"end":{"line":73,"column":28}},"type":"binary-expr","locations":[{"start":{"line":73,"column":4},"end":{"line":73,"column":28}},{"start":{"line":73,"column":28},"end":{"line":73,"column":32}}]},"3":{"loc":{"start":{"line":80,"column":4},"end":{"line":80,"column":35}},"type":"cond-expr","locations":[{"start":{"line":80,"column":4},"end":{"line":80,"column":35}},{"start":{"line":80,"column":4},"end":{"line":80,"column":35}}]},"4":{"loc":{"start":{"line":91,"column":8},"end":{"line":91,"column":null}},"type":"cond-expr","locations":[{"start":{"line":91,"column":8},"end":{"line":91,"column":null}},{"start":{"line":91,"column":8},"end":{"line":91,"column":null}}]},"5":{"loc":{"start":{"line":103,"column":15},"end":{"line":103,"column":24}},"type":"cond-expr","locations":[{"start":{"line":103,"column":15},"end":{"line":103,"column":24}},{"start":{"line":103,"column":15},"end":{"line":103,"column":24}}]},"6":{"loc":{"start":{"line":109,"column":13},"end":{"line":109,"column":null}},"type":"cond-expr","locations":[{"start":{"line":109,"column":13},"end":{"line":109,"column":null}},{"start":{"line":109,"column":21},"end":{"line":109,"column":null}}]}},"s":{"0":564,"1":4,"2":4,"3":4,"4":4,"5":4,"6":4,"7":4,"8":4,"9":4,"10":0,"11":4,"12":14,"13":4,"14":4,"15":18,"16":18,"17":18,"18":2,"19":18,"20":14,"21":18,"22":4,"23":4,"24":4,"25":11,"26":11,"27":4,"28":0,"29":0,"30":0,"31":0,"32":0,"33":0,"34":0,"35":4,"36":1,"37":1,"38":4,"39":11,"40":4,"41":26,"42":26,"43":4,"44":12,"45":4,"46":13,"47":13,"48":39,"49":13,"50":4,"51":4,"52":4,"53":4,"54":4,"55":0,"56":4,"57":4},"f":{"0":8,"1":4,"2":0,"3":18,"4":18,"5":0,"6":12,"7":11,"8":0,"9":1,"10":11,"11":26,"12":12,"13":13,"14":4,"15":4},"b":{"0":[264,8],"1":[14,2],"2":[11,0],"3":[0,0],"4":[1,0],"5":[26,0],"6":[37,2]}}
,"/Users/shanebdavis/dev/art-suite-foundations/packages/art-config/source-source/Art.Config/Configuration.coffee": {"path":"/Users/shanebdavis/dev/art-suite-foundations/packages/art-config/source-source/Art.Config/Configuration.coffee","statementMap":{"0":{"start":{"line":1,"column":0},"end":{"line":1,"column":null}},"1":{"start":{"line":1,"column":0},"end":{"line":6,"column":null}},"2":{"start":{"line":8,"column":1},"end":{"line":8,"column":23}},"3":{"start":{"line":10,"column":0},"end":{"line":10,"column":25}},"4":{"start":{"line":12,"column":0},"end":{"line":12,"column":13}},"5":{"start":{"line":13,"column":2},"end":{"line":13,"column":3}},"6":{"start":{"line":15,"column":2},"end":{"line":15,"column":16}},"7":{"start":{"line":15,"column":16},"end":{"line":15,"column":30}},"8":{"start":{"line":17,"column":2},"end":{"line":17,"column":29}},"9":{"start":{"line":17,"column":30},"end":{"line":null,"column":-1}},"10":{"start":{"line":19,"column":6},"end":{"line":19,"column":7}},"11":{"start":{"line":20,"column":4},"end":{"line":20,"column":5}},"12":{"start":{"line":21,"column":4},"end":{"line":21,"column":18}},"13":{"start":{"line":22,"column":4},"end":{"line":22,"column":null}},"14":{"start":{"line":24,"column":2},"end":{"line":24,"column":null}},"15":{"start":{"line":25,"column":4},"end":{"line":25,"column":5}},"16":{"start":{"line":27,"column":2},"end":{"line":27,"column":25}},"17":{"start":{"line":28,"column":4},"end":{"line":28,"column":14}},"18":{"start":{"line":30,"column":2},"end":{"line":30,"column":23}},"19":{"start":{"line":31,"column":4},"end":{"line":31,"column":14}}},"fnMap":{"0":{"name":"(anonymous_1)","decl":{"start":{"line":1,"column":0},"end":{"line":1,"column":null}},"loc":{"start":{"line":1,"column":0},"end":{"line":1,"column":null}}},"1":{"name":"(anonymous_3)","decl":{"start":{"line":12,"column":27},"end":{"line":12,"column":49}},"loc":{"start":{"line":12,"column":27},"end":{"line":12,"column":null}}},"2":{"name":"(anonymous_5)","decl":{"start":{"line":15,"column":13},"end":{"line":15,"column":16}},"loc":{"start":{"line":15,"column":13},"end":{"line":15,"column":16}}},"3":{"name":"(anonymous_6)","decl":{"start":{"line":17,"column":28},"end":{"line":17,"column":29}},"loc":{"start":{"line":17,"column":28},"end":{"line":17,"column":29}}},"4":{"name":"(anonymous_7)","decl":{"start":{"line":24,"column":13},"end":{"line":24,"column":null}},"loc":{"start":{"line":24,"column":13},"end":{"line":24,"column":null}}},"5":{"name":"(anonymous_8)","decl":{"start":{"line":27,"column":24},"end":{"line":27,"column":25}},"loc":{"start":{"line":27,"column":24},"end":{"line":27,"column":25}}},"6":{"name":"(anonymous_9)","decl":{"start":{"line":30,"column":22},"end":{"line":30,"column":23}},"loc":{"start":{"line":30,"column":22},"end":{"line":30,"column":23}}}},"branchMap":{"0":{"loc":{"start":{"line":1,"column":0},"end":{"line":1,"column":null}},"type":"if","locations":[{"start":{"line":1,"column":0},"end":{"line":1,"column":null}},{"start":{"line":1,"column":0},"end":{"line":1,"column":null}}]}},"s":{"0":556,"1":4,"2":4,"3":4,"4":4,"5":4,"6":4,"7":7,"8":4,"9":7,"10":7,"11":7,"12":0,"13":7,"14":4,"15":18,"16":4,"17":7,"18":4,"19":4},"f":{"0":8,"1":4,"2":7,"3":7,"4":18,"5":7,"6":4},"b":{"0":[260,8]}}
,"/Users/shanebdavis/dev/art-suite-foundations/packages/art-config/source-source/Art.Config/Configure.caf": {"path":"/Users/shanebdavis/dev/art-suite-foundations/packages/art-config/source-source/Art.Config/Configure.caf","statementMap":{"0":{"start":{"line":1,"column":0},"end":{"line":175,"column":null}},"1":{"start":{"line":3,"column":0},"end":{"line":175,"column":null}},"2":{"start":{"line":3,"column":0},"end":{"line":6,"column":null}},"3":{"start":{"line":6,"column":30},"end":{"line":126,"column":null}},"4":{"start":{"line":72,"column":4},"end":{"line":72,"column":null}},"5":{"start":{"line":74,"column":4},"end":{"line":74,"column":null}},"6":{"start":{"line":75,"column":4},"end":{"line":75,"column":null}},"7":{"start":{"line":76,"column":4},"end":{"line":76,"column":null}},"8":{"start":{"line":78,"column":4},"end":{"line":85,"column":null}},"9":{"start":{"line":87,"column":4},"end":{"line":87,"column":null}},"10":{"start":{"line":89,"column":4},"end":{"line":89,"column":null}},"11":{"start":{"line":89,"column":4},"end":{"line":108,"column":null}},"12":{"start":{"line":94,"column":10},"end":{"line":94,"column":null}},"13":{"start":{"line":108,"column":6},"end":{"line":108,"column":null}},"14":{"start":{"line":110,"column":4},"end":{"line":110,"column":null}},"15":{"start":{"line":111,"column":4},"end":{"line":111,"column":null}},"16":{"start":{"line":112,"column":4},"end":{"line":115,"column":null}},"17":{"start":{"line":113,"column":6},"end":{"line":113,"column":null}},"18":{"start":{"line":114,"column":6},"end":{"line":114,"column":null}},"19":{"start":{"line":115,"column":6},"end":{"line":115,"column":null}},"20":{"start":{"line":117,"column":4},"end":{"line":117,"column":null}},"21":{"start":{"line":119,"column":4},"end":{"line":122,"column":null}},"22":{"start":{"line":120,"column":6},"end":{"line":120,"column":null}},"23":{"start":{"line":121,"column":6},"end":{"line":121,"column":null}},"24":{"start":{"line":122,"column":6},"end":{"line":122,"column":null}},"25":{"start":{"line":122,"column":10},"end":{"line":124,"column":null}},"26":{"start":{"line":124,"column":14},"end":{"line":126,"column":null}},"27":{"start":{"line":126,"column":4},"end":{"line":152,"column":null}},"28":{"start":{"line":130,"column":4},"end":{"line":130,"column":null}},"29":{"start":{"line":131,"column":4},"end":{"line":131,"column":null}},"30":{"start":{"line":132,"column":4},"end":{"line":132,"column":null}},"31":{"start":{"line":132,"column":17},"end":{"line":152,"column":null}},"32":{"start":{"line":135,"column":64},"end":{"line":135,"column":null}},"33":{"start":{"line":148,"column":80},"end":{"line":148,"column":null}},"34":{"start":{"line":152,"column":38},"end":{"line":157,"column":null}},"35":{"start":{"line":156,"column":4},"end":{"line":156,"column":null}},"36":{"start":{"line":156,"column":15},"end":{"line":157,"column":null}},"37":{"start":{"line":157,"column":4},"end":{"line":161,"column":null}},"38":{"start":{"line":160,"column":4},"end":{"line":160,"column":null}},"39":{"start":{"line":160,"column":15},"end":{"line":161,"column":null}},"40":{"start":{"line":161,"column":4},"end":{"line":166,"column":null}},"41":{"start":{"line":166,"column":30},"end":{"line":166,"column":null}},"42":{"start":{"line":166,"column":41},"end":{"line":167,"column":null}},"43":{"start":{"line":167,"column":30},"end":{"line":167,"column":null}},"44":{"start":{"line":167,"column":70},"end":{"line":167,"column":null}},"45":{"start":{"line":167,"column":84},"end":{"line":171,"column":null}},"46":{"start":{"line":169,"column":33},"end":{"line":170,"column":null}},"47":{"start":{"line":170,"column":59},"end":{"line":170,"column":null}},"48":{"start":{"line":170,"column":82},"end":{"line":171,"column":null}},"49":{"start":{"line":171,"column":4},"end":{"line":175,"column":null}},"50":{"start":{"line":173,"column":37},"end":{"line":175,"column":null}},"51":{"start":{"line":175,"column":6},"end":{"line":175,"column":null}}},"fnMap":{"0":{"name":"(anonymous_0)","decl":{"start":{"line":1,"column":0},"end":{"line":1,"column":7}},"loc":{"start":{"line":1,"column":0},"end":{"line":175,"column":null}}},"1":{"name":"(anonymous_1)","decl":{"start":{"line":1,"column":45},"end":{"line":1,"column":null}},"loc":{"start":{"line":1,"column":45},"end":{"line":175,"column":null}}},"2":{"name":"(anonymous_2)","decl":{"start":{"line":3,"column":0},"end":{"line":3,"column":null}},"loc":{"start":{"line":3,"column":0},"end":{"line":175,"column":null}}},"3":{"name":"(anonymous_3)","decl":{"start":{"line":71,"column":14},"end":{"line":71,"column":15}},"loc":{"start":{"line":71,"column":15},"end":{"line":126,"column":null}}},"4":{"name":"(anonymous_4)","decl":{"start":{"line":93,"column":30},"end":{"line":93,"column":null}},"loc":{"start":{"line":94,"column":10},"end":{"line":94,"column":null}}},"5":{"name":"(anonymous_5)","decl":{"start":{"line":106,"column":8},"end":{"line":106,"column":null}},"loc":{"start":{"line":108,"column":6},"end":{"line":108,"column":null}}},"6":{"name":"(anonymous_6)","decl":{"start":{"line":128,"column":2},"end":{"line":128,"column":null}},"loc":{"start":{"line":128,"column":2},"end":{"line":152,"column":null}}},"7":{"name":"(anonymous_7)","decl":{"start":{"line":135,"column":30},"end":{"line":135,"column":64}},"loc":{"start":{"line":135,"column":64},"end":{"line":135,"column":null}}},"8":{"name":"(anonymous_8)","decl":{"start":{"line":148,"column":46},"end":{"line":148,"column":80}},"loc":{"start":{"line":148,"column":80},"end":{"line":148,"column":null}}},"9":{"name":"(anonymous_9)","decl":{"start":{"line":155,"column":2},"end":{"line":155,"column":null}},"loc":{"start":{"line":155,"column":2},"end":{"line":157,"column":null}}},"10":{"name":"(anonymous_10)","decl":{"start":{"line":159,"column":2},"end":{"line":159,"column":null}},"loc":{"start":{"line":159,"column":2},"end":{"line":161,"column":null}}},"11":{"name":"(anonymous_11)","decl":{"start":{"line":166,"column":2},"end":{"line":166,"column":30}},"loc":{"start":{"line":166,"column":30},"end":{"line":166,"column":null}}},"12":{"name":"(anonymous_12)","decl":{"start":{"line":167,"column":2},"end":{"line":167,"column":30}},"loc":{"start":{"line":167,"column":2},"end":{"line":167,"column":null}}},"13":{"name":"(anonymous_13)","decl":{"start":{"line":167,"column":52},"end":{"line":167,"column":70}},"loc":{"start":{"line":167,"column":70},"end":{"line":167,"column":null}}},"14":{"name":"(anonymous_14)","decl":{"start":{"line":169,"column":2},"end":{"line":169,"column":33}},"loc":{"start":{"line":169,"column":2},"end":{"line":171,"column":null}}},"15":{"name":"(anonymous_15)","decl":{"start":{"line":170,"column":25},"end":{"line":170,"column":59}},"loc":{"start":{"line":170,"column":59},"end":{"line":170,"column":null}}},"16":{"name":"(anonymous_16)","decl":{"start":{"line":173,"column":2},"end":{"line":173,"column":37}},"loc":{"start":{"line":173,"column":2},"end":{"line":175,"column":null}}},"17":{"name":"(anonymous_17)","decl":{"start":{"line":174,"column":25},"end":{"line":174,"column":null}},"loc":{"start":{"line":175,"column":6},"end":{"line":175,"column":null}}}},"branchMap":{"0":{"loc":{"start":{"line":79,"column":6},"end":{"line":83,"column":null}},"type":"cond-expr","locations":[{"start":{"line":79,"column":6},"end":{"line":83,"column":null}},{"start":{"line":85,"column":6},"end":{"line":85,"column":null}}]},"1":{"loc":{"start":{"line":78,"column":76},"end":{"line":78,"column":80}},"type":"binary-expr","locations":[{"start":{"line":78,"column":76},"end":{"line":78,"column":80}},{"start":{"line":78,"column":80},"end":{"line":78,"column":105}},{"start":{"line":78,"column":105},"end":{"line":78,"column":125}}]},"2":{"loc":{"start":{"line":79,"column":75},"end":{"line":79,"column":79}},"type":"binary-expr","locations":[{"start":{"line":79,"column":75},"end":{"line":79,"column":79}},{"start":{"line":79,"column":79},"end":{"line":79,"column":104}},{"start":{"line":79,"column":104},"end":{"line":79,"column":null}}]},"3":{"loc":{"start":{"line":81,"column":8},"end":{"line":81,"column":null}},"type":"cond-expr","locations":[{"start":{"line":81,"column":8},"end":{"line":81,"column":null}},{"start":{"line":81,"column":74},"end":{"line":81,"column":null}}]},"4":{"loc":{"start":{"line":80,"column":19},"end":{"line":80,"column":24}},"type":"binary-expr","locations":[{"start":{"line":80,"column":19},"end":{"line":80,"column":24}},{"start":{"line":80,"column":19},"end":{"line":80,"column":62}},{"start":{"line":80,"column":62},"end":{"line":80,"column":null}}]},"5":{"loc":{"start":{"line":111,"column":4},"end":{"line":111,"column":11}},"type":"binary-expr","locations":[{"start":{"line":111,"column":4},"end":{"line":111,"column":11}},{"start":{"line":111,"column":11},"end":{"line":111,"column":null}}]},"6":{"loc":{"start":{"line":111,"column":11},"end":{"line":111,"column":null}},"type":"binary-expr","locations":[{"start":{"line":111,"column":11},"end":{"line":111,"column":null}},{"start":{"line":111,"column":16},"end":{"line":111,"column":null}}]},"7":{"loc":{"start":{"line":112,"column":4},"end":{"line":115,"column":null}},"type":"if","locations":[{"start":{"line":112,"column":4},"end":{"line":115,"column":null}},{"start":{"line":112,"column":4},"end":{"line":115,"column":null}}]},"8":{"loc":{"start":{"line":119,"column":4},"end":{"line":122,"column":null}},"type":"if","locations":[{"start":{"line":119,"column":4},"end":{"line":122,"column":null}},{"start":{"line":119,"column":4},"end":{"line":122,"column":null}}]},"9":{"loc":{"start":{"line":122,"column":10},"end":{"line":124,"column":14}},"type":"binary-expr","locations":[{"start":{"line":122,"column":10},"end":{"line":124,"column":14}},{"start":{"line":124,"column":4},"end":{"line":124,"column":null}}]}},"s":{"0":8,"1":4,"2":4,"3":4,"4":11,"5":11,"6":11,"7":11,"8":11,"9":11,"10":11,"11":11,"12":11,"13":33,"14":11,"15":11,"16":11,"17":0,"18":0,"19":0,"20":11,"21":11,"22":0,"23":0,"24":0,"25":11,"26":11,"27":4,"28":0,"29":0,"30":0,"31":0,"32":0,"33":0,"34":4,"35":0,"36":0,"37":4,"38":0,"39":0,"40":4,"41":0,"42":4,"43":11,"44":18,"45":4,"46":11,"47":11,"48":11,"49":4,"50":11,"51":11},"f":{"0":4,"1":4,"2":4,"3":11,"4":11,"5":33,"6":0,"7":0,"8":0,"9":0,"10":0,"11":0,"12":11,"13":18,"14":11,"15":11,"16":11,"17":11},"b":{"0":[8,3],"1":[11,10,4],"2":[8,7,1],"3":[0,8],"4":[8,8,5],"5":[11,11],"6":[11,11],"7":[0,11],"8":[0,11],"9":[11,0]}}
,"/Users/shanebdavis/dev/art-suite-foundations/packages/art-config/source-source/Art.Config/Lib.caf": {"path":"/Users/shanebdavis/dev/art-suite-foundations/packages/art-config/source-source/Art.Config/Lib.caf","statementMap":{"0":{"start":{"line":1,"column":0},"end":{"line":78,"column":null}},"1":{"start":{"line":2,"column":0},"end":{"line":3,"column":null}},"2":{"start":{"line":26,"column":0},"end":{"line":26,"column":null}},"3":{"start":{"line":26,"column":28},"end":{"line":78,"column":null}},"4":{"start":{"line":26,"column":28},"end":{"line":35,"column":null}},"5":{"start":{"line":31,"column":48},"end":{"line":35,"column":null}},"6":{"start":{"line":35,"column":14},"end":{"line":68,"column":null}},"7":{"start":{"line":38,"column":61},"end":{"line":39,"column":null}},"8":{"start":{"line":39,"column":4},"end":{"line":39,"column":null}},"9":{"start":{"line":41,"column":4},"end":{"line":60,"column":null}},"10":{"start":{"line":41,"column":16},"end":{"line":60,"column":null}},"11":{"start":{"line":42,"column":40},"end":{"line":42,"column":49}},"12":{"start":{"line":43,"column":29},"end":{"line":58,"column":null}},"13":{"start":{"line":44,"column":8},"end":{"line":58,"column":null}},"14":{"start":{"line":44,"column":11},"end":{"line":45,"column":30}},"15":{"start":{"line":45,"column":30},"end":{"line":45,"column":null}},"16":{"start":{"line":47,"column":10},"end":{"line":56,"column":null}},"17":{"start":{"line":56,"column":23},"end":{"line":58,"column":null}},"18":{"start":{"line":60,"column":11},"end":{"line":60,"column":null}},"19":{"start":{"line":60,"column":11},"end":{"line":66,"column":null}},"20":{"start":{"line":63,"column":6},"end":{"line":63,"column":null}},"21":{"start":{"line":63,"column":18},"end":{"line":66,"column":null}},"22":{"start":{"line":66,"column":46},"end":{"line":66,"column":null}},"23":{"start":{"line":66,"column":46},"end":{"line":68,"column":null}},"24":{"start":{"line":68,"column":18},"end":{"line":78,"column":null}},"25":{"start":{"line":74,"column":44},"end":{"line":78,"column":null}},"26":{"start":{"line":75,"column":4},"end":{"line":78,"column":null}},"27":{"start":{"line":76,"column":21},"end":{"line":76,"column":33}},"28":{"start":{"line":77,"column":21},"end":{"line":77,"column":null}},"29":{"start":{"line":78,"column":9},"end":{"line":78,"column":null}}},"fnMap":{"0":{"name":"(anonymous_0)","decl":{"start":{"line":1,"column":0},"end":{"line":1,"column":7}},"loc":{"start":{"line":1,"column":0},"end":{"line":78,"column":null}}},"1":{"name":"(anonymous_1)","decl":{"start":{"line":1,"column":7},"end":{"line":1,"column":null}},"loc":{"start":{"line":1,"column":7},"end":{"line":78,"column":null}}},"2":{"name":"(anonymous_2)","decl":{"start":{"line":26,"column":28},"end":{"line":26,"column":null}},"loc":{"start":{"line":26,"column":28},"end":{"line":78,"column":null}}},"3":{"name":"(anonymous_3)","decl":{"start":{"line":31,"column":35},"end":{"line":31,"column":38}},"loc":{"start":{"line":31,"column":39},"end":{"line":35,"column":null}}},"4":{"name":"(anonymous_4)","decl":{"start":{"line":38,"column":2},"end":{"line":38,"column":27}},"loc":{"start":{"line":38,"column":50},"end":{"line":68,"column":null}}},"5":{"name":"(anonymous_5)","decl":{"start":{"line":41,"column":16},"end":{"line":41,"column":null}},"loc":{"start":{"line":41,"column":16},"end":{"line":60,"column":null}}},"6":{"name":"(anonymous_6)","decl":{"start":{"line":44,"column":8},"end":{"line":44,"column":11}},"loc":{"start":{"line":44,"column":8},"end":{"line":58,"column":null}}},"7":{"name":"(anonymous_7)","decl":{"start":{"line":62,"column":17},"end":{"line":62,"column":null}},"loc":{"start":{"line":62,"column":17},"end":{"line":66,"column":null}}},"8":{"name":"(anonymous_8)","decl":{"start":{"line":66,"column":46},"end":{"line":66,"column":null}},"loc":{"start":{"line":66,"column":46},"end":{"line":66,"column":null}}},"9":{"name":"(anonymous_9)","decl":{"start":{"line":74,"column":2},"end":{"line":74,"column":27}},"loc":{"start":{"line":74,"column":28},"end":{"line":78,"column":null}}},"10":{"name":"(anonymous_10)","decl":{"start":{"line":75,"column":4},"end":{"line":75,"column":11}},"loc":{"start":{"line":75,"column":4},"end":{"line":78,"column":null}}}},"branchMap":{"0":{"loc":{"start":{"line":33,"column":6},"end":{"line":33,"column":null}},"type":"cond-expr","locations":[{"start":{"line":33,"column":6},"end":{"line":33,"column":null}},{"start":{"line":35,"column":6},"end":{"line":35,"column":null}}]},"1":{"loc":{"start":{"line":32,"column":7},"end":{"line":32,"column":26}},"type":"binary-expr","locations":[{"start":{"line":32,"column":7},"end":{"line":32,"column":26}},{"start":{"line":32,"column":26},"end":{"line":32,"column":null}}]},"2":{"loc":{"start":{"line":35,"column":6},"end":{"line":35,"column":14}},"type":"cond-expr","locations":[{"start":{"line":35,"column":6},"end":{"line":35,"column":14}},{"start":{"line":35,"column":14},"end":{"line":35,"column":null}}]},"3":{"loc":{"start":{"line":38,"column":50},"end":{"line":38,"column":61}},"type":"default-arg","locations":[{"start":{"line":38,"column":50},"end":{"line":38,"column":61}}]},"4":{"loc":{"start":{"line":42,"column":6},"end":{"line":42,"column":49}},"type":"switch","locations":[{"start":{"line":42,"column":6},"end":{"line":42,"column":49}},{"start":{"line":42,"column":49},"end":{"line":58,"column":null}},{"start":{"line":58,"column":10},"end":{"line":60,"column":null}}]},"5":{"loc":{"start":{"line":65,"column":21},"end":{"line":65,"column":null}},"type":"cond-expr","locations":[{"start":{"line":65,"column":21},"end":{"line":65,"column":null}},{"start":{"line":66,"column":21},"end":{"line":66,"column":null}}]},"6":{"loc":{"start":{"line":75,"column":24},"end":{"line":76,"column":33}},"type":"switch","locations":[{"start":{"line":75,"column":24},"end":{"line":76,"column":33}},{"start":{"line":76,"column":33},"end":{"line":77,"column":null}},{"start":{"line":77,"column":21},"end":{"line":78,"column":null}}]},"7":{"loc":{"start":{"line":78,"column":9},"end":{"line":78,"column":26}},"type":"binary-expr","locations":[{"start":{"line":78,"column":9},"end":{"line":78,"column":26}},{"start":{"line":78,"column":26},"end":{"line":78,"column":null}}]}},"s":{"0":8,"1":4,"2":4,"3":4,"4":4,"5":16,"6":4,"7":16,"8":16,"9":16,"10":16,"11":1,"12":2,"13":2,"14":2,"15":0,"16":0,"17":0,"18":13,"19":16,"20":3,"21":3,"22":367,"23":16,"24":4,"25":23,"26":23,"27":1,"28":1,"29":21},"f":{"0":4,"1":4,"2":4,"3":16,"4":16,"5":16,"6":2,"7":3,"8":367,"9":23,"10":23},"b":{"0":[10,6],"1":[16,12],"2":[5,1],"3":[10],"4":[1,2,13],"5":[0,3],"6":[1,1,21],"7":[21,18]}}
,"/Users/shanebdavis/dev/art-suite-foundations/packages/art-config/source-source/Art.Config/PublicLib.caf": {"path":"/Users/shanebdavis/dev/art-suite-foundations/packages/art-config/source-source/Art.Config/PublicLib.caf","statementMap":{"0":{"start":{"line":1,"column":0},"end":{"line":25,"column":null}},"1":{"start":{"line":5,"column":0},"end":{"line":5,"column":null}},"2":{"start":{"line":7,"column":0},"end":{"line":7,"column":null}},"3":{"start":{"line":7,"column":32},"end":{"line":8,"column":null}},"4":{"start":{"line":8,"column":16},"end":{"line":9,"column":null}},"5":{"start":{"line":11,"column":0},"end":{"line":11,"column":null}},"6":{"start":{"line":11,"column":23},"end":{"line":25,"column":null}},"7":{"start":{"line":14,"column":31},"end":{"line":14,"column":null}},"8":{"start":{"line":15,"column":31},"end":{"line":15,"column":null}},"9":{"start":{"line":16,"column":31},"end":{"line":16,"column":null}},"10":{"start":{"line":17,"column":31},"end":{"line":17,"column":null}},"11":{"start":{"line":19,"column":38},"end":{"line":19,"column":null}},"12":{"start":{"line":22,"column":4},"end":{"line":22,"column":null}},"13":{"start":{"line":22,"column":15},"end":{"line":25,"column":null}},"14":{"start":{"line":23,"column":68},"end":{"line":25,"column":null}}},"fnMap":{"0":{"name":"(anonymous_0)","decl":{"start":{"line":1,"column":0},"end":{"line":1,"column":7}},"loc":{"start":{"line":1,"column":0},"end":{"line":25,"column":null}}},"1":{"name":"(anonymous_1)","decl":{"start":{"line":1,"column":7},"end":{"line":1,"column":null}},"loc":{"start":{"line":1,"column":7},"end":{"line":25,"column":null}}},"2":{"name":"(anonymous_2)","decl":{"start":{"line":14,"column":20},"end":{"line":14,"column":31}},"loc":{"start":{"line":14,"column":20},"end":{"line":14,"column":null}}},"3":{"name":"(anonymous_3)","decl":{"start":{"line":15,"column":2},"end":{"line":15,"column":31}},"loc":{"start":{"line":15,"column":2},"end":{"line":15,"column":null}}},"4":{"name":"(anonymous_4)","decl":{"start":{"line":16,"column":2},"end":{"line":16,"column":31}},"loc":{"start":{"line":16,"column":2},"end":{"line":16,"column":null}}},"5":{"name":"(anonymous_5)","decl":{"start":{"line":17,"column":2},"end":{"line":17,"column":31}},"loc":{"start":{"line":17,"column":2},"end":{"line":17,"column":null}}},"6":{"name":"(anonymous_6)","decl":{"start":{"line":19,"column":2},"end":{"line":19,"column":28}},"loc":{"start":{"line":19,"column":29},"end":{"line":19,"column":null}}},"7":{"name":"(anonymous_7)","decl":{"start":{"line":21,"column":2},"end":{"line":21,"column":null}},"loc":{"start":{"line":21,"column":2},"end":{"line":25,"column":null}}},"8":{"name":"(anonymous_8)","decl":{"start":{"line":23,"column":25},"end":{"line":23,"column":68}},"loc":{"start":{"line":23,"column":25},"end":{"line":25,"column":null}}}},"branchMap":{"0":{"loc":{"start":{"line":7,"column":12},"end":{"line":7,"column":28}},"type":"cond-expr","locations":[{"start":{"line":7,"column":12},"end":{"line":7,"column":28}},{"start":{"line":7,"column":28},"end":{"line":7,"column":null}}]},"1":{"loc":{"start":{"line":8,"column":9},"end":{"line":8,"column":16}},"type":"cond-expr","locations":[{"start":{"line":8,"column":9},"end":{"line":8,"column":16}},{"start":{"line":8,"column":16},"end":{"line":8,"column":null}}]},"2":{"loc":{"start":{"line":9,"column":9},"end":{"line":9,"column":20}},"type":"cond-expr","locations":[{"start":{"line":9,"column":9},"end":{"line":9,"column":20}},{"start":{"line":9,"column":20},"end":{"line":9,"column":null}}]},"3":{"loc":{"start":{"line":25,"column":8},"end":{"line":25,"column":null}},"type":"cond-expr","locations":[{"start":{"line":25,"column":8},"end":{"line":25,"column":null}},{"start":{"line":25,"column":23},"end":{"line":25,"column":null}}]}},"s":{"0":8,"1":4,"2":4,"3":4,"4":4,"5":4,"6":4,"7":0,"8":44,"9":6,"10":11,"11":11,"12":0,"13":0,"14":0},"f":{"0":4,"1":4,"2":0,"3":44,"4":6,"5":11,"6":11,"7":0,"8":0},"b":{"0":[0,4],"1":[0,4],"2":[0,4],"3":[0,0]}}
,"/Users/shanebdavis/dev/art-suite-foundations/packages/art-config/source/Art.Config/index.js": {"path":"/Users/shanebdavis/dev/art-suite-foundations/packages/art-config/source/Art.Config/index.js","statementMap":{"0":{"start":{"line":4,"column":0},"end":{"line":13,"column":3}}},"fnMap":{},"branchMap":{},"s":{"0":4},"f":{},"b":{},"_coverageSchema":"1a1c01bbd47fc00a2c39e90264f33305004495a9","hash":"0ae84c99cb319d753675ac5162ba91ae7efa88a4"}
,"/Users/shanebdavis/dev/art-suite-foundations/packages/art-config/source/Art.Config/namespace.js": {"path":"/Users/shanebdavis/dev/art-suite-foundations/packages/art-config/source/Art.Config/namespace.js","statementMap":{"0":{"start":{"line":4,"column":0},"end":{"line":8,"column":2}}},"fnMap":{},"branchMap":{},"s":{"0":4},"f":{},"b":{},"_coverageSchema":"1a1c01bbd47fc00a2c39e90264f33305004495a9","hash":"be1a4384c0ee3db49674a32190bcf46178797de9"}
}
