{"/Users/shanebdavis/dev/art-suite-foundations/packages/art-config/source-source/Art.Config/Config.caf": {"path":"/Users/shanebdavis/dev/art-suite-foundations/packages/art-config/source-source/Art.Config/Config.caf","statementMap":{"0":{"start":{"line":1,"column":0},"end":{"line":4,"column":null}}},"fnMap":{"0":{"name":"(anonymous_0)","decl":{"start":{"line":1,"column":0},"end":{"line":1,"column":null}},"loc":{"start":{"line":1,"column":0},"end":{"line":4,"column":null}}}},"branchMap":{},"s":{"0":10},"f":{"0":5},"b":{}}
,"/Users/shanebdavis/dev/art-suite-foundations/packages/art-config/source-source/Art.Config/ConfigRegistry.caf": {"path":"/Users/shanebdavis/dev/art-suite-foundations/packages/art-config/source-source/Art.Config/ConfigRegistry.caf","statementMap":{"0":{"start":{"line":1,"column":0},"end":{"line":14,"column":null}},"1":{"start":{"line":3,"column":0},"end":{"line":3,"column":null}},"2":{"start":{"line":3,"column":20},"end":{"line":14,"column":null}},"3":{"start":{"line":3,"column":20},"end":{"line":3,"column":null}},"4":{"start":{"line":3,"column":20},"end":{"line":12,"column":null}},"5":{"start":{"line":10,"column":36},"end":{"line":11,"column":null}},"6":{"start":{"line":11,"column":73},"end":{"line":11,"column":null}},"7":{"start":{"line":11,"column":73},"end":{"line":12,"column":null}},"8":{"start":{"line":12,"column":21},"end":{"line":14,"column":null}},"9":{"start":{"line":14,"column":43},"end":{"line":14,"column":null}}},"fnMap":{"0":{"name":"(anonymous_0)","decl":{"start":{"line":1,"column":0},"end":{"line":1,"column":7}},"loc":{"start":{"line":1,"column":0},"end":{"line":14,"column":null}}},"1":{"name":"(anonymous_1)","decl":{"start":{"line":1,"column":7},"end":{"line":1,"column":null}},"loc":{"start":{"line":1,"column":7},"end":{"line":14,"column":null}}},"2":{"name":"(anonymous_2)","decl":{"start":{"line":3,"column":20},"end":{"line":3,"column":null}},"loc":{"start":{"line":3,"column":20},"end":{"line":14,"column":null}}},"3":{"name":"(anonymous_3)","decl":{"start":{"line":10,"column":19},"end":{"line":10,"column":20}},"loc":{"start":{"line":10,"column":26},"end":{"line":12,"column":null}}},"4":{"name":"(anonymous_4)","decl":{"start":{"line":14,"column":25},"end":{"line":14,"column":26}},"loc":{"start":{"line":14,"column":43},"end":{"line":14,"column":null}}}},"branchMap":{"0":{"loc":{"start":{"line":10,"column":36},"end":{"line":11,"column":null}},"type":"if","locations":[{"start":{"line":10,"column":36},"end":{"line":11,"column":null}},{"start":{"line":10,"column":36},"end":{"line":11,"column":null}}]}},"s":{"0":10,"1":5,"2":5,"3":10,"4":5,"5":10,"6":0,"7":10,"8":5,"9":6},"f":{"0":5,"1":5,"2":5,"3":10,"4":6},"b":{"0":[0,10]}}
,"/Users/shanebdavis/dev/art-suite-foundations/packages/art-config/source-source/Art.Config/Configurable.coffee": {"path":"/Users/shanebdavis/dev/art-suite-foundations/packages/art-config/source-source/Art.Config/Configurable.coffee","statementMap":{"0":{"start":{"line":1,"column":0},"end":{"line":1,"column":null}},"1":{"start":{"line":1,"column":0},"end":{"line":10,"column":null}},"2":{"start":{"line":12,"column":1},"end":{"line":12,"column":22}},"3":{"start":{"line":14,"column":0},"end":{"line":14,"column":20}},"4":{"start":{"line":16,"column":0},"end":{"line":16,"column":25}},"5":{"start":{"line":18,"column":1},"end":{"line":18,"column":25}},"6":{"start":{"line":34,"column":0},"end":{"line":34,"column":13}},"7":{"start":{"line":35,"column":2},"end":{"line":35,"column":3}},"8":{"start":{"line":37,"column":2},"end":{"line":37,"column":3}},"9":{"start":{"line":41,"column":2},"end":{"line":41,"column":24}},"10":{"start":{"line":41,"column":24},"end":{"line":41,"column":25}},"11":{"start":{"line":47,"column":2},"end":{"line":47,"column":null}},"12":{"start":{"line":49,"column":6},"end":{"line":49,"column":null}},"13":{"start":{"line":51,"column":6},"end":{"line":51,"column":null}},"14":{"start":{"line":55,"column":2},"end":{"line":55,"column":null}},"15":{"start":{"line":56,"column":4},"end":{"line":56,"column":16}},"16":{"start":{"line":57,"column":4},"end":{"line":57,"column":14}},"17":{"start":{"line":58,"column":4},"end":{"line":58,"column":11}},"18":{"start":{"line":58,"column":4},"end":{"line":58,"column":46}},"19":{"start":{"line":59,"column":4},"end":{"line":59,"column":14}},"20":{"start":{"line":62,"column":16},"end":{"line":62,"column":null}},"21":{"start":{"line":63,"column":4},"end":{"line":63,"column":null}},"22":{"start":{"line":65,"column":2},"end":{"line":65,"column":null}},"23":{"start":{"line":68,"column":2},"end":{"line":68,"column":null}},"24":{"start":{"line":72,"column":2},"end":{"line":72,"column":15}},"25":{"start":{"line":73,"column":4},"end":{"line":73,"column":32}},"26":{"start":{"line":74,"column":4},"end":{"line":74,"column":14}},"27":{"start":{"line":76,"column":2},"end":{"line":76,"column":null}},"28":{"start":{"line":77,"column":4},"end":{"line":77,"column":null}},"29":{"start":{"line":78,"column":4},"end":{"line":78,"column":16}},"30":{"start":{"line":79,"column":4},"end":{"line":79,"column":null}},"31":{"start":{"line":80,"column":4},"end":{"line":80,"column":35}},"32":{"start":{"line":81,"column":6},"end":{"line":81,"column":null}},"33":{"start":{"line":82,"column":6},"end":{"line":82,"column":null}},"34":{"start":{"line":85,"column":6},"end":{"line":84,"column":7}},"35":{"start":{"line":91,"column":2},"end":{"line":91,"column":8}},"36":{"start":{"line":91,"column":8},"end":{"line":91,"column":null}},"37":{"start":{"line":92,"column":4},"end":{"line":92,"column":5}},"38":{"start":{"line":95,"column":2},"end":{"line":95,"column":null}},"39":{"start":{"line":96,"column":4},"end":{"line":96,"column":5}},"40":{"start":{"line":102,"column":2},"end":{"line":102,"column":null}},"41":{"start":{"line":103,"column":4},"end":{"line":103,"column":41}},"42":{"start":{"line":104,"column":4},"end":{"line":104,"column":null}},"43":{"start":{"line":106,"column":2},"end":{"line":106,"column":34}},"44":{"start":{"line":106,"column":34},"end":{"line":106,"column":35}},"45":{"start":{"line":108,"column":2},"end":{"line":108,"column":30}},"46":{"start":{"line":108,"column":38},"end":{"line":108,"column":46}},"47":{"start":{"line":109,"column":4},"end":{"line":109,"column":13}},"48":{"start":{"line":109,"column":4},"end":{"line":109,"column":null}},"49":{"start":{"line":110,"column":4},"end":{"line":110,"column":null}},"50":{"start":{"line":115,"column":2},"end":{"line":115,"column":null}},"51":{"start":{"line":116,"column":4},"end":{"line":116,"column":5}},"52":{"start":{"line":117,"column":4},"end":{"line":117,"column":18}},"53":{"start":{"line":119,"column":2},"end":{"line":119,"column":29}},"54":{"start":{"line":119,"column":30},"end":{"line":null,"column":-1}},"55":{"start":{"line":121,"column":6},"end":{"line":121,"column":20}},"56":{"start":{"line":124,"column":6},"end":{"line":124,"column":7}},"57":{"start":{"line":125,"column":4},"end":{"line":125,"column":null}}},"fnMap":{"0":{"name":"(anonymous_1)","decl":{"start":{"line":1,"column":0},"end":{"line":1,"column":null}},"loc":{"start":{"line":1,"column":0},"end":{"line":1,"column":null}}},"1":{"name":"(anonymous_3)","decl":{"start":{"line":34,"column":27},"end":{"line":34,"column":48}},"loc":{"start":{"line":34,"column":27},"end":{"line":34,"column":61}}},"2":{"name":"(anonymous_5)","decl":{"start":{"line":41,"column":21},"end":{"line":41,"column":24}},"loc":{"start":{"line":41,"column":21},"end":{"line":41,"column":24}}},"3":{"name":"(anonymous_6)","decl":{"start":{"line":47,"column":17},"end":{"line":47,"column":null}},"loc":{"start":{"line":47,"column":17},"end":{"line":47,"column":null}}},"4":{"name":"(anonymous_7)","decl":{"start":{"line":55,"column":10},"end":{"line":55,"column":null}},"loc":{"start":{"line":55,"column":10},"end":{"line":55,"column":null}}},"5":{"name":"(anonymous_8)","decl":{"start":{"line":65,"column":24},"end":{"line":65,"column":null}},"loc":{"start":{"line":65,"column":24},"end":{"line":65,"column":null}}},"6":{"name":"(anonymous_9)","decl":{"start":{"line":68,"column":27},"end":{"line":68,"column":null}},"loc":{"start":{"line":68,"column":27},"end":{"line":68,"column":null}}},"7":{"name":"(anonymous_10)","decl":{"start":{"line":72,"column":14},"end":{"line":72,"column":15}},"loc":{"start":{"line":72,"column":14},"end":{"line":72,"column":15}}},"8":{"name":"(anonymous_11)","decl":{"start":{"line":76,"column":18},"end":{"line":76,"column":null}},"loc":{"start":{"line":76,"column":18},"end":{"line":76,"column":null}}},"9":{"name":"(anonymous_12)","decl":{"start":{"line":91,"column":7},"end":{"line":91,"column":8}},"loc":{"start":{"line":91,"column":7},"end":{"line":91,"column":8}}},"10":{"name":"(anonymous_13)","decl":{"start":{"line":95,"column":15},"end":{"line":95,"column":null}},"loc":{"start":{"line":95,"column":15},"end":{"line":95,"column":null}}},"11":{"name":"(anonymous_14)","decl":{"start":{"line":102,"column":25},"end":{"line":102,"column":null}},"loc":{"start":{"line":102,"column":25},"end":{"line":102,"column":null}}},"12":{"name":"(anonymous_15)","decl":{"start":{"line":106,"column":31},"end":{"line":106,"column":34}},"loc":{"start":{"line":106,"column":31},"end":{"line":106,"column":34}}},"13":{"name":"(anonymous_16)","decl":{"start":{"line":108,"column":29},"end":{"line":108,"column":30}},"loc":{"start":{"line":108,"column":29},"end":{"line":108,"column":30}}},"14":{"name":"(anonymous_17)","decl":{"start":{"line":115,"column":14},"end":{"line":115,"column":null}},"loc":{"start":{"line":115,"column":14},"end":{"line":115,"column":null}}},"15":{"name":"(anonymous_18)","decl":{"start":{"line":119,"column":28},"end":{"line":119,"column":29}},"loc":{"start":{"line":119,"column":28},"end":{"line":119,"column":29}}}},"branchMap":{"0":{"loc":{"start":{"line":1,"column":0},"end":{"line":1,"column":null}},"type":"if","locations":[{"start":{"line":1,"column":0},"end":{"line":1,"column":null}},{"start":{"line":1,"column":0},"end":{"line":1,"column":null}}]},"1":{"loc":{"start":{"line":62,"column":16},"end":{"line":62,"column":29}},"type":"binary-expr","locations":[{"start":{"line":62,"column":16},"end":{"line":62,"column":29}},{"start":{"line":62,"column":18},"end":{"line":62,"column":null}}]},"2":{"loc":{"start":{"line":73,"column":4},"end":{"line":73,"column":28}},"type":"binary-expr","locations":[{"start":{"line":73,"column":4},"end":{"line":73,"column":28}},{"start":{"line":73,"column":28},"end":{"line":73,"column":32}}]},"3":{"loc":{"start":{"line":80,"column":4},"end":{"line":80,"column":35}},"type":"cond-expr","locations":[{"start":{"line":80,"column":4},"end":{"line":80,"column":35}},{"start":{"line":80,"column":4},"end":{"line":80,"column":35}}]},"4":{"loc":{"start":{"line":91,"column":8},"end":{"line":91,"column":null}},"type":"cond-expr","locations":[{"start":{"line":91,"column":8},"end":{"line":91,"column":null}},{"start":{"line":91,"column":8},"end":{"line":91,"column":null}}]},"5":{"loc":{"start":{"line":103,"column":15},"end":{"line":103,"column":24}},"type":"cond-expr","locations":[{"start":{"line":103,"column":15},"end":{"line":103,"column":24}},{"start":{"line":103,"column":15},"end":{"line":103,"column":24}}]},"6":{"loc":{"start":{"line":109,"column":13},"end":{"line":109,"column":null}},"type":"cond-expr","locations":[{"start":{"line":109,"column":13},"end":{"line":109,"column":null}},{"start":{"line":109,"column":21},"end":{"line":109,"column":null}}]}},"s":{"0":705,"1":5,"2":5,"3":5,"4":5,"5":5,"6":5,"7":5,"8":5,"9":5,"10":0,"11":5,"12":28,"13":6,"14":5,"15":34,"16":34,"17":34,"18":4,"19":34,"20":28,"21":34,"22":5,"23":5,"24":5,"25":21,"26":21,"27":5,"28":3,"29":3,"30":3,"31":6,"32":3,"33":3,"34":3,"35":5,"36":1,"37":1,"38":5,"39":21,"40":5,"41":50,"42":50,"43":5,"44":26,"45":5,"46":23,"47":23,"48":69,"49":23,"50":5,"51":6,"52":6,"53":5,"54":6,"55":0,"56":6,"57":6},"f":{"0":10,"1":5,"2":0,"3":34,"4":34,"5":0,"6":23,"7":21,"8":3,"9":1,"10":21,"11":50,"12":26,"13":23,"14":6,"15":6},"b":{"0":[330,10],"1":[28,4],"2":[21,0],"3":[3,0],"4":[1,0],"5":[50,0],"6":[67,2]}}
,"/Users/shanebdavis/dev/art-suite-foundations/packages/art-config/source-source/Art.Config/Configuration.coffee": {"path":"/Users/shanebdavis/dev/art-suite-foundations/packages/art-config/source-source/Art.Config/Configuration.coffee","statementMap":{"0":{"start":{"line":1,"column":0},"end":{"line":1,"column":null}},"1":{"start":{"line":1,"column":0},"end":{"line":6,"column":null}},"2":{"start":{"line":8,"column":1},"end":{"line":8,"column":23}},"3":{"start":{"line":10,"column":0},"end":{"line":10,"column":25}},"4":{"start":{"line":12,"column":0},"end":{"line":12,"column":13}},"5":{"start":{"line":13,"column":2},"end":{"line":13,"column":3}},"6":{"start":{"line":15,"column":2},"end":{"line":15,"column":16}},"7":{"start":{"line":15,"column":16},"end":{"line":15,"column":30}},"8":{"start":{"line":17,"column":2},"end":{"line":17,"column":29}},"9":{"start":{"line":17,"column":30},"end":{"line":null,"column":-1}},"10":{"start":{"line":19,"column":6},"end":{"line":19,"column":7}},"11":{"start":{"line":20,"column":4},"end":{"line":20,"column":5}},"12":{"start":{"line":21,"column":4},"end":{"line":21,"column":18}},"13":{"start":{"line":22,"column":4},"end":{"line":22,"column":null}},"14":{"start":{"line":24,"column":2},"end":{"line":24,"column":null}},"15":{"start":{"line":25,"column":4},"end":{"line":25,"column":5}},"16":{"start":{"line":27,"column":2},"end":{"line":27,"column":25}},"17":{"start":{"line":28,"column":4},"end":{"line":28,"column":14}},"18":{"start":{"line":30,"column":2},"end":{"line":30,"column":23}},"19":{"start":{"line":31,"column":4},"end":{"line":31,"column":14}}},"fnMap":{"0":{"name":"(anonymous_1)","decl":{"start":{"line":1,"column":0},"end":{"line":1,"column":null}},"loc":{"start":{"line":1,"column":0},"end":{"line":1,"column":null}}},"1":{"name":"(anonymous_3)","decl":{"start":{"line":12,"column":27},"end":{"line":12,"column":49}},"loc":{"start":{"line":12,"column":27},"end":{"line":12,"column":null}}},"2":{"name":"(anonymous_5)","decl":{"start":{"line":15,"column":13},"end":{"line":15,"column":16}},"loc":{"start":{"line":15,"column":13},"end":{"line":15,"column":16}}},"3":{"name":"(anonymous_6)","decl":{"start":{"line":17,"column":28},"end":{"line":17,"column":29}},"loc":{"start":{"line":17,"column":28},"end":{"line":17,"column":29}}},"4":{"name":"(anonymous_7)","decl":{"start":{"line":24,"column":13},"end":{"line":24,"column":null}},"loc":{"start":{"line":24,"column":13},"end":{"line":24,"column":null}}},"5":{"name":"(anonymous_8)","decl":{"start":{"line":27,"column":24},"end":{"line":27,"column":25}},"loc":{"start":{"line":27,"column":24},"end":{"line":27,"column":25}}},"6":{"name":"(anonymous_9)","decl":{"start":{"line":30,"column":22},"end":{"line":30,"column":23}},"loc":{"start":{"line":30,"column":22},"end":{"line":30,"column":23}}}},"branchMap":{"0":{"loc":{"start":{"line":1,"column":0},"end":{"line":1,"column":null}},"type":"if","locations":[{"start":{"line":1,"column":0},"end":{"line":1,"column":null}},{"start":{"line":1,"column":0},"end":{"line":1,"column":null}}]}},"s":{"0":695,"1":5,"2":5,"3":5,"4":5,"5":5,"6":5,"7":10,"8":5,"9":10,"10":10,"11":10,"12":0,"13":10,"14":5,"15":25,"16":5,"17":10,"18":5,"19":5},"f":{"0":10,"1":5,"2":10,"3":10,"4":25,"5":10,"6":5},"b":{"0":[325,10]}}
,"/Users/shanebdavis/dev/art-suite-foundations/packages/art-config/source-source/Art.Config/Configure.caf": {"path":"/Users/shanebdavis/dev/art-suite-foundations/packages/art-config/source-source/Art.Config/Configure.caf","statementMap":{"0":{"start":{"line":1,"column":0},"end":{"line":164,"column":null}},"1":{"start":{"line":3,"column":0},"end":{"line":164,"column":null}},"2":{"start":{"line":3,"column":0},"end":{"line":6,"column":null}},"3":{"start":{"line":6,"column":30},"end":{"line":122,"column":null}},"4":{"start":{"line":72,"column":4},"end":{"line":72,"column":null}},"5":{"start":{"line":74,"column":4},"end":{"line":74,"column":null}},"6":{"start":{"line":75,"column":4},"end":{"line":75,"column":null}},"7":{"start":{"line":76,"column":4},"end":{"line":83,"column":null}},"8":{"start":{"line":85,"column":4},"end":{"line":85,"column":null}},"9":{"start":{"line":87,"column":4},"end":{"line":87,"column":null}},"10":{"start":{"line":87,"column":21},"end":{"line":106,"column":null}},"11":{"start":{"line":92,"column":10},"end":{"line":92,"column":null}},"12":{"start":{"line":106,"column":6},"end":{"line":106,"column":null}},"13":{"start":{"line":108,"column":4},"end":{"line":111,"column":null}},"14":{"start":{"line":109,"column":6},"end":{"line":109,"column":null}},"15":{"start":{"line":110,"column":6},"end":{"line":110,"column":null}},"16":{"start":{"line":111,"column":6},"end":{"line":111,"column":null}},"17":{"start":{"line":113,"column":4},"end":{"line":113,"column":null}},"18":{"start":{"line":115,"column":4},"end":{"line":118,"column":null}},"19":{"start":{"line":116,"column":6},"end":{"line":116,"column":null}},"20":{"start":{"line":117,"column":6},"end":{"line":117,"column":null}},"21":{"start":{"line":118,"column":6},"end":{"line":118,"column":null}},"22":{"start":{"line":118,"column":10},"end":{"line":120,"column":null}},"23":{"start":{"line":120,"column":14},"end":{"line":122,"column":null}},"24":{"start":{"line":122,"column":4},"end":{"line":148,"column":null}},"25":{"start":{"line":126,"column":4},"end":{"line":126,"column":null}},"26":{"start":{"line":127,"column":4},"end":{"line":127,"column":null}},"27":{"start":{"line":128,"column":4},"end":{"line":128,"column":null}},"28":{"start":{"line":128,"column":20},"end":{"line":148,"column":null}},"29":{"start":{"line":131,"column":64},"end":{"line":131,"column":null}},"30":{"start":{"line":144,"column":80},"end":{"line":144,"column":null}},"31":{"start":{"line":148,"column":38},"end":{"line":153,"column":null}},"32":{"start":{"line":153,"column":30},"end":{"line":153,"column":null}},"33":{"start":{"line":153,"column":41},"end":{"line":156,"column":null}},"34":{"start":{"line":155,"column":4},"end":{"line":155,"column":null}},"35":{"start":{"line":155,"column":4},"end":{"line":156,"column":null}},"36":{"start":{"line":156,"column":48},"end":{"line":156,"column":null}},"37":{"start":{"line":156,"column":65},"end":{"line":160,"column":null}},"38":{"start":{"line":158,"column":33},"end":{"line":159,"column":null}},"39":{"start":{"line":159,"column":59},"end":{"line":159,"column":null}},"40":{"start":{"line":159,"column":82},"end":{"line":160,"column":null}},"41":{"start":{"line":160,"column":4},"end":{"line":164,"column":null}},"42":{"start":{"line":162,"column":37},"end":{"line":164,"column":null}},"43":{"start":{"line":164,"column":6},"end":{"line":164,"column":null}}},"fnMap":{"0":{"name":"(anonymous_0)","decl":{"start":{"line":1,"column":0},"end":{"line":1,"column":7}},"loc":{"start":{"line":1,"column":0},"end":{"line":164,"column":null}}},"1":{"name":"(anonymous_1)","decl":{"start":{"line":1,"column":45},"end":{"line":1,"column":null}},"loc":{"start":{"line":1,"column":45},"end":{"line":164,"column":null}}},"2":{"name":"(anonymous_2)","decl":{"start":{"line":3,"column":0},"end":{"line":3,"column":null}},"loc":{"start":{"line":3,"column":0},"end":{"line":164,"column":null}}},"3":{"name":"(anonymous_3)","decl":{"start":{"line":71,"column":14},"end":{"line":71,"column":15}},"loc":{"start":{"line":71,"column":15},"end":{"line":122,"column":null}}},"4":{"name":"(anonymous_4)","decl":{"start":{"line":91,"column":30},"end":{"line":91,"column":null}},"loc":{"start":{"line":92,"column":10},"end":{"line":92,"column":null}}},"5":{"name":"(anonymous_5)","decl":{"start":{"line":104,"column":8},"end":{"line":104,"column":null}},"loc":{"start":{"line":106,"column":6},"end":{"line":106,"column":null}}},"6":{"name":"(anonymous_6)","decl":{"start":{"line":124,"column":2},"end":{"line":124,"column":null}},"loc":{"start":{"line":124,"column":2},"end":{"line":148,"column":null}}},"7":{"name":"(anonymous_7)","decl":{"start":{"line":131,"column":30},"end":{"line":131,"column":64}},"loc":{"start":{"line":131,"column":64},"end":{"line":131,"column":null}}},"8":{"name":"(anonymous_8)","decl":{"start":{"line":144,"column":46},"end":{"line":144,"column":80}},"loc":{"start":{"line":144,"column":80},"end":{"line":144,"column":null}}},"9":{"name":"(anonymous_9)","decl":{"start":{"line":153,"column":2},"end":{"line":153,"column":30}},"loc":{"start":{"line":153,"column":30},"end":{"line":153,"column":null}}},"10":{"name":"(anonymous_10)","decl":{"start":{"line":154,"column":2},"end":{"line":154,"column":null}},"loc":{"start":{"line":154,"column":2},"end":{"line":156,"column":null}}},"11":{"name":"(anonymous_11)","decl":{"start":{"line":156,"column":29},"end":{"line":156,"column":48}},"loc":{"start":{"line":156,"column":48},"end":{"line":156,"column":null}}},"12":{"name":"(anonymous_12)","decl":{"start":{"line":158,"column":2},"end":{"line":158,"column":33}},"loc":{"start":{"line":158,"column":2},"end":{"line":160,"column":null}}},"13":{"name":"(anonymous_13)","decl":{"start":{"line":159,"column":25},"end":{"line":159,"column":59}},"loc":{"start":{"line":159,"column":59},"end":{"line":159,"column":null}}},"14":{"name":"(anonymous_14)","decl":{"start":{"line":162,"column":2},"end":{"line":162,"column":37}},"loc":{"start":{"line":162,"column":2},"end":{"line":164,"column":null}}},"15":{"name":"(anonymous_15)","decl":{"start":{"line":163,"column":25},"end":{"line":163,"column":null}},"loc":{"start":{"line":164,"column":6},"end":{"line":164,"column":null}}}},"branchMap":{"0":{"loc":{"start":{"line":72,"column":5},"end":{"line":72,"column":32}},"type":"default-arg","locations":[{"start":{"line":72,"column":5},"end":{"line":72,"column":32}}]},"1":{"loc":{"start":{"line":82,"column":8},"end":{"line":82,"column":null}},"type":"cond-expr","locations":[{"start":{"line":82,"column":8},"end":{"line":82,"column":null}},{"start":{"line":83,"column":8},"end":{"line":83,"column":null}}]},"2":{"loc":{"start":{"line":78,"column":8},"end":{"line":82,"column":null}},"type":"cond-expr","locations":[{"start":{"line":78,"column":8},"end":{"line":82,"column":null}},{"start":{"line":82,"column":8},"end":{"line":82,"column":null}}]},"3":{"loc":{"start":{"line":77,"column":65},"end":{"line":77,"column":69}},"type":"binary-expr","locations":[{"start":{"line":77,"column":65},"end":{"line":77,"column":69}},{"start":{"line":77,"column":69},"end":{"line":77,"column":94}},{"start":{"line":77,"column":94},"end":{"line":77,"column":114}}]},"4":{"loc":{"start":{"line":78,"column":80},"end":{"line":78,"column":84}},"type":"binary-expr","locations":[{"start":{"line":78,"column":80},"end":{"line":78,"column":84}},{"start":{"line":78,"column":84},"end":{"line":78,"column":109}},{"start":{"line":78,"column":109},"end":{"line":78,"column":null}}]},"5":{"loc":{"start":{"line":80,"column":10},"end":{"line":80,"column":null}},"type":"cond-expr","locations":[{"start":{"line":80,"column":10},"end":{"line":80,"column":null}},{"start":{"line":80,"column":74},"end":{"line":80,"column":null}}]},"6":{"loc":{"start":{"line":79,"column":24},"end":{"line":79,"column":29}},"type":"binary-expr","locations":[{"start":{"line":79,"column":24},"end":{"line":79,"column":29}},{"start":{"line":79,"column":24},"end":{"line":79,"column":70}},{"start":{"line":79,"column":70},"end":{"line":79,"column":null}}]},"7":{"loc":{"start":{"line":108,"column":4},"end":{"line":111,"column":null}},"type":"if","locations":[{"start":{"line":108,"column":4},"end":{"line":111,"column":null}},{"start":{"line":108,"column":4},"end":{"line":111,"column":null}}]},"8":{"loc":{"start":{"line":115,"column":4},"end":{"line":118,"column":null}},"type":"if","locations":[{"start":{"line":115,"column":4},"end":{"line":118,"column":null}},{"start":{"line":115,"column":4},"end":{"line":118,"column":null}}]},"9":{"loc":{"start":{"line":118,"column":10},"end":{"line":120,"column":14}},"type":"binary-expr","locations":[{"start":{"line":118,"column":10},"end":{"line":120,"column":14}},{"start":{"line":120,"column":4},"end":{"line":120,"column":null}}]}},"s":{"0":10,"1":5,"2":5,"3":5,"4":17,"5":17,"6":17,"7":17,"8":17,"9":17,"10":17,"11":21,"12":52,"13":17,"14":1,"15":1,"16":1,"17":17,"18":17,"19":1,"20":1,"21":1,"22":17,"23":17,"24":5,"25":1,"26":1,"27":1,"28":1,"29":1,"30":1,"31":5,"32":0,"33":5,"34":17,"35":17,"36":24,"37":5,"38":17,"39":21,"40":17,"41":5,"42":17,"43":21},"f":{"0":5,"1":5,"2":5,"3":17,"4":21,"5":52,"6":1,"7":1,"8":1,"9":0,"10":17,"11":24,"12":17,"13":21,"14":17,"15":21},"b":{"0":[16],"1":[11,6],"2":[11,6],"3":[17,16,7],"4":[11,10,1],"5":[0,11],"6":[11,11,7],"7":[1,16],"8":[1,16],"9":[17,0]}}
,"/Users/shanebdavis/dev/art-suite-foundations/packages/art-config/source-source/Art.Config/Lib.caf": {"path":"/Users/shanebdavis/dev/art-suite-foundations/packages/art-config/source-source/Art.Config/Lib.caf","statementMap":{"0":{"start":{"line":1,"column":0},"end":{"line":78,"column":null}},"1":{"start":{"line":2,"column":0},"end":{"line":3,"column":null}},"2":{"start":{"line":26,"column":0},"end":{"line":26,"column":null}},"3":{"start":{"line":26,"column":28},"end":{"line":78,"column":null}},"4":{"start":{"line":26,"column":28},"end":{"line":35,"column":null}},"5":{"start":{"line":31,"column":48},"end":{"line":35,"column":null}},"6":{"start":{"line":35,"column":14},"end":{"line":68,"column":null}},"7":{"start":{"line":38,"column":61},"end":{"line":39,"column":null}},"8":{"start":{"line":39,"column":4},"end":{"line":39,"column":null}},"9":{"start":{"line":41,"column":4},"end":{"line":60,"column":null}},"10":{"start":{"line":41,"column":16},"end":{"line":60,"column":null}},"11":{"start":{"line":42,"column":40},"end":{"line":42,"column":49}},"12":{"start":{"line":43,"column":29},"end":{"line":58,"column":null}},"13":{"start":{"line":44,"column":8},"end":{"line":58,"column":null}},"14":{"start":{"line":44,"column":11},"end":{"line":45,"column":30}},"15":{"start":{"line":45,"column":30},"end":{"line":45,"column":null}},"16":{"start":{"line":47,"column":10},"end":{"line":56,"column":null}},"17":{"start":{"line":56,"column":23},"end":{"line":58,"column":null}},"18":{"start":{"line":60,"column":11},"end":{"line":60,"column":null}},"19":{"start":{"line":60,"column":11},"end":{"line":66,"column":null}},"20":{"start":{"line":63,"column":6},"end":{"line":63,"column":null}},"21":{"start":{"line":63,"column":18},"end":{"line":66,"column":null}},"22":{"start":{"line":66,"column":46},"end":{"line":66,"column":null}},"23":{"start":{"line":66,"column":46},"end":{"line":68,"column":null}},"24":{"start":{"line":68,"column":18},"end":{"line":78,"column":null}},"25":{"start":{"line":74,"column":44},"end":{"line":78,"column":null}},"26":{"start":{"line":75,"column":4},"end":{"line":78,"column":null}},"27":{"start":{"line":76,"column":21},"end":{"line":76,"column":33}},"28":{"start":{"line":77,"column":21},"end":{"line":77,"column":null}},"29":{"start":{"line":78,"column":9},"end":{"line":78,"column":null}}},"fnMap":{"0":{"name":"(anonymous_0)","decl":{"start":{"line":1,"column":0},"end":{"line":1,"column":7}},"loc":{"start":{"line":1,"column":0},"end":{"line":78,"column":null}}},"1":{"name":"(anonymous_1)","decl":{"start":{"line":1,"column":7},"end":{"line":1,"column":null}},"loc":{"start":{"line":1,"column":7},"end":{"line":78,"column":null}}},"2":{"name":"(anonymous_2)","decl":{"start":{"line":26,"column":28},"end":{"line":26,"column":null}},"loc":{"start":{"line":26,"column":28},"end":{"line":78,"column":null}}},"3":{"name":"(anonymous_3)","decl":{"start":{"line":31,"column":35},"end":{"line":31,"column":38}},"loc":{"start":{"line":31,"column":39},"end":{"line":35,"column":null}}},"4":{"name":"(anonymous_4)","decl":{"start":{"line":38,"column":2},"end":{"line":38,"column":27}},"loc":{"start":{"line":38,"column":50},"end":{"line":68,"column":null}}},"5":{"name":"(anonymous_5)","decl":{"start":{"line":41,"column":16},"end":{"line":41,"column":null}},"loc":{"start":{"line":41,"column":16},"end":{"line":60,"column":null}}},"6":{"name":"(anonymous_6)","decl":{"start":{"line":44,"column":8},"end":{"line":44,"column":11}},"loc":{"start":{"line":44,"column":8},"end":{"line":58,"column":null}}},"7":{"name":"(anonymous_7)","decl":{"start":{"line":62,"column":17},"end":{"line":62,"column":null}},"loc":{"start":{"line":62,"column":17},"end":{"line":66,"column":null}}},"8":{"name":"(anonymous_8)","decl":{"start":{"line":66,"column":46},"end":{"line":66,"column":null}},"loc":{"start":{"line":66,"column":46},"end":{"line":66,"column":null}}},"9":{"name":"(anonymous_9)","decl":{"start":{"line":74,"column":2},"end":{"line":74,"column":27}},"loc":{"start":{"line":74,"column":28},"end":{"line":78,"column":null}}},"10":{"name":"(anonymous_10)","decl":{"start":{"line":75,"column":4},"end":{"line":75,"column":11}},"loc":{"start":{"line":75,"column":4},"end":{"line":78,"column":null}}}},"branchMap":{"0":{"loc":{"start":{"line":33,"column":6},"end":{"line":33,"column":null}},"type":"cond-expr","locations":[{"start":{"line":33,"column":6},"end":{"line":33,"column":null}},{"start":{"line":35,"column":6},"end":{"line":35,"column":null}}]},"1":{"loc":{"start":{"line":32,"column":7},"end":{"line":32,"column":26}},"type":"binary-expr","locations":[{"start":{"line":32,"column":7},"end":{"line":32,"column":26}},{"start":{"line":32,"column":26},"end":{"line":32,"column":null}}]},"2":{"loc":{"start":{"line":35,"column":6},"end":{"line":35,"column":14}},"type":"cond-expr","locations":[{"start":{"line":35,"column":6},"end":{"line":35,"column":14}},{"start":{"line":35,"column":14},"end":{"line":35,"column":null}}]},"3":{"loc":{"start":{"line":38,"column":50},"end":{"line":38,"column":61}},"type":"default-arg","locations":[{"start":{"line":38,"column":50},"end":{"line":38,"column":61}}]},"4":{"loc":{"start":{"line":42,"column":6},"end":{"line":42,"column":49}},"type":"switch","locations":[{"start":{"line":42,"column":6},"end":{"line":42,"column":49}},{"start":{"line":42,"column":49},"end":{"line":58,"column":null}},{"start":{"line":58,"column":10},"end":{"line":60,"column":null}}]},"5":{"loc":{"start":{"line":65,"column":21},"end":{"line":65,"column":null}},"type":"cond-expr","locations":[{"start":{"line":65,"column":21},"end":{"line":65,"column":null}},{"start":{"line":66,"column":21},"end":{"line":66,"column":null}}]},"6":{"loc":{"start":{"line":75,"column":24},"end":{"line":76,"column":33}},"type":"switch","locations":[{"start":{"line":75,"column":24},"end":{"line":76,"column":33}},{"start":{"line":76,"column":33},"end":{"line":77,"column":null}},{"start":{"line":77,"column":21},"end":{"line":78,"column":null}}]},"7":{"loc":{"start":{"line":78,"column":9},"end":{"line":78,"column":26}},"type":"binary-expr","locations":[{"start":{"line":78,"column":9},"end":{"line":78,"column":26}},{"start":{"line":78,"column":26},"end":{"line":78,"column":null}}]}},"s":{"0":10,"1":5,"2":5,"3":5,"4":5,"5":16,"6":5,"7":23,"8":23,"9":23,"10":23,"11":1,"12":2,"13":2,"14":2,"15":0,"16":0,"17":0,"18":20,"19":23,"20":3,"21":3,"22":670,"23":23,"24":5,"25":32,"26":32,"27":1,"28":1,"29":30},"f":{"0":5,"1":5,"2":5,"3":16,"4":23,"5":23,"6":2,"7":3,"8":670,"9":32,"10":32},"b":{"0":[10,6],"1":[16,12],"2":[5,1],"3":[17],"4":[1,2,20],"5":[0,3],"6":[1,1,30],"7":[30,24]}}
,"/Users/shanebdavis/dev/art-suite-foundations/packages/art-config/source-source/Art.Config/PublicLib.caf": {"path":"/Users/shanebdavis/dev/art-suite-foundations/packages/art-config/source-source/Art.Config/PublicLib.caf","statementMap":{"0":{"start":{"line":1,"column":0},"end":{"line":42,"column":null}},"1":{"start":{"line":5,"column":0},"end":{"line":5,"column":null}},"2":{"start":{"line":7,"column":0},"end":{"line":7,"column":null}},"3":{"start":{"line":8,"column":0},"end":{"line":8,"column":null}},"4":{"start":{"line":10,"column":0},"end":{"line":10,"column":null}},"5":{"start":{"line":10,"column":24},"end":{"line":10,"column":null}},"6":{"start":{"line":14,"column":0},"end":{"line":14,"column":null}},"7":{"start":{"line":14,"column":12},"end":{"line":15,"column":null}},"8":{"start":{"line":15,"column":20},"end":{"line":16,"column":null}},"9":{"start":{"line":16,"column":28},"end":{"line":42,"column":null}},"10":{"start":{"line":20,"column":35},"end":{"line":20,"column":null}},"11":{"start":{"line":21,"column":35},"end":{"line":21,"column":null}},"12":{"start":{"line":22,"column":35},"end":{"line":22,"column":null}},"13":{"start":{"line":23,"column":35},"end":{"line":23,"column":null}},"14":{"start":{"line":24,"column":35},"end":{"line":24,"column":null}},"15":{"start":{"line":27,"column":4},"end":{"line":28,"column":null}},"16":{"start":{"line":28,"column":6},"end":{"line":28,"column":null}},"17":{"start":{"line":28,"column":24},"end":{"line":29,"column":null}},"18":{"start":{"line":31,"column":31},"end":{"line":31,"column":null}},"19":{"start":{"line":32,"column":31},"end":{"line":32,"column":null}},"20":{"start":{"line":34,"column":31},"end":{"line":34,"column":null}},"21":{"start":{"line":35,"column":31},"end":{"line":35,"column":null}},"22":{"start":{"line":36,"column":31},"end":{"line":36,"column":null}},"23":{"start":{"line":38,"column":38},"end":{"line":38,"column":null}},"24":{"start":{"line":40,"column":22},"end":{"line":42,"column":null}},"25":{"start":{"line":42,"column":6},"end":{"line":42,"column":null}}},"fnMap":{"0":{"name":"(anonymous_0)","decl":{"start":{"line":1,"column":0},"end":{"line":1,"column":7}},"loc":{"start":{"line":1,"column":0},"end":{"line":42,"column":null}}},"1":{"name":"(anonymous_1)","decl":{"start":{"line":1,"column":7},"end":{"line":1,"column":null}},"loc":{"start":{"line":1,"column":7},"end":{"line":42,"column":null}}},"2":{"name":"(anonymous_2)","decl":{"start":{"line":10,"column":18},"end":{"line":10,"column":24}},"loc":{"start":{"line":10,"column":18},"end":{"line":10,"column":null}}},"3":{"name":"(anonymous_3)","decl":{"start":{"line":20,"column":2},"end":{"line":20,"column":35}},"loc":{"start":{"line":20,"column":2},"end":{"line":20,"column":null}}},"4":{"name":"(anonymous_4)","decl":{"start":{"line":21,"column":15},"end":{"line":21,"column":35}},"loc":{"start":{"line":21,"column":15},"end":{"line":21,"column":null}}},"5":{"name":"(anonymous_5)","decl":{"start":{"line":22,"column":19},"end":{"line":22,"column":35}},"loc":{"start":{"line":22,"column":19},"end":{"line":22,"column":null}}},"6":{"name":"(anonymous_6)","decl":{"start":{"line":23,"column":21},"end":{"line":23,"column":35}},"loc":{"start":{"line":23,"column":21},"end":{"line":23,"column":null}}},"7":{"name":"(anonymous_7)","decl":{"start":{"line":24,"column":24},"end":{"line":24,"column":35}},"loc":{"start":{"line":24,"column":24},"end":{"line":24,"column":null}}},"8":{"name":"(anonymous_8)","decl":{"start":{"line":26,"column":29},"end":{"line":26,"column":null}},"loc":{"start":{"line":26,"column":29},"end":{"line":29,"column":null}}},"9":{"name":"(anonymous_9)","decl":{"start":{"line":31,"column":2},"end":{"line":31,"column":31}},"loc":{"start":{"line":31,"column":2},"end":{"line":31,"column":null}}},"10":{"name":"(anonymous_10)","decl":{"start":{"line":32,"column":18},"end":{"line":32,"column":31}},"loc":{"start":{"line":32,"column":18},"end":{"line":32,"column":null}}},"11":{"name":"(anonymous_11)","decl":{"start":{"line":34,"column":2},"end":{"line":34,"column":31}},"loc":{"start":{"line":34,"column":2},"end":{"line":34,"column":null}}},"12":{"name":"(anonymous_12)","decl":{"start":{"line":35,"column":2},"end":{"line":35,"column":31}},"loc":{"start":{"line":35,"column":2},"end":{"line":35,"column":null}}},"13":{"name":"(anonymous_13)","decl":{"start":{"line":36,"column":2},"end":{"line":36,"column":31}},"loc":{"start":{"line":36,"column":2},"end":{"line":36,"column":null}}},"14":{"name":"(anonymous_14)","decl":{"start":{"line":38,"column":2},"end":{"line":38,"column":28}},"loc":{"start":{"line":38,"column":29},"end":{"line":38,"column":null}}},"15":{"name":"(anonymous_15)","decl":{"start":{"line":40,"column":2},"end":{"line":40,"column":22}},"loc":{"start":{"line":40,"column":2},"end":{"line":42,"column":null}}},"16":{"name":"(anonymous_16)","decl":{"start":{"line":41,"column":25},"end":{"line":41,"column":null}},"loc":{"start":{"line":42,"column":6},"end":{"line":42,"column":null}}}},"branchMap":{"0":{"loc":{"start":{"line":10,"column":24},"end":{"line":10,"column":40}},"type":"cond-expr","locations":[{"start":{"line":10,"column":24},"end":{"line":10,"column":40}},{"start":{"line":10,"column":40},"end":{"line":10,"column":null}}]},"1":{"loc":{"start":{"line":15,"column":9},"end":{"line":15,"column":20}},"type":"cond-expr","locations":[{"start":{"line":15,"column":9},"end":{"line":15,"column":20}},{"start":{"line":15,"column":20},"end":{"line":15,"column":null}}]},"2":{"loc":{"start":{"line":16,"column":9},"end":{"line":16,"column":24}},"type":"cond-expr","locations":[{"start":{"line":16,"column":9},"end":{"line":16,"column":24}},{"start":{"line":16,"column":24},"end":{"line":16,"column":null}}]},"3":{"loc":{"start":{"line":27,"column":4},"end":{"line":28,"column":null}},"type":"if","locations":[{"start":{"line":27,"column":4},"end":{"line":28,"column":null}},{"start":{"line":27,"column":4},"end":{"line":28,"column":null}}]},"4":{"loc":{"start":{"line":31,"column":31},"end":{"line":31,"column":64}},"type":"binary-expr","locations":[{"start":{"line":31,"column":31},"end":{"line":31,"column":64}},{"start":{"line":31,"column":64},"end":{"line":31,"column":null}}]},"5":{"loc":{"start":{"line":32,"column":31},"end":{"line":32,"column":64}},"type":"binary-expr","locations":[{"start":{"line":32,"column":31},"end":{"line":32,"column":64}},{"start":{"line":32,"column":64},"end":{"line":32,"column":null}}]}},"s":{"0":10,"1":5,"2":5,"3":5,"4":5,"5":5,"6":5,"7":5,"8":5,"9":5,"10":7,"11":66,"12":48,"13":17,"14":29,"15":29,"16":0,"17":29,"18":11,"19":18,"20":3,"21":3,"22":3,"23":17,"24":1,"25":2},"f":{"0":5,"1":5,"2":5,"3":7,"4":66,"5":48,"6":17,"7":29,"8":29,"9":11,"10":18,"11":3,"12":3,"13":3,"14":17,"15":1,"16":2},"b":{"0":[0,5],"1":[0,5],"2":[0,5],"3":[0,29],"4":[11,11],"5":[18,18]}}
,"/Users/shanebdavis/dev/art-suite-foundations/packages/art-config/source/Art.Config/index.js": {"path":"/Users/shanebdavis/dev/art-suite-foundations/packages/art-config/source/Art.Config/index.js","statementMap":{"0":{"start":{"line":4,"column":0},"end":{"line":13,"column":3}}},"fnMap":{},"branchMap":{},"s":{"0":5},"f":{},"b":{},"_coverageSchema":"1a1c01bbd47fc00a2c39e90264f33305004495a9","hash":"0ae84c99cb319d753675ac5162ba91ae7efa88a4"}
,"/Users/shanebdavis/dev/art-suite-foundations/packages/art-config/source/Art.Config/namespace.js": {"path":"/Users/shanebdavis/dev/art-suite-foundations/packages/art-config/source/Art.Config/namespace.js","statementMap":{"0":{"start":{"line":4,"column":0},"end":{"line":8,"column":2}}},"fnMap":{},"branchMap":{},"s":{"0":5},"f":{},"b":{},"_coverageSchema":"1a1c01bbd47fc00a2c39e90264f33305004495a9","hash":"be1a4384c0ee3db49674a32190bcf46178797de9"}
}
