TN:
SF:source-source/Art.Config/Config.caf
FN:1,(anonymous_0)
FNF:1
FNH:1
FNDA:5,(anonymous_0)
DA:1,10
LF:1
LH:1
BRF:0
BRH:0
end_of_record
TN:
SF:source-source/Art.Config/ConfigRegistry.caf
FN:1,(anonymous_0)
FN:1,(anonymous_1)
FN:3,(anonymous_2)
FN:10,(anonymous_3)
FN:14,(anonymous_4)
FN:16,(anonymous_5)
FNF:6
FNH:5
FNDA:5,(anonymous_0)
FNDA:5,(anonymous_1)
FNDA:5,(anonymous_2)
FNDA:10,(anonymous_3)
FNDA:5,(anonymous_4)
FNDA:0,(anonymous_5)
DA:1,10
DA:3,10
DA:10,10
DA:11,10
DA:12,5
DA:14,5
DA:17,0
LF:7
LH:6
BRDA:10,0,0,0
BRDA:10,0,1,10
BRF:2
BRH:1
end_of_record
TN:
SF:source-source/Art.Config/Configurable.coffee
FN:1,(anonymous_1)
FN:34,(anonymous_3)
FN:41,(anonymous_5)
FN:47,(anonymous_6)
FN:55,(anonymous_7)
FN:65,(anonymous_8)
FN:68,(anonymous_9)
FN:72,(anonymous_10)
FN:76,(anonymous_11)
FN:91,(anonymous_12)
FN:95,(anonymous_13)
FN:102,(anonymous_14)
FN:106,(anonymous_15)
FN:108,(anonymous_16)
FN:115,(anonymous_17)
FN:119,(anonymous_18)
FNF:16
FNH:14
FNDA:10,(anonymous_1)
FNDA:5,(anonymous_3)
FNDA:0,(anonymous_5)
FNDA:25,(anonymous_6)
FNDA:25,(anonymous_7)
FNDA:0,(anonymous_8)
FNDA:18,(anonymous_9)
FNDA:16,(anonymous_10)
FNDA:1,(anonymous_11)
FNDA:1,(anonymous_12)
FNDA:16,(anonymous_13)
FNDA:38,(anonymous_14)
FNDA:19,(anonymous_15)
FNDA:18,(anonymous_16)
FNDA:5,(anonymous_17)
FNDA:5,(anonymous_18)
DA:1,705
DA:12,5
DA:14,5
DA:16,5
DA:18,5
DA:34,5
DA:35,5
DA:37,5
DA:41,5
DA:47,5
DA:49,20
DA:51,5
DA:55,5
DA:56,25
DA:57,25
DA:58,25
DA:59,25
DA:62,20
DA:63,25
DA:65,5
DA:68,5
DA:72,5
DA:73,16
DA:74,16
DA:76,5
DA:77,1
DA:78,1
DA:79,1
DA:80,2
DA:81,1
DA:82,1
DA:85,1
DA:91,5
DA:92,1
DA:95,5
DA:96,16
DA:102,5
DA:103,38
DA:104,38
DA:106,19
DA:108,18
DA:109,54
DA:110,18
DA:115,5
DA:116,5
DA:117,5
DA:119,5
DA:121,0
DA:124,5
DA:125,5
LF:50
LH:49
BRDA:1,0,0,330
BRDA:1,0,1,10
BRDA:62,1,0,20
BRDA:62,1,1,3
BRDA:73,2,0,16
BRDA:73,2,1,0
BRDA:80,3,0,1
BRDA:80,3,1,0
BRDA:91,4,0,1
BRDA:91,4,1,0
BRDA:103,5,0,38
BRDA:103,5,1,0
BRDA:109,6,0,52
BRDA:109,6,1,2
BRF:14
BRH:10
end_of_record
TN:
SF:source-source/Art.Config/Configuration.coffee
FN:1,(anonymous_1)
FN:12,(anonymous_3)
FN:15,(anonymous_5)
FN:17,(anonymous_6)
FN:24,(anonymous_7)
FN:27,(anonymous_8)
FN:30,(anonymous_9)
FNF:7
FNH:7
FNDA:10,(anonymous_1)
FNDA:5,(anonymous_3)
FNDA:10,(anonymous_5)
FNDA:10,(anonymous_6)
FNDA:25,(anonymous_7)
FNDA:10,(anonymous_8)
FNDA:5,(anonymous_9)
DA:1,695
DA:8,5
DA:10,5
DA:12,5
DA:13,5
DA:15,10
DA:17,10
DA:19,10
DA:20,10
DA:21,0
DA:22,10
DA:24,5
DA:25,25
DA:27,5
DA:28,10
DA:30,5
DA:31,5
LF:17
LH:16
BRDA:1,0,0,325
BRDA:1,0,1,10
BRF:2
BRH:2
end_of_record
TN:
SF:source-source/Art.Config/Configure.caf
FN:1,(anonymous_0)
FN:1,(anonymous_1)
FN:3,(anonymous_2)
FN:71,(anonymous_3)
FN:91,(anonymous_4)
FN:104,(anonymous_5)
FN:124,(anonymous_6)
FN:131,(anonymous_7)
FN:144,(anonymous_8)
FN:151,(anonymous_9)
FN:155,(anonymous_10)
FN:162,(anonymous_11)
FN:163,(anonymous_12)
FN:165,(anonymous_13)
FN:167,(anonymous_14)
FN:168,(anonymous_15)
FN:171,(anonymous_16)
FN:172,(anonymous_17)
FNF:18
FNH:15
FNDA:5,(anonymous_0)
FNDA:5,(anonymous_1)
FNDA:5,(anonymous_2)
FNDA:16,(anonymous_3)
FNDA:16,(anonymous_4)
FNDA:45,(anonymous_5)
FNDA:1,(anonymous_6)
FNDA:1,(anonymous_7)
FNDA:1,(anonymous_8)
FNDA:0,(anonymous_9)
FNDA:0,(anonymous_10)
FNDA:0,(anonymous_11)
FNDA:16,(anonymous_12)
FNDA:23,(anonymous_13)
FNDA:16,(anonymous_14)
FNDA:16,(anonymous_15)
FNDA:16,(anonymous_16)
FNDA:16,(anonymous_17)
DA:1,10
DA:3,5
DA:6,5
DA:72,16
DA:74,16
DA:75,16
DA:76,16
DA:85,16
DA:87,16
DA:92,16
DA:106,45
DA:108,16
DA:109,1
DA:110,1
DA:111,1
DA:113,16
DA:115,16
DA:116,1
DA:117,1
DA:118,16
DA:120,16
DA:122,5
DA:126,1
DA:127,1
DA:128,1
DA:131,1
DA:144,1
DA:148,5
DA:152,0
DA:153,5
DA:156,0
DA:157,5
DA:162,5
DA:164,16
DA:165,23
DA:167,16
DA:168,16
DA:169,5
DA:171,16
DA:173,16
LF:40
LH:38
BRDA:72,0,0,15
BRDA:82,1,0,11
BRDA:82,1,1,5
BRDA:78,2,0,11
BRDA:78,2,1,5
BRDA:77,3,0,16
BRDA:77,3,1,15
BRDA:77,3,2,6
BRDA:78,4,0,11
BRDA:78,4,1,10
BRDA:78,4,2,1
BRDA:80,5,0,0
BRDA:80,5,1,11
BRDA:79,6,0,11
BRDA:79,6,1,11
BRDA:79,6,2,7
BRDA:108,7,0,1
BRDA:108,7,1,15
BRDA:115,8,0,1
BRDA:115,8,1,15
BRDA:118,9,0,16
BRDA:118,9,1,0
BRF:22
BRH:20
end_of_record
TN:
SF:source-source/Art.Config/Lib.caf
FN:1,(anonymous_0)
FN:1,(anonymous_1)
FN:26,(anonymous_2)
FN:31,(anonymous_3)
FN:38,(anonymous_4)
FN:41,(anonymous_5)
FN:44,(anonymous_6)
FN:62,(anonymous_7)
FN:66,(anonymous_8)
FN:74,(anonymous_9)
FN:75,(anonymous_10)
FNF:11
FNH:11
FNDA:5,(anonymous_0)
FNDA:5,(anonymous_1)
FNDA:5,(anonymous_2)
FNDA:16,(anonymous_3)
FNDA:22,(anonymous_4)
FNDA:22,(anonymous_5)
FNDA:2,(anonymous_6)
FNDA:3,(anonymous_7)
FNDA:647,(anonymous_8)
FNDA:31,(anonymous_9)
FNDA:31,(anonymous_10)
DA:1,10
DA:2,5
DA:26,5
DA:31,16
DA:35,5
DA:38,22
DA:39,22
DA:41,22
DA:42,1
DA:43,2
DA:44,2
DA:45,0
DA:47,0
DA:56,0
DA:60,22
DA:63,3
DA:66,647
DA:68,5
DA:74,31
DA:75,31
DA:76,1
DA:77,1
DA:78,29
LF:23
LH:20
BRDA:33,0,0,10
BRDA:33,0,1,6
BRDA:32,1,0,16
BRDA:32,1,1,12
BRDA:35,2,0,5
BRDA:35,2,1,1
BRDA:38,3,0,16
BRDA:42,4,0,1
BRDA:42,4,1,2
BRDA:42,4,2,19
BRDA:65,5,0,0
BRDA:65,5,1,3
BRDA:75,6,0,1
BRDA:75,6,1,1
BRDA:75,6,2,29
BRDA:78,7,0,29
BRDA:78,7,1,24
BRF:17
BRH:16
end_of_record
TN:
SF:source-source/Art.Config/PublicLib.caf
FN:1,(anonymous_0)
FN:1,(anonymous_1)
FN:10,(anonymous_2)
FN:20,(anonymous_3)
FN:21,(anonymous_4)
FN:22,(anonymous_5)
FN:23,(anonymous_6)
FN:24,(anonymous_7)
FN:26,(anonymous_8)
FN:31,(anonymous_9)
FN:32,(anonymous_10)
FN:34,(anonymous_11)
FN:35,(anonymous_12)
FN:36,(anonymous_13)
FN:38,(anonymous_14)
FN:40,(anonymous_15)
FN:42,(anonymous_16)
FNF:17
FNH:15
FNDA:5,(anonymous_0)
FNDA:5,(anonymous_1)
FNDA:5,(anonymous_2)
FNDA:6,(anonymous_3)
FNDA:59,(anonymous_4)
FNDA:48,(anonymous_5)
FNDA:16,(anonymous_6)
FNDA:29,(anonymous_7)
FNDA:29,(anonymous_8)
FNDA:11,(anonymous_9)
FNDA:18,(anonymous_10)
FNDA:3,(anonymous_11)
FNDA:3,(anonymous_12)
FNDA:3,(anonymous_13)
FNDA:16,(anonymous_14)
FNDA:0,(anonymous_15)
FNDA:0,(anonymous_16)
DA:1,10
DA:5,5
DA:7,5
DA:8,5
DA:10,5
DA:14,5
DA:15,5
DA:16,5
DA:20,6
DA:21,59
DA:22,48
DA:23,16
DA:24,29
DA:27,29
DA:28,29
DA:31,11
DA:32,18
DA:34,3
DA:35,3
DA:36,3
DA:38,16
DA:41,0
DA:42,0
LF:23
LH:21
BRDA:10,0,0,0
BRDA:10,0,1,5
BRDA:15,1,0,0
BRDA:15,1,1,5
BRDA:16,2,0,0
BRDA:16,2,1,5
BRDA:27,3,0,0
BRDA:27,3,1,29
BRDA:31,4,0,11
BRDA:31,4,1,11
BRDA:32,5,0,18
BRDA:32,5,1,18
BRDA:44,6,0,0
BRDA:44,6,1,0
BRF:14
BRH:8
end_of_record
TN:
SF:source/Art.Config/index.js
FNF:0
FNH:0
DA:4,5
LF:1
LH:1
BRF:0
BRH:0
end_of_record
TN:
SF:source/Art.Config/namespace.js
FNF:0
FNH:0
DA:4,5
LF:1
LH:1
BRF:0
BRH:0
end_of_record
