TN:
SF:source-source/Art.Config/Config.caf
FN:1,(anonymous_0)
FNF:1
FNH:1
FNDA:4,(anonymous_0)
DA:1,8
LF:1
LH:1
BRF:0
BRH:0
end_of_record
TN:
SF:source-source/Art.Config/ConfigRegistry.caf
FN:1,(anonymous_0)
FN:1,(anonymous_1)
FN:3,(anonymous_2)
FN:10,(anonymous_3)
FN:14,(anonymous_4)
FN:16,(anonymous_5)
FNF:6
FNH:5
FNDA:4,(anonymous_0)
FNDA:4,(anonymous_1)
FNDA:4,(anonymous_2)
FNDA:7,(anonymous_3)
FNDA:4,(anonymous_4)
FNDA:0,(anonymous_5)
DA:1,8
DA:3,8
DA:10,7
DA:11,7
DA:12,4
DA:14,4
DA:17,0
LF:7
LH:6
BRDA:10,0,0,0
BRDA:10,0,1,7
BRF:2
BRH:1
end_of_record
TN:
SF:source-source/Art.Config/Configurable.coffee
FN:1,(anonymous_1)
FN:34,(anonymous_3)
FN:41,(anonymous_5)
FN:47,(anonymous_6)
FN:55,(anonymous_7)
FN:65,(anonymous_8)
FN:68,(anonymous_9)
FN:72,(anonymous_10)
FN:76,(anonymous_11)
FN:91,(anonymous_12)
FN:95,(anonymous_13)
FN:102,(anonymous_14)
FN:106,(anonymous_15)
FN:108,(anonymous_16)
FN:115,(anonymous_17)
FN:119,(anonymous_18)
FNF:16
FNH:13
FNDA:8,(anonymous_1)
FNDA:4,(anonymous_3)
FNDA:0,(anonymous_5)
FNDA:18,(anonymous_6)
FNDA:18,(anonymous_7)
FNDA:0,(anonymous_8)
FNDA:12,(anonymous_9)
FNDA:11,(anonymous_10)
FNDA:0,(anonymous_11)
FNDA:1,(anonymous_12)
FNDA:11,(anonymous_13)
FNDA:26,(anonymous_14)
FNDA:12,(anonymous_15)
FNDA:13,(anonymous_16)
FNDA:4,(anonymous_17)
FNDA:4,(anonymous_18)
DA:1,564
DA:12,4
DA:14,4
DA:16,4
DA:18,4
DA:34,4
DA:35,4
DA:37,4
DA:41,4
DA:47,4
DA:49,14
DA:51,4
DA:55,4
DA:56,18
DA:57,18
DA:58,18
DA:59,18
DA:62,14
DA:63,18
DA:65,4
DA:68,4
DA:72,4
DA:73,11
DA:74,11
DA:76,4
DA:77,0
DA:78,0
DA:79,0
DA:80,0
DA:81,0
DA:82,0
DA:85,0
DA:91,4
DA:92,1
DA:95,4
DA:96,11
DA:102,4
DA:103,26
DA:104,26
DA:106,12
DA:108,13
DA:109,39
DA:110,13
DA:115,4
DA:116,4
DA:117,4
DA:119,4
DA:121,0
DA:124,4
DA:125,4
LF:50
LH:42
BRDA:1,0,0,264
BRDA:1,0,1,8
BRDA:62,1,0,14
BRDA:62,1,1,2
BRDA:73,2,0,11
BRDA:73,2,1,0
BRDA:80,3,0,0
BRDA:80,3,1,0
BRDA:91,4,0,1
BRDA:91,4,1,0
BRDA:103,5,0,26
BRDA:103,5,1,0
BRDA:109,6,0,37
BRDA:109,6,1,2
BRF:14
BRH:9
end_of_record
TN:
SF:source-source/Art.Config/Configuration.coffee
FN:1,(anonymous_1)
FN:12,(anonymous_3)
FN:15,(anonymous_5)
FN:17,(anonymous_6)
FN:24,(anonymous_7)
FN:27,(anonymous_8)
FN:30,(anonymous_9)
FNF:7
FNH:7
FNDA:8,(anonymous_1)
FNDA:4,(anonymous_3)
FNDA:7,(anonymous_5)
FNDA:7,(anonymous_6)
FNDA:18,(anonymous_7)
FNDA:7,(anonymous_8)
FNDA:4,(anonymous_9)
DA:1,556
DA:8,4
DA:10,4
DA:12,4
DA:13,4
DA:15,7
DA:17,7
DA:19,7
DA:20,7
DA:21,0
DA:22,7
DA:24,4
DA:25,18
DA:27,4
DA:28,7
DA:30,4
DA:31,4
LF:17
LH:16
BRDA:1,0,0,260
BRDA:1,0,1,8
BRF:2
BRH:2
end_of_record
TN:
SF:source-source/Art.Config/Configure.caf
FN:1,(anonymous_0)
FN:1,(anonymous_1)
FN:3,(anonymous_2)
FN:71,(anonymous_3)
FN:93,(anonymous_4)
FN:106,(anonymous_5)
FN:128,(anonymous_6)
FN:135,(anonymous_7)
FN:148,(anonymous_8)
FN:155,(anonymous_9)
FN:159,(anonymous_10)
FN:166,(anonymous_11)
FN:167,(anonymous_12)
FN:167,(anonymous_13)
FN:169,(anonymous_14)
FN:170,(anonymous_15)
FN:173,(anonymous_16)
FN:174,(anonymous_17)
FNF:18
FNH:12
FNDA:4,(anonymous_0)
FNDA:4,(anonymous_1)
FNDA:4,(anonymous_2)
FNDA:11,(anonymous_3)
FNDA:11,(anonymous_4)
FNDA:33,(anonymous_5)
FNDA:0,(anonymous_6)
FNDA:0,(anonymous_7)
FNDA:0,(anonymous_8)
FNDA:0,(anonymous_9)
FNDA:0,(anonymous_10)
FNDA:0,(anonymous_11)
FNDA:11,(anonymous_12)
FNDA:18,(anonymous_13)
FNDA:11,(anonymous_14)
FNDA:11,(anonymous_15)
FNDA:11,(anonymous_16)
FNDA:11,(anonymous_17)
DA:1,8
DA:3,4
DA:6,4
DA:72,11
DA:74,11
DA:75,11
DA:76,11
DA:78,11
DA:87,11
DA:89,11
DA:94,11
DA:108,33
DA:110,11
DA:111,11
DA:112,11
DA:113,0
DA:114,0
DA:115,0
DA:117,11
DA:119,11
DA:120,0
DA:121,0
DA:122,11
DA:124,11
DA:126,4
DA:130,0
DA:131,0
DA:132,0
DA:135,0
DA:148,0
DA:152,4
DA:156,0
DA:157,4
DA:160,0
DA:161,4
DA:166,4
DA:167,18
DA:169,11
DA:170,11
DA:171,4
DA:173,11
DA:175,11
LF:42
LH:30
BRDA:79,0,0,8
BRDA:79,0,1,3
BRDA:78,1,0,11
BRDA:78,1,1,10
BRDA:78,1,2,4
BRDA:79,2,0,8
BRDA:79,2,1,7
BRDA:79,2,2,1
BRDA:81,3,0,0
BRDA:81,3,1,8
BRDA:80,4,0,8
BRDA:80,4,1,8
BRDA:80,4,2,5
BRDA:111,5,0,11
BRDA:111,5,1,11
BRDA:111,6,0,11
BRDA:111,6,1,11
BRDA:112,7,0,0
BRDA:112,7,1,11
BRDA:119,8,0,0
BRDA:119,8,1,11
BRDA:122,9,0,11
BRDA:122,9,1,0
BRF:23
BRH:19
end_of_record
TN:
SF:source-source/Art.Config/Lib.caf
FN:1,(anonymous_0)
FN:1,(anonymous_1)
FN:26,(anonymous_2)
FN:31,(anonymous_3)
FN:38,(anonymous_4)
FN:41,(anonymous_5)
FN:44,(anonymous_6)
FN:62,(anonymous_7)
FN:66,(anonymous_8)
FN:74,(anonymous_9)
FN:75,(anonymous_10)
FNF:11
FNH:11
FNDA:4,(anonymous_0)
FNDA:4,(anonymous_1)
FNDA:4,(anonymous_2)
FNDA:16,(anonymous_3)
FNDA:16,(anonymous_4)
FNDA:16,(anonymous_5)
FNDA:2,(anonymous_6)
FNDA:3,(anonymous_7)
FNDA:367,(anonymous_8)
FNDA:23,(anonymous_9)
FNDA:23,(anonymous_10)
DA:1,8
DA:2,4
DA:26,4
DA:31,16
DA:35,4
DA:38,16
DA:39,16
DA:41,16
DA:42,1
DA:43,2
DA:44,2
DA:45,0
DA:47,0
DA:56,0
DA:60,16
DA:63,3
DA:66,367
DA:68,4
DA:74,23
DA:75,23
DA:76,1
DA:77,1
DA:78,21
LF:23
LH:20
BRDA:33,0,0,10
BRDA:33,0,1,6
BRDA:32,1,0,16
BRDA:32,1,1,12
BRDA:35,2,0,5
BRDA:35,2,1,1
BRDA:38,3,0,10
BRDA:42,4,0,1
BRDA:42,4,1,2
BRDA:42,4,2,13
BRDA:65,5,0,0
BRDA:65,5,1,3
BRDA:75,6,0,1
BRDA:75,6,1,1
BRDA:75,6,2,21
BRDA:78,7,0,21
BRDA:78,7,1,18
BRF:17
BRH:16
end_of_record
TN:
SF:source-source/Art.Config/PublicLib.caf
FN:1,(anonymous_0)
FN:1,(anonymous_1)
FN:14,(anonymous_2)
FN:15,(anonymous_3)
FN:16,(anonymous_4)
FN:17,(anonymous_5)
FN:19,(anonymous_6)
FN:21,(anonymous_7)
FN:23,(anonymous_8)
FNF:9
FNH:6
FNDA:4,(anonymous_0)
FNDA:4,(anonymous_1)
FNDA:0,(anonymous_2)
FNDA:44,(anonymous_3)
FNDA:6,(anonymous_4)
FNDA:11,(anonymous_5)
FNDA:11,(anonymous_6)
FNDA:0,(anonymous_7)
FNDA:0,(anonymous_8)
DA:1,8
DA:5,4
DA:7,4
DA:8,4
DA:11,4
DA:14,0
DA:15,44
DA:16,6
DA:17,11
DA:19,11
DA:22,0
DA:23,0
LF:12
LH:9
BRDA:7,0,0,0
BRDA:7,0,1,4
BRDA:8,1,0,0
BRDA:8,1,1,4
BRDA:9,2,0,0
BRDA:9,2,1,4
BRDA:25,3,0,0
BRDA:25,3,1,0
BRF:8
BRH:3
end_of_record
TN:
SF:source/Art.Config/index.js
FNF:0
FNH:0
DA:4,4
LF:1
LH:1
BRF:0
BRH:0
end_of_record
TN:
SF:source/Art.Config/namespace.js
FNF:0
FNH:0
DA:4,4
LF:1
LH:1
BRF:0
BRH:0
end_of_record
