<?xml version="1.0" encoding="UTF-8"?>
<coverage generated="1594671692582" clover="3.2.0">
  <project timestamp="1594671692582" name="All files">
    <metrics statements="156" coveredstatements="139" conditionals="110" coveredconditionals="86" methods="61" coveredmethods="56" elements="327" coveredelements="281" complexity="0" loc="156" ncloc="156" packages="2" files="9" classes="9"/>
    <package name="ArtSuite.Cli">
      <metrics statements="146" coveredstatements="129" conditionals="108" coveredconditionals="84" methods="55" coveredmethods="50"/>
      <file name="Cli.js" path="/Users/shanebdavis/dev/art-suite-foundations/packages/art-suite/cli/source/ArtSuite.Cli/Cli.js">
        <metrics statements="3" coveredstatements="3" conditionals="0" coveredconditionals="0" methods="1" coveredmethods="1"/>
        <line num="2" count="4" type="stmt"/>
        <line num="3" count="4" type="stmt"/>
        <line num="4" count="4" type="stmt"/>
      </file>
      <file name="Help.js" path="/Users/shanebdavis/dev/art-suite-foundations/packages/art-suite/cli/source/ArtSuite.Cli/Help.js">
        <metrics statements="58" coveredstatements="53" conditionals="56" coveredconditionals="42" methods="21" coveredmethods="20"/>
        <line num="2" count="4" type="stmt"/>
        <line num="3" count="4" type="stmt"/>
        <line num="4" count="4" type="stmt"/>
        <line num="35" count="4" type="stmt"/>
        <line num="40" count="4" type="stmt"/>
        <line num="41" count="4" type="stmt"/>
        <line num="42" count="32" type="stmt"/>
        <line num="46" count="4" type="stmt"/>
        <line num="48" count="30" type="stmt"/>
        <line num="51" count="4" type="stmt"/>
        <line num="55" count="10" type="stmt"/>
        <line num="56" count="10" type="stmt"/>
        <line num="61" count="4" type="stmt"/>
        <line num="63" count="3" type="cond" truecount="2" falsecount="2"/>
        <line num="65" count="1" type="stmt"/>
        <line num="66" count="1" type="stmt"/>
        <line num="68" count="2" type="stmt"/>
        <line num="69" count="2" type="stmt"/>
        <line num="71" count="0" type="stmt"/>
        <line num="72" count="0" type="stmt"/>
        <line num="74" count="0" type="stmt"/>
        <line num="75" count="0" type="stmt"/>
        <line num="79" count="3" type="stmt"/>
        <line num="89" count="4" type="stmt"/>
        <line num="90" count="18" type="stmt"/>
        <line num="91" count="18" type="stmt"/>
        <line num="95" count="7" type="stmt"/>
        <line num="98" count="7" type="stmt"/>
        <line num="101" count="4" type="stmt"/>
        <line num="103" count="36" type="cond" truecount="2" falsecount="0"/>
        <line num="110" count="7" type="stmt"/>
        <line num="112" count="7" type="stmt"/>
        <line num="113" count="7" type="cond" truecount="2" falsecount="0"/>
        <line num="114" count="5" type="stmt"/>
        <line num="116" count="7" type="stmt"/>
        <line num="118" count="7" type="stmt"/>
        <line num="127" count="4" type="stmt"/>
        <line num="132" count="8" type="stmt"/>
        <line num="139" count="3" type="stmt"/>
        <line num="152" count="2" type="stmt"/>
        <line num="154" count="4" type="stmt"/>
        <line num="155" count="4" type="stmt"/>
        <line num="156" count="4" type="stmt"/>
        <line num="166" count="0" type="stmt"/>
        <line num="178" count="4" type="stmt"/>
        <line num="180" count="2" type="stmt"/>
        <line num="187" count="4" type="stmt"/>
        <line num="189" count="11" type="cond" truecount="1" falsecount="1"/>
        <line num="190" count="11" type="stmt"/>
        <line num="191" count="11" type="stmt"/>
        <line num="192" count="23" type="stmt"/>
        <line num="195" count="11" type="stmt"/>
        <line num="196" count="11" type="stmt"/>
        <line num="198" count="11" type="stmt"/>
        <line num="202" count="23" type="stmt"/>
        <line num="207" count="10" type="stmt"/>
        <line num="212" count="4" type="stmt"/>
        <line num="213" count="4" type="stmt"/>
      </file>
      <file name="Main.js" path="/Users/shanebdavis/dev/art-suite-foundations/packages/art-suite/cli/source/ArtSuite.Cli/Main.js">
        <metrics statements="10" coveredstatements="10" conditionals="14" coveredconditionals="10" methods="6" coveredmethods="6"/>
        <line num="2" count="4" type="stmt"/>
        <line num="3" count="4" type="stmt"/>
        <line num="4" count="4" type="stmt"/>
        <line num="9" count="4" type="stmt"/>
        <line num="14" count="4" type="stmt"/>
        <line num="23" count="6" type="stmt"/>
        <line num="24" count="6" type="stmt"/>
        <line num="34" count="6" type="stmt"/>
        <line num="35" count="6" type="cond" truecount="4" falsecount="0"/>
        <line num="54" count="6" type="cond" truecount="2" falsecount="0"/>
      </file>
      <file name="Parse.js" path="/Users/shanebdavis/dev/art-suite-foundations/packages/art-suite/cli/source/ArtSuite.Cli/Parse.js">
        <metrics statements="53" coveredstatements="47" conditionals="24" coveredconditionals="23" methods="17" coveredmethods="15"/>
        <line num="2" count="4" type="stmt"/>
        <line num="3" count="4" type="stmt"/>
        <line num="4" count="4" type="stmt"/>
        <line num="9" count="4" type="stmt"/>
        <line num="14" count="4" type="stmt"/>
        <line num="15" count="4" type="stmt"/>
        <line num="16" count="4" type="stmt"/>
        <line num="17" count="4" type="stmt"/>
        <line num="18" count="4" type="stmt"/>
        <line num="20" count="25" type="stmt"/>
        <line num="21" count="25" type="stmt"/>
        <line num="22" count="25" type="stmt"/>
        <line num="26" count="47" type="cond" truecount="2" falsecount="0"/>
        <line num="32" count="30" type="cond" truecount="5" falsecount="0"/>
        <line num="34" count="1" type="stmt"/>
        <line num="36" count="1" type="stmt"/>
        <line num="38" count="1" type="stmt"/>
        <line num="42" count="7" type="stmt"/>
        <line num="43" count="7" type="stmt"/>
        <line num="44" count="7" type="cond" truecount="3" falsecount="1"/>
        <line num="46" count="3" type="stmt"/>
        <line num="48" count="1" type="stmt"/>
        <line num="49" count="1" type="stmt"/>
        <line num="50" count="1" type="stmt"/>
        <line num="52" count="0" type="stmt"/>
        <line num="53" count="0" type="stmt"/>
        <line num="62" count="0" type="stmt"/>
        <line num="63" count="0" type="stmt"/>
        <line num="68" count="3" type="stmt"/>
        <line num="69" count="3" type="stmt"/>
        <line num="70" count="3" type="stmt"/>
        <line num="72" count="1" type="stmt"/>
        <line num="73" count="1" type="stmt"/>
        <line num="81" count="1" type="stmt"/>
        <line num="82" count="1" type="stmt"/>
        <line num="87" count="0" type="stmt"/>
        <line num="88" count="0" type="stmt"/>
        <line num="99" count="20" type="stmt"/>
        <line num="107" count="24" type="stmt"/>
        <line num="110" count="16" type="stmt"/>
        <line num="111" count="16" type="cond" truecount="3" falsecount="0"/>
        <line num="113" count="3" type="stmt"/>
        <line num="115" count="11" type="stmt"/>
        <line num="117" count="2" type="stmt"/>
        <line num="123" count="4" type="stmt"/>
        <line num="125" count="13" type="cond" truecount="2" falsecount="0"/>
        <line num="129" count="4" type="stmt"/>
        <line num="131" count="13" type="stmt"/>
        <line num="132" count="13" type="stmt"/>
        <line num="143" count="4" type="stmt"/>
        <line num="145" count="8" type="stmt"/>
        <line num="146" count="8" type="stmt"/>
        <line num="151" count="8" type="stmt"/>
      </file>
      <file name="StandardImport.js" path="/Users/shanebdavis/dev/art-suite-foundations/packages/art-suite/cli/source/ArtSuite.Cli/StandardImport.js">
        <metrics statements="3" coveredstatements="3" conditionals="0" coveredconditionals="0" methods="1" coveredmethods="1"/>
        <line num="2" count="4" type="stmt"/>
        <line num="3" count="4" type="stmt"/>
        <line num="4" count="4" type="stmt"/>
      </file>
      <file name="Util.js" path="/Users/shanebdavis/dev/art-suite-foundations/packages/art-suite/cli/source/ArtSuite.Cli/Util.js">
        <metrics statements="17" coveredstatements="11" conditionals="14" coveredconditionals="9" methods="9" coveredmethods="7"/>
        <line num="2" count="4" type="stmt"/>
        <line num="3" count="4" type="stmt"/>
        <line num="4" count="4" type="stmt"/>
        <line num="9" count="4" type="stmt"/>
        <line num="11" count="15" type="cond" truecount="2" falsecount="0"/>
        <line num="16" count="10" type="stmt"/>
        <line num="19" count="11" type="cond" truecount="2" falsecount="0"/>
        <line num="23" count="2" type="stmt"/>
        <line num="30" count="11" type="stmt"/>
        <line num="32" count="8" type="cond" truecount="1" falsecount="1"/>
        <line num="33" count="0" type="stmt"/>
        <line num="36" count="0" type="cond" truecount="0" falsecount="2"/>
        <line num="39" count="0" type="stmt"/>
        <line num="41" count="0" type="stmt"/>
        <line num="42" count="0" type="cond" truecount="0" falsecount="2"/>
        <line num="45" count="0" type="stmt"/>
        <line num="53" count="8" type="stmt"/>
      </file>
      <file name="index.js" path="/Users/shanebdavis/dev/art-suite-foundations/packages/art-suite/cli/source/ArtSuite.Cli/index.js">
        <metrics statements="1" coveredstatements="1" conditionals="0" coveredconditionals="0" methods="0" coveredmethods="0"/>
        <line num="4" count="4" type="stmt"/>
      </file>
      <file name="namespace.js" path="/Users/shanebdavis/dev/art-suite-foundations/packages/art-suite/cli/source/ArtSuite.Cli/namespace.js">
        <metrics statements="1" coveredstatements="1" conditionals="0" coveredconditionals="0" methods="0" coveredmethods="0"/>
        <line num="4" count="4" type="stmt"/>
      </file>
    </package>
    <package name="jest">
      <metrics statements="10" coveredstatements="10" conditionals="2" coveredconditionals="2" methods="6" coveredmethods="6"/>
      <file name="StandardImport.js" path="/Users/shanebdavis/dev/art-suite-foundations/packages/art-suite/cli/source/jest/StandardImport.js">
        <metrics statements="10" coveredstatements="10" conditionals="2" coveredconditionals="2" methods="6" coveredmethods="6"/>
        <line num="2" count="4" type="stmt"/>
        <line num="3" count="4" type="stmt"/>
        <line num="4" count="4" type="stmt"/>
        <line num="9" count="4" type="stmt"/>
        <line num="14" count="6" type="stmt"/>
        <line num="15" count="19" type="cond" truecount="2" falsecount="0"/>
        <line num="17" count="16" type="stmt"/>
        <line num="18" count="16" type="stmt"/>
        <line num="20" count="3" type="stmt"/>
        <line num="22" count="6" type="stmt"/>
      </file>
    </package>
  </project>
</coverage>
