<?xml version="1.0" encoding="UTF-8"?>
<coverage generated="1609699863249" clover="3.2.0">
  <project timestamp="1609699863249" name="All files">
    <metrics statements="115" coveredstatements="93" conditionals="137" coveredconditionals="104" methods="73" coveredmethods="55" elements="325" coveredelements="252" complexity="0" loc="115" ncloc="115" packages="3" files="9" classes="9"/>
    <package name="source-source">
      <metrics statements="11" coveredstatements="0" conditionals="8" coveredconditionals="0" methods="11" coveredmethods="0"/>
      <file name="demo.caf" path="/Users/shanebdavis/dev/art-suite-foundations/packages/@art-suite/cli/source-source/demo.caf">
        <metrics statements="11" coveredstatements="0" conditionals="8" coveredconditionals="0" methods="11" coveredmethods="0"/>
        <line num="1" count="0" type="stmt"/>
        <line num="3" count="0" type="stmt"/>
        <line num="14" count="0" type="stmt"/>
        <line num="18" count="0" type="stmt"/>
        <line num="21" count="0" type="stmt"/>
        <line num="27" count="0" type="cond" truecount="0" falsecount="4"/>
        <line num="36" count="0" type="stmt"/>
        <line num="38" count="0" type="stmt"/>
        <line num="74" count="0" type="stmt"/>
        <line num="76" count="0" type="stmt"/>
        <line num="78" count="0" type="stmt"/>
      </file>
    </package>
    <package name="source-source.ArtSuite.Cli">
      <metrics statements="102" coveredstatements="91" conditionals="129" coveredconditionals="104" methods="62" coveredmethods="55"/>
      <file name="Cli.caf" path="/Users/shanebdavis/dev/art-suite-foundations/packages/@art-suite/cli/source-source/ArtSuite.Cli/Cli.caf">
        <metrics statements="1" coveredstatements="1" conditionals="0" coveredconditionals="0" methods="1" coveredmethods="1"/>
        <line num="1" count="8" type="stmt"/>
      </file>
      <file name="Help.caf" path="/Users/shanebdavis/dev/art-suite-foundations/packages/@art-suite/cli/source-source/ArtSuite.Cli/Help.caf">
        <metrics statements="37" coveredstatements="34" conditionals="58" coveredconditionals="43" methods="26" coveredmethods="23"/>
        <line num="1" count="8" type="stmt"/>
        <line num="3" count="4" type="stmt"/>
        <line num="4" count="4" type="stmt"/>
        <line num="6" count="32" type="stmt"/>
        <line num="11" count="4" type="stmt"/>
        <line num="12" count="30" type="stmt"/>
        <line num="15" count="10" type="stmt"/>
        <line num="18" count="4" type="stmt"/>
        <line num="21" count="3" type="cond" truecount="2" falsecount="2"/>
        <line num="22" count="1" type="stmt"/>
        <line num="23" count="2" type="cond" truecount="2" falsecount="0"/>
        <line num="24" count="0" type="stmt"/>
        <line num="26" count="0" type="stmt"/>
        <line num="27" count="3" type="stmt"/>
        <line num="36" count="4" type="stmt"/>
        <line num="39" count="18" type="stmt"/>
        <line num="43" count="7" type="stmt"/>
        <line num="44" count="7" type="stmt"/>
        <line num="45" count="4" type="stmt"/>
        <line num="47" count="36" type="stmt"/>
        <line num="50" count="19" type="cond" truecount="3" falsecount="1"/>
        <line num="53" count="4" type="cond" truecount="3" falsecount="1"/>
        <line num="55" count="8" type="stmt"/>
        <line num="65" count="3" type="cond" truecount="1" falsecount="1"/>
        <line num="68" count="3" type="cond" truecount="2" falsecount="0"/>
        <line num="71" count="3" type="stmt"/>
        <line num="77" count="8" type="cond" truecount="1" falsecount="1"/>
        <line num="83" count="0" type="stmt"/>
        <line num="90" count="6" type="stmt"/>
        <line num="123" count="11" type="cond" truecount="1" falsecount="1"/>
        <line num="125" count="23" type="stmt"/>
        <line num="127" count="11" type="stmt"/>
        <line num="128" count="11" type="cond" truecount="2" falsecount="0"/>
        <line num="134" count="23" type="cond" truecount="1" falsecount="1"/>
        <line num="139" count="10" type="stmt"/>
        <line num="140" count="4" type="stmt"/>
        <line num="144" count="4" type="stmt"/>
      </file>
      <file name="Main.caf" path="/Users/shanebdavis/dev/art-suite-foundations/packages/@art-suite/cli/source-source/ArtSuite.Cli/Main.caf">
        <metrics statements="9" coveredstatements="9" conditionals="16" coveredconditionals="13" methods="6" coveredmethods="6"/>
        <line num="1" count="8" type="stmt"/>
        <line num="3" count="8" type="stmt"/>
        <line num="24" count="8" type="cond" truecount="2" falsecount="0"/>
        <line num="25" count="8" type="cond" truecount="1" falsecount="1"/>
        <line num="26" count="8" type="stmt"/>
        <line num="28" count="8" type="stmt"/>
        <line num="31" count="8" type="stmt"/>
        <line num="34" count="8" type="cond" truecount="2" falsecount="0"/>
        <line num="49" count="8" type="cond" truecount="2" falsecount="0"/>
      </file>
      <file name="Parse.caf" path="/Users/shanebdavis/dev/art-suite-foundations/packages/@art-suite/cli/source-source/ArtSuite.Cli/Parse.caf">
        <metrics statements="38" coveredstatements="34" conditionals="24" coveredconditionals="23" methods="17" coveredmethods="15"/>
        <line num="1" count="8" type="stmt"/>
        <line num="3" count="4" type="stmt"/>
        <line num="4" count="4" type="stmt"/>
        <line num="5" count="4" type="stmt"/>
        <line num="6" count="4" type="stmt"/>
        <line num="8" count="4" type="stmt"/>
        <line num="24" count="27" type="stmt"/>
        <line num="25" count="27" type="stmt"/>
        <line num="26" count="50" type="stmt"/>
        <line num="31" count="33" type="cond" truecount="5" falsecount="0"/>
        <line num="32" count="1" type="stmt"/>
        <line num="33" count="1" type="stmt"/>
        <line num="34" count="1" type="stmt"/>
        <line num="36" count="7" type="stmt"/>
        <line num="37" count="7" type="cond" truecount="3" falsecount="1"/>
        <line num="38" count="3" type="stmt"/>
        <line num="40" count="1" type="stmt"/>
        <line num="41" count="1" type="stmt"/>
        <line num="43" count="0" type="stmt"/>
        <line num="49" count="0" type="stmt"/>
        <line num="50" count="0" type="stmt"/>
        <line num="52" count="3" type="stmt"/>
        <line num="53" count="3" type="stmt"/>
        <line num="55" count="1" type="stmt"/>
        <line num="60" count="1" type="stmt"/>
        <line num="62" count="1" type="stmt"/>
        <line num="64" count="0" type="stmt"/>
        <line num="65" count="26" type="stmt"/>
        <line num="70" count="32" type="cond" truecount="3" falsecount="0"/>
        <line num="71" count="3" type="stmt"/>
        <line num="72" count="11" type="stmt"/>
        <line num="73" count="4" type="stmt"/>
        <line num="75" count="15" type="stmt"/>
        <line num="77" count="4" type="cond" truecount="2" falsecount="0"/>
        <line num="80" count="15" type="stmt"/>
        <line num="85" count="4" type="cond" truecount="2" falsecount="0"/>
        <line num="88" count="10" type="stmt"/>
        <line num="89" count="10" type="stmt"/>
      </file>
      <file name="StandardImport.caf" path="/Users/shanebdavis/dev/art-suite-foundations/packages/@art-suite/cli/source-source/ArtSuite.Cli/StandardImport.caf">
        <metrics statements="1" coveredstatements="1" conditionals="0" coveredconditionals="0" methods="1" coveredmethods="1"/>
        <line num="1" count="8" type="stmt"/>
      </file>
      <file name="Util.caf" path="/Users/shanebdavis/dev/art-suite-foundations/packages/@art-suite/cli/source-source/ArtSuite.Cli/Util.caf">
        <metrics statements="16" coveredstatements="12" conditionals="31" coveredconditionals="25" methods="11" coveredmethods="9"/>
        <line num="1" count="8" type="stmt"/>
        <line num="2" count="4" type="stmt"/>
        <line num="6" count="202" type="cond" truecount="1" falsecount="0"/>
        <line num="12" count="141" type="stmt"/>
        <line num="30" count="29" type="stmt"/>
        <line num="32" count="12" type="cond" truecount="1" falsecount="1"/>
        <line num="33" count="0" type="stmt"/>
        <line num="34" count="12" type="stmt"/>
        <line num="35" count="13" type="cond" truecount="2" falsecount="0"/>
        <line num="39" count="2" type="cond" truecount="2" falsecount="0"/>
        <line num="45" count="13" type="stmt"/>
        <line num="47" count="10" type="cond" truecount="1" falsecount="1"/>
        <line num="48" count="0" type="stmt"/>
        <line num="49" count="0" type="cond" truecount="0" falsecount="2"/>
        <line num="51" count="0" type="stmt"/>
        <line num="55" count="10" type="stmt"/>
      </file>
    </package>
    <package name="source.ArtSuite.Cli">
      <metrics statements="2" coveredstatements="2" conditionals="0" coveredconditionals="0" methods="0" coveredmethods="0"/>
      <file name="index.js" path="/Users/shanebdavis/dev/art-suite-foundations/packages/@art-suite/cli/source/ArtSuite.Cli/index.js">
        <metrics statements="1" coveredstatements="1" conditionals="0" coveredconditionals="0" methods="0" coveredmethods="0"/>
        <line num="4" count="4" type="stmt"/>
      </file>
      <file name="namespace.js" path="/Users/shanebdavis/dev/art-suite-foundations/packages/@art-suite/cli/source/ArtSuite.Cli/namespace.js">
        <metrics statements="1" coveredstatements="1" conditionals="0" coveredconditionals="0" methods="0" coveredmethods="0"/>
        <line num="4" count="4" type="stmt"/>
      </file>
    </package>
  </project>
</coverage>
