TN:
SF:source-source/demo.caf
FN:1,(anonymous_0)
FN:1,(anonymous_1)
FN:14,(anonymous_2)
FN:18,(anonymous_3)
FN:21,(anonymous_4)
FN:27,(anonymous_5)
FN:36,(anonymous_6)
FN:38,(anonymous_7)
FN:74,(anonymous_8)
FN:75,(anonymous_9)
FN:77,(anonymous_10)
FNF:11
FNH:0
FNDA:0,(anonymous_0)
FNDA:0,(anonymous_1)
FNDA:0,(anonymous_2)
FNDA:0,(anonymous_3)
FNDA:0,(anonymous_4)
FNDA:0,(anonymous_5)
FNDA:0,(anonymous_6)
FNDA:0,(anonymous_7)
FNDA:0,(anonymous_8)
FNDA:0,(anonymous_9)
FNDA:0,(anonymous_10)
DA:1,0
DA:3,0
DA:14,0
DA:18,0
DA:21,0
DA:27,0
DA:36,0
DA:38,0
DA:74,0
DA:76,0
DA:78,0
LF:11
LH:0
BRDA:27,0,0,0
BRDA:27,0,1,0
BRDA:27,1,0,0
BRDA:27,1,1,0
BRDA:41,2,0,0
BRDA:41,2,1,0
BRDA:42,3,0,0
BRDA:42,3,1,0
BRF:8
BRH:0
end_of_record
TN:
SF:source-source/ArtSuite.Cli/Cli.caf
FN:1,(anonymous_0)
FNF:1
FNH:1
FNDA:4,(anonymous_0)
DA:1,8
LF:1
LH:1
BRF:0
BRH:0
end_of_record
TN:
SF:source-source/ArtSuite.Cli/Help.caf
FN:1,(anonymous_0)
FN:1,(anonymous_1)
FN:3,(anonymous_2)
FN:6,(anonymous_3)
FN:12,(anonymous_4)
FN:14,(anonymous_5)
FN:20,(anonymous_6)
FN:38,(anonymous_7)
FN:43,(anonymous_8)
FN:44,(anonymous_9)
FN:47,(anonymous_10)
FN:50,(anonymous_11)
FN:55,(anonymous_12)
FN:64,(anonymous_13)
FN:65,(anonymous_14)
FN:67,(anonymous_15)
FN:68,(anonymous_16)
FN:70,(anonymous_17)
FN:71,(anonymous_18)
FN:77,(anonymous_19)
FN:82,(anonymous_20)
FN:122,(anonymous_21)
FN:125,(anonymous_22)
FN:134,(anonymous_23)
FN:138,(anonymous_24)
FN:143,(anonymous_25)
FNF:26
FNH:23
FNDA:4,(anonymous_0)
FNDA:4,(anonymous_1)
FNDA:4,(anonymous_2)
FNDA:32,(anonymous_3)
FNDA:30,(anonymous_4)
FNDA:10,(anonymous_5)
FNDA:3,(anonymous_6)
FNDA:18,(anonymous_7)
FNDA:7,(anonymous_8)
FNDA:7,(anonymous_9)
FNDA:36,(anonymous_10)
FNDA:7,(anonymous_11)
FNDA:8,(anonymous_12)
FNDA:0,(anonymous_13)
FNDA:3,(anonymous_14)
FNDA:3,(anonymous_15)
FNDA:3,(anonymous_16)
FNDA:0,(anonymous_17)
FNDA:3,(anonymous_18)
FNDA:2,(anonymous_19)
FNDA:0,(anonymous_20)
FNDA:11,(anonymous_21)
FNDA:23,(anonymous_22)
FNDA:23,(anonymous_23)
FNDA:10,(anonymous_24)
FNDA:4,(anonymous_25)
DA:1,8
DA:3,4
DA:4,4
DA:6,32
DA:11,4
DA:12,30
DA:15,10
DA:18,4
DA:21,3
DA:22,1
DA:23,2
DA:24,0
DA:26,0
DA:27,3
DA:36,4
DA:39,18
DA:43,7
DA:44,7
DA:45,4
DA:47,36
DA:50,19
DA:53,4
DA:55,8
DA:65,3
DA:68,3
DA:71,3
DA:77,8
DA:83,0
DA:90,6
DA:123,11
DA:125,23
DA:127,11
DA:128,11
DA:134,23
DA:139,10
DA:140,4
DA:144,4
LF:37
LH:34
BRDA:21,0,0,1
BRDA:21,0,1,2
BRDA:21,0,2,0
BRDA:21,0,3,0
BRDA:23,1,0,2
BRDA:23,1,1,2
BRDA:32,2,0,2
BRDA:32,2,1,1
BRDA:33,3,0,0
BRDA:33,3,1,3
BRDA:34,4,0,0
BRDA:34,4,1,3
BRDA:49,5,0,7
BRDA:49,5,1,29
BRDA:50,6,0,7
BRDA:50,6,1,0
BRDA:50,7,0,5
BRDA:50,7,1,2
BRDA:52,8,0,2
BRDA:52,8,1,5
BRDA:53,9,0,2
BRDA:53,9,1,5
BRDA:53,10,0,5
BRDA:53,10,1,0
BRDA:60,11,0,3
BRDA:60,11,1,5
BRDA:62,12,0,3
BRDA:62,12,1,5
BRDA:65,13,0,3
BRDA:65,13,1,0
BRDA:68,14,0,3
BRDA:68,14,1,3
BRDA:75,15,0,2
BRDA:75,15,1,6
BRDA:75,16,0,8
BRDA:75,16,1,2
BRDA:76,17,0,2
BRDA:76,17,1,6
BRDA:76,18,0,8
BRDA:76,18,1,2
BRDA:77,19,0,2
BRDA:77,19,1,0
BRDA:82,20,0,0
BRDA:82,20,1,4
BRDA:85,21,0,0
BRDA:85,21,1,0
BRDA:84,22,0,0
BRDA:84,22,1,0
BRDA:123,23,0,11
BRDA:123,23,1,0
BRDA:128,24,0,11
BRDA:128,24,1,11
BRDA:131,25,0,4
BRDA:131,25,1,7
BRDA:134,26,0,11
BRDA:134,26,1,0
BRDA:136,27,0,7
BRDA:136,27,1,4
BRF:58
BRH:43
end_of_record
TN:
SF:source-source/ArtSuite.Cli/Main.caf
FN:1,(anonymous_0)
FN:1,(anonymous_1)
FN:3,(anonymous_2)
FN:23,(anonymous_3)
FN:33,(anonymous_4)
FN:49,(anonymous_5)
FNF:6
FNH:6
FNDA:4,(anonymous_0)
FNDA:4,(anonymous_1)
FNDA:4,(anonymous_2)
FNDA:8,(anonymous_3)
FNDA:8,(anonymous_4)
FNDA:8,(anonymous_5)
DA:1,8
DA:3,8
DA:24,8
DA:25,8
DA:26,8
DA:28,8
DA:31,8
DA:34,8
DA:49,8
LF:9
LH:9
BRDA:24,0,0,6
BRDA:24,0,1,2
BRDA:25,1,0,8
BRDA:25,1,1,0
BRDA:35,2,0,5
BRDA:35,2,1,3
BRDA:34,3,0,8
BRDA:34,3,1,6
BRDA:36,4,0,1
BRDA:36,4,1,4
BRDA:38,5,0,0
BRDA:38,5,1,1
BRDA:38,6,0,1
BRDA:38,6,1,0
BRDA:49,7,0,8
BRDA:49,7,1,6
BRF:16
BRH:13
end_of_record
TN:
SF:source-source/ArtSuite.Cli/Parse.caf
FN:1,(anonymous_0)
FN:1,(anonymous_1)
FN:3,(anonymous_2)
FN:23,(anonymous_3)
FN:26,(anonymous_4)
FN:31,(anonymous_5)
FN:37,(anonymous_6)
FN:41,(anonymous_7)
FN:50,(anonymous_8)
FN:53,(anonymous_9)
FN:62,(anonymous_10)
FN:64,(anonymous_11)
FN:69,(anonymous_12)
FN:70,(anonymous_13)
FN:75,(anonymous_14)
FN:79,(anonymous_15)
FN:87,(anonymous_16)
FNF:17
FNH:15
FNDA:4,(anonymous_0)
FNDA:4,(anonymous_1)
FNDA:4,(anonymous_2)
FNDA:27,(anonymous_3)
FNDA:50,(anonymous_4)
FNDA:33,(anonymous_5)
FNDA:7,(anonymous_6)
FNDA:1,(anonymous_7)
FNDA:0,(anonymous_8)
FNDA:3,(anonymous_9)
FNDA:1,(anonymous_10)
FNDA:0,(anonymous_11)
FNDA:16,(anonymous_12)
FNDA:16,(anonymous_13)
FNDA:15,(anonymous_14)
FNDA:15,(anonymous_15)
FNDA:10,(anonymous_16)
DA:1,8
DA:3,4
DA:4,4
DA:5,4
DA:6,4
DA:8,4
DA:24,27
DA:25,27
DA:26,50
DA:31,33
DA:32,1
DA:33,1
DA:34,1
DA:36,7
DA:37,7
DA:38,3
DA:40,1
DA:41,1
DA:43,0
DA:49,0
DA:50,0
DA:52,3
DA:53,3
DA:55,1
DA:60,1
DA:62,1
DA:64,0
DA:65,26
DA:70,32
DA:71,3
DA:72,11
DA:73,4
DA:75,15
DA:77,4
DA:80,15
DA:85,4
DA:88,10
DA:89,10
LF:38
LH:34
BRDA:28,0,0,17
BRDA:28,0,1,33
BRDA:31,1,0,1
BRDA:31,1,1,1
BRDA:31,1,2,1
BRDA:31,1,3,7
BRDA:31,1,4,23
BRDA:37,2,0,3
BRDA:37,2,1,1
BRDA:37,2,2,3
BRDA:37,2,3,0
BRDA:70,3,0,3
BRDA:70,3,1,11
BRDA:70,3,2,2
BRDA:77,4,0,11
BRDA:77,4,1,4
BRDA:83,5,0,12
BRDA:83,5,1,3
BRDA:85,6,0,4
BRDA:85,6,1,11
BRDA:95,7,0,4
BRDA:95,7,1,6
BRDA:94,8,0,10
BRDA:94,8,1,4
BRF:24
BRH:23
end_of_record
TN:
SF:source-source/ArtSuite.Cli/StandardImport.caf
FN:1,(anonymous_0)
FNF:1
FNH:1
FNDA:4,(anonymous_0)
DA:1,8
LF:1
LH:1
BRF:0
BRH:0
end_of_record
TN:
SF:source-source/ArtSuite.Cli/Util.caf
FN:1,(anonymous_0)
FN:1,(anonymous_1)
FN:6,(anonymous_2)
FN:11,(anonymous_3)
FN:30,(anonymous_4)
FN:32,(anonymous_5)
FN:34,(anonymous_6)
FN:39,(anonymous_7)
FN:45,(anonymous_8)
FN:50,(anonymous_9)
FN:55,(anonymous_10)
FNF:11
FNH:9
FNDA:4,(anonymous_0)
FNDA:4,(anonymous_1)
FNDA:202,(anonymous_2)
FNDA:141,(anonymous_3)
FNDA:29,(anonymous_4)
FNDA:12,(anonymous_5)
FNDA:13,(anonymous_6)
FNDA:2,(anonymous_7)
FNDA:13,(anonymous_8)
FNDA:0,(anonymous_9)
FNDA:0,(anonymous_10)
DA:1,8
DA:2,4
DA:6,202
DA:12,141
DA:30,29
DA:32,12
DA:33,0
DA:34,12
DA:35,13
DA:39,2
DA:45,13
DA:47,10
DA:48,0
DA:49,0
DA:51,0
DA:55,10
LF:16
LH:12
BRDA:6,0,0,32
BRDA:8,1,0,178
BRDA:8,1,1,24
BRDA:9,2,0,15
BRDA:9,2,1,163
BRDA:8,3,0,178
BRDA:8,3,1,15
BRDA:11,4,0,30
BRDA:11,4,1,148
BRDA:17,5,0,36
BRDA:17,5,1,112
BRDA:23,6,0,51
BRDA:23,6,1,97
BRDA:26,7,0,51
BRDA:26,7,1,97
BRDA:25,8,0,148
BRDA:25,8,1,51
BRDA:32,9,0,0
BRDA:32,9,1,12
BRDA:35,10,0,9
BRDA:35,10,1,4
BRDA:39,11,0,2
BRDA:39,11,1,2
BRDA:38,12,0,4
BRDA:38,12,1,4
BRDA:47,13,0,0
BRDA:47,13,1,10
BRDA:49,14,0,0
BRDA:49,14,1,0
BRDA:53,15,0,0
BRDA:53,15,1,0
BRF:31
BRH:25
end_of_record
TN:
SF:source/ArtSuite.Cli/index.js
FNF:0
FNH:0
DA:4,4
LF:1
LH:1
BRF:0
BRH:0
end_of_record
TN:
SF:source/ArtSuite.Cli/namespace.js
FNF:0
FNH:0
DA:4,4
LF:1
LH:1
BRF:0
BRH:0
end_of_record
