TN:
SF:build/ArtSuite.InstanceFunctionBindingMixinNs/index.js
FNF:0
FNH:0
DA:4,1
LF:1
LH:1
BRF:0
BRH:0
end_of_record
TN:
SF:build/ArtSuite.InstanceFunctionBindingMixinNs/namespace.js
FNF:0
FNH:0
DA:4,1
LF:1
LH:1
BRF:0
BRH:0
end_of_record
TN:
SF:source/ArtSuite.InstanceFunctionBindingMixinNs/InstanceFunctionBindingMixin.coffee
FN:1,(anonymous_1)
FN:8,(anonymous_4)
FN:9,(anonymous_5)
FN:9,(anonymous_6)
FN:11,(anonymous_8)
FN:17,(anonymous_9)
FN:23,(anonymous_10)
FN:25,(anonymous_11)
FNF:8
FNH:7
FNDA:4,(anonymous_1)
FNDA:1,(anonymous_4)
FNDA:2,(anonymous_5)
FNDA:2,(anonymous_6)
FNDA:3,(anonymous_8)
FNDA:3,(anonymous_9)
FNDA:0,(anonymous_10)
FNDA:3,(anonymous_11)
DA:1,277
DA:8,1
DA:9,2
DA:11,2
DA:13,0
DA:15,3
DA:17,2
DA:18,19
DA:23,2
DA:25,2
DA:26,3
DA:29,2
DA:30,1
DA:32,3
DA:34,3
DA:35,10
DA:38,3
DA:39,3
LF:18
LH:17
BRDA:1,0,0,130
BRDA:1,0,1,4
BRDA:12,1,0,3
BRDA:12,1,1,2
BRDA:18,2,0,52
BRDA:18,2,1,52
BRDA:18,2,2,52
BRDA:18,2,3,10
BRDA:18,2,4,0
BRDA:36,3,0,10
BRDA:36,3,1,0
BRF:11
BRH:9
end_of_record
