TN:
SF:build/Art.Events/index.js
FNF:0
FNH:0
DA:4,3
LF:1
LH:1
BRF:0
BRH:0
end_of_record
TN:
SF:build/Art.Events/namespace.js
FNF:0
FNH:0
DA:4,3
LF:1
LH:1
BRF:0
BRH:0
end_of_record
TN:
SF:build/tests/index.js
FNF:0
FNH:0
DA:4,0
LF:1
LH:0
BRF:0
BRH:0
end_of_record
TN:
SF:build/tests/namespace.js
FNF:0
FNH:0
DA:4,0
LF:1
LH:0
BRF:0
BRH:0
end_of_record
TN:
SF:source/Art.Events/Event.coffee
FN:1,(anonymous_1)
FN:5,(anonymous_3)
FN:6,Event
FN:8,(anonymous_5)
FN:13,(anonymous_6)
FNF:5
FNH:4
FNDA:6,(anonymous_1)
FNDA:3,(anonymous_3)
FNDA:40,Event
FNDA:2,(anonymous_5)
FNDA:0,(anonymous_6)
DA:1,417
DA:2,3
DA:4,3
DA:5,3
DA:6,40
DA:8,3
DA:9,2
DA:13,3
DA:14,0
DA:15,0
LF:10
LH:8
BRDA:1,0,0,195
BRDA:1,0,1,6
BRDA:6,1,0,7
BRDA:6,1,1,33
BRDA:6,2,0,2
BRDA:6,2,1,38
BRF:6
BRH:6
end_of_record
TN:
SF:source/Art.Events/EventEpoch.caf
FN:3,(anonymous_0)
FN:3,(anonymous_2)
FN:9,(anonymous_3)
FN:9,(anonymous_4)
FNF:4
FNH:3
FNDA:6,(anonymous_0)
FNDA:3,(anonymous_2)
FNDA:22,(anonymous_3)
FNDA:0,(anonymous_4)
DA:3,9
DA:4,3
DA:9,22
LF:3
LH:3
BRF:0
BRH:0
end_of_record
TN:
SF:source/Art.Events/EventManager.caf
FN:1,(anonymous_0)
FN:1,(anonymous_1)
FN:12,(anonymous_2)
FN:16,(anonymous_3)
FN:18,(anonymous_4)
FN:20,(anonymous_5)
FN:21,(anonymous_6)
FN:23,(anonymous_7)
FN:25,(anonymous_8)
FN:27,(anonymous_9)
FN:30,(anonymous_10)
FN:31,(anonymous_11)
FN:34,(anonymous_12)
FN:35,(anonymous_13)
FN:39,(anonymous_14)
FN:42,(anonymous_15)
FN:42,(anonymous_16)
FN:47,(anonymous_17)
FN:51,(anonymous_18)
FN:52,(anonymous_19)
FN:56,(anonymous_20)
FN:60,(anonymous_21)
FN:61,(anonymous_22)
FN:70,(anonymous_23)
FN:72,(anonymous_24)
FNF:25
FNH:22
FNDA:3,(anonymous_0)
FNDA:3,(anonymous_1)
FNDA:23,(anonymous_2)
FNDA:3,(anonymous_3)
FNDA:52,(anonymous_4)
FNDA:26,(anonymous_5)
FNDA:30,(anonymous_6)
FNDA:30,(anonymous_7)
FNDA:1,(anonymous_8)
FNDA:1,(anonymous_9)
FNDA:1,(anonymous_10)
FNDA:1,(anonymous_11)
FNDA:5,(anonymous_12)
FNDA:6,(anonymous_13)
FNDA:0,(anonymous_14)
FNDA:0,(anonymous_15)
FNDA:0,(anonymous_16)
FNDA:37,(anonymous_17)
FNDA:1,(anonymous_18)
FNDA:2,(anonymous_19)
FNDA:37,(anonymous_20)
FNDA:36,(anonymous_21)
FNDA:36,(anonymous_22)
FNDA:8,(anonymous_23)
FNDA:2,(anonymous_24)
DA:1,6
DA:10,3
DA:14,23
DA:15,23
DA:16,23
DA:18,52
DA:20,26
DA:21,30
DA:22,30
DA:23,30
DA:26,1
DA:28,1
DA:29,1
DA:30,1
DA:31,1
DA:32,3
DA:34,5
DA:35,6
DA:36,6
DA:37,3
DA:40,0
DA:41,0
DA:42,0
DA:44,3
DA:47,37
DA:48,37
DA:49,3
DA:51,1
DA:52,3
DA:57,37
DA:58,1
DA:59,36
DA:60,36
DA:61,36
DA:62,6
DA:63,36
DA:64,2
DA:65,2
DA:66,36
DA:70,8
DA:72,2
LF:41
LH:38
BRDA:18,0,0,52
BRDA:18,0,1,52
BRDA:21,1,0,0
BRDA:21,1,1,30
BRDA:36,2,0,2
BRDA:36,2,1,4
BRDA:41,3,0,0
BRDA:41,3,1,0
BRDA:47,4,0,0
BRDA:47,4,1,37
BRDA:57,5,0,1
BRDA:57,5,1,36
BRDA:58,6,0,37
BRDA:58,6,1,37
BRDA:61,7,0,6
BRDA:61,7,1,30
BRDA:70,8,0,6
BRDA:70,8,1,30
BRDA:74,9,0,0
BRDA:74,9,1,2
BRDA:77,10,0,2
BRDA:77,10,1,0
BRF:22
BRH:16
end_of_record
TN:
SF:source/Art.Events/EventedBaseMixin.coffee
FN:1,(anonymous_1)
FN:12,(anonymous_3)
FN:12,(anonymous_4)
FN:13,(anonymous_5)
FN:14,(anonymous_7)
FN:33,(anonymous_8)
FN:36,(anonymous_9)
FN:60,(anonymous_11)
FN:97,(anonymous_12)
FN:122,(anonymous_13)
FN:133,(anonymous_14)
FN:135,(anonymous_15)
FNF:12
FNH:9
FNDA:14,(anonymous_1)
FNDA:3,(anonymous_3)
FNDA:7,(anonymous_4)
FNDA:7,(anonymous_5)
FNDA:24,(anonymous_7)
FNDA:12,(anonymous_8)
FNDA:22,(anonymous_9)
FNDA:12,(anonymous_11)
FNDA:12,(anonymous_12)
FNDA:0,(anonymous_13)
FNDA:0,(anonymous_14)
FNDA:0,(anonymous_15)
DA:1,969
DA:3,3
DA:4,3
DA:12,3
DA:13,7
DA:14,24
DA:33,7
DA:34,12
DA:36,11
DA:37,11
DA:39,1
DA:60,7
DA:61,12
DA:63,0
DA:65,12
DA:67,12
DA:68,0
DA:69,0
DA:70,12
DA:71,12
DA:97,7
DA:99,1
DA:102,0
DA:104,11
DA:105,1
DA:106,1
DA:107,1
DA:108,0
DA:109,0
DA:110,0
DA:113,10
DA:122,7
DA:133,7
DA:135,7
DA:136,0
DA:137,0
DA:138,0
DA:139,0
DA:140,0
LF:39
LH:27
BRDA:1,0,0,455
BRDA:1,0,1,14
BRDA:14,1,0,24
BRDA:14,1,1,24
BRDA:14,1,2,23
BRDA:35,2,0,12
BRDA:35,2,1,12
BRDA:62,3,0,12
BRDA:62,3,1,12
BRDA:62,3,2,12
BRDA:104,4,0,1
BRDA:104,4,1,10
BRDA:106,5,0,1
BRDA:106,5,1,0
BRDA:106,5,2,0
BRDA:106,5,3,0
BRF:16
BRH:13
end_of_record
TN:
SF:source/Art.Events/EventedBaseMixinCaf.caf
FN:1,(anonymous_0)
FN:1,(anonymous_1)
FN:3,(anonymous_2)
FN:12,(anonymous_3)
FN:13,(anonymous_4)
FN:31,(anonymous_5)
FN:34,(anonymous_6)
FN:57,(anonymous_7)
FN:94,(anonymous_8)
FN:100,(anonymous_9)
FN:104,(anonymous_10)
FN:107,(anonymous_11)
FN:119,(anonymous_12)
FN:119,(anonymous_13)
FN:129,(anonymous_14)
FN:129,(anonymous_15)
FN:131,(anonymous_16)
FNF:17
FNH:10
FNDA:3,(anonymous_0)
FNDA:3,(anonymous_1)
FNDA:1,(anonymous_2)
FNDA:1,(anonymous_3)
FNDA:27,(anonymous_4)
FNDA:13,(anonymous_5)
FNDA:11,(anonymous_6)
FNDA:14,(anonymous_7)
FNDA:13,(anonymous_8)
FNDA:0,(anonymous_9)
FNDA:1,(anonymous_10)
FNDA:0,(anonymous_11)
FNDA:0,(anonymous_12)
FNDA:0,(anonymous_13)
FNDA:0,(anonymous_14)
FNDA:0,(anonymous_15)
FNDA:0,(anonymous_16)
DA:1,6
DA:3,3
DA:11,1
DA:12,1
DA:13,27
DA:32,13
DA:34,11
DA:37,1
DA:58,14
DA:59,14
DA:60,1
DA:62,13
DA:64,13
DA:66,0
DA:68,13
DA:69,1
DA:94,13
DA:100,0
DA:104,1
DA:105,1
DA:106,0
DA:107,0
DA:108,0
DA:111,1
DA:119,1
DA:129,1
DA:132,0
DA:133,0
DA:134,0
DA:135,0
LF:30
LH:21
BRDA:13,0,0,27
BRDA:13,0,1,27
BRDA:13,1,0,3
BRDA:13,1,1,24
BRDA:34,2,0,11
BRDA:34,2,1,2
BRDA:33,3,0,13
BRDA:33,3,1,13
BRDA:59,4,0,1
BRDA:59,4,1,13
BRDA:59,5,0,14
BRDA:59,5,1,14
BRDA:59,5,2,13
BRDA:96,6,0,2
BRDA:96,6,1,11
BRDA:100,7,0,0
BRDA:100,7,1,11
BRDA:103,8,0,1
BRDA:103,8,1,10
BRDA:105,9,0,1
BRDA:105,9,1,0
BRDA:105,9,2,0
BRDA:105,9,3,0
BRF:23
BRH:19
end_of_record
TN:
SF:source/Art.Events/EventedMixin.coffee
FN:1,(anonymous_1)
FN:6,(anonymous_3)
FN:6,(anonymous_4)
FN:7,(anonymous_5)
FN:9,EventedMixin
FN:14,(anonymous_7)
FN:17,(anonymous_8)
FN:20,(anonymous_9)
FN:22,(anonymous_10)
FN:23,(anonymous_11)
FN:24,(anonymous_12)
FN:29,(anonymous_13)
FN:30,(anonymous_14)
FNF:13
FNH:11
FNDA:14,(anonymous_1)
FNDA:3,(anonymous_3)
FNDA:7,(anonymous_4)
FNDA:7,(anonymous_5)
FNDA:9,EventedMixin
FNDA:12,(anonymous_7)
FNDA:10,(anonymous_8)
FNDA:2,(anonymous_9)
FNDA:0,(anonymous_10)
FNDA:0,(anonymous_11)
FNDA:10,(anonymous_12)
FNDA:12,(anonymous_13)
FNDA:24,(anonymous_14)
DA:1,983
DA:3,3
DA:4,3
DA:6,3
DA:7,7
DA:10,9
DA:11,9
DA:13,7
DA:14,12
DA:17,10
DA:20,7
DA:22,7
DA:23,7
DA:24,10
DA:29,12
DA:30,24
LF:16
LH:16
BRDA:1,0,0,462
BRDA:1,0,1,14
BRDA:14,1,0,12
BRDA:14,1,1,8
BRDA:23,2,0,0
BRDA:23,2,1,0
BRDA:29,3,0,12
BRDA:29,3,1,0
BRDA:30,4,0,23
BRDA:30,4,1,1
BRF:10
BRH:7
end_of_record
TN:
SF:source/Art.Events/EventedMixinCaf.caf
FN:1,(anonymous_0)
FN:1,(anonymous_1)
FN:3,(anonymous_2)
FN:4,(anonymous_3)
FN:6,(anonymous_4)
FN:9,(anonymous_5)
FN:12,(anonymous_6)
FN:15,(anonymous_7)
FN:17,(anonymous_8)
FN:18,(anonymous_9)
FN:18,(anonymous_10)
FN:24,(anonymous_11)
FN:25,(anonymous_12)
FNF:13
FNH:12
FNDA:3,(anonymous_0)
FNDA:3,(anonymous_1)
FNDA:1,(anonymous_2)
FNDA:13,(anonymous_3)
FNDA:1,(anonymous_4)
FNDA:18,(anonymous_5)
FNDA:13,(anonymous_6)
FNDA:2,(anonymous_7)
FNDA:0,(anonymous_8)
FNDA:1,(anonymous_9)
FNDA:13,(anonymous_10)
FNDA:13,(anonymous_11)
FNDA:27,(anonymous_12)
DA:1,6
DA:3,3
DA:4,13
DA:6,13
DA:8,1
DA:9,18
DA:12,13
DA:15,2
DA:17,1
DA:18,1
DA:19,13
DA:24,13
DA:25,27
LF:13
LH:13
BRDA:9,0,0,18
BRDA:9,0,1,11
BRDA:18,1,0,1
BRDA:18,1,1,1
BRDA:24,2,0,13
BRDA:24,2,1,13
BRDA:25,3,0,27
BRDA:25,3,1,25
BRF:8
BRH:8
end_of_record
TN:
SF:source/Art.Events/EventedObject.coffee
FN:1,(anonymous_1)
FN:6,(anonymous_3)
FN:7,EventedObject
FNF:3
FNH:2
FNDA:6,(anonymous_1)
FNDA:3,(anonymous_3)
FNDA:0,EventedObject
DA:1,423
DA:2,3
DA:3,3
DA:6,3
DA:8,0
DA:9,0
LF:6
LH:4
BRDA:1,0,0,198
BRDA:1,0,1,6
BRF:2
BRH:2
end_of_record
TN:
SF:source/Art.Events/ExtendableEventedMixin.caf
FN:46,(anonymous_0)
FN:46,(anonymous_2)
FN:49,(anonymous_3)
FN:50,(anonymous_4)
FN:57,(anonymous_5)
FN:58,(anonymous_6)
FNF:6
FNH:1
FNDA:3,(anonymous_0)
FNDA:0,(anonymous_2)
FNDA:0,(anonymous_3)
FNDA:0,(anonymous_4)
FNDA:0,(anonymous_5)
FNDA:0,(anonymous_6)
DA:46,6
DA:47,0
DA:49,0
DA:50,0
DA:51,0
DA:53,0
DA:55,0
DA:57,0
DA:59,0
LF:9
LH:1
BRDA:51,0,0,0
BRDA:51,0,1,0
BRF:2
BRH:0
end_of_record
TN:
SF:source/tests/StandardImport.caf
FN:1,(anonymous_0)
FNF:1
FNH:1
FNDA:3,(anonymous_0)
DA:1,6
LF:1
LH:1
BRF:0
BRH:0
end_of_record
