<?xml version="1.0" encoding="UTF-8"?>
<coverage generated="1593821383157" clover="3.2.0">
  <project timestamp="1593821383157" name="All files">
    <metrics statements="12" coveredstatements="12" conditionals="3" coveredconditionals="3" methods="3" coveredmethods="3" elements="18" coveredelements="18" complexity="0" loc="12" ncloc="12" packages="1" files="1" classes="1"/>
    <file name="index.js" path="/Users/shanebdavis/dev/art-suite-foundations/packages/art-suite/mock-fs/source/index.js">
      <metrics statements="12" coveredstatements="12" conditionals="3" coveredconditionals="3" methods="3" coveredmethods="3"/>
      <line num="1" count="1" type="stmt"/>
      <line num="2" count="1" type="stmt"/>
      <line num="3" count="1" type="stmt"/>
      <line num="4" count="2" type="stmt"/>
      <line num="6" count="1" type="cond" truecount="1" falsecount="0"/>
      <line num="7" count="2" type="stmt"/>
      <line num="8" count="2" type="stmt"/>
      <line num="9" count="2" type="stmt"/>
      <line num="10" count="2" type="cond" truecount="2" falsecount="0"/>
      <line num="14" count="2" type="stmt"/>
      <line num="17" count="1" type="stmt"/>
      <line num="18" count="1" type="stmt"/>
    </file>
  </project>
</coverage>
