<?xml version="1.0" encoding="UTF-8"?>
<coverage generated="1629837943814" clover="3.2.0">
  <project timestamp="1629837943814" name="All files">
    <metrics statements="133" coveredstatements="103" conditionals="144" coveredconditionals="122" methods="91" coveredmethods="62" elements="368" coveredelements="287" complexity="0" loc="133" ncloc="133" packages="4" files="10" classes="10"/>
    <package name="build.Art.Validation">
      <metrics statements="2" coveredstatements="2" conditionals="0" coveredconditionals="0" methods="0" coveredmethods="0"/>
      <file name="index.js" path="/Users/shanebdavis/dev/art-suite-foundations/packages/art-validation/build/Art.Validation/index.js">
        <metrics statements="1" coveredstatements="1" conditionals="0" coveredconditionals="0" methods="0" coveredmethods="0"/>
        <line num="4" count="5" type="stmt"/>
      </file>
      <file name="namespace.js" path="/Users/shanebdavis/dev/art-suite-foundations/packages/art-validation/build/Art.Validation/namespace.js">
        <metrics statements="1" coveredstatements="1" conditionals="0" coveredconditionals="0" methods="0" coveredmethods="0"/>
        <line num="4" count="5" type="stmt"/>
      </file>
    </package>
    <package name="build.tests">
      <metrics statements="2" coveredstatements="0" conditionals="0" coveredconditionals="0" methods="0" coveredmethods="0"/>
      <file name="index.js" path="/Users/shanebdavis/dev/art-suite-foundations/packages/art-validation/build/tests/index.js">
        <metrics statements="1" coveredstatements="0" conditionals="0" coveredconditionals="0" methods="0" coveredmethods="0"/>
        <line num="4" count="0" type="stmt"/>
      </file>
      <file name="namespace.js" path="/Users/shanebdavis/dev/art-suite-foundations/packages/art-validation/build/tests/namespace.js">
        <metrics statements="1" coveredstatements="0" conditionals="0" coveredconditionals="0" methods="0" coveredmethods="0"/>
        <line num="4" count="0" type="stmt"/>
      </file>
    </package>
    <package name="source.Art.Validation">
      <metrics statements="128" coveredstatements="100" conditionals="144" coveredconditionals="122" methods="90" coveredmethods="61"/>
      <file name="DataTypes.caf" path="/Users/shanebdavis/dev/art-suite-foundations/packages/art-validation/source/Art.Validation/DataTypes.caf">
        <metrics statements="3" coveredstatements="3" conditionals="0" coveredconditionals="0" methods="4" coveredmethods="4"/>
        <line num="1" count="10" type="stmt"/>
        <line num="9" count="5" type="stmt"/>
        <line num="22" count="90" type="stmt"/>
      </file>
      <file name="FieldTypes.caf" path="/Users/shanebdavis/dev/art-suite-foundations/packages/art-validation/source/Art.Validation/FieldTypes.caf">
        <metrics statements="36" coveredstatements="17" conditionals="24" coveredconditionals="12" methods="31" coveredmethods="11"/>
        <line num="1" count="10" type="stmt"/>
        <line num="3" count="5" type="stmt"/>
        <line num="4" count="5" type="stmt"/>
        <line num="5" count="11" type="cond" truecount="2" falsecount="0"/>
        <line num="6" count="5" type="stmt"/>
        <line num="23" count="5" type="stmt"/>
        <line num="25" count="0" type="stmt"/>
        <line num="29" count="0" type="stmt"/>
        <line num="35" count="0" type="stmt"/>
        <line num="40" count="11" type="stmt"/>
        <line num="43" count="0" type="stmt"/>
        <line num="44" count="1" type="stmt"/>
        <line num="49" count="1" type="cond" truecount="1" falsecount="1"/>
        <line num="53" count="0" type="stmt"/>
        <line num="55" count="0" type="cond" truecount="0" falsecount="2"/>
        <line num="61" count="0" type="stmt"/>
        <line num="62" count="0" type="cond" truecount="0" falsecount="2"/>
        <line num="63" count="0" type="stmt"/>
        <line num="68" count="0" type="stmt"/>
        <line num="69" count="0" type="cond" truecount="0" falsecount="2"/>
        <line num="70" count="0" type="stmt"/>
        <line num="74" count="0" type="stmt"/>
        <line num="75" count="0" type="stmt"/>
        <line num="78" count="0" type="cond" truecount="0" falsecount="2"/>
        <line num="79" count="0" type="stmt"/>
        <line num="82" count="14" type="cond" truecount="2" falsecount="0"/>
        <line num="83" count="8" type="stmt"/>
        <line num="86" count="0" type="stmt"/>
        <line num="89" count="34" type="stmt"/>
        <line num="91" count="20" type="stmt"/>
        <line num="100" count="0" type="cond" truecount="0" falsecount="2"/>
        <line num="101" count="0" type="stmt"/>
        <line num="104" count="5" type="stmt"/>
        <line num="108" count="100" type="stmt"/>
        <line num="109" count="100" type="cond" truecount="2" falsecount="0"/>
        <line num="110" count="5" type="cond" truecount="2" falsecount="0"/>
      </file>
      <file name="Lib.caf" path="/Users/shanebdavis/dev/art-suite-foundations/packages/art-validation/source/Art.Validation/Lib.caf">
        <metrics statements="15" coveredstatements="15" conditionals="25" coveredconditionals="22" methods="9" coveredmethods="9"/>
        <line num="1" count="10" type="stmt"/>
        <line num="3" count="5" type="stmt"/>
        <line num="4" count="46" type="stmt"/>
        <line num="9" count="6" type="cond" truecount="2" falsecount="1"/>
        <line num="15" count="57" type="stmt"/>
        <line num="16" count="66" type="stmt"/>
        <line num="20" count="76" type="cond" truecount="2" falsecount="0"/>
        <line num="25" count="49" type="cond" truecount="2" falsecount="0"/>
        <line num="26" count="1" type="stmt"/>
        <line num="27" count="48" type="cond" truecount="2" falsecount="0"/>
        <line num="28" count="1" type="stmt"/>
        <line num="29" count="47" type="cond" truecount="2" falsecount="0"/>
        <line num="30" count="46" type="stmt"/>
        <line num="34" count="46" type="cond" truecount="2" falsecount="0"/>
        <line num="35" count="46" type="cond" truecount="1" falsecount="1"/>
      </file>
      <file name="Validation.caf" path="/Users/shanebdavis/dev/art-suite-foundations/packages/art-validation/source/Art.Validation/Validation.caf">
        <metrics statements="1" coveredstatements="1" conditionals="0" coveredconditionals="0" methods="1" coveredmethods="1"/>
        <line num="1" count="10" type="stmt"/>
      </file>
      <file name="Validator.caf" path="/Users/shanebdavis/dev/art-suite-foundations/packages/art-validation/source/Art.Validation/Validator.caf">
        <metrics statements="73" coveredstatements="64" conditionals="95" coveredconditionals="88" methods="45" coveredmethods="36"/>
        <line num="1" count="10" type="stmt"/>
        <line num="79" count="5" type="stmt"/>
        <line num="180" count="58" type="stmt"/>
        <line num="181" count="58" type="stmt"/>
        <line num="182" count="58" type="stmt"/>
        <line num="183" count="58" type="stmt"/>
        <line num="184" count="58" type="cond" truecount="2" falsecount="0"/>
        <line num="185" count="6" type="stmt"/>
        <line num="186" count="1712" type="cond" truecount="13" falsecount="0"/>
        <line num="188" count="5" type="stmt"/>
        <line num="190" count="58" type="stmt"/>
        <line num="192" count="61" type="stmt"/>
        <line num="194" count="58" type="cond" truecount="2" falsecount="0"/>
        <line num="197" count="5" type="stmt"/>
        <line num="198" count="0" type="stmt"/>
        <line num="199" count="5" type="stmt"/>
        <line num="208" count="0" type="stmt"/>
        <line num="209" count="5" type="stmt"/>
        <line num="212" count="0" type="stmt"/>
        <line num="213" count="5" type="stmt"/>
        <line num="215" count="5" type="stmt"/>
        <line num="218" count="0" type="stmt"/>
        <line num="219" count="5" type="stmt"/>
        <line num="222" count="0" type="stmt"/>
        <line num="223" count="5" type="stmt"/>
        <line num="237" count="125" type="stmt"/>
        <line num="238" count="125" type="stmt"/>
        <line num="241" count="0" type="stmt"/>
        <line num="243" count="0" type="stmt"/>
        <line num="244" count="125" type="stmt"/>
        <line num="246" count="5" type="cond" truecount="2" falsecount="0"/>
        <line num="248" count="5" type="stmt"/>
        <line num="260" count="17" type="cond" truecount="1" falsecount="0"/>
        <line num="261" count="17" type="cond" truecount="2" falsecount="0"/>
        <line num="263" count="0" type="stmt"/>
        <line num="265" count="0" type="stmt"/>
        <line num="268" count="5" type="stmt"/>
        <line num="271" count="66" type="stmt"/>
        <line num="272" count="66" type="stmt"/>
        <line num="275" count="48" type="stmt"/>
        <line num="279" count="66" type="stmt"/>
        <line num="282" count="10" type="stmt"/>
        <line num="285" count="66" type="cond" truecount="2" falsecount="0"/>
        <line num="286" count="14" type="stmt"/>
        <line num="289" count="66" type="cond" truecount="4" falsecount="2"/>
        <line num="290" count="66" type="stmt"/>
        <line num="291" count="66" type="stmt"/>
        <line num="296" count="95" type="stmt"/>
        <line num="301" count="5" type="stmt"/>
        <line num="303" count="193" type="stmt"/>
        <line num="311" count="5" type="stmt"/>
        <line num="313" count="161" type="stmt"/>
        <line num="321" count="5" type="stmt"/>
        <line num="323" count="128" type="stmt"/>
        <line num="324" count="126" type="stmt"/>
        <line num="326" count="125" type="stmt"/>
        <line num="327" count="138" type="stmt"/>
        <line num="329" count="86" type="stmt"/>
        <line num="331" count="85" type="cond" truecount="2" falsecount="0"/>
        <line num="337" count="95" type="cond" truecount="2" falsecount="0"/>
        <line num="338" count="80" type="cond" truecount="1" falsecount="1"/>
        <line num="339" count="95" type="cond" truecount="2" falsecount="0"/>
        <line num="340" count="111" type="stmt"/>
        <line num="342" count="111" type="stmt"/>
        <line num="345" count="111" type="cond" truecount="4" falsecount="0"/>
        <line num="347" count="111" type="cond" truecount="2" falsecount="0"/>
        <line num="351" count="95" type="stmt"/>
        <line num="353" count="5" type="cond" truecount="2" falsecount="1"/>
        <line num="355" count="5" type="stmt"/>
        <line num="360" count="115" type="stmt"/>
        <line num="361" count="66" type="stmt"/>
        <line num="362" count="60" type="stmt"/>
        <line num="367" count="61" type="stmt"/>
      </file>
    </package>
    <package name="source.tests">
      <metrics statements="1" coveredstatements="1" conditionals="0" coveredconditionals="0" methods="1" coveredmethods="1"/>
      <file name="StandardImport.caf" path="/Users/shanebdavis/dev/art-suite-foundations/packages/art-validation/source/tests/StandardImport.caf">
        <metrics statements="1" coveredstatements="1" conditionals="0" coveredconditionals="0" methods="1" coveredmethods="1"/>
        <line num="1" count="10" type="stmt"/>
      </file>
    </package>
  </project>
</coverage>
