<?xml version="1.0" encoding="UTF-8"?>
<coverage generated="1630409606462" clover="3.2.0">
  <project timestamp="1630409606462" name="All files">
    <metrics statements="162" coveredstatements="135" conditionals="217" coveredconditionals="186" methods="106" coveredmethods="80" elements="485" coveredelements="401" complexity="0" loc="162" ncloc="162" packages="4" files="10" classes="10"/>
    <package name="build.Art.Validation">
      <metrics statements="2" coveredstatements="2" conditionals="0" coveredconditionals="0" methods="0" coveredmethods="0"/>
      <file name="index.js" path="/Users/shanebdavis/dev/art-suite-foundations/packages/art-validation/build/Art.Validation/index.js">
        <metrics statements="1" coveredstatements="1" conditionals="0" coveredconditionals="0" methods="0" coveredmethods="0"/>
        <line num="4" count="8" type="stmt"/>
      </file>
      <file name="namespace.js" path="/Users/shanebdavis/dev/art-suite-foundations/packages/art-validation/build/Art.Validation/namespace.js">
        <metrics statements="1" coveredstatements="1" conditionals="0" coveredconditionals="0" methods="0" coveredmethods="0"/>
        <line num="4" count="8" type="stmt"/>
      </file>
    </package>
    <package name="build.tests">
      <metrics statements="2" coveredstatements="0" conditionals="0" coveredconditionals="0" methods="0" coveredmethods="0"/>
      <file name="index.js" path="/Users/shanebdavis/dev/art-suite-foundations/packages/art-validation/build/tests/index.js">
        <metrics statements="1" coveredstatements="0" conditionals="0" coveredconditionals="0" methods="0" coveredmethods="0"/>
        <line num="4" count="0" type="stmt"/>
      </file>
      <file name="namespace.js" path="/Users/shanebdavis/dev/art-suite-foundations/packages/art-validation/build/tests/namespace.js">
        <metrics statements="1" coveredstatements="0" conditionals="0" coveredconditionals="0" methods="0" coveredmethods="0"/>
        <line num="4" count="0" type="stmt"/>
      </file>
    </package>
    <package name="source.Art.Validation">
      <metrics statements="157" coveredstatements="132" conditionals="217" coveredconditionals="186" methods="105" coveredmethods="79"/>
      <file name="DataTypes.caf" path="/Users/shanebdavis/dev/art-suite-foundations/packages/art-validation/source/Art.Validation/DataTypes.caf">
        <metrics statements="3" coveredstatements="3" conditionals="0" coveredconditionals="0" methods="4" coveredmethods="4"/>
        <line num="1" count="16" type="stmt"/>
        <line num="9" count="8" type="stmt"/>
        <line num="22" count="144" type="stmt"/>
      </file>
      <file name="FieldTypes.caf" path="/Users/shanebdavis/dev/art-suite-foundations/packages/art-validation/source/Art.Validation/FieldTypes.caf">
        <metrics statements="36" coveredstatements="20" conditionals="24" coveredconditionals="14" methods="31" coveredmethods="14"/>
        <line num="1" count="16" type="stmt"/>
        <line num="3" count="8" type="stmt"/>
        <line num="4" count="8" type="stmt"/>
        <line num="5" count="11" type="cond" truecount="2" falsecount="0"/>
        <line num="6" count="8" type="stmt"/>
        <line num="23" count="8" type="stmt"/>
        <line num="25" count="0" type="stmt"/>
        <line num="29" count="0" type="stmt"/>
        <line num="35" count="0" type="stmt"/>
        <line num="40" count="11" type="stmt"/>
        <line num="43" count="0" type="stmt"/>
        <line num="44" count="1" type="stmt"/>
        <line num="49" count="1" type="cond" truecount="1" falsecount="1"/>
        <line num="53" count="0" type="stmt"/>
        <line num="55" count="0" type="cond" truecount="0" falsecount="2"/>
        <line num="61" count="0" type="stmt"/>
        <line num="62" count="0" type="cond" truecount="0" falsecount="2"/>
        <line num="63" count="0" type="stmt"/>
        <line num="68" count="0" type="stmt"/>
        <line num="69" count="0" type="cond" truecount="0" falsecount="2"/>
        <line num="70" count="0" type="stmt"/>
        <line num="74" count="0" type="stmt"/>
        <line num="75" count="0" type="stmt"/>
        <line num="78" count="0" type="cond" truecount="0" falsecount="2"/>
        <line num="79" count="0" type="stmt"/>
        <line num="82" count="14" type="cond" truecount="2" falsecount="0"/>
        <line num="83" count="8" type="stmt"/>
        <line num="86" count="3" type="stmt"/>
        <line num="89" count="34" type="stmt"/>
        <line num="91" count="20" type="stmt"/>
        <line num="100" count="5" type="cond" truecount="2" falsecount="0"/>
        <line num="101" count="2" type="stmt"/>
        <line num="104" count="8" type="stmt"/>
        <line num="108" count="160" type="stmt"/>
        <line num="109" count="160" type="cond" truecount="2" falsecount="0"/>
        <line num="110" count="8" type="cond" truecount="2" falsecount="0"/>
      </file>
      <file name="Lib.caf" path="/Users/shanebdavis/dev/art-suite-foundations/packages/art-validation/source/Art.Validation/Lib.caf">
        <metrics statements="46" coveredstatements="45" conditionals="110" coveredconditionals="96" methods="24" coveredmethods="23"/>
        <line num="1" count="16" type="stmt"/>
        <line num="3" count="8" type="stmt"/>
        <line num="6" count="57" type="stmt"/>
        <line num="11" count="6" type="cond" truecount="2" falsecount="1"/>
        <line num="17" count="68" type="stmt"/>
        <line num="18" count="88" type="stmt"/>
        <line num="22" count="100" type="cond" truecount="2" falsecount="0"/>
        <line num="27" count="60" type="cond" truecount="2" falsecount="0"/>
        <line num="28" count="1" type="stmt"/>
        <line num="29" count="59" type="cond" truecount="2" falsecount="0"/>
        <line num="30" count="1" type="stmt"/>
        <line num="31" count="58" type="cond" truecount="2" falsecount="0"/>
        <line num="32" count="57" type="stmt"/>
        <line num="36" count="57" type="cond" truecount="2" falsecount="0"/>
        <line num="37" count="57" type="cond" truecount="1" falsecount="1"/>
        <line num="44" count="113" type="stmt"/>
        <line num="50" count="11" type="stmt"/>
        <line num="55" count="47" type="stmt"/>
        <line num="67" count="110" type="stmt"/>
        <line num="72" count="8" type="cond" truecount="2" falsecount="0"/>
        <line num="74" count="8" type="stmt"/>
        <line num="77" count="40" type="stmt"/>
        <line num="81" count="94" type="cond" truecount="4" falsecount="2"/>
        <line num="82" count="8" type="stmt"/>
        <line num="86" count="16" type="cond" truecount="5" falsecount="1"/>
        <line num="87" count="8" type="stmt"/>
        <line num="90" count="19" type="stmt"/>
        <line num="94" count="29" type="cond" truecount="5" falsecount="1"/>
        <line num="95" count="8" type="stmt"/>
        <line num="99" count="110" type="stmt"/>
        <line num="100" count="330" type="stmt"/>
        <line num="101" count="110" type="stmt"/>
        <line num="103" count="110" type="cond" truecount="3" falsecount="1"/>
        <line num="104" count="0" type="stmt"/>
        <line num="106" count="110" type="cond" truecount="6" falsecount="0"/>
        <line num="108" count="32" type="cond" truecount="2" falsecount="0"/>
        <line num="109" count="8" type="stmt"/>
        <line num="112" count="24" type="cond" truecount="2" falsecount="0"/>
        <line num="113" count="4" type="stmt"/>
        <line num="114" count="9" type="stmt"/>
        <line num="116" count="24" type="stmt"/>
        <line num="117" count="51" type="cond" truecount="2" falsecount="2"/>
        <line num="122" count="39" type="cond" truecount="2" falsecount="0"/>
        <line num="123" count="33" type="stmt"/>
        <line num="125" count="6" type="stmt"/>
        <line num="128" count="110" type="stmt"/>
      </file>
      <file name="Validation.caf" path="/Users/shanebdavis/dev/art-suite-foundations/packages/art-validation/source/Art.Validation/Validation.caf">
        <metrics statements="1" coveredstatements="1" conditionals="0" coveredconditionals="0" methods="1" coveredmethods="1"/>
        <line num="1" count="16" type="stmt"/>
      </file>
      <file name="Validator.caf" path="/Users/shanebdavis/dev/art-suite-foundations/packages/art-validation/source/Art.Validation/Validator.caf">
        <metrics statements="71" coveredstatements="63" conditionals="83" coveredconditionals="76" methods="45" coveredmethods="37"/>
        <line num="1" count="16" type="stmt"/>
        <line num="79" count="8" type="stmt"/>
        <line num="86" count="74" type="stmt"/>
        <line num="87" count="74" type="stmt"/>
        <line num="88" count="74" type="stmt"/>
        <line num="89" count="74" type="stmt"/>
        <line num="90" count="74" type="cond" truecount="2" falsecount="0"/>
        <line num="91" count="6" type="stmt"/>
        <line num="92" count="16" type="stmt"/>
        <line num="94" count="8" type="stmt"/>
        <line num="96" count="74" type="stmt"/>
        <line num="98" count="77" type="stmt"/>
        <line num="100" count="74" type="cond" truecount="2" falsecount="0"/>
        <line num="103" count="8" type="stmt"/>
        <line num="104" count="1" type="stmt"/>
        <line num="105" count="8" type="stmt"/>
        <line num="114" count="0" type="stmt"/>
        <line num="115" count="8" type="stmt"/>
        <line num="118" count="0" type="stmt"/>
        <line num="119" count="8" type="stmt"/>
        <line num="121" count="8" type="stmt"/>
        <line num="124" count="0" type="stmt"/>
        <line num="125" count="8" type="stmt"/>
        <line num="128" count="0" type="stmt"/>
        <line num="129" count="8" type="stmt"/>
        <line num="143" count="137" type="stmt"/>
        <line num="144" count="137" type="cond" truecount="2" falsecount="0"/>
        <line num="147" count="0" type="stmt"/>
        <line num="149" count="0" type="stmt"/>
        <line num="152" count="8" type="stmt"/>
        <line num="154" count="8" type="stmt"/>
        <line num="166" count="17" type="cond" truecount="1" falsecount="0"/>
        <line num="167" count="17" type="cond" truecount="2" falsecount="0"/>
        <line num="169" count="0" type="stmt"/>
        <line num="171" count="0" type="stmt"/>
        <line num="174" count="8" type="stmt"/>
        <line num="177" count="70" type="stmt"/>
        <line num="178" count="70" type="stmt"/>
        <line num="181" count="51" type="stmt"/>
        <line num="185" count="70" type="stmt"/>
        <line num="188" count="11" type="stmt"/>
        <line num="191" count="70" type="cond" truecount="2" falsecount="0"/>
        <line num="192" count="14" type="stmt"/>
        <line num="195" count="70" type="cond" truecount="4" falsecount="2"/>
        <line num="196" count="70" type="stmt"/>
        <line num="197" count="70" type="stmt"/>
        <line num="202" count="105" type="stmt"/>
        <line num="207" count="8" type="stmt"/>
        <line num="209" count="210" type="stmt"/>
        <line num="217" count="8" type="stmt"/>
        <line num="219" count="175" type="stmt"/>
        <line num="227" count="8" type="stmt"/>
        <line num="229" count="140" type="stmt"/>
        <line num="230" count="139" type="stmt"/>
        <line num="232" count="137" type="stmt"/>
        <line num="233" count="150" type="stmt"/>
        <line num="235" count="95" type="stmt"/>
        <line num="237" count="94" type="cond" truecount="2" falsecount="0"/>
        <line num="243" count="118" type="cond" truecount="2" falsecount="0"/>
        <line num="244" count="94" type="cond" truecount="1" falsecount="1"/>
        <line num="245" count="118" type="cond" truecount="2" falsecount="0"/>
        <line num="246" count="134" type="stmt"/>
        <line num="249" count="134" type="cond" truecount="4" falsecount="0"/>
        <line num="251" count="134" type="cond" truecount="2" falsecount="0"/>
        <line num="255" count="118" type="stmt"/>
        <line num="257" count="8" type="cond" truecount="3" falsecount="1"/>
        <line num="259" count="8" type="stmt"/>
        <line num="264" count="122" type="stmt"/>
        <line num="265" count="70" type="stmt"/>
        <line num="266" count="64" type="stmt"/>
        <line num="271" count="77" type="stmt"/>
      </file>
    </package>
    <package name="source.tests">
      <metrics statements="1" coveredstatements="1" conditionals="0" coveredconditionals="0" methods="1" coveredmethods="1"/>
      <file name="StandardImport.caf" path="/Users/shanebdavis/dev/art-suite-foundations/packages/art-validation/source/tests/StandardImport.caf">
        <metrics statements="1" coveredstatements="1" conditionals="0" coveredconditionals="0" methods="1" coveredmethods="1"/>
        <line num="1" count="16" type="stmt"/>
      </file>
    </package>
  </project>
</coverage>
