{"/Users/shanebdavis/dev/art-suite-foundations/packages/art-validation/build/Art.Validation/index.js": {"path":"/Users/shanebdavis/dev/art-suite-foundations/packages/art-validation/build/Art.Validation/index.js","statementMap":{"0":{"start":{"line":4,"column":0},"end":{"line":11,"column":3}}},"fnMap":{},"branchMap":{},"s":{"0":8},"f":{},"b":{},"_coverageSchema":"1a1c01bbd47fc00a2c39e90264f33305004495a9","hash":"d59607d6e42d64108e175413d99ae74f1ae7a519"}
,"/Users/shanebdavis/dev/art-suite-foundations/packages/art-validation/build/Art.Validation/namespace.js": {"path":"/Users/shanebdavis/dev/art-suite-foundations/packages/art-validation/build/Art.Validation/namespace.js","statementMap":{"0":{"start":{"line":4,"column":0},"end":{"line":8,"column":2}}},"fnMap":{},"branchMap":{},"s":{"0":8},"f":{},"b":{},"_coverageSchema":"1a1c01bbd47fc00a2c39e90264f33305004495a9","hash":"3d9da85e64789f19c2fefc43e2e34ef6d92511c3"}
,"/Users/shanebdavis/dev/art-suite-foundations/packages/art-validation/build/tests/index.js": {"path":"/Users/shanebdavis/dev/art-suite-foundations/packages/art-validation/build/tests/index.js","statementMap":{"0":{"start":{"line":4,"column":0},"end":{"line":16,"column":3}}},"fnMap":{},"branchMap":{},"s":{"0":0},"f":{},"b":{}}
,"/Users/shanebdavis/dev/art-suite-foundations/packages/art-validation/build/tests/namespace.js": {"path":"/Users/shanebdavis/dev/art-suite-foundations/packages/art-validation/build/tests/namespace.js","statementMap":{"0":{"start":{"line":4,"column":0},"end":{"line":8,"column":2}}},"fnMap":{},"branchMap":{},"s":{"0":0},"f":{},"b":{}}
,"/Users/shanebdavis/dev/art-suite-foundations/packages/art-validation/source/Art.Validation/DataTypes.caf": {"path":"/Users/shanebdavis/dev/art-suite-foundations/packages/art-validation/source/Art.Validation/DataTypes.caf","statementMap":{"0":{"start":{"line":1,"column":0},"end":{"line":22,"column":null}},"1":{"start":{"line":9,"column":0},"end":{"line":22,"column":null}},"2":{"start":{"line":22,"column":67},"end":{"line":22,"column":null}}},"fnMap":{"0":{"name":"(anonymous_0)","decl":{"start":{"line":1,"column":0},"end":{"line":1,"column":7}},"loc":{"start":{"line":1,"column":0},"end":{"line":22,"column":null}}},"1":{"name":"(anonymous_1)","decl":{"start":{"line":1,"column":7},"end":{"line":1,"column":null}},"loc":{"start":{"line":1,"column":7},"end":{"line":22,"column":null}}},"2":{"name":"(anonymous_2)","decl":{"start":{"line":22,"column":17},"end":{"line":22,"column":67}},"loc":{"start":{"line":22,"column":67},"end":{"line":22,"column":null}}},"3":{"name":"(anonymous_3)","decl":{"start":{"line":22,"column":67},"end":{"line":22,"column":null}},"loc":{"start":{"line":22,"column":67},"end":{"line":22,"column":null}}}},"branchMap":{},"s":{"0":16,"1":8,"2":144},"f":{"0":8,"1":8,"2":72,"3":72},"b":{}}
,"/Users/shanebdavis/dev/art-suite-foundations/packages/art-validation/source/Art.Validation/FieldTypes.caf": {"path":"/Users/shanebdavis/dev/art-suite-foundations/packages/art-validation/source/Art.Validation/FieldTypes.caf","statementMap":{"0":{"start":{"line":1,"column":0},"end":{"line":112,"column":null}},"1":{"start":{"line":3,"column":0},"end":{"line":3,"column":null}},"2":{"start":{"line":4,"column":0},"end":{"line":4,"column":null}},"3":{"start":{"line":5,"column":0},"end":{"line":5,"column":null}},"4":{"start":{"line":5,"column":23},"end":{"line":5,"column":null}},"5":{"start":{"line":6,"column":0},"end":{"line":6,"column":null}},"6":{"start":{"line":6,"column":23},"end":{"line":6,"column":null}},"7":{"start":{"line":23,"column":0},"end":{"line":104,"column":null}},"8":{"start":{"line":25,"column":42},"end":{"line":25,"column":null}},"9":{"start":{"line":29,"column":59},"end":{"line":29,"column":null}},"10":{"start":{"line":35,"column":59},"end":{"line":35,"column":null}},"11":{"start":{"line":40,"column":21},"end":{"line":40,"column":null}},"12":{"start":{"line":43,"column":23},"end":{"line":43,"column":null}},"13":{"start":{"line":44,"column":22},"end":{"line":47,"column":null}},"14":{"start":{"line":49,"column":23},"end":{"line":49,"column":null}},"15":{"start":{"line":53,"column":25},"end":{"line":53,"column":null}},"16":{"start":{"line":55,"column":25},"end":{"line":55,"column":null}},"17":{"start":{"line":61,"column":25},"end":{"line":61,"column":null}},"18":{"start":{"line":62,"column":25},"end":{"line":62,"column":null}},"19":{"start":{"line":63,"column":25},"end":{"line":63,"column":null}},"20":{"start":{"line":68,"column":25},"end":{"line":68,"column":null}},"21":{"start":{"line":69,"column":25},"end":{"line":69,"column":null}},"22":{"start":{"line":70,"column":25},"end":{"line":70,"column":null}},"23":{"start":{"line":74,"column":25},"end":{"line":74,"column":null}},"24":{"start":{"line":75,"column":25},"end":{"line":75,"column":null}},"25":{"start":{"line":78,"column":25},"end":{"line":78,"column":null}},"26":{"start":{"line":79,"column":25},"end":{"line":79,"column":null}},"27":{"start":{"line":82,"column":25},"end":{"line":82,"column":null}},"28":{"start":{"line":83,"column":25},"end":{"line":83,"column":null}},"29":{"start":{"line":86,"column":25},"end":{"line":86,"column":null}},"30":{"start":{"line":89,"column":25},"end":{"line":89,"column":null}},"31":{"start":{"line":91,"column":6},"end":{"line":91,"column":null}},"32":{"start":{"line":91,"column":10},"end":{"line":92,"column":null}},"33":{"start":{"line":100,"column":25},"end":{"line":100,"column":null}},"34":{"start":{"line":101,"column":25},"end":{"line":101,"column":null}},"35":{"start":{"line":104,"column":16},"end":{"line":110,"column":null}},"36":{"start":{"line":108,"column":3},"end":{"line":108,"column":null}},"37":{"start":{"line":108,"column":18},"end":{"line":109,"column":null}},"38":{"start":{"line":109,"column":18},"end":{"line":110,"column":null}},"39":{"start":{"line":110,"column":28},"end":{"line":112,"column":null}}},"fnMap":{"0":{"name":"(anonymous_0)","decl":{"start":{"line":1,"column":0},"end":{"line":1,"column":7}},"loc":{"start":{"line":1,"column":0},"end":{"line":112,"column":null}}},"1":{"name":"(anonymous_1)","decl":{"start":{"line":1,"column":64},"end":{"line":1,"column":null}},"loc":{"start":{"line":1,"column":64},"end":{"line":112,"column":null}}},"2":{"name":"(anonymous_2)","decl":{"start":{"line":5,"column":4},"end":{"line":5,"column":16}},"loc":{"start":{"line":5,"column":17},"end":{"line":5,"column":null}}},"3":{"name":"(anonymous_3)","decl":{"start":{"line":6,"column":10},"end":{"line":6,"column":16}},"loc":{"start":{"line":6,"column":17},"end":{"line":6,"column":null}}},"4":{"name":"(anonymous_4)","decl":{"start":{"line":25,"column":16},"end":{"line":25,"column":35}},"loc":{"start":{"line":25,"column":36},"end":{"line":25,"column":null}}},"5":{"name":"(anonymous_5)","decl":{"start":{"line":29,"column":40},"end":{"line":29,"column":52}},"loc":{"start":{"line":29,"column":53},"end":{"line":29,"column":null}}},"6":{"name":"(anonymous_6)","decl":{"start":{"line":35,"column":40},"end":{"line":35,"column":52}},"loc":{"start":{"line":35,"column":53},"end":{"line":35,"column":null}}},"7":{"name":"(anonymous_7)","decl":{"start":{"line":40,"column":4},"end":{"line":40,"column":14}},"loc":{"start":{"line":40,"column":15},"end":{"line":40,"column":null}}},"8":{"name":"(anonymous_8)","decl":{"start":{"line":43,"column":4},"end":{"line":43,"column":16}},"loc":{"start":{"line":43,"column":17},"end":{"line":43,"column":null}}},"9":{"name":"(anonymous_9)","decl":{"start":{"line":44,"column":4},"end":{"line":44,"column":16}},"loc":{"start":{"line":44,"column":17},"end":{"line":47,"column":null}}},"10":{"name":"(anonymous_10)","decl":{"start":{"line":49,"column":4},"end":{"line":49,"column":16}},"loc":{"start":{"line":49,"column":17},"end":{"line":49,"column":null}}},"11":{"name":"(anonymous_11)","decl":{"start":{"line":53,"column":4},"end":{"line":53,"column":18}},"loc":{"start":{"line":53,"column":19},"end":{"line":53,"column":null}}},"12":{"name":"(anonymous_12)","decl":{"start":{"line":55,"column":4},"end":{"line":55,"column":18}},"loc":{"start":{"line":55,"column":19},"end":{"line":55,"column":null}}},"13":{"name":"(anonymous_13)","decl":{"start":{"line":61,"column":4},"end":{"line":61,"column":18}},"loc":{"start":{"line":61,"column":19},"end":{"line":61,"column":null}}},"14":{"name":"(anonymous_14)","decl":{"start":{"line":62,"column":4},"end":{"line":62,"column":18}},"loc":{"start":{"line":62,"column":19},"end":{"line":62,"column":null}}},"15":{"name":"(anonymous_15)","decl":{"start":{"line":63,"column":4},"end":{"line":63,"column":18}},"loc":{"start":{"line":63,"column":19},"end":{"line":63,"column":null}}},"16":{"name":"(anonymous_16)","decl":{"start":{"line":68,"column":4},"end":{"line":68,"column":18}},"loc":{"start":{"line":68,"column":19},"end":{"line":68,"column":null}}},"17":{"name":"(anonymous_17)","decl":{"start":{"line":69,"column":4},"end":{"line":69,"column":18}},"loc":{"start":{"line":69,"column":19},"end":{"line":69,"column":null}}},"18":{"name":"(anonymous_18)","decl":{"start":{"line":70,"column":4},"end":{"line":70,"column":18}},"loc":{"start":{"line":70,"column":19},"end":{"line":70,"column":null}}},"19":{"name":"(anonymous_19)","decl":{"start":{"line":74,"column":4},"end":{"line":74,"column":18}},"loc":{"start":{"line":74,"column":19},"end":{"line":74,"column":null}}},"20":{"name":"(anonymous_20)","decl":{"start":{"line":75,"column":4},"end":{"line":75,"column":18}},"loc":{"start":{"line":75,"column":19},"end":{"line":75,"column":null}}},"21":{"name":"(anonymous_21)","decl":{"start":{"line":78,"column":4},"end":{"line":78,"column":18}},"loc":{"start":{"line":78,"column":19},"end":{"line":78,"column":null}}},"22":{"name":"(anonymous_22)","decl":{"start":{"line":79,"column":4},"end":{"line":79,"column":18}},"loc":{"start":{"line":79,"column":19},"end":{"line":79,"column":null}}},"23":{"name":"(anonymous_23)","decl":{"start":{"line":82,"column":4},"end":{"line":82,"column":18}},"loc":{"start":{"line":82,"column":19},"end":{"line":82,"column":null}}},"24":{"name":"(anonymous_24)","decl":{"start":{"line":83,"column":4},"end":{"line":83,"column":18}},"loc":{"start":{"line":83,"column":19},"end":{"line":83,"column":null}}},"25":{"name":"(anonymous_25)","decl":{"start":{"line":86,"column":4},"end":{"line":86,"column":18}},"loc":{"start":{"line":86,"column":19},"end":{"line":86,"column":null}}},"26":{"name":"(anonymous_26)","decl":{"start":{"line":89,"column":4},"end":{"line":89,"column":18}},"loc":{"start":{"line":89,"column":19},"end":{"line":89,"column":null}}},"27":{"name":"(anonymous_27)","decl":{"start":{"line":90,"column":4},"end":{"line":90,"column":18}},"loc":{"start":{"line":90,"column":19},"end":{"line":92,"column":null}}},"28":{"name":"(anonymous_28)","decl":{"start":{"line":100,"column":4},"end":{"line":100,"column":18}},"loc":{"start":{"line":100,"column":19},"end":{"line":100,"column":null}}},"29":{"name":"(anonymous_29)","decl":{"start":{"line":101,"column":4},"end":{"line":101,"column":18}},"loc":{"start":{"line":101,"column":19},"end":{"line":101,"column":null}}},"30":{"name":"(anonymous_30)","decl":{"start":{"line":107,"column":13},"end":{"line":107,"column":null}},"loc":{"start":{"line":107,"column":13},"end":{"line":110,"column":null}}}},"branchMap":{"0":{"loc":{"start":{"line":5,"column":23},"end":{"line":5,"column":38}},"type":"binary-expr","locations":[{"start":{"line":5,"column":23},"end":{"line":5,"column":38}},{"start":{"line":5,"column":38},"end":{"line":5,"column":null}}]},"1":{"loc":{"start":{"line":45,"column":26},"end":{"line":46,"column":null}},"type":"cond-expr","locations":[{"start":{"line":45,"column":26},"end":{"line":46,"column":null}},{"start":{"line":47,"column":11},"end":{"line":47,"column":null}}]},"2":{"loc":{"start":{"line":49,"column":43},"end":{"line":49,"column":59}},"type":"cond-expr","locations":[{"start":{"line":49,"column":43},"end":{"line":49,"column":59}},{"start":{"line":49,"column":59},"end":{"line":49,"column":null}}]},"3":{"loc":{"start":{"line":55,"column":25},"end":{"line":55,"column":40}},"type":"binary-expr","locations":[{"start":{"line":55,"column":25},"end":{"line":55,"column":40}},{"start":{"line":55,"column":40},"end":{"line":55,"column":null}}]},"4":{"loc":{"start":{"line":62,"column":25},"end":{"line":62,"column":40}},"type":"binary-expr","locations":[{"start":{"line":62,"column":25},"end":{"line":62,"column":40}},{"start":{"line":62,"column":40},"end":{"line":62,"column":null}}]},"5":{"loc":{"start":{"line":69,"column":25},"end":{"line":69,"column":40}},"type":"binary-expr","locations":[{"start":{"line":69,"column":25},"end":{"line":69,"column":40}},{"start":{"line":69,"column":40},"end":{"line":69,"column":null}}]},"6":{"loc":{"start":{"line":78,"column":25},"end":{"line":78,"column":40}},"type":"binary-expr","locations":[{"start":{"line":78,"column":25},"end":{"line":78,"column":40}},{"start":{"line":78,"column":40},"end":{"line":78,"column":null}}]},"7":{"loc":{"start":{"line":82,"column":25},"end":{"line":82,"column":40}},"type":"binary-expr","locations":[{"start":{"line":82,"column":25},"end":{"line":82,"column":40}},{"start":{"line":82,"column":40},"end":{"line":82,"column":null}}]},"8":{"loc":{"start":{"line":92,"column":14},"end":{"line":92,"column":22}},"type":"binary-expr","locations":[{"start":{"line":92,"column":14},"end":{"line":92,"column":22}},{"start":{"line":92,"column":22},"end":{"line":92,"column":null}}]},"9":{"loc":{"start":{"line":100,"column":25},"end":{"line":100,"column":40}},"type":"binary-expr","locations":[{"start":{"line":100,"column":25},"end":{"line":100,"column":40}},{"start":{"line":100,"column":40},"end":{"line":100,"column":null}}]},"10":{"loc":{"start":{"line":109,"column":3},"end":{"line":109,"column":12}},"type":"cond-expr","locations":[{"start":{"line":109,"column":3},"end":{"line":109,"column":12}},{"start":{"line":109,"column":12},"end":{"line":109,"column":null}}]},"11":{"loc":{"start":{"line":110,"column":3},"end":{"line":110,"column":12}},"type":"cond-expr","locations":[{"start":{"line":110,"column":3},"end":{"line":110,"column":12}},{"start":{"line":110,"column":12},"end":{"line":110,"column":null}}]}},"s":{"0":16,"1":8,"2":8,"3":8,"4":11,"5":8,"6":0,"7":8,"8":0,"9":0,"10":0,"11":11,"12":0,"13":1,"14":1,"15":0,"16":0,"17":0,"18":0,"19":0,"20":0,"21":0,"22":0,"23":0,"24":0,"25":0,"26":0,"27":14,"28":8,"29":3,"30":34,"31":20,"32":20,"33":5,"34":2,"35":8,"36":160,"37":160,"38":160,"39":8},"f":{"0":8,"1":8,"2":11,"3":0,"4":0,"5":0,"6":0,"7":11,"8":0,"9":1,"10":1,"11":0,"12":0,"13":0,"14":0,"15":0,"16":0,"17":0,"18":0,"19":0,"20":0,"21":0,"22":0,"23":14,"24":8,"25":3,"26":34,"27":20,"28":5,"29":2,"30":160},"b":{"0":[11,9],"1":[0,1],"2":[1,0],"3":[0,0],"4":[0,0],"5":[0,0],"6":[0,0],"7":[14,14],"8":[20,20],"9":[5,5],"10":[104,56],"11":[88,72]}}
,"/Users/shanebdavis/dev/art-suite-foundations/packages/art-validation/source/Art.Validation/Lib.caf": {"path":"/Users/shanebdavis/dev/art-suite-foundations/packages/art-validation/source/Art.Validation/Lib.caf","statementMap":{"0":{"start":{"line":1,"column":0},"end":{"line":130,"column":null}},"1":{"start":{"line":3,"column":0},"end":{"line":3,"column":null}},"2":{"start":{"line":3,"column":20},"end":{"line":130,"column":null}},"3":{"start":{"line":6,"column":35},"end":{"line":14,"column":null}},"4":{"start":{"line":11,"column":11},"end":{"line":12,"column":null}},"5":{"start":{"line":17,"column":4},"end":{"line":17,"column":null}},"6":{"start":{"line":17,"column":10},"end":{"line":22,"column":null}},"7":{"start":{"line":18,"column":54},"end":{"line":22,"column":null}},"8":{"start":{"line":22,"column":55},"end":{"line":22,"column":null}},"9":{"start":{"line":22,"column":55},"end":{"line":24,"column":null}},"10":{"start":{"line":27,"column":4},"end":{"line":28,"column":null}},"11":{"start":{"line":28,"column":6},"end":{"line":28,"column":null}},"12":{"start":{"line":29,"column":4},"end":{"line":30,"column":null}},"13":{"start":{"line":30,"column":6},"end":{"line":30,"column":null}},"14":{"start":{"line":31,"column":4},"end":{"line":32,"column":null}},"15":{"start":{"line":32,"column":6},"end":{"line":32,"column":null}},"16":{"start":{"line":32,"column":22},"end":{"line":33,"column":null}},"17":{"start":{"line":36,"column":4},"end":{"line":36,"column":null}},"18":{"start":{"line":36,"column":26},"end":{"line":37,"column":null}},"19":{"start":{"line":37,"column":28},"end":{"line":37,"column":null}},"20":{"start":{"line":37,"column":28},"end":{"line":41,"column":null}},"21":{"start":{"line":44,"column":4},"end":{"line":67,"column":null}},"22":{"start":{"line":50,"column":8},"end":{"line":50,"column":null}},"23":{"start":{"line":55,"column":30},"end":{"line":60,"column":null}},"24":{"start":{"line":67,"column":6},"end":{"line":67,"column":null}},"25":{"start":{"line":67,"column":90},"end":{"line":69,"column":null}},"26":{"start":{"line":72,"column":4},"end":{"line":72,"column":null}},"27":{"start":{"line":74,"column":4},"end":{"line":74,"column":null}},"28":{"start":{"line":74,"column":97},"end":{"line":82,"column":null}},"29":{"start":{"line":77,"column":12},"end":{"line":82,"column":null}},"30":{"start":{"line":81,"column":52},"end":{"line":81,"column":76}},"31":{"start":{"line":81,"column":52},"end":{"line":81,"column":59}},"32":{"start":{"line":81,"column":69},"end":{"line":81,"column":76}},"33":{"start":{"line":82,"column":11},"end":{"line":87,"column":null}},"34":{"start":{"line":86,"column":8},"end":{"line":86,"column":null}},"35":{"start":{"line":86,"column":34},"end":{"line":86,"column":null}},"36":{"start":{"line":86,"column":55},"end":{"line":86,"column":null}},"37":{"start":{"line":86,"column":55},"end":{"line":86,"column":62}},"38":{"start":{"line":86,"column":73},"end":{"line":86,"column":null}},"39":{"start":{"line":86,"column":73},"end":{"line":87,"column":null}},"40":{"start":{"line":87,"column":8},"end":{"line":95,"column":null}},"41":{"start":{"line":90,"column":12},"end":{"line":95,"column":null}},"42":{"start":{"line":94,"column":56},"end":{"line":94,"column":84}},"43":{"start":{"line":94,"column":56},"end":{"line":94,"column":63}},"44":{"start":{"line":94,"column":77},"end":{"line":94,"column":84}},"45":{"start":{"line":95,"column":11},"end":{"line":97,"column":null}},"46":{"start":{"line":99,"column":56},"end":{"line":100,"column":null}},"47":{"start":{"line":100,"column":4},"end":{"line":100,"column":null}},"48":{"start":{"line":101,"column":4},"end":{"line":101,"column":null}},"49":{"start":{"line":103,"column":4},"end":{"line":104,"column":null}},"50":{"start":{"line":104,"column":6},"end":{"line":104,"column":null}},"51":{"start":{"line":106,"column":4},"end":{"line":128,"column":null}},"52":{"start":{"line":108,"column":6},"end":{"line":128,"column":null}},"53":{"start":{"line":109,"column":8},"end":{"line":109,"column":null}},"54":{"start":{"line":112,"column":8},"end":{"line":114,"column":null}},"55":{"start":{"line":113,"column":10},"end":{"line":113,"column":null}},"56":{"start":{"line":114,"column":20},"end":{"line":114,"column":null}},"57":{"start":{"line":114,"column":56},"end":{"line":114,"column":null}},"58":{"start":{"line":116,"column":18},"end":{"line":128,"column":null}},"59":{"start":{"line":117,"column":13},"end":{"line":128,"column":null}},"60":{"start":{"line":122,"column":14},"end":{"line":126,"column":null}},"61":{"start":{"line":122,"column":17},"end":{"line":123,"column":null}},"62":{"start":{"line":123,"column":36},"end":{"line":124,"column":20}},"63":{"start":{"line":125,"column":19},"end":{"line":126,"column":null}},"64":{"start":{"line":128,"column":15},"end":{"line":130,"column":null}}},"fnMap":{"0":{"name":"(anonymous_0)","decl":{"start":{"line":1,"column":0},"end":{"line":1,"column":7}},"loc":{"start":{"line":1,"column":0},"end":{"line":130,"column":null}}},"1":{"name":"(anonymous_1)","decl":{"start":{"line":1,"column":27},"end":{"line":1,"column":null}},"loc":{"start":{"line":1,"column":27},"end":{"line":130,"column":null}}},"2":{"name":"(anonymous_2)","decl":{"start":{"line":6,"column":25},"end":{"line":6,"column":28}},"loc":{"start":{"line":6,"column":29},"end":{"line":14,"column":null}}},"3":{"name":"(anonymous_3)","decl":{"start":{"line":10,"column":18},"end":{"line":10,"column":19}},"loc":{"start":{"line":11,"column":11},"end":{"line":12,"column":null}}},"4":{"name":"(anonymous_4)","decl":{"start":{"line":16,"column":27},"end":{"line":16,"column":30}},"loc":{"start":{"line":16,"column":31},"end":{"line":24,"column":null}}},"5":{"name":"(anonymous_5)","decl":{"start":{"line":18,"column":19},"end":{"line":18,"column":54}},"loc":{"start":{"line":18,"column":19},"end":{"line":22,"column":null}}},"6":{"name":"(anonymous_6)","decl":{"start":{"line":22,"column":55},"end":{"line":22,"column":null}},"loc":{"start":{"line":22,"column":55},"end":{"line":22,"column":null}}},"7":{"name":"(anonymous_7)","decl":{"start":{"line":26,"column":26},"end":{"line":26,"column":29}},"loc":{"start":{"line":26,"column":30},"end":{"line":33,"column":null}}},"8":{"name":"(anonymous_8)","decl":{"start":{"line":35,"column":24},"end":{"line":35,"column":27}},"loc":{"start":{"line":35,"column":28},"end":{"line":41,"column":null}}},"9":{"name":"(anonymous_9)","decl":{"start":{"line":43,"column":21},"end":{"line":43,"column":24}},"loc":{"start":{"line":43,"column":25},"end":{"line":69,"column":null}}},"10":{"name":"(anonymous_10)","decl":{"start":{"line":49,"column":30},"end":{"line":49,"column":null}},"loc":{"start":{"line":50,"column":8},"end":{"line":50,"column":null}}},"11":{"name":"(anonymous_11)","decl":{"start":{"line":55,"column":23},"end":{"line":55,"column":30}},"loc":{"start":{"line":55,"column":23},"end":{"line":60,"column":null}}},"12":{"name":"(anonymous_12)","decl":{"start":{"line":67,"column":6},"end":{"line":67,"column":12}},"loc":{"start":{"line":67,"column":6},"end":{"line":67,"column":null}}},"13":{"name":"(anonymous_13)","decl":{"start":{"line":71,"column":31},"end":{"line":71,"column":34}},"loc":{"start":{"line":71,"column":55},"end":{"line":97,"column":null}}},"14":{"name":"(anonymous_14)","decl":{"start":{"line":77,"column":6},"end":{"line":77,"column":7}},"loc":{"start":{"line":77,"column":7},"end":{"line":82,"column":null}}},"15":{"name":"(anonymous_15)","decl":{"start":{"line":81,"column":52},"end":{"line":81,"column":59}},"loc":{"start":{"line":81,"column":52},"end":{"line":81,"column":76}}},"16":{"name":"(anonymous_16)","decl":{"start":{"line":85,"column":6},"end":{"line":85,"column":7}},"loc":{"start":{"line":85,"column":7},"end":{"line":87,"column":null}}},"17":{"name":"(anonymous_17)","decl":{"start":{"line":86,"column":55},"end":{"line":86,"column":62}},"loc":{"start":{"line":86,"column":55},"end":{"line":86,"column":null}}},"18":{"name":"(anonymous_18)","decl":{"start":{"line":90,"column":6},"end":{"line":90,"column":7}},"loc":{"start":{"line":90,"column":7},"end":{"line":95,"column":null}}},"19":{"name":"(anonymous_19)","decl":{"start":{"line":94,"column":56},"end":{"line":94,"column":63}},"loc":{"start":{"line":94,"column":56},"end":{"line":94,"column":84}}},"20":{"name":"(anonymous_20)","decl":{"start":{"line":99,"column":38},"end":{"line":99,"column":41}},"loc":{"start":{"line":99,"column":42},"end":{"line":130,"column":null}}},"21":{"name":"(anonymous_21)","decl":{"start":{"line":114,"column":34},"end":{"line":114,"column":35}},"loc":{"start":{"line":114,"column":56},"end":{"line":114,"column":null}}},"22":{"name":"(anonymous_22)","decl":{"start":{"line":116,"column":34},"end":{"line":116,"column":35}},"loc":{"start":{"line":117,"column":13},"end":{"line":128,"column":null}}},"23":{"name":"(anonymous_23)","decl":{"start":{"line":122,"column":14},"end":{"line":122,"column":17}},"loc":{"start":{"line":122,"column":14},"end":{"line":126,"column":null}}}},"branchMap":{"0":{"loc":{"start":{"line":8,"column":6},"end":{"line":12,"column":null}},"type":"cond-expr","locations":[{"start":{"line":8,"column":6},"end":{"line":12,"column":null}},{"start":{"line":14,"column":6},"end":{"line":14,"column":null}}]},"1":{"loc":{"start":{"line":11,"column":11},"end":{"line":11,"column":null}},"type":"binary-expr","locations":[{"start":{"line":11,"column":11},"end":{"line":11,"column":null}},{"start":{"line":12,"column":20},"end":{"line":12,"column":24}},{"start":{"line":12,"column":24},"end":{"line":12,"column":null}}]},"2":{"loc":{"start":{"line":19,"column":36},"end":{"line":22,"column":null}},"type":"cond-expr","locations":[{"start":{"line":19,"column":36},"end":{"line":22,"column":null}},{"start":{"line":22,"column":55},"end":{"line":22,"column":null}}]},"3":{"loc":{"start":{"line":20,"column":37},"end":{"line":20,"column":null}},"type":"cond-expr","locations":[{"start":{"line":20,"column":37},"end":{"line":20,"column":null}},{"start":{"line":20,"column":37},"end":{"line":20,"column":null}}]},"4":{"loc":{"start":{"line":22,"column":55},"end":{"line":22,"column":null}},"type":"binary-expr","locations":[{"start":{"line":22,"column":55},"end":{"line":22,"column":null}},{"start":{"line":22,"column":55},"end":{"line":22,"column":null}}]},"5":{"loc":{"start":{"line":24,"column":4},"end":{"line":24,"column":11}},"type":"binary-expr","locations":[{"start":{"line":24,"column":4},"end":{"line":24,"column":11}},{"start":{"line":24,"column":11},"end":{"line":24,"column":null}}]},"6":{"loc":{"start":{"line":27,"column":4},"end":{"line":28,"column":null}},"type":"if","locations":[{"start":{"line":27,"column":4},"end":{"line":28,"column":null}},{"start":{"line":27,"column":4},"end":{"line":28,"column":null}}]},"7":{"loc":{"start":{"line":29,"column":4},"end":{"line":30,"column":null}},"type":"if","locations":[{"start":{"line":29,"column":4},"end":{"line":30,"column":null}},{"start":{"line":29,"column":4},"end":{"line":30,"column":null}}]},"8":{"loc":{"start":{"line":31,"column":4},"end":{"line":32,"column":null}},"type":"if","locations":[{"start":{"line":31,"column":4},"end":{"line":32,"column":null}},{"start":{"line":31,"column":4},"end":{"line":32,"column":null}}]},"9":{"loc":{"start":{"line":36,"column":26},"end":{"line":37,"column":null}},"type":"if","locations":[{"start":{"line":36,"column":26},"end":{"line":37,"column":null}},{"start":{"line":36,"column":26},"end":{"line":37,"column":null}}]},"10":{"loc":{"start":{"line":37,"column":28},"end":{"line":37,"column":null}},"type":"cond-expr","locations":[{"start":{"line":37,"column":28},"end":{"line":37,"column":null}},{"start":{"line":37,"column":28},"end":{"line":37,"column":null}}]},"11":{"loc":{"start":{"line":39,"column":6},"end":{"line":39,"column":null}},"type":"cond-expr","locations":[{"start":{"line":39,"column":6},"end":{"line":39,"column":null}},{"start":{"line":41,"column":6},"end":{"line":41,"column":null}}]},"12":{"loc":{"start":{"line":46,"column":6},"end":{"line":46,"column":null}},"type":"cond-expr","locations":[{"start":{"line":46,"column":6},"end":{"line":46,"column":null}},{"start":{"line":48,"column":12},"end":{"line":67,"column":null}}]},"13":{"loc":{"start":{"line":49,"column":6},"end":{"line":51,"column":null}},"type":"cond-expr","locations":[{"start":{"line":49,"column":6},"end":{"line":51,"column":null}},{"start":{"line":53,"column":12},"end":{"line":67,"column":null}}]},"14":{"loc":{"start":{"line":54,"column":6},"end":{"line":62,"column":null}},"type":"cond-expr","locations":[{"start":{"line":54,"column":6},"end":{"line":62,"column":null}},{"start":{"line":64,"column":12},"end":{"line":67,"column":null}}]},"15":{"loc":{"start":{"line":57,"column":12},"end":{"line":58,"column":null}},"type":"cond-expr","locations":[{"start":{"line":57,"column":12},"end":{"line":58,"column":null}},{"start":{"line":60,"column":12},"end":{"line":60,"column":null}}]},"16":{"loc":{"start":{"line":65,"column":6},"end":{"line":65,"column":null}},"type":"cond-expr","locations":[{"start":{"line":65,"column":6},"end":{"line":65,"column":null}},{"start":{"line":67,"column":6},"end":{"line":67,"column":null}}]},"17":{"loc":{"start":{"line":71,"column":55},"end":{"line":71,"column":null}},"type":"default-arg","locations":[{"start":{"line":71,"column":55},"end":{"line":71,"column":null}}]},"18":{"loc":{"start":{"line":72,"column":49},"end":{"line":72,"column":69}},"type":"default-arg","locations":[{"start":{"line":72,"column":49},"end":{"line":72,"column":69}}]},"19":{"loc":{"start":{"line":72,"column":69},"end":{"line":72,"column":91}},"type":"default-arg","locations":[{"start":{"line":72,"column":69},"end":{"line":72,"column":91}}]},"20":{"loc":{"start":{"line":76,"column":18},"end":{"line":76,"column":27}},"type":"cond-expr","locations":[{"start":{"line":76,"column":18},"end":{"line":76,"column":27}},{"start":{"line":76,"column":27},"end":{"line":82,"column":null}}]},"21":{"loc":{"start":{"line":78,"column":8},"end":{"line":78,"column":null}},"type":"binary-expr","locations":[{"start":{"line":78,"column":8},"end":{"line":78,"column":null}},{"start":{"line":79,"column":11},"end":{"line":79,"column":null}},{"start":{"line":80,"column":11},"end":{"line":80,"column":null}},{"start":{"line":81,"column":11},"end":{"line":81,"column":null}},{"start":{"line":82,"column":11},"end":{"line":82,"column":null}}]},"22":{"loc":{"start":{"line":79,"column":35},"end":{"line":79,"column":62}},"type":"cond-expr","locations":[{"start":{"line":79,"column":35},"end":{"line":79,"column":62}},{"start":{"line":79,"column":62},"end":{"line":79,"column":null}}]},"23":{"loc":{"start":{"line":80,"column":35},"end":{"line":80,"column":62}},"type":"cond-expr","locations":[{"start":{"line":80,"column":35},"end":{"line":80,"column":62}},{"start":{"line":80,"column":62},"end":{"line":80,"column":null}}]},"24":{"loc":{"start":{"line":81,"column":35},"end":{"line":81,"column":76}},"type":"cond-expr","locations":[{"start":{"line":81,"column":35},"end":{"line":81,"column":76}},{"start":{"line":81,"column":76},"end":{"line":81,"column":null}}]},"25":{"loc":{"start":{"line":81,"column":52},"end":{"line":81,"column":76}},"type":"cond-expr","locations":[{"start":{"line":81,"column":52},"end":{"line":81,"column":76}},{"start":{"line":81,"column":69},"end":{"line":81,"column":76}}]},"26":{"loc":{"start":{"line":81,"column":52},"end":{"line":81,"column":76}},"type":"if","locations":[{"start":{"line":81,"column":52},"end":{"line":81,"column":76}},{"start":{"line":81,"column":52},"end":{"line":81,"column":76}}]},"27":{"loc":{"start":{"line":84,"column":18},"end":{"line":84,"column":29}},"type":"cond-expr","locations":[{"start":{"line":84,"column":18},"end":{"line":84,"column":29}},{"start":{"line":84,"column":29},"end":{"line":87,"column":null}}]},"28":{"loc":{"start":{"line":86,"column":8},"end":{"line":86,"column":null}},"type":"if","locations":[{"start":{"line":86,"column":8},"end":{"line":86,"column":null}},{"start":{"line":86,"column":8},"end":{"line":86,"column":null}}]},"29":{"loc":{"start":{"line":86,"column":11},"end":{"line":86,"column":17}},"type":"binary-expr","locations":[{"start":{"line":86,"column":11},"end":{"line":86,"column":17}},{"start":{"line":86,"column":17},"end":{"line":86,"column":34}}]},"30":{"loc":{"start":{"line":86,"column":55},"end":{"line":86,"column":null}},"type":"cond-expr","locations":[{"start":{"line":86,"column":55},"end":{"line":86,"column":null}},{"start":{"line":86,"column":73},"end":{"line":86,"column":null}}]},"31":{"loc":{"start":{"line":89,"column":18},"end":{"line":89,"column":31}},"type":"cond-expr","locations":[{"start":{"line":89,"column":18},"end":{"line":89,"column":31}},{"start":{"line":89,"column":31},"end":{"line":95,"column":null}}]},"32":{"loc":{"start":{"line":91,"column":8},"end":{"line":91,"column":null}},"type":"binary-expr","locations":[{"start":{"line":91,"column":8},"end":{"line":91,"column":null}},{"start":{"line":92,"column":11},"end":{"line":92,"column":null}},{"start":{"line":93,"column":11},"end":{"line":93,"column":null}},{"start":{"line":94,"column":11},"end":{"line":94,"column":null}},{"start":{"line":95,"column":11},"end":{"line":95,"column":null}}]},"33":{"loc":{"start":{"line":92,"column":39},"end":{"line":92,"column":66}},"type":"cond-expr","locations":[{"start":{"line":92,"column":39},"end":{"line":92,"column":66}},{"start":{"line":92,"column":66},"end":{"line":92,"column":null}}]},"34":{"loc":{"start":{"line":93,"column":39},"end":{"line":93,"column":66}},"type":"cond-expr","locations":[{"start":{"line":93,"column":39},"end":{"line":93,"column":66}},{"start":{"line":93,"column":66},"end":{"line":93,"column":null}}]},"35":{"loc":{"start":{"line":94,"column":39},"end":{"line":94,"column":84}},"type":"cond-expr","locations":[{"start":{"line":94,"column":39},"end":{"line":94,"column":84}},{"start":{"line":94,"column":84},"end":{"line":94,"column":null}}]},"36":{"loc":{"start":{"line":94,"column":56},"end":{"line":94,"column":84}},"type":"cond-expr","locations":[{"start":{"line":94,"column":56},"end":{"line":94,"column":84}},{"start":{"line":94,"column":77},"end":{"line":94,"column":84}}]},"37":{"loc":{"start":{"line":94,"column":56},"end":{"line":94,"column":84}},"type":"if","locations":[{"start":{"line":94,"column":56},"end":{"line":94,"column":84}},{"start":{"line":94,"column":56},"end":{"line":94,"column":84}}]},"38":{"loc":{"start":{"line":103,"column":4},"end":{"line":104,"column":null}},"type":"if","locations":[{"start":{"line":103,"column":4},"end":{"line":104,"column":null}},{"start":{"line":103,"column":4},"end":{"line":104,"column":null}}]},"39":{"loc":{"start":{"line":103,"column":7},"end":{"line":103,"column":29}},"type":"binary-expr","locations":[{"start":{"line":103,"column":7},"end":{"line":103,"column":29}},{"start":{"line":103,"column":29},"end":{"line":103,"column":null}}]},"40":{"loc":{"start":{"line":106,"column":4},"end":{"line":128,"column":null}},"type":"if","locations":[{"start":{"line":106,"column":4},"end":{"line":128,"column":null}},{"start":{"line":106,"column":4},"end":{"line":128,"column":null}}]},"41":{"loc":{"start":{"line":106,"column":17},"end":{"line":106,"column":21}},"type":"binary-expr","locations":[{"start":{"line":106,"column":17},"end":{"line":106,"column":21}},{"start":{"line":106,"column":21},"end":{"line":106,"column":35}},{"start":{"line":106,"column":35},"end":{"line":106,"column":46}},{"start":{"line":106,"column":46},"end":{"line":106,"column":null}}]},"42":{"loc":{"start":{"line":108,"column":6},"end":{"line":128,"column":null}},"type":"if","locations":[{"start":{"line":108,"column":6},"end":{"line":128,"column":null}},{"start":{"line":108,"column":6},"end":{"line":128,"column":null}}]},"43":{"loc":{"start":{"line":112,"column":8},"end":{"line":114,"column":null}},"type":"if","locations":[{"start":{"line":112,"column":8},"end":{"line":114,"column":null}},{"start":{"line":112,"column":8},"end":{"line":114,"column":null}}]},"44":{"loc":{"start":{"line":117,"column":73},"end":{"line":117,"column":null}},"type":"cond-expr","locations":[{"start":{"line":117,"column":73},"end":{"line":117,"column":null}},{"start":{"line":118,"column":15},"end":{"line":128,"column":null}}]},"45":{"loc":{"start":{"line":117,"column":13},"end":{"line":117,"column":25}},"type":"binary-expr","locations":[{"start":{"line":117,"column":13},"end":{"line":117,"column":25}},{"start":{"line":117,"column":25},"end":{"line":117,"column":73}}]},"46":{"loc":{"start":{"line":119,"column":25},"end":{"line":126,"column":null}},"type":"cond-expr","locations":[{"start":{"line":119,"column":25},"end":{"line":126,"column":null}},{"start":{"line":128,"column":15},"end":{"line":128,"column":null}}]},"47":{"loc":{"start":{"line":119,"column":65},"end":{"line":119,"column":null}},"type":"cond-expr","locations":[{"start":{"line":119,"column":65},"end":{"line":119,"column":null}},{"start":{"line":120,"column":30},"end":{"line":126,"column":null}}]},"48":{"loc":{"start":{"line":119,"column":25},"end":{"line":119,"column":29}},"type":"binary-expr","locations":[{"start":{"line":119,"column":25},"end":{"line":119,"column":29}},{"start":{"line":119,"column":29},"end":{"line":119,"column":65}}]},"49":{"loc":{"start":{"line":120,"column":65},"end":{"line":120,"column":null}},"type":"cond-expr","locations":[{"start":{"line":120,"column":65},"end":{"line":120,"column":null}},{"start":{"line":122,"column":14},"end":{"line":126,"column":null}}]},"50":{"loc":{"start":{"line":120,"column":30},"end":{"line":120,"column":34}},"type":"binary-expr","locations":[{"start":{"line":120,"column":30},"end":{"line":120,"column":34}},{"start":{"line":120,"column":34},"end":{"line":120,"column":65}}]},"51":{"loc":{"start":{"line":122,"column":17},"end":{"line":123,"column":36}},"type":"binary-expr","locations":[{"start":{"line":122,"column":17},"end":{"line":123,"column":36}},{"start":{"line":123,"column":16},"end":{"line":123,"column":null}}]}},"s":{"0":16,"1":8,"2":8,"3":57,"4":6,"5":68,"6":68,"7":88,"8":100,"9":68,"10":60,"11":1,"12":59,"13":1,"14":58,"15":1,"16":57,"17":57,"18":57,"19":4,"20":57,"21":113,"22":11,"23":47,"24":0,"25":110,"26":8,"27":8,"28":8,"29":40,"30":82,"31":54,"32":94,"33":8,"34":16,"35":3,"36":10,"37":7,"38":10,"39":16,"40":8,"41":19,"42":27,"43":19,"44":29,"45":8,"46":110,"47":330,"48":110,"49":110,"50":0,"51":110,"52":32,"53":8,"54":24,"55":4,"56":4,"57":9,"58":24,"59":51,"60":39,"61":39,"62":33,"63":6,"64":110},"f":{"0":8,"1":8,"2":57,"3":6,"4":68,"5":88,"6":100,"7":60,"8":57,"9":113,"10":11,"11":47,"12":0,"13":8,"14":40,"15":28,"16":16,"17":3,"18":19,"19":8,"20":110,"21":9,"22":51,"23":39},"b":{"0":[2,55],"1":[6,3,0],"2":[8,80],"3":[8,0],"4":[100,96],"5":[68,60],"6":[1,59],"7":[1,58],"8":[1,57],"9":[4,53],"10":[0,4],"11":[32,25],"12":[60,53],"13":[7,46],"14":[44,2],"15":[37,10],"16":[2,0],"17":[0],"18":[7],"19":[7],"20":[2,6],"21":[40,38,32,28,16],"22":[20,18],"23":[16,16],"24":[28,0],"25":[28,0],"26":[12,42],"27":[1,7],"28":[3,13],"29":[16,16],"30":[3,0],"31":[0,8],"32":[19,19,19,19,17],"33":[6,13],"34":[6,13],"35":[8,11],"36":[8,0],"37":[2,17],"38":[0,110],"39":[110,8],"40":[32,78],"41":[110,91,90,86],"42":[8,24],"43":[4,20],"44":[0,51],"45":[51,0],"46":[51,0],"47":[4,47],"48":[51,33],"49":[8,39],"50":[47,19],"51":[39,11]}}
,"/Users/shanebdavis/dev/art-suite-foundations/packages/art-validation/source/Art.Validation/Validation.caf": {"path":"/Users/shanebdavis/dev/art-suite-foundations/packages/art-validation/source/Art.Validation/Validation.caf","statementMap":{"0":{"start":{"line":1,"column":0},"end":{"line":1,"column":null}}},"fnMap":{"0":{"name":"(anonymous_0)","decl":{"start":{"line":1,"column":0},"end":{"line":1,"column":1}},"loc":{"start":{"line":1,"column":0},"end":{"line":1,"column":null}}}},"branchMap":{},"s":{"0":16},"f":{"0":8},"b":{}}
,"/Users/shanebdavis/dev/art-suite-foundations/packages/art-validation/source/Art.Validation/Validator.caf": {"path":"/Users/shanebdavis/dev/art-suite-foundations/packages/art-validation/source/Art.Validation/Validator.caf","statementMap":{"0":{"start":{"line":1,"column":0},"end":{"line":271,"column":null}},"1":{"start":{"line":79,"column":0},"end":{"line":271,"column":null}},"2":{"start":{"line":86,"column":37},"end":{"line":86,"column":null}},"3":{"start":{"line":87,"column":4},"end":{"line":87,"column":null}},"4":{"start":{"line":88,"column":4},"end":{"line":88,"column":null}},"5":{"start":{"line":89,"column":4},"end":{"line":89,"column":null}},"6":{"start":{"line":90,"column":4},"end":{"line":92,"column":null}},"7":{"start":{"line":91,"column":6},"end":{"line":91,"column":null}},"8":{"start":{"line":92,"column":6},"end":{"line":92,"column":null}},"9":{"start":{"line":92,"column":17},"end":{"line":92,"column":null}},"10":{"start":{"line":94,"column":2},"end":{"line":94,"column":null}},"11":{"start":{"line":94,"column":12},"end":{"line":101,"column":null}},"12":{"start":{"line":96,"column":37},"end":{"line":100,"column":null}},"13":{"start":{"line":98,"column":6},"end":{"line":98,"column":null}},"14":{"start":{"line":98,"column":39},"end":{"line":100,"column":null}},"15":{"start":{"line":100,"column":43},"end":{"line":101,"column":null}},"16":{"start":{"line":103,"column":2},"end":{"line":105,"column":null}},"17":{"start":{"line":104,"column":24},"end":{"line":105,"column":null}},"18":{"start":{"line":105,"column":17},"end":{"line":115,"column":null}},"19":{"start":{"line":114,"column":4},"end":{"line":114,"column":null}},"20":{"start":{"line":114,"column":14},"end":{"line":115,"column":null}},"21":{"start":{"line":115,"column":45},"end":{"line":115,"column":null}},"22":{"start":{"line":115,"column":68},"end":{"line":119,"column":null}},"23":{"start":{"line":118,"column":4},"end":{"line":118,"column":null}},"24":{"start":{"line":118,"column":14},"end":{"line":119,"column":null}},"25":{"start":{"line":119,"column":45},"end":{"line":119,"column":null}},"26":{"start":{"line":119,"column":68},"end":{"line":121,"column":null}},"27":{"start":{"line":121,"column":19},"end":{"line":121,"column":null}},"28":{"start":{"line":121,"column":35},"end":{"line":125,"column":null}},"29":{"start":{"line":124,"column":4},"end":{"line":124,"column":null}},"30":{"start":{"line":124,"column":14},"end":{"line":125,"column":null}},"31":{"start":{"line":125,"column":28},"end":{"line":129,"column":null}},"32":{"start":{"line":128,"column":4},"end":{"line":128,"column":null}},"33":{"start":{"line":128,"column":14},"end":{"line":129,"column":null}},"34":{"start":{"line":129,"column":28},"end":{"line":152,"column":null}},"35":{"start":{"line":143,"column":4},"end":{"line":143,"column":null}},"36":{"start":{"line":143,"column":22},"end":{"line":152,"column":null}},"37":{"start":{"line":144,"column":4},"end":{"line":150,"column":null}},"38":{"start":{"line":144,"column":7},"end":{"line":147,"column":71}},"39":{"start":{"line":147,"column":71},"end":{"line":147,"column":null}},"40":{"start":{"line":149,"column":15},"end":{"line":150,"column":null}},"41":{"start":{"line":152,"column":54},"end":{"line":154,"column":null}},"42":{"start":{"line":154,"column":18},"end":{"line":174,"column":null}},"43":{"start":{"line":166,"column":60},"end":{"line":174,"column":null}},"44":{"start":{"line":167,"column":4},"end":{"line":172,"column":null}},"45":{"start":{"line":167,"column":7},"end":{"line":169,"column":65}},"46":{"start":{"line":169,"column":65},"end":{"line":169,"column":null}},"47":{"start":{"line":171,"column":15},"end":{"line":172,"column":null}},"48":{"start":{"line":174,"column":45},"end":{"line":197,"column":null}},"49":{"start":{"line":177,"column":4},"end":{"line":177,"column":null}},"50":{"start":{"line":178,"column":4},"end":{"line":178,"column":null}},"51":{"start":{"line":178,"column":4},"end":{"line":185,"column":null}},"52":{"start":{"line":181,"column":12},"end":{"line":181,"column":null}},"53":{"start":{"line":181,"column":18},"end":{"line":185,"column":null}},"54":{"start":{"line":185,"column":19},"end":{"line":189,"column":null}},"55":{"start":{"line":188,"column":12},"end":{"line":188,"column":null}},"56":{"start":{"line":188,"column":18},"end":{"line":189,"column":null}},"57":{"start":{"line":191,"column":4},"end":{"line":193,"column":null}},"58":{"start":{"line":192,"column":12},"end":{"line":192,"column":null}},"59":{"start":{"line":192,"column":18},"end":{"line":193,"column":null}},"60":{"start":{"line":195,"column":4},"end":{"line":195,"column":null}},"61":{"start":{"line":196,"column":8},"end":{"line":196,"column":null}},"62":{"start":{"line":196,"column":18},"end":{"line":197,"column":null}},"63":{"start":{"line":197,"column":4},"end":{"line":197,"column":null}},"64":{"start":{"line":197,"column":44},"end":{"line":207,"column":null}},"65":{"start":{"line":202,"column":54},"end":{"line":207,"column":null}},"66":{"start":{"line":207,"column":6},"end":{"line":217,"column":null}},"67":{"start":{"line":209,"column":50},"end":{"line":217,"column":null}},"68":{"start":{"line":217,"column":7},"end":{"line":227,"column":null}},"69":{"start":{"line":219,"column":46},"end":{"line":227,"column":null}},"70":{"start":{"line":227,"column":6},"end":{"line":230,"column":null}},"71":{"start":{"line":229,"column":33},"end":{"line":230,"column":null}},"72":{"start":{"line":230,"column":49},"end":{"line":230,"column":null}},"73":{"start":{"line":230,"column":88},"end":{"line":233,"column":null}},"74":{"start":{"line":232,"column":36},"end":{"line":233,"column":null}},"75":{"start":{"line":233,"column":55},"end":{"line":233,"column":null}},"76":{"start":{"line":233,"column":86},"end":{"line":237,"column":null}},"77":{"start":{"line":235,"column":33},"end":{"line":237,"column":null}},"78":{"start":{"line":237,"column":4},"end":{"line":237,"column":7}},"79":{"start":{"line":237,"column":7},"end":{"line":257,"column":null}},"80":{"start":{"line":243,"column":4},"end":{"line":243,"column":null}},"81":{"start":{"line":243,"column":22},"end":{"line":244,"column":null}},"82":{"start":{"line":244,"column":20},"end":{"line":244,"column":null}},"83":{"start":{"line":245,"column":4},"end":{"line":255,"column":null}},"84":{"start":{"line":246,"column":6},"end":{"line":249,"column":null}},"85":{"start":{"line":249,"column":31},"end":{"line":251,"column":null}},"86":{"start":{"line":251,"column":75},"end":{"line":251,"column":null}},"87":{"start":{"line":251,"column":75},"end":{"line":255,"column":null}},"88":{"start":{"line":255,"column":37},"end":{"line":257,"column":null}},"89":{"start":{"line":257,"column":22},"end":{"line":259,"column":null}},"90":{"start":{"line":259,"column":20},"end":{"line":264,"column":null}},"91":{"start":{"line":264,"column":34},"end":{"line":264,"column":null}},"92":{"start":{"line":264,"column":101},"end":{"line":264,"column":null}},"93":{"start":{"line":264,"column":101},"end":{"line":265,"column":null}},"94":{"start":{"line":265,"column":34},"end":{"line":265,"column":null}},"95":{"start":{"line":265,"column":105},"end":{"line":265,"column":null}},"96":{"start":{"line":265,"column":105},"end":{"line":266,"column":null}},"97":{"start":{"line":266,"column":34},"end":{"line":266,"column":null}},"98":{"start":{"line":266,"column":111},"end":{"line":266,"column":null}},"99":{"start":{"line":266,"column":111},"end":{"line":271,"column":null}},"100":{"start":{"line":271,"column":33},"end":{"line":271,"column":null}}},"fnMap":{"0":{"name":"(anonymous_0)","decl":{"start":{"line":1,"column":0},"end":{"line":1,"column":7}},"loc":{"start":{"line":1,"column":0},"end":{"line":271,"column":null}}},"1":{"name":"(anonymous_1)","decl":{"start":{"line":1,"column":75},"end":{"line":1,"column":null}},"loc":{"start":{"line":1,"column":75},"end":{"line":271,"column":null}}},"2":{"name":"(anonymous_2)","decl":{"start":{"line":79,"column":24},"end":{"line":79,"column":null}},"loc":{"start":{"line":86,"column":37},"end":{"line":92,"column":null}}},"3":{"name":"(anonymous_3)","decl":{"start":{"line":92,"column":17},"end":{"line":92,"column":null}},"loc":{"start":{"line":92,"column":17},"end":{"line":271,"column":null}}},"4":{"name":"(anonymous_6)","decl":{"start":{"line":96,"column":2},"end":{"line":96,"column":13}},"loc":{"start":{"line":96,"column":14},"end":{"line":101,"column":null}}},"5":{"name":"(anonymous_7)","decl":{"start":{"line":97,"column":34},"end":{"line":97,"column":null}},"loc":{"start":{"line":97,"column":34},"end":{"line":100,"column":null}}},"6":{"name":"(anonymous_8)","decl":{"start":{"line":104,"column":4},"end":{"line":104,"column":24}},"loc":{"start":{"line":104,"column":4},"end":{"line":105,"column":null}}},"7":{"name":"(anonymous_9)","decl":{"start":{"line":113,"column":2},"end":{"line":113,"column":13}},"loc":{"start":{"line":113,"column":22},"end":{"line":115,"column":null}}},"8":{"name":"(anonymous_10)","decl":{"start":{"line":115,"column":33},"end":{"line":115,"column":34}},"loc":{"start":{"line":115,"column":45},"end":{"line":115,"column":null}}},"9":{"name":"(anonymous_11)","decl":{"start":{"line":117,"column":2},"end":{"line":117,"column":13}},"loc":{"start":{"line":117,"column":22},"end":{"line":119,"column":null}}},"10":{"name":"(anonymous_12)","decl":{"start":{"line":119,"column":33},"end":{"line":119,"column":34}},"loc":{"start":{"line":119,"column":45},"end":{"line":119,"column":null}}},"11":{"name":"(anonymous_13)","decl":{"start":{"line":121,"column":2},"end":{"line":121,"column":19}},"loc":{"start":{"line":121,"column":2},"end":{"line":121,"column":null}}},"12":{"name":"(anonymous_14)","decl":{"start":{"line":121,"column":19},"end":{"line":121,"column":25}},"loc":{"start":{"line":121,"column":19},"end":{"line":121,"column":null}}},"13":{"name":"(anonymous_15)","decl":{"start":{"line":123,"column":2},"end":{"line":123,"column":17}},"loc":{"start":{"line":123,"column":31},"end":{"line":125,"column":null}}},"14":{"name":"(anonymous_16)","decl":{"start":{"line":127,"column":2},"end":{"line":127,"column":17}},"loc":{"start":{"line":127,"column":31},"end":{"line":129,"column":null}}},"15":{"name":"(anonymous_17)","decl":{"start":{"line":142,"column":32},"end":{"line":142,"column":35}},"loc":{"start":{"line":142,"column":49},"end":{"line":152,"column":null}}},"16":{"name":"(anonymous_18)","decl":{"start":{"line":144,"column":4},"end":{"line":144,"column":7}},"loc":{"start":{"line":144,"column":4},"end":{"line":150,"column":null}}},"17":{"name":"(anonymous_19)","decl":{"start":{"line":166,"column":32},"end":{"line":166,"column":35}},"loc":{"start":{"line":166,"column":49},"end":{"line":174,"column":null}}},"18":{"name":"(anonymous_20)","decl":{"start":{"line":167,"column":4},"end":{"line":167,"column":7}},"loc":{"start":{"line":167,"column":4},"end":{"line":172,"column":null}}},"19":{"name":"(anonymous_21)","decl":{"start":{"line":176,"column":2},"end":{"line":176,"column":15}},"loc":{"start":{"line":176,"column":50},"end":{"line":197,"column":null}}},"20":{"name":"(anonymous_22)","decl":{"start":{"line":180,"column":32},"end":{"line":180,"column":null}},"loc":{"start":{"line":180,"column":32},"end":{"line":185,"column":null}}},"21":{"name":"(anonymous_23)","decl":{"start":{"line":187,"column":36},"end":{"line":187,"column":null}},"loc":{"start":{"line":187,"column":36},"end":{"line":189,"column":null}}},"22":{"name":"(anonymous_24)","decl":{"start":{"line":191,"column":45},"end":{"line":191,"column":null}},"loc":{"start":{"line":191,"column":45},"end":{"line":193,"column":null}}},"23":{"name":"(anonymous_25)","decl":{"start":{"line":197,"column":4},"end":{"line":197,"column":10}},"loc":{"start":{"line":197,"column":4},"end":{"line":197,"column":null}}},"24":{"name":"(anonymous_26)","decl":{"start":{"line":202,"column":2},"end":{"line":202,"column":25}},"loc":{"start":{"line":202,"column":45},"end":{"line":207,"column":null}}},"25":{"name":"(anonymous_27)","decl":{"start":{"line":209,"column":2},"end":{"line":209,"column":21}},"loc":{"start":{"line":209,"column":41},"end":{"line":217,"column":null}}},"26":{"name":"(anonymous_28)","decl":{"start":{"line":219,"column":2},"end":{"line":219,"column":24}},"loc":{"start":{"line":219,"column":33},"end":{"line":227,"column":null}}},"27":{"name":"(anonymous_29)","decl":{"start":{"line":229,"column":2},"end":{"line":229,"column":22}},"loc":{"start":{"line":229,"column":23},"end":{"line":230,"column":null}}},"28":{"name":"(anonymous_30)","decl":{"start":{"line":230,"column":37},"end":{"line":230,"column":49}},"loc":{"start":{"line":230,"column":49},"end":{"line":230,"column":null}}},"29":{"name":"(anonymous_31)","decl":{"start":{"line":232,"column":2},"end":{"line":232,"column":25}},"loc":{"start":{"line":232,"column":26},"end":{"line":233,"column":null}}},"30":{"name":"(anonymous_32)","decl":{"start":{"line":233,"column":37},"end":{"line":233,"column":55}},"loc":{"start":{"line":233,"column":55},"end":{"line":233,"column":null}}},"31":{"name":"(anonymous_33)","decl":{"start":{"line":235,"column":2},"end":{"line":235,"column":22}},"loc":{"start":{"line":235,"column":23},"end":{"line":237,"column":null}}},"32":{"name":"(anonymous_34)","decl":{"start":{"line":237,"column":4},"end":{"line":237,"column":7}},"loc":{"start":{"line":237,"column":4},"end":{"line":237,"column":7}}},"33":{"name":"(anonymous_35)","decl":{"start":{"line":242,"column":30},"end":{"line":242,"column":33}},"loc":{"start":{"line":242,"column":42},"end":{"line":257,"column":null}}},"34":{"name":"(anonymous_36)","decl":{"start":{"line":245,"column":41},"end":{"line":245,"column":null}},"loc":{"start":{"line":245,"column":41},"end":{"line":255,"column":null}}},"35":{"name":"(anonymous_37)","decl":{"start":{"line":264,"column":2},"end":{"line":264,"column":22}},"loc":{"start":{"line":264,"column":23},"end":{"line":264,"column":null}}},"36":{"name":"(anonymous_38)","decl":{"start":{"line":264,"column":51},"end":{"line":264,"column":101}},"loc":{"start":{"line":264,"column":101},"end":{"line":264,"column":null}}},"37":{"name":"(anonymous_39)","decl":{"start":{"line":264,"column":101},"end":{"line":264,"column":null}},"loc":{"start":{"line":264,"column":101},"end":{"line":264,"column":null}}},"38":{"name":"(anonymous_40)","decl":{"start":{"line":265,"column":2},"end":{"line":265,"column":22}},"loc":{"start":{"line":265,"column":23},"end":{"line":265,"column":null}}},"39":{"name":"(anonymous_41)","decl":{"start":{"line":265,"column":51},"end":{"line":265,"column":105}},"loc":{"start":{"line":265,"column":105},"end":{"line":265,"column":null}}},"40":{"name":"(anonymous_42)","decl":{"start":{"line":265,"column":105},"end":{"line":265,"column":null}},"loc":{"start":{"line":265,"column":105},"end":{"line":265,"column":null}}},"41":{"name":"(anonymous_43)","decl":{"start":{"line":266,"column":2},"end":{"line":266,"column":22}},"loc":{"start":{"line":266,"column":23},"end":{"line":266,"column":null}}},"42":{"name":"(anonymous_44)","decl":{"start":{"line":266,"column":51},"end":{"line":266,"column":111}},"loc":{"start":{"line":266,"column":111},"end":{"line":266,"column":null}}},"43":{"name":"(anonymous_45)","decl":{"start":{"line":266,"column":111},"end":{"line":266,"column":null}},"loc":{"start":{"line":266,"column":111},"end":{"line":266,"column":null}}},"44":{"name":"(anonymous_46)","decl":{"start":{"line":271,"column":2},"end":{"line":271,"column":13}},"loc":{"start":{"line":271,"column":21},"end":{"line":271,"column":null}}}},"branchMap":{"0":{"loc":{"start":{"line":90,"column":4},"end":{"line":92,"column":null}},"type":"if","locations":[{"start":{"line":90,"column":4},"end":{"line":92,"column":null}},{"start":{"line":90,"column":4},"end":{"line":92,"column":null}}]},"1":{"loc":{"start":{"line":100,"column":8},"end":{"line":100,"column":null}},"type":"cond-expr","locations":[{"start":{"line":100,"column":8},"end":{"line":100,"column":null}},{"start":{"line":100,"column":43},"end":{"line":100,"column":null}}]},"2":{"loc":{"start":{"line":99,"column":9},"end":{"line":99,"column":34}},"type":"binary-expr","locations":[{"start":{"line":99,"column":9},"end":{"line":99,"column":34}},{"start":{"line":99,"column":34},"end":{"line":99,"column":null}}]},"3":{"loc":{"start":{"line":123,"column":18},"end":{"line":123,"column":31}},"type":"default-arg","locations":[{"start":{"line":123,"column":18},"end":{"line":123,"column":31}}]},"4":{"loc":{"start":{"line":127,"column":18},"end":{"line":127,"column":31}},"type":"default-arg","locations":[{"start":{"line":127,"column":18},"end":{"line":127,"column":31}}]},"5":{"loc":{"start":{"line":142,"column":36},"end":{"line":142,"column":49}},"type":"default-arg","locations":[{"start":{"line":142,"column":36},"end":{"line":142,"column":49}}]},"6":{"loc":{"start":{"line":144,"column":4},"end":{"line":150,"column":null}},"type":"binary-expr","locations":[{"start":{"line":144,"column":4},"end":{"line":150,"column":null}},{"start":{"line":152,"column":7},"end":{"line":152,"column":null}}]},"7":{"loc":{"start":{"line":145,"column":6},"end":{"line":145,"column":null}},"type":"binary-expr","locations":[{"start":{"line":145,"column":6},"end":{"line":145,"column":null}},{"start":{"line":146,"column":9},"end":{"line":146,"column":null}},{"start":{"line":147,"column":9},"end":{"line":147,"column":71}}]},"8":{"loc":{"start":{"line":166,"column":36},"end":{"line":166,"column":49}},"type":"default-arg","locations":[{"start":{"line":166,"column":36},"end":{"line":166,"column":49}}]},"9":{"loc":{"start":{"line":167,"column":4},"end":{"line":172,"column":null}},"type":"binary-expr","locations":[{"start":{"line":167,"column":4},"end":{"line":172,"column":null}},{"start":{"line":174,"column":7},"end":{"line":174,"column":null}}]},"10":{"loc":{"start":{"line":168,"column":6},"end":{"line":168,"column":null}},"type":"binary-expr","locations":[{"start":{"line":168,"column":6},"end":{"line":168,"column":null}},{"start":{"line":169,"column":9},"end":{"line":169,"column":65}}]},"11":{"loc":{"start":{"line":182,"column":39},"end":{"line":183,"column":null}},"type":"cond-expr","locations":[{"start":{"line":182,"column":39},"end":{"line":183,"column":null}},{"start":{"line":184,"column":10},"end":{"line":185,"column":null}}]},"12":{"loc":{"start":{"line":182,"column":9},"end":{"line":182,"column":19}},"type":"binary-expr","locations":[{"start":{"line":182,"column":9},"end":{"line":182,"column":19}},{"start":{"line":182,"column":19},"end":{"line":182,"column":39}}]},"13":{"loc":{"start":{"line":191,"column":4},"end":{"line":191,"column":30}},"type":"binary-expr","locations":[{"start":{"line":191,"column":4},"end":{"line":191,"column":30}},{"start":{"line":191,"column":4},"end":{"line":193,"column":null}}]},"14":{"loc":{"start":{"line":195,"column":17},"end":{"line":195,"column":36}},"type":"cond-expr","locations":[{"start":{"line":195,"column":17},"end":{"line":195,"column":36}},{"start":{"line":195,"column":36},"end":{"line":195,"column":51}}]},"15":{"loc":{"start":{"line":195,"column":17},"end":{"line":195,"column":36}},"type":"binary-expr","locations":[{"start":{"line":195,"column":17},"end":{"line":195,"column":36}},{"start":{"line":195,"column":17},"end":{"line":195,"column":36}}]},"16":{"loc":{"start":{"line":195,"column":66},"end":{"line":195,"column":80}},"type":"cond-expr","locations":[{"start":{"line":195,"column":66},"end":{"line":195,"column":80}},{"start":{"line":195,"column":80},"end":{"line":195,"column":127}}]},"17":{"loc":{"start":{"line":204,"column":6},"end":{"line":205,"column":null}},"type":"cond-expr","locations":[{"start":{"line":204,"column":6},"end":{"line":205,"column":null}},{"start":{"line":207,"column":6},"end":{"line":207,"column":null}}]},"18":{"loc":{"start":{"line":205,"column":19},"end":{"line":205,"column":24}},"type":"binary-expr","locations":[{"start":{"line":205,"column":19},"end":{"line":205,"column":24}},{"start":{"line":205,"column":19},"end":{"line":205,"column":34}},{"start":{"line":205,"column":34},"end":{"line":205,"column":51}},{"start":{"line":205,"column":51},"end":{"line":205,"column":73}},{"start":{"line":205,"column":73},"end":{"line":205,"column":null}}]},"19":{"loc":{"start":{"line":210,"column":43},"end":{"line":215,"column":null}},"type":"cond-expr","locations":[{"start":{"line":210,"column":43},"end":{"line":215,"column":null}},{"start":{"line":216,"column":8},"end":{"line":217,"column":null}}]},"20":{"loc":{"start":{"line":213,"column":8},"end":{"line":213,"column":null}},"type":"cond-expr","locations":[{"start":{"line":213,"column":8},"end":{"line":213,"column":null}},{"start":{"line":215,"column":17},"end":{"line":215,"column":null}}]},"21":{"loc":{"start":{"line":212,"column":9},"end":{"line":212,"column":27}},"type":"binary-expr","locations":[{"start":{"line":212,"column":9},"end":{"line":212,"column":27}},{"start":{"line":212,"column":27},"end":{"line":212,"column":null}}]},"22":{"loc":{"start":{"line":215,"column":17},"end":{"line":215,"column":22}},"type":"binary-expr","locations":[{"start":{"line":215,"column":17},"end":{"line":215,"column":22}},{"start":{"line":215,"column":17},"end":{"line":215,"column":32}},{"start":{"line":215,"column":32},"end":{"line":215,"column":49}},{"start":{"line":215,"column":49},"end":{"line":215,"column":71}},{"start":{"line":215,"column":71},"end":{"line":215,"column":null}}]},"23":{"loc":{"start":{"line":221,"column":6},"end":{"line":221,"column":null}},"type":"cond-expr","locations":[{"start":{"line":221,"column":6},"end":{"line":221,"column":null}},{"start":{"line":222,"column":12},"end":{"line":227,"column":null}}]},"24":{"loc":{"start":{"line":223,"column":6},"end":{"line":223,"column":null}},"type":"cond-expr","locations":[{"start":{"line":223,"column":6},"end":{"line":223,"column":null}},{"start":{"line":224,"column":12},"end":{"line":227,"column":null}}]},"25":{"loc":{"start":{"line":222,"column":12},"end":{"line":222,"column":31}},"type":"binary-expr","locations":[{"start":{"line":222,"column":12},"end":{"line":222,"column":31}},{"start":{"line":222,"column":31},"end":{"line":222,"column":null}}]},"26":{"loc":{"start":{"line":225,"column":6},"end":{"line":225,"column":null}},"type":"cond-expr","locations":[{"start":{"line":225,"column":6},"end":{"line":225,"column":null}},{"start":{"line":227,"column":6},"end":{"line":227,"column":null}}]},"27":{"loc":{"start":{"line":224,"column":12},"end":{"line":224,"column":30}},"type":"binary-expr","locations":[{"start":{"line":224,"column":12},"end":{"line":224,"column":30}},{"start":{"line":224,"column":30},"end":{"line":224,"column":null}}]},"28":{"loc":{"start":{"line":237,"column":4},"end":{"line":237,"column":7}},"type":"binary-expr","locations":[{"start":{"line":237,"column":4},"end":{"line":237,"column":7}},{"start":{"line":237,"column":7},"end":{"line":237,"column":null}}]},"29":{"loc":{"start":{"line":243,"column":22},"end":{"line":244,"column":null}},"type":"if","locations":[{"start":{"line":243,"column":22},"end":{"line":244,"column":null}},{"start":{"line":243,"column":22},"end":{"line":244,"column":null}}]},"30":{"loc":{"start":{"line":244,"column":20},"end":{"line":244,"column":null}},"type":"cond-expr","locations":[{"start":{"line":244,"column":20},"end":{"line":244,"column":null}},{"start":{"line":244,"column":20},"end":{"line":244,"column":null}}]},"31":{"loc":{"start":{"line":245,"column":4},"end":{"line":245,"column":41}},"type":"binary-expr","locations":[{"start":{"line":245,"column":4},"end":{"line":245,"column":41}},{"start":{"line":245,"column":4},"end":{"line":255,"column":null}}]},"32":{"loc":{"start":{"line":248,"column":14},"end":{"line":248,"column":null}},"type":"cond-expr","locations":[{"start":{"line":248,"column":14},"end":{"line":248,"column":null}},{"start":{"line":249,"column":14},"end":{"line":249,"column":null}}]},"33":{"loc":{"start":{"line":249,"column":14},"end":{"line":249,"column":31}},"type":"binary-expr","locations":[{"start":{"line":249,"column":14},"end":{"line":249,"column":31}},{"start":{"line":249,"column":31},"end":{"line":249,"column":null}}]},"34":{"loc":{"start":{"line":249,"column":31},"end":{"line":251,"column":null}},"type":"if","locations":[{"start":{"line":249,"column":31},"end":{"line":251,"column":null}},{"start":{"line":249,"column":31},"end":{"line":251,"column":null}}]},"35":{"loc":{"start":{"line":251,"column":55},"end":{"line":251,"column":75}},"type":"binary-expr","locations":[{"start":{"line":251,"column":55},"end":{"line":251,"column":75}},{"start":{"line":251,"column":75},"end":{"line":251,"column":null}}]},"36":{"loc":{"start":{"line":254,"column":8},"end":{"line":255,"column":null}},"type":"cond-expr","locations":[{"start":{"line":254,"column":8},"end":{"line":255,"column":null}},{"start":{"line":255,"column":37},"end":{"line":255,"column":null}}]},"37":{"loc":{"start":{"line":254,"column":8},"end":{"line":254,"column":23}},"type":"cond-expr","locations":[{"start":{"line":254,"column":8},"end":{"line":254,"column":23}},{"start":{"line":254,"column":23},"end":{"line":254,"column":null}}]},"38":{"loc":{"start":{"line":257,"column":22},"end":{"line":257,"column":null}},"type":"cond-expr","locations":[{"start":{"line":257,"column":22},"end":{"line":257,"column":null}},{"start":{"line":257,"column":22},"end":{"line":257,"column":null}}]},"39":{"loc":{"start":{"line":257,"column":19},"end":{"line":257,"column":22}},"type":"cond-expr","locations":[{"start":{"line":257,"column":19},"end":{"line":257,"column":22}},{"start":{"line":257,"column":22},"end":{"line":257,"column":null}}]}},"s":{"0":16,"1":8,"2":74,"3":74,"4":74,"5":74,"6":74,"7":6,"8":6,"9":16,"10":8,"11":8,"12":74,"13":77,"14":77,"15":74,"16":8,"17":1,"18":8,"19":0,"20":0,"21":0,"22":8,"23":0,"24":0,"25":0,"26":8,"27":0,"28":8,"29":0,"30":0,"31":8,"32":0,"33":0,"34":8,"35":137,"36":137,"37":137,"38":137,"39":0,"40":0,"41":8,"42":8,"43":17,"44":17,"45":17,"46":0,"47":0,"48":8,"49":70,"50":70,"51":70,"52":51,"53":51,"54":70,"55":11,"56":11,"57":70,"58":14,"59":14,"60":70,"61":70,"62":70,"63":70,"64":8,"65":105,"66":8,"67":210,"68":8,"69":175,"70":8,"71":140,"72":139,"73":8,"74":137,"75":150,"76":8,"77":95,"78":94,"79":8,"80":118,"81":118,"82":94,"83":118,"84":134,"85":134,"86":67,"87":134,"88":118,"89":8,"90":8,"91":70,"92":122,"93":8,"94":70,"95":22,"96":8,"97":64,"98":39,"99":8,"100":77},"f":{"0":8,"1":8,"2":74,"3":8,"4":74,"5":77,"6":1,"7":0,"8":0,"9":0,"10":0,"11":0,"12":0,"13":0,"14":0,"15":137,"16":137,"17":17,"18":17,"19":70,"20":51,"21":11,"22":14,"23":70,"24":105,"25":210,"26":175,"27":140,"28":139,"29":137,"30":150,"31":95,"32":94,"33":118,"34":134,"35":70,"36":51,"37":71,"38":70,"39":11,"40":11,"41":64,"42":14,"43":25,"44":77},"b":{"0":[6,68],"1":[16,61],"2":[77,65],"3":[0],"4":[0],"5":[3],"6":[137,64],"7":[137,123,84],"8":[1],"9":[17,6],"10":[17,11],"11":[4,47],"12":[51,8],"13":[70,64],"14":[0,70],"15":[70,0],"16":[64,6],"17":[103,2],"18":[103,61,58,58,58],"19":[199,11],"20":[14,185],"21":[199,27],"22":[185,168,160,160,160],"23":[0,175],"24":[16,159],"25":[175,45],"26":[12,147],"27":[159,23],"28":[95,84],"29":[94,24],"30":[94,0],"31":[118,118],"32":[107,27],"33":[27,21],"34":[67,67],"35":[134,74],"36":[34,100],"37":[1,33],"38":[118,0],"39":[33,85]}}
,"/Users/shanebdavis/dev/art-suite-foundations/packages/art-validation/source/tests/StandardImport.caf": {"path":"/Users/shanebdavis/dev/art-suite-foundations/packages/art-validation/source/tests/StandardImport.caf","statementMap":{"0":{"start":{"line":1,"column":0},"end":{"line":4,"column":null}}},"fnMap":{"0":{"name":"(anonymous_0)","decl":{"start":{"line":1,"column":0},"end":{"line":1,"column":null}},"loc":{"start":{"line":1,"column":0},"end":{"line":4,"column":null}}}},"branchMap":{},"s":{"0":16},"f":{"0":8},"b":{}}
}
