{"/Users/shanebdavis/dev/art-suite-foundations/packages/art-validation/build/Art.Validation/index.js": {"path":"/Users/shanebdavis/dev/art-suite-foundations/packages/art-validation/build/Art.Validation/index.js","statementMap":{"0":{"start":{"line":4,"column":0},"end":{"line":11,"column":3}}},"fnMap":{},"branchMap":{},"s":{"0":5},"f":{},"b":{},"_coverageSchema":"1a1c01bbd47fc00a2c39e90264f33305004495a9","hash":"d59607d6e42d64108e175413d99ae74f1ae7a519"}
,"/Users/shanebdavis/dev/art-suite-foundations/packages/art-validation/build/Art.Validation/namespace.js": {"path":"/Users/shanebdavis/dev/art-suite-foundations/packages/art-validation/build/Art.Validation/namespace.js","statementMap":{"0":{"start":{"line":4,"column":0},"end":{"line":8,"column":2}}},"fnMap":{},"branchMap":{},"s":{"0":5},"f":{},"b":{},"_coverageSchema":"1a1c01bbd47fc00a2c39e90264f33305004495a9","hash":"3d9da85e64789f19c2fefc43e2e34ef6d92511c3"}
,"/Users/shanebdavis/dev/art-suite-foundations/packages/art-validation/build/tests/index.js": {"path":"/Users/shanebdavis/dev/art-suite-foundations/packages/art-validation/build/tests/index.js","statementMap":{"0":{"start":{"line":4,"column":0},"end":{"line":13,"column":3}}},"fnMap":{},"branchMap":{},"s":{"0":0},"f":{},"b":{}}
,"/Users/shanebdavis/dev/art-suite-foundations/packages/art-validation/build/tests/namespace.js": {"path":"/Users/shanebdavis/dev/art-suite-foundations/packages/art-validation/build/tests/namespace.js","statementMap":{"0":{"start":{"line":4,"column":0},"end":{"line":8,"column":2}}},"fnMap":{},"branchMap":{},"s":{"0":0},"f":{},"b":{}}
,"/Users/shanebdavis/dev/art-suite-foundations/packages/art-validation/source/Art.Validation/DataTypes.caf": {"path":"/Users/shanebdavis/dev/art-suite-foundations/packages/art-validation/source/Art.Validation/DataTypes.caf","statementMap":{"0":{"start":{"line":1,"column":0},"end":{"line":22,"column":null}},"1":{"start":{"line":9,"column":0},"end":{"line":22,"column":null}},"2":{"start":{"line":22,"column":67},"end":{"line":22,"column":null}}},"fnMap":{"0":{"name":"(anonymous_0)","decl":{"start":{"line":1,"column":0},"end":{"line":1,"column":7}},"loc":{"start":{"line":1,"column":0},"end":{"line":22,"column":null}}},"1":{"name":"(anonymous_1)","decl":{"start":{"line":1,"column":7},"end":{"line":1,"column":null}},"loc":{"start":{"line":1,"column":7},"end":{"line":22,"column":null}}},"2":{"name":"(anonymous_2)","decl":{"start":{"line":22,"column":17},"end":{"line":22,"column":67}},"loc":{"start":{"line":22,"column":67},"end":{"line":22,"column":null}}},"3":{"name":"(anonymous_3)","decl":{"start":{"line":22,"column":67},"end":{"line":22,"column":null}},"loc":{"start":{"line":22,"column":67},"end":{"line":22,"column":null}}}},"branchMap":{},"s":{"0":10,"1":5,"2":90},"f":{"0":5,"1":5,"2":45,"3":45},"b":{}}
,"/Users/shanebdavis/dev/art-suite-foundations/packages/art-validation/source/Art.Validation/FieldTypes.caf": {"path":"/Users/shanebdavis/dev/art-suite-foundations/packages/art-validation/source/Art.Validation/FieldTypes.caf","statementMap":{"0":{"start":{"line":1,"column":0},"end":{"line":112,"column":null}},"1":{"start":{"line":3,"column":0},"end":{"line":3,"column":null}},"2":{"start":{"line":4,"column":0},"end":{"line":4,"column":null}},"3":{"start":{"line":5,"column":0},"end":{"line":5,"column":null}},"4":{"start":{"line":5,"column":23},"end":{"line":5,"column":null}},"5":{"start":{"line":6,"column":0},"end":{"line":6,"column":null}},"6":{"start":{"line":6,"column":23},"end":{"line":6,"column":null}},"7":{"start":{"line":23,"column":0},"end":{"line":104,"column":null}},"8":{"start":{"line":25,"column":42},"end":{"line":25,"column":null}},"9":{"start":{"line":29,"column":59},"end":{"line":29,"column":null}},"10":{"start":{"line":35,"column":59},"end":{"line":35,"column":null}},"11":{"start":{"line":40,"column":21},"end":{"line":40,"column":null}},"12":{"start":{"line":43,"column":23},"end":{"line":43,"column":null}},"13":{"start":{"line":44,"column":22},"end":{"line":47,"column":null}},"14":{"start":{"line":49,"column":23},"end":{"line":49,"column":null}},"15":{"start":{"line":53,"column":25},"end":{"line":53,"column":null}},"16":{"start":{"line":55,"column":25},"end":{"line":55,"column":null}},"17":{"start":{"line":61,"column":25},"end":{"line":61,"column":null}},"18":{"start":{"line":62,"column":25},"end":{"line":62,"column":null}},"19":{"start":{"line":63,"column":25},"end":{"line":63,"column":null}},"20":{"start":{"line":68,"column":25},"end":{"line":68,"column":null}},"21":{"start":{"line":69,"column":25},"end":{"line":69,"column":null}},"22":{"start":{"line":70,"column":25},"end":{"line":70,"column":null}},"23":{"start":{"line":74,"column":25},"end":{"line":74,"column":null}},"24":{"start":{"line":75,"column":25},"end":{"line":75,"column":null}},"25":{"start":{"line":78,"column":25},"end":{"line":78,"column":null}},"26":{"start":{"line":79,"column":25},"end":{"line":79,"column":null}},"27":{"start":{"line":82,"column":25},"end":{"line":82,"column":null}},"28":{"start":{"line":83,"column":25},"end":{"line":83,"column":null}},"29":{"start":{"line":86,"column":25},"end":{"line":86,"column":null}},"30":{"start":{"line":89,"column":25},"end":{"line":89,"column":null}},"31":{"start":{"line":91,"column":6},"end":{"line":91,"column":null}},"32":{"start":{"line":91,"column":10},"end":{"line":92,"column":null}},"33":{"start":{"line":100,"column":25},"end":{"line":100,"column":null}},"34":{"start":{"line":101,"column":25},"end":{"line":101,"column":null}},"35":{"start":{"line":104,"column":16},"end":{"line":110,"column":null}},"36":{"start":{"line":108,"column":3},"end":{"line":108,"column":null}},"37":{"start":{"line":108,"column":18},"end":{"line":109,"column":null}},"38":{"start":{"line":109,"column":18},"end":{"line":110,"column":null}},"39":{"start":{"line":110,"column":28},"end":{"line":112,"column":null}}},"fnMap":{"0":{"name":"(anonymous_0)","decl":{"start":{"line":1,"column":0},"end":{"line":1,"column":7}},"loc":{"start":{"line":1,"column":0},"end":{"line":112,"column":null}}},"1":{"name":"(anonymous_1)","decl":{"start":{"line":1,"column":64},"end":{"line":1,"column":null}},"loc":{"start":{"line":1,"column":64},"end":{"line":112,"column":null}}},"2":{"name":"(anonymous_2)","decl":{"start":{"line":5,"column":4},"end":{"line":5,"column":16}},"loc":{"start":{"line":5,"column":17},"end":{"line":5,"column":null}}},"3":{"name":"(anonymous_3)","decl":{"start":{"line":6,"column":10},"end":{"line":6,"column":16}},"loc":{"start":{"line":6,"column":17},"end":{"line":6,"column":null}}},"4":{"name":"(anonymous_4)","decl":{"start":{"line":25,"column":16},"end":{"line":25,"column":35}},"loc":{"start":{"line":25,"column":36},"end":{"line":25,"column":null}}},"5":{"name":"(anonymous_5)","decl":{"start":{"line":29,"column":40},"end":{"line":29,"column":52}},"loc":{"start":{"line":29,"column":53},"end":{"line":29,"column":null}}},"6":{"name":"(anonymous_6)","decl":{"start":{"line":35,"column":40},"end":{"line":35,"column":52}},"loc":{"start":{"line":35,"column":53},"end":{"line":35,"column":null}}},"7":{"name":"(anonymous_7)","decl":{"start":{"line":40,"column":4},"end":{"line":40,"column":14}},"loc":{"start":{"line":40,"column":15},"end":{"line":40,"column":null}}},"8":{"name":"(anonymous_8)","decl":{"start":{"line":43,"column":4},"end":{"line":43,"column":16}},"loc":{"start":{"line":43,"column":17},"end":{"line":43,"column":null}}},"9":{"name":"(anonymous_9)","decl":{"start":{"line":44,"column":4},"end":{"line":44,"column":16}},"loc":{"start":{"line":44,"column":17},"end":{"line":47,"column":null}}},"10":{"name":"(anonymous_10)","decl":{"start":{"line":49,"column":4},"end":{"line":49,"column":16}},"loc":{"start":{"line":49,"column":17},"end":{"line":49,"column":null}}},"11":{"name":"(anonymous_11)","decl":{"start":{"line":53,"column":4},"end":{"line":53,"column":18}},"loc":{"start":{"line":53,"column":19},"end":{"line":53,"column":null}}},"12":{"name":"(anonymous_12)","decl":{"start":{"line":55,"column":4},"end":{"line":55,"column":18}},"loc":{"start":{"line":55,"column":19},"end":{"line":55,"column":null}}},"13":{"name":"(anonymous_13)","decl":{"start":{"line":61,"column":4},"end":{"line":61,"column":18}},"loc":{"start":{"line":61,"column":19},"end":{"line":61,"column":null}}},"14":{"name":"(anonymous_14)","decl":{"start":{"line":62,"column":4},"end":{"line":62,"column":18}},"loc":{"start":{"line":62,"column":19},"end":{"line":62,"column":null}}},"15":{"name":"(anonymous_15)","decl":{"start":{"line":63,"column":4},"end":{"line":63,"column":18}},"loc":{"start":{"line":63,"column":19},"end":{"line":63,"column":null}}},"16":{"name":"(anonymous_16)","decl":{"start":{"line":68,"column":4},"end":{"line":68,"column":18}},"loc":{"start":{"line":68,"column":19},"end":{"line":68,"column":null}}},"17":{"name":"(anonymous_17)","decl":{"start":{"line":69,"column":4},"end":{"line":69,"column":18}},"loc":{"start":{"line":69,"column":19},"end":{"line":69,"column":null}}},"18":{"name":"(anonymous_18)","decl":{"start":{"line":70,"column":4},"end":{"line":70,"column":18}},"loc":{"start":{"line":70,"column":19},"end":{"line":70,"column":null}}},"19":{"name":"(anonymous_19)","decl":{"start":{"line":74,"column":4},"end":{"line":74,"column":18}},"loc":{"start":{"line":74,"column":19},"end":{"line":74,"column":null}}},"20":{"name":"(anonymous_20)","decl":{"start":{"line":75,"column":4},"end":{"line":75,"column":18}},"loc":{"start":{"line":75,"column":19},"end":{"line":75,"column":null}}},"21":{"name":"(anonymous_21)","decl":{"start":{"line":78,"column":4},"end":{"line":78,"column":18}},"loc":{"start":{"line":78,"column":19},"end":{"line":78,"column":null}}},"22":{"name":"(anonymous_22)","decl":{"start":{"line":79,"column":4},"end":{"line":79,"column":18}},"loc":{"start":{"line":79,"column":19},"end":{"line":79,"column":null}}},"23":{"name":"(anonymous_23)","decl":{"start":{"line":82,"column":4},"end":{"line":82,"column":18}},"loc":{"start":{"line":82,"column":19},"end":{"line":82,"column":null}}},"24":{"name":"(anonymous_24)","decl":{"start":{"line":83,"column":4},"end":{"line":83,"column":18}},"loc":{"start":{"line":83,"column":19},"end":{"line":83,"column":null}}},"25":{"name":"(anonymous_25)","decl":{"start":{"line":86,"column":4},"end":{"line":86,"column":18}},"loc":{"start":{"line":86,"column":19},"end":{"line":86,"column":null}}},"26":{"name":"(anonymous_26)","decl":{"start":{"line":89,"column":4},"end":{"line":89,"column":18}},"loc":{"start":{"line":89,"column":19},"end":{"line":89,"column":null}}},"27":{"name":"(anonymous_27)","decl":{"start":{"line":90,"column":4},"end":{"line":90,"column":18}},"loc":{"start":{"line":90,"column":19},"end":{"line":92,"column":null}}},"28":{"name":"(anonymous_28)","decl":{"start":{"line":100,"column":4},"end":{"line":100,"column":18}},"loc":{"start":{"line":100,"column":19},"end":{"line":100,"column":null}}},"29":{"name":"(anonymous_29)","decl":{"start":{"line":101,"column":4},"end":{"line":101,"column":18}},"loc":{"start":{"line":101,"column":19},"end":{"line":101,"column":null}}},"30":{"name":"(anonymous_30)","decl":{"start":{"line":107,"column":13},"end":{"line":107,"column":null}},"loc":{"start":{"line":107,"column":13},"end":{"line":110,"column":null}}}},"branchMap":{"0":{"loc":{"start":{"line":5,"column":23},"end":{"line":5,"column":38}},"type":"binary-expr","locations":[{"start":{"line":5,"column":23},"end":{"line":5,"column":38}},{"start":{"line":5,"column":38},"end":{"line":5,"column":null}}]},"1":{"loc":{"start":{"line":45,"column":26},"end":{"line":46,"column":null}},"type":"cond-expr","locations":[{"start":{"line":45,"column":26},"end":{"line":46,"column":null}},{"start":{"line":47,"column":11},"end":{"line":47,"column":null}}]},"2":{"loc":{"start":{"line":49,"column":43},"end":{"line":49,"column":59}},"type":"cond-expr","locations":[{"start":{"line":49,"column":43},"end":{"line":49,"column":59}},{"start":{"line":49,"column":59},"end":{"line":49,"column":null}}]},"3":{"loc":{"start":{"line":55,"column":25},"end":{"line":55,"column":40}},"type":"binary-expr","locations":[{"start":{"line":55,"column":25},"end":{"line":55,"column":40}},{"start":{"line":55,"column":40},"end":{"line":55,"column":null}}]},"4":{"loc":{"start":{"line":62,"column":25},"end":{"line":62,"column":40}},"type":"binary-expr","locations":[{"start":{"line":62,"column":25},"end":{"line":62,"column":40}},{"start":{"line":62,"column":40},"end":{"line":62,"column":null}}]},"5":{"loc":{"start":{"line":69,"column":25},"end":{"line":69,"column":40}},"type":"binary-expr","locations":[{"start":{"line":69,"column":25},"end":{"line":69,"column":40}},{"start":{"line":69,"column":40},"end":{"line":69,"column":null}}]},"6":{"loc":{"start":{"line":78,"column":25},"end":{"line":78,"column":40}},"type":"binary-expr","locations":[{"start":{"line":78,"column":25},"end":{"line":78,"column":40}},{"start":{"line":78,"column":40},"end":{"line":78,"column":null}}]},"7":{"loc":{"start":{"line":82,"column":25},"end":{"line":82,"column":40}},"type":"binary-expr","locations":[{"start":{"line":82,"column":25},"end":{"line":82,"column":40}},{"start":{"line":82,"column":40},"end":{"line":82,"column":null}}]},"8":{"loc":{"start":{"line":92,"column":14},"end":{"line":92,"column":22}},"type":"binary-expr","locations":[{"start":{"line":92,"column":14},"end":{"line":92,"column":22}},{"start":{"line":92,"column":22},"end":{"line":92,"column":null}}]},"9":{"loc":{"start":{"line":100,"column":25},"end":{"line":100,"column":40}},"type":"binary-expr","locations":[{"start":{"line":100,"column":25},"end":{"line":100,"column":40}},{"start":{"line":100,"column":40},"end":{"line":100,"column":null}}]},"10":{"loc":{"start":{"line":109,"column":3},"end":{"line":109,"column":12}},"type":"cond-expr","locations":[{"start":{"line":109,"column":3},"end":{"line":109,"column":12}},{"start":{"line":109,"column":12},"end":{"line":109,"column":null}}]},"11":{"loc":{"start":{"line":110,"column":3},"end":{"line":110,"column":12}},"type":"cond-expr","locations":[{"start":{"line":110,"column":3},"end":{"line":110,"column":12}},{"start":{"line":110,"column":12},"end":{"line":110,"column":null}}]}},"s":{"0":10,"1":5,"2":5,"3":5,"4":11,"5":5,"6":0,"7":5,"8":0,"9":0,"10":0,"11":11,"12":0,"13":1,"14":1,"15":0,"16":0,"17":0,"18":0,"19":0,"20":0,"21":0,"22":0,"23":0,"24":0,"25":0,"26":0,"27":14,"28":8,"29":0,"30":34,"31":20,"32":20,"33":0,"34":0,"35":5,"36":100,"37":100,"38":100,"39":5},"f":{"0":5,"1":5,"2":11,"3":0,"4":0,"5":0,"6":0,"7":11,"8":0,"9":1,"10":1,"11":0,"12":0,"13":0,"14":0,"15":0,"16":0,"17":0,"18":0,"19":0,"20":0,"21":0,"22":0,"23":14,"24":8,"25":0,"26":34,"27":20,"28":0,"29":0,"30":100},"b":{"0":[11,9],"1":[0,1],"2":[1,0],"3":[0,0],"4":[0,0],"5":[0,0],"6":[0,0],"7":[14,14],"8":[20,20],"9":[0,0],"10":[65,35],"11":[55,45]}}
,"/Users/shanebdavis/dev/art-suite-foundations/packages/art-validation/source/Art.Validation/Lib.caf": {"path":"/Users/shanebdavis/dev/art-suite-foundations/packages/art-validation/source/Art.Validation/Lib.caf","statementMap":{"0":{"start":{"line":1,"column":0},"end":{"line":39,"column":null}},"1":{"start":{"line":3,"column":0},"end":{"line":39,"column":null}},"2":{"start":{"line":4,"column":35},"end":{"line":12,"column":null}},"3":{"start":{"line":9,"column":11},"end":{"line":10,"column":null}},"4":{"start":{"line":15,"column":4},"end":{"line":15,"column":null}},"5":{"start":{"line":15,"column":10},"end":{"line":20,"column":null}},"6":{"start":{"line":16,"column":54},"end":{"line":20,"column":null}},"7":{"start":{"line":20,"column":55},"end":{"line":20,"column":null}},"8":{"start":{"line":20,"column":55},"end":{"line":22,"column":null}},"9":{"start":{"line":25,"column":4},"end":{"line":26,"column":null}},"10":{"start":{"line":26,"column":6},"end":{"line":26,"column":null}},"11":{"start":{"line":27,"column":4},"end":{"line":28,"column":null}},"12":{"start":{"line":28,"column":6},"end":{"line":28,"column":null}},"13":{"start":{"line":29,"column":4},"end":{"line":30,"column":null}},"14":{"start":{"line":30,"column":6},"end":{"line":30,"column":null}},"15":{"start":{"line":30,"column":22},"end":{"line":31,"column":null}},"16":{"start":{"line":34,"column":4},"end":{"line":34,"column":null}},"17":{"start":{"line":34,"column":26},"end":{"line":35,"column":null}},"18":{"start":{"line":35,"column":28},"end":{"line":35,"column":null}},"19":{"start":{"line":35,"column":28},"end":{"line":39,"column":null}}},"fnMap":{"0":{"name":"(anonymous_0)","decl":{"start":{"line":1,"column":0},"end":{"line":1,"column":7}},"loc":{"start":{"line":1,"column":0},"end":{"line":39,"column":null}}},"1":{"name":"(anonymous_1)","decl":{"start":{"line":1,"column":27},"end":{"line":1,"column":null}},"loc":{"start":{"line":1,"column":27},"end":{"line":39,"column":null}}},"2":{"name":"(anonymous_2)","decl":{"start":{"line":4,"column":25},"end":{"line":4,"column":28}},"loc":{"start":{"line":4,"column":29},"end":{"line":12,"column":null}}},"3":{"name":"(anonymous_3)","decl":{"start":{"line":8,"column":18},"end":{"line":8,"column":19}},"loc":{"start":{"line":9,"column":11},"end":{"line":10,"column":null}}},"4":{"name":"(anonymous_4)","decl":{"start":{"line":14,"column":27},"end":{"line":14,"column":30}},"loc":{"start":{"line":14,"column":31},"end":{"line":22,"column":null}}},"5":{"name":"(anonymous_5)","decl":{"start":{"line":16,"column":19},"end":{"line":16,"column":54}},"loc":{"start":{"line":16,"column":19},"end":{"line":20,"column":null}}},"6":{"name":"(anonymous_6)","decl":{"start":{"line":20,"column":55},"end":{"line":20,"column":null}},"loc":{"start":{"line":20,"column":55},"end":{"line":20,"column":null}}},"7":{"name":"(anonymous_7)","decl":{"start":{"line":24,"column":26},"end":{"line":24,"column":29}},"loc":{"start":{"line":24,"column":30},"end":{"line":31,"column":null}}},"8":{"name":"(anonymous_8)","decl":{"start":{"line":33,"column":24},"end":{"line":33,"column":27}},"loc":{"start":{"line":33,"column":28},"end":{"line":39,"column":null}}}},"branchMap":{"0":{"loc":{"start":{"line":6,"column":6},"end":{"line":10,"column":null}},"type":"cond-expr","locations":[{"start":{"line":6,"column":6},"end":{"line":10,"column":null}},{"start":{"line":12,"column":6},"end":{"line":12,"column":null}}]},"1":{"loc":{"start":{"line":9,"column":11},"end":{"line":9,"column":null}},"type":"binary-expr","locations":[{"start":{"line":9,"column":11},"end":{"line":9,"column":null}},{"start":{"line":10,"column":20},"end":{"line":10,"column":24}},{"start":{"line":10,"column":24},"end":{"line":10,"column":null}}]},"2":{"loc":{"start":{"line":17,"column":36},"end":{"line":20,"column":null}},"type":"cond-expr","locations":[{"start":{"line":17,"column":36},"end":{"line":20,"column":null}},{"start":{"line":20,"column":55},"end":{"line":20,"column":null}}]},"3":{"loc":{"start":{"line":18,"column":37},"end":{"line":18,"column":null}},"type":"cond-expr","locations":[{"start":{"line":18,"column":37},"end":{"line":18,"column":null}},{"start":{"line":18,"column":37},"end":{"line":18,"column":null}}]},"4":{"loc":{"start":{"line":20,"column":55},"end":{"line":20,"column":null}},"type":"binary-expr","locations":[{"start":{"line":20,"column":55},"end":{"line":20,"column":null}},{"start":{"line":20,"column":55},"end":{"line":20,"column":null}}]},"5":{"loc":{"start":{"line":22,"column":4},"end":{"line":22,"column":11}},"type":"binary-expr","locations":[{"start":{"line":22,"column":4},"end":{"line":22,"column":11}},{"start":{"line":22,"column":11},"end":{"line":22,"column":null}}]},"6":{"loc":{"start":{"line":25,"column":4},"end":{"line":26,"column":null}},"type":"if","locations":[{"start":{"line":25,"column":4},"end":{"line":26,"column":null}},{"start":{"line":25,"column":4},"end":{"line":26,"column":null}}]},"7":{"loc":{"start":{"line":27,"column":4},"end":{"line":28,"column":null}},"type":"if","locations":[{"start":{"line":27,"column":4},"end":{"line":28,"column":null}},{"start":{"line":27,"column":4},"end":{"line":28,"column":null}}]},"8":{"loc":{"start":{"line":29,"column":4},"end":{"line":30,"column":null}},"type":"if","locations":[{"start":{"line":29,"column":4},"end":{"line":30,"column":null}},{"start":{"line":29,"column":4},"end":{"line":30,"column":null}}]},"9":{"loc":{"start":{"line":34,"column":26},"end":{"line":35,"column":null}},"type":"if","locations":[{"start":{"line":34,"column":26},"end":{"line":35,"column":null}},{"start":{"line":34,"column":26},"end":{"line":35,"column":null}}]},"10":{"loc":{"start":{"line":35,"column":28},"end":{"line":35,"column":null}},"type":"cond-expr","locations":[{"start":{"line":35,"column":28},"end":{"line":35,"column":null}},{"start":{"line":35,"column":28},"end":{"line":35,"column":null}}]},"11":{"loc":{"start":{"line":37,"column":6},"end":{"line":37,"column":null}},"type":"cond-expr","locations":[{"start":{"line":37,"column":6},"end":{"line":37,"column":null}},{"start":{"line":39,"column":6},"end":{"line":39,"column":null}}]}},"s":{"0":10,"1":5,"2":46,"3":6,"4":57,"5":57,"6":66,"7":76,"8":57,"9":49,"10":1,"11":48,"12":1,"13":47,"14":1,"15":46,"16":46,"17":46,"18":4,"19":46},"f":{"0":5,"1":5,"2":46,"3":6,"4":57,"5":66,"6":76,"7":49,"8":46},"b":{"0":[2,44],"1":[6,3,0],"2":[8,58],"3":[8,0],"4":[76,72],"5":[57,49],"6":[1,48],"7":[1,47],"8":[1,46],"9":[4,42],"10":[0,4],"11":[23,23]}}
,"/Users/shanebdavis/dev/art-suite-foundations/packages/art-validation/source/Art.Validation/Validation.caf": {"path":"/Users/shanebdavis/dev/art-suite-foundations/packages/art-validation/source/Art.Validation/Validation.caf","statementMap":{"0":{"start":{"line":1,"column":0},"end":{"line":1,"column":null}}},"fnMap":{"0":{"name":"(anonymous_0)","decl":{"start":{"line":1,"column":0},"end":{"line":1,"column":1}},"loc":{"start":{"line":1,"column":0},"end":{"line":1,"column":null}}}},"branchMap":{},"s":{"0":10},"f":{"0":5},"b":{}}
,"/Users/shanebdavis/dev/art-suite-foundations/packages/art-validation/source/Art.Validation/Validator.caf": {"path":"/Users/shanebdavis/dev/art-suite-foundations/packages/art-validation/source/Art.Validation/Validator.caf","statementMap":{"0":{"start":{"line":1,"column":0},"end":{"line":367,"column":null}},"1":{"start":{"line":79,"column":0},"end":{"line":367,"column":null}},"2":{"start":{"line":180,"column":37},"end":{"line":180,"column":null}},"3":{"start":{"line":181,"column":4},"end":{"line":181,"column":null}},"4":{"start":{"line":182,"column":4},"end":{"line":182,"column":null}},"5":{"start":{"line":183,"column":4},"end":{"line":183,"column":null}},"6":{"start":{"line":184,"column":4},"end":{"line":186,"column":null}},"7":{"start":{"line":185,"column":6},"end":{"line":185,"column":null}},"8":{"start":{"line":186,"column":6},"end":{"line":186,"column":null}},"9":{"start":{"line":186,"column":17},"end":{"line":186,"column":null}},"10":{"start":{"line":188,"column":2},"end":{"line":188,"column":null}},"11":{"start":{"line":188,"column":12},"end":{"line":195,"column":null}},"12":{"start":{"line":190,"column":37},"end":{"line":194,"column":null}},"13":{"start":{"line":192,"column":6},"end":{"line":192,"column":null}},"14":{"start":{"line":192,"column":39},"end":{"line":194,"column":null}},"15":{"start":{"line":194,"column":43},"end":{"line":195,"column":null}},"16":{"start":{"line":197,"column":2},"end":{"line":199,"column":null}},"17":{"start":{"line":198,"column":24},"end":{"line":199,"column":null}},"18":{"start":{"line":199,"column":17},"end":{"line":209,"column":null}},"19":{"start":{"line":208,"column":4},"end":{"line":208,"column":null}},"20":{"start":{"line":208,"column":14},"end":{"line":209,"column":null}},"21":{"start":{"line":209,"column":45},"end":{"line":209,"column":null}},"22":{"start":{"line":209,"column":68},"end":{"line":213,"column":null}},"23":{"start":{"line":212,"column":4},"end":{"line":212,"column":null}},"24":{"start":{"line":212,"column":14},"end":{"line":213,"column":null}},"25":{"start":{"line":213,"column":45},"end":{"line":213,"column":null}},"26":{"start":{"line":213,"column":68},"end":{"line":215,"column":null}},"27":{"start":{"line":215,"column":19},"end":{"line":215,"column":null}},"28":{"start":{"line":215,"column":35},"end":{"line":219,"column":null}},"29":{"start":{"line":218,"column":4},"end":{"line":218,"column":null}},"30":{"start":{"line":218,"column":14},"end":{"line":219,"column":null}},"31":{"start":{"line":219,"column":28},"end":{"line":223,"column":null}},"32":{"start":{"line":222,"column":4},"end":{"line":222,"column":null}},"33":{"start":{"line":222,"column":14},"end":{"line":223,"column":null}},"34":{"start":{"line":223,"column":28},"end":{"line":246,"column":null}},"35":{"start":{"line":237,"column":4},"end":{"line":237,"column":null}},"36":{"start":{"line":238,"column":4},"end":{"line":244,"column":null}},"37":{"start":{"line":238,"column":10},"end":{"line":244,"column":null}},"38":{"start":{"line":238,"column":13},"end":{"line":241,"column":74}},"39":{"start":{"line":241,"column":74},"end":{"line":241,"column":null}},"40":{"start":{"line":243,"column":15},"end":{"line":244,"column":null}},"41":{"start":{"line":244,"column":80},"end":{"line":246,"column":null}},"42":{"start":{"line":246,"column":58},"end":{"line":248,"column":null}},"43":{"start":{"line":248,"column":18},"end":{"line":268,"column":null}},"44":{"start":{"line":260,"column":60},"end":{"line":268,"column":null}},"45":{"start":{"line":261,"column":4},"end":{"line":266,"column":null}},"46":{"start":{"line":261,"column":7},"end":{"line":263,"column":71}},"47":{"start":{"line":263,"column":71},"end":{"line":263,"column":null}},"48":{"start":{"line":265,"column":15},"end":{"line":266,"column":null}},"49":{"start":{"line":268,"column":45},"end":{"line":291,"column":null}},"50":{"start":{"line":271,"column":4},"end":{"line":271,"column":null}},"51":{"start":{"line":272,"column":4},"end":{"line":272,"column":null}},"52":{"start":{"line":272,"column":4},"end":{"line":279,"column":null}},"53":{"start":{"line":275,"column":12},"end":{"line":275,"column":null}},"54":{"start":{"line":275,"column":18},"end":{"line":279,"column":null}},"55":{"start":{"line":279,"column":19},"end":{"line":283,"column":null}},"56":{"start":{"line":282,"column":12},"end":{"line":282,"column":null}},"57":{"start":{"line":282,"column":18},"end":{"line":283,"column":null}},"58":{"start":{"line":285,"column":4},"end":{"line":287,"column":null}},"59":{"start":{"line":286,"column":12},"end":{"line":286,"column":null}},"60":{"start":{"line":286,"column":18},"end":{"line":287,"column":null}},"61":{"start":{"line":289,"column":4},"end":{"line":289,"column":null}},"62":{"start":{"line":290,"column":8},"end":{"line":290,"column":null}},"63":{"start":{"line":290,"column":18},"end":{"line":291,"column":null}},"64":{"start":{"line":291,"column":4},"end":{"line":291,"column":null}},"65":{"start":{"line":291,"column":44},"end":{"line":301,"column":null}},"66":{"start":{"line":296,"column":54},"end":{"line":301,"column":null}},"67":{"start":{"line":301,"column":6},"end":{"line":311,"column":null}},"68":{"start":{"line":303,"column":50},"end":{"line":311,"column":null}},"69":{"start":{"line":311,"column":7},"end":{"line":321,"column":null}},"70":{"start":{"line":313,"column":46},"end":{"line":321,"column":null}},"71":{"start":{"line":321,"column":6},"end":{"line":324,"column":null}},"72":{"start":{"line":323,"column":33},"end":{"line":324,"column":null}},"73":{"start":{"line":324,"column":49},"end":{"line":324,"column":null}},"74":{"start":{"line":324,"column":88},"end":{"line":327,"column":null}},"75":{"start":{"line":326,"column":36},"end":{"line":327,"column":null}},"76":{"start":{"line":327,"column":55},"end":{"line":327,"column":null}},"77":{"start":{"line":327,"column":86},"end":{"line":331,"column":null}},"78":{"start":{"line":329,"column":33},"end":{"line":331,"column":null}},"79":{"start":{"line":331,"column":4},"end":{"line":331,"column":7}},"80":{"start":{"line":331,"column":7},"end":{"line":353,"column":null}},"81":{"start":{"line":337,"column":4},"end":{"line":337,"column":null}},"82":{"start":{"line":337,"column":22},"end":{"line":338,"column":null}},"83":{"start":{"line":338,"column":21},"end":{"line":338,"column":null}},"84":{"start":{"line":339,"column":4},"end":{"line":351,"column":null}},"85":{"start":{"line":340,"column":6},"end":{"line":340,"column":null}},"86":{"start":{"line":342,"column":6},"end":{"line":345,"column":null}},"87":{"start":{"line":345,"column":25},"end":{"line":347,"column":null}},"88":{"start":{"line":347,"column":63},"end":{"line":347,"column":null}},"89":{"start":{"line":347,"column":63},"end":{"line":351,"column":null}},"90":{"start":{"line":351,"column":37},"end":{"line":353,"column":null}},"91":{"start":{"line":353,"column":23},"end":{"line":355,"column":null}},"92":{"start":{"line":355,"column":14},"end":{"line":360,"column":null}},"93":{"start":{"line":360,"column":34},"end":{"line":360,"column":null}},"94":{"start":{"line":360,"column":101},"end":{"line":360,"column":null}},"95":{"start":{"line":360,"column":101},"end":{"line":361,"column":null}},"96":{"start":{"line":361,"column":34},"end":{"line":361,"column":null}},"97":{"start":{"line":361,"column":105},"end":{"line":361,"column":null}},"98":{"start":{"line":361,"column":105},"end":{"line":362,"column":null}},"99":{"start":{"line":362,"column":34},"end":{"line":362,"column":null}},"100":{"start":{"line":362,"column":111},"end":{"line":362,"column":null}},"101":{"start":{"line":362,"column":111},"end":{"line":367,"column":null}},"102":{"start":{"line":367,"column":33},"end":{"line":367,"column":null}}},"fnMap":{"0":{"name":"(anonymous_0)","decl":{"start":{"line":1,"column":0},"end":{"line":1,"column":7}},"loc":{"start":{"line":1,"column":0},"end":{"line":367,"column":null}}},"1":{"name":"(anonymous_1)","decl":{"start":{"line":1,"column":75},"end":{"line":1,"column":null}},"loc":{"start":{"line":1,"column":75},"end":{"line":367,"column":null}}},"2":{"name":"(anonymous_2)","decl":{"start":{"line":79,"column":24},"end":{"line":79,"column":null}},"loc":{"start":{"line":180,"column":37},"end":{"line":186,"column":null}}},"3":{"name":"(anonymous_3)","decl":{"start":{"line":186,"column":17},"end":{"line":186,"column":null}},"loc":{"start":{"line":186,"column":17},"end":{"line":367,"column":null}}},"4":{"name":"(anonymous_21)","decl":{"start":{"line":190,"column":2},"end":{"line":190,"column":13}},"loc":{"start":{"line":190,"column":14},"end":{"line":195,"column":null}}},"5":{"name":"(anonymous_22)","decl":{"start":{"line":191,"column":34},"end":{"line":191,"column":null}},"loc":{"start":{"line":191,"column":34},"end":{"line":194,"column":null}}},"6":{"name":"(anonymous_23)","decl":{"start":{"line":198,"column":4},"end":{"line":198,"column":24}},"loc":{"start":{"line":198,"column":4},"end":{"line":199,"column":null}}},"7":{"name":"(anonymous_24)","decl":{"start":{"line":207,"column":2},"end":{"line":207,"column":13}},"loc":{"start":{"line":207,"column":22},"end":{"line":209,"column":null}}},"8":{"name":"(anonymous_25)","decl":{"start":{"line":209,"column":33},"end":{"line":209,"column":34}},"loc":{"start":{"line":209,"column":45},"end":{"line":209,"column":null}}},"9":{"name":"(anonymous_26)","decl":{"start":{"line":211,"column":2},"end":{"line":211,"column":13}},"loc":{"start":{"line":211,"column":22},"end":{"line":213,"column":null}}},"10":{"name":"(anonymous_27)","decl":{"start":{"line":213,"column":33},"end":{"line":213,"column":34}},"loc":{"start":{"line":213,"column":45},"end":{"line":213,"column":null}}},"11":{"name":"(anonymous_28)","decl":{"start":{"line":215,"column":2},"end":{"line":215,"column":19}},"loc":{"start":{"line":215,"column":2},"end":{"line":215,"column":null}}},"12":{"name":"(anonymous_29)","decl":{"start":{"line":215,"column":19},"end":{"line":215,"column":25}},"loc":{"start":{"line":215,"column":19},"end":{"line":215,"column":null}}},"13":{"name":"(anonymous_30)","decl":{"start":{"line":217,"column":2},"end":{"line":217,"column":17}},"loc":{"start":{"line":217,"column":31},"end":{"line":219,"column":null}}},"14":{"name":"(anonymous_31)","decl":{"start":{"line":221,"column":2},"end":{"line":221,"column":17}},"loc":{"start":{"line":221,"column":31},"end":{"line":223,"column":null}}},"15":{"name":"(anonymous_32)","decl":{"start":{"line":236,"column":32},"end":{"line":236,"column":35}},"loc":{"start":{"line":236,"column":49},"end":{"line":246,"column":null}}},"16":{"name":"(anonymous_33)","decl":{"start":{"line":238,"column":10},"end":{"line":238,"column":13}},"loc":{"start":{"line":238,"column":10},"end":{"line":244,"column":null}}},"17":{"name":"(anonymous_34)","decl":{"start":{"line":260,"column":32},"end":{"line":260,"column":35}},"loc":{"start":{"line":260,"column":49},"end":{"line":268,"column":null}}},"18":{"name":"(anonymous_35)","decl":{"start":{"line":261,"column":4},"end":{"line":261,"column":7}},"loc":{"start":{"line":261,"column":4},"end":{"line":266,"column":null}}},"19":{"name":"(anonymous_36)","decl":{"start":{"line":270,"column":2},"end":{"line":270,"column":15}},"loc":{"start":{"line":270,"column":50},"end":{"line":291,"column":null}}},"20":{"name":"(anonymous_37)","decl":{"start":{"line":274,"column":32},"end":{"line":274,"column":null}},"loc":{"start":{"line":274,"column":32},"end":{"line":279,"column":null}}},"21":{"name":"(anonymous_38)","decl":{"start":{"line":281,"column":36},"end":{"line":281,"column":null}},"loc":{"start":{"line":281,"column":36},"end":{"line":283,"column":null}}},"22":{"name":"(anonymous_39)","decl":{"start":{"line":285,"column":45},"end":{"line":285,"column":null}},"loc":{"start":{"line":285,"column":45},"end":{"line":287,"column":null}}},"23":{"name":"(anonymous_40)","decl":{"start":{"line":291,"column":4},"end":{"line":291,"column":10}},"loc":{"start":{"line":291,"column":4},"end":{"line":291,"column":null}}},"24":{"name":"(anonymous_41)","decl":{"start":{"line":296,"column":2},"end":{"line":296,"column":25}},"loc":{"start":{"line":296,"column":45},"end":{"line":301,"column":null}}},"25":{"name":"(anonymous_42)","decl":{"start":{"line":303,"column":2},"end":{"line":303,"column":21}},"loc":{"start":{"line":303,"column":41},"end":{"line":311,"column":null}}},"26":{"name":"(anonymous_43)","decl":{"start":{"line":313,"column":2},"end":{"line":313,"column":24}},"loc":{"start":{"line":313,"column":33},"end":{"line":321,"column":null}}},"27":{"name":"(anonymous_44)","decl":{"start":{"line":323,"column":2},"end":{"line":323,"column":22}},"loc":{"start":{"line":323,"column":23},"end":{"line":324,"column":null}}},"28":{"name":"(anonymous_45)","decl":{"start":{"line":324,"column":37},"end":{"line":324,"column":49}},"loc":{"start":{"line":324,"column":49},"end":{"line":324,"column":null}}},"29":{"name":"(anonymous_46)","decl":{"start":{"line":326,"column":2},"end":{"line":326,"column":25}},"loc":{"start":{"line":326,"column":26},"end":{"line":327,"column":null}}},"30":{"name":"(anonymous_47)","decl":{"start":{"line":327,"column":37},"end":{"line":327,"column":55}},"loc":{"start":{"line":327,"column":55},"end":{"line":327,"column":null}}},"31":{"name":"(anonymous_48)","decl":{"start":{"line":329,"column":2},"end":{"line":329,"column":22}},"loc":{"start":{"line":329,"column":23},"end":{"line":331,"column":null}}},"32":{"name":"(anonymous_49)","decl":{"start":{"line":331,"column":4},"end":{"line":331,"column":7}},"loc":{"start":{"line":331,"column":4},"end":{"line":331,"column":7}}},"33":{"name":"(anonymous_50)","decl":{"start":{"line":336,"column":36},"end":{"line":336,"column":39}},"loc":{"start":{"line":336,"column":48},"end":{"line":353,"column":null}}},"34":{"name":"(anonymous_51)","decl":{"start":{"line":339,"column":41},"end":{"line":339,"column":null}},"loc":{"start":{"line":339,"column":41},"end":{"line":351,"column":null}}},"35":{"name":"(anonymous_52)","decl":{"start":{"line":360,"column":2},"end":{"line":360,"column":22}},"loc":{"start":{"line":360,"column":23},"end":{"line":360,"column":null}}},"36":{"name":"(anonymous_53)","decl":{"start":{"line":360,"column":51},"end":{"line":360,"column":101}},"loc":{"start":{"line":360,"column":101},"end":{"line":360,"column":null}}},"37":{"name":"(anonymous_54)","decl":{"start":{"line":360,"column":101},"end":{"line":360,"column":null}},"loc":{"start":{"line":360,"column":101},"end":{"line":360,"column":null}}},"38":{"name":"(anonymous_55)","decl":{"start":{"line":361,"column":2},"end":{"line":361,"column":22}},"loc":{"start":{"line":361,"column":23},"end":{"line":361,"column":null}}},"39":{"name":"(anonymous_56)","decl":{"start":{"line":361,"column":51},"end":{"line":361,"column":105}},"loc":{"start":{"line":361,"column":105},"end":{"line":361,"column":null}}},"40":{"name":"(anonymous_57)","decl":{"start":{"line":361,"column":105},"end":{"line":361,"column":null}},"loc":{"start":{"line":361,"column":105},"end":{"line":361,"column":null}}},"41":{"name":"(anonymous_58)","decl":{"start":{"line":362,"column":2},"end":{"line":362,"column":22}},"loc":{"start":{"line":362,"column":23},"end":{"line":362,"column":null}}},"42":{"name":"(anonymous_59)","decl":{"start":{"line":362,"column":51},"end":{"line":362,"column":111}},"loc":{"start":{"line":362,"column":111},"end":{"line":362,"column":null}}},"43":{"name":"(anonymous_60)","decl":{"start":{"line":362,"column":111},"end":{"line":362,"column":null}},"loc":{"start":{"line":362,"column":111},"end":{"line":362,"column":null}}},"44":{"name":"(anonymous_61)","decl":{"start":{"line":367,"column":2},"end":{"line":367,"column":13}},"loc":{"start":{"line":367,"column":21},"end":{"line":367,"column":null}}}},"branchMap":{"0":{"loc":{"start":{"line":184,"column":4},"end":{"line":186,"column":null}},"type":"if","locations":[{"start":{"line":184,"column":4},"end":{"line":186,"column":null}},{"start":{"line":184,"column":4},"end":{"line":186,"column":null}}]},"1":{"loc":{"start":{"line":186,"column":17},"end":{"line":186,"column":null}},"type":"default-arg","locations":[{"start":{"line":186,"column":17},"end":{"line":186,"column":null}}]},"2":{"loc":{"start":{"line":186,"column":17},"end":{"line":186,"column":null}},"type":"binary-expr","locations":[{"start":{"line":186,"column":17},"end":{"line":186,"column":null}},{"start":{"line":186,"column":17},"end":{"line":186,"column":null}},{"start":{"line":186,"column":17},"end":{"line":186,"column":null}},{"start":{"line":186,"column":17},"end":{"line":186,"column":null}},{"start":{"line":186,"column":17},"end":{"line":186,"column":null}},{"start":{"line":186,"column":17},"end":{"line":186,"column":null}}]},"3":{"loc":{"start":{"line":186,"column":17},"end":{"line":186,"column":null}},"type":"cond-expr","locations":[{"start":{"line":186,"column":17},"end":{"line":186,"column":null}},{"start":{"line":186,"column":17},"end":{"line":186,"column":null}}]},"4":{"loc":{"start":{"line":186,"column":17},"end":{"line":186,"column":null}},"type":"binary-expr","locations":[{"start":{"line":186,"column":17},"end":{"line":186,"column":null}},{"start":{"line":186,"column":17},"end":{"line":186,"column":null}},{"start":{"line":186,"column":17},"end":{"line":186,"column":null}},{"start":{"line":186,"column":17},"end":{"line":186,"column":null}}]},"5":{"loc":{"start":{"line":194,"column":8},"end":{"line":194,"column":null}},"type":"cond-expr","locations":[{"start":{"line":194,"column":8},"end":{"line":194,"column":null}},{"start":{"line":194,"column":43},"end":{"line":194,"column":null}}]},"6":{"loc":{"start":{"line":193,"column":9},"end":{"line":193,"column":34}},"type":"binary-expr","locations":[{"start":{"line":193,"column":9},"end":{"line":193,"column":34}},{"start":{"line":193,"column":34},"end":{"line":193,"column":null}}]},"7":{"loc":{"start":{"line":217,"column":18},"end":{"line":217,"column":31}},"type":"default-arg","locations":[{"start":{"line":217,"column":18},"end":{"line":217,"column":31}}]},"8":{"loc":{"start":{"line":221,"column":18},"end":{"line":221,"column":31}},"type":"default-arg","locations":[{"start":{"line":221,"column":18},"end":{"line":221,"column":31}}]},"9":{"loc":{"start":{"line":236,"column":36},"end":{"line":236,"column":49}},"type":"default-arg","locations":[{"start":{"line":236,"column":36},"end":{"line":236,"column":49}}]},"10":{"loc":{"start":{"line":239,"column":36},"end":{"line":239,"column":null}},"type":"binary-expr","locations":[{"start":{"line":239,"column":36},"end":{"line":239,"column":null}},{"start":{"line":240,"column":6},"end":{"line":240,"column":null}},{"start":{"line":241,"column":6},"end":{"line":241,"column":74}}]},"11":{"loc":{"start":{"line":246,"column":4},"end":{"line":246,"column":11}},"type":"binary-expr","locations":[{"start":{"line":246,"column":4},"end":{"line":246,"column":11}},{"start":{"line":246,"column":11},"end":{"line":246,"column":null}}]},"12":{"loc":{"start":{"line":260,"column":36},"end":{"line":260,"column":49}},"type":"default-arg","locations":[{"start":{"line":260,"column":36},"end":{"line":260,"column":49}}]},"13":{"loc":{"start":{"line":261,"column":4},"end":{"line":266,"column":null}},"type":"binary-expr","locations":[{"start":{"line":261,"column":4},"end":{"line":266,"column":null}},{"start":{"line":268,"column":7},"end":{"line":268,"column":null}}]},"14":{"loc":{"start":{"line":262,"column":6},"end":{"line":262,"column":null}},"type":"binary-expr","locations":[{"start":{"line":262,"column":6},"end":{"line":262,"column":null}},{"start":{"line":263,"column":9},"end":{"line":263,"column":71}}]},"15":{"loc":{"start":{"line":276,"column":39},"end":{"line":277,"column":null}},"type":"cond-expr","locations":[{"start":{"line":276,"column":39},"end":{"line":277,"column":null}},{"start":{"line":278,"column":10},"end":{"line":279,"column":null}}]},"16":{"loc":{"start":{"line":276,"column":9},"end":{"line":276,"column":19}},"type":"binary-expr","locations":[{"start":{"line":276,"column":9},"end":{"line":276,"column":19}},{"start":{"line":276,"column":19},"end":{"line":276,"column":39}}]},"17":{"loc":{"start":{"line":285,"column":4},"end":{"line":285,"column":30}},"type":"binary-expr","locations":[{"start":{"line":285,"column":4},"end":{"line":285,"column":30}},{"start":{"line":285,"column":4},"end":{"line":287,"column":null}}]},"18":{"loc":{"start":{"line":289,"column":17},"end":{"line":289,"column":36}},"type":"cond-expr","locations":[{"start":{"line":289,"column":17},"end":{"line":289,"column":36}},{"start":{"line":289,"column":36},"end":{"line":289,"column":51}}]},"19":{"loc":{"start":{"line":289,"column":17},"end":{"line":289,"column":36}},"type":"binary-expr","locations":[{"start":{"line":289,"column":17},"end":{"line":289,"column":36}},{"start":{"line":289,"column":17},"end":{"line":289,"column":36}}]},"20":{"loc":{"start":{"line":289,"column":66},"end":{"line":289,"column":80}},"type":"cond-expr","locations":[{"start":{"line":289,"column":66},"end":{"line":289,"column":80}},{"start":{"line":289,"column":80},"end":{"line":289,"column":127}}]},"21":{"loc":{"start":{"line":298,"column":6},"end":{"line":299,"column":null}},"type":"cond-expr","locations":[{"start":{"line":298,"column":6},"end":{"line":299,"column":null}},{"start":{"line":301,"column":6},"end":{"line":301,"column":null}}]},"22":{"loc":{"start":{"line":299,"column":19},"end":{"line":299,"column":24}},"type":"binary-expr","locations":[{"start":{"line":299,"column":19},"end":{"line":299,"column":24}},{"start":{"line":299,"column":19},"end":{"line":299,"column":34}},{"start":{"line":299,"column":34},"end":{"line":299,"column":51}},{"start":{"line":299,"column":51},"end":{"line":299,"column":73}},{"start":{"line":299,"column":73},"end":{"line":299,"column":null}}]},"23":{"loc":{"start":{"line":304,"column":43},"end":{"line":309,"column":null}},"type":"cond-expr","locations":[{"start":{"line":304,"column":43},"end":{"line":309,"column":null}},{"start":{"line":310,"column":8},"end":{"line":311,"column":null}}]},"24":{"loc":{"start":{"line":307,"column":8},"end":{"line":307,"column":null}},"type":"cond-expr","locations":[{"start":{"line":307,"column":8},"end":{"line":307,"column":null}},{"start":{"line":309,"column":17},"end":{"line":309,"column":null}}]},"25":{"loc":{"start":{"line":306,"column":9},"end":{"line":306,"column":27}},"type":"binary-expr","locations":[{"start":{"line":306,"column":9},"end":{"line":306,"column":27}},{"start":{"line":306,"column":27},"end":{"line":306,"column":null}}]},"26":{"loc":{"start":{"line":309,"column":17},"end":{"line":309,"column":22}},"type":"binary-expr","locations":[{"start":{"line":309,"column":17},"end":{"line":309,"column":22}},{"start":{"line":309,"column":17},"end":{"line":309,"column":32}},{"start":{"line":309,"column":32},"end":{"line":309,"column":49}},{"start":{"line":309,"column":49},"end":{"line":309,"column":71}},{"start":{"line":309,"column":71},"end":{"line":309,"column":null}}]},"27":{"loc":{"start":{"line":315,"column":6},"end":{"line":315,"column":null}},"type":"cond-expr","locations":[{"start":{"line":315,"column":6},"end":{"line":315,"column":null}},{"start":{"line":316,"column":12},"end":{"line":321,"column":null}}]},"28":{"loc":{"start":{"line":317,"column":6},"end":{"line":317,"column":null}},"type":"cond-expr","locations":[{"start":{"line":317,"column":6},"end":{"line":317,"column":null}},{"start":{"line":318,"column":12},"end":{"line":321,"column":null}}]},"29":{"loc":{"start":{"line":316,"column":12},"end":{"line":316,"column":31}},"type":"binary-expr","locations":[{"start":{"line":316,"column":12},"end":{"line":316,"column":31}},{"start":{"line":316,"column":31},"end":{"line":316,"column":null}}]},"30":{"loc":{"start":{"line":319,"column":6},"end":{"line":319,"column":null}},"type":"cond-expr","locations":[{"start":{"line":319,"column":6},"end":{"line":319,"column":null}},{"start":{"line":321,"column":6},"end":{"line":321,"column":null}}]},"31":{"loc":{"start":{"line":318,"column":12},"end":{"line":318,"column":30}},"type":"binary-expr","locations":[{"start":{"line":318,"column":12},"end":{"line":318,"column":30}},{"start":{"line":318,"column":30},"end":{"line":318,"column":null}}]},"32":{"loc":{"start":{"line":331,"column":4},"end":{"line":331,"column":7}},"type":"binary-expr","locations":[{"start":{"line":331,"column":4},"end":{"line":331,"column":7}},{"start":{"line":331,"column":7},"end":{"line":331,"column":null}}]},"33":{"loc":{"start":{"line":337,"column":22},"end":{"line":338,"column":null}},"type":"if","locations":[{"start":{"line":337,"column":22},"end":{"line":338,"column":null}},{"start":{"line":337,"column":22},"end":{"line":338,"column":null}}]},"34":{"loc":{"start":{"line":338,"column":21},"end":{"line":338,"column":null}},"type":"binary-expr","locations":[{"start":{"line":338,"column":21},"end":{"line":338,"column":null}},{"start":{"line":338,"column":21},"end":{"line":338,"column":null}}]},"35":{"loc":{"start":{"line":339,"column":4},"end":{"line":339,"column":41}},"type":"binary-expr","locations":[{"start":{"line":339,"column":4},"end":{"line":339,"column":41}},{"start":{"line":339,"column":4},"end":{"line":351,"column":null}}]},"36":{"loc":{"start":{"line":343,"column":8},"end":{"line":343,"column":null}},"type":"cond-expr","locations":[{"start":{"line":343,"column":8},"end":{"line":343,"column":null}},{"start":{"line":345,"column":8},"end":{"line":345,"column":null}}]},"37":{"loc":{"start":{"line":345,"column":8},"end":{"line":345,"column":25}},"type":"binary-expr","locations":[{"start":{"line":345,"column":8},"end":{"line":345,"column":25}},{"start":{"line":345,"column":25},"end":{"line":345,"column":null}}]},"38":{"loc":{"start":{"line":345,"column":25},"end":{"line":347,"column":null}},"type":"if","locations":[{"start":{"line":345,"column":25},"end":{"line":347,"column":null}},{"start":{"line":345,"column":25},"end":{"line":347,"column":null}}]},"39":{"loc":{"start":{"line":347,"column":49},"end":{"line":347,"column":63}},"type":"binary-expr","locations":[{"start":{"line":347,"column":49},"end":{"line":347,"column":63}},{"start":{"line":347,"column":63},"end":{"line":347,"column":null}}]},"40":{"loc":{"start":{"line":350,"column":8},"end":{"line":351,"column":null}},"type":"cond-expr","locations":[{"start":{"line":350,"column":8},"end":{"line":351,"column":null}},{"start":{"line":351,"column":37},"end":{"line":351,"column":null}}]},"41":{"loc":{"start":{"line":350,"column":8},"end":{"line":350,"column":23}},"type":"binary-expr","locations":[{"start":{"line":350,"column":8},"end":{"line":350,"column":23}},{"start":{"line":350,"column":23},"end":{"line":350,"column":null}}]},"42":{"loc":{"start":{"line":353,"column":19},"end":{"line":353,"column":23}},"type":"binary-expr","locations":[{"start":{"line":353,"column":19},"end":{"line":353,"column":23}},{"start":{"line":353,"column":23},"end":{"line":353,"column":null}},{"start":{"line":353,"column":23},"end":{"line":353,"column":null}}]}},"s":{"0":10,"1":5,"2":58,"3":58,"4":58,"5":58,"6":58,"7":6,"8":6,"9":1712,"10":5,"11":5,"12":58,"13":61,"14":61,"15":58,"16":5,"17":0,"18":5,"19":0,"20":0,"21":0,"22":5,"23":0,"24":0,"25":0,"26":5,"27":0,"28":5,"29":0,"30":0,"31":5,"32":0,"33":0,"34":5,"35":125,"36":125,"37":125,"38":125,"39":0,"40":0,"41":125,"42":5,"43":5,"44":17,"45":17,"46":17,"47":0,"48":0,"49":5,"50":66,"51":66,"52":66,"53":48,"54":48,"55":66,"56":10,"57":10,"58":66,"59":14,"60":14,"61":66,"62":66,"63":66,"64":66,"65":5,"66":95,"67":5,"68":193,"69":5,"70":161,"71":5,"72":128,"73":126,"74":5,"75":125,"76":138,"77":5,"78":86,"79":85,"80":5,"81":95,"82":95,"83":80,"84":95,"85":111,"86":111,"87":111,"88":54,"89":111,"90":95,"91":5,"92":5,"93":66,"94":115,"95":5,"96":66,"97":20,"98":5,"99":60,"100":37,"101":5,"102":61},"f":{"0":5,"1":5,"2":58,"3":450,"4":58,"5":61,"6":0,"7":0,"8":0,"9":0,"10":0,"11":0,"12":0,"13":0,"14":0,"15":125,"16":125,"17":17,"18":17,"19":66,"20":48,"21":10,"22":14,"23":66,"24":95,"25":193,"26":161,"27":128,"28":126,"29":125,"30":138,"31":86,"32":85,"33":95,"34":111,"35":66,"36":48,"37":67,"38":66,"39":10,"40":10,"41":60,"42":14,"43":23,"44":61},"b":{"0":[6,52],"1":[10],"2":[54,52,46,42,28,28],"3":[643,664],"4":[92,76,75,71],"5":[13,48],"6":[61,49],"7":[0],"8":[0],"9":[3],"10":[125,111,75],"11":[125,60],"12":[1],"13":[17,6],"14":[17,11],"15":[4,44],"16":[48,8],"17":[66,60],"18":[0,66],"19":[66,0],"20":[60,6],"21":[93,2],"22":[93,53,50,50,50],"23":[182,11],"24":[14,168],"25":[182,22],"26":[168,151,145,145,145],"27":[0,161],"28":[16,145],"29":[161,45],"30":[12,133],"31":[145,18],"32":[86,76],"33":[80,15],"34":[80,0],"35":[95,95],"36":[88,23],"37":[23,19],"38":[54,57],"39":[111,58],"40":[26,85],"41":[26,25],"42":[95,70,0]}}
,"/Users/shanebdavis/dev/art-suite-foundations/packages/art-validation/source/tests/StandardImport.caf": {"path":"/Users/shanebdavis/dev/art-suite-foundations/packages/art-validation/source/tests/StandardImport.caf","statementMap":{"0":{"start":{"line":1,"column":0},"end":{"line":4,"column":null}}},"fnMap":{"0":{"name":"(anonymous_0)","decl":{"start":{"line":1,"column":0},"end":{"line":1,"column":null}},"loc":{"start":{"line":1,"column":0},"end":{"line":4,"column":null}}}},"branchMap":{},"s":{"0":10},"f":{"0":5},"b":{}}
}
