TN:
SF:build/Art.Validation/index.js
FNF:0
FNH:0
DA:4,5
LF:1
LH:1
BRF:0
BRH:0
end_of_record
TN:
SF:build/Art.Validation/namespace.js
FNF:0
FNH:0
DA:4,5
LF:1
LH:1
BRF:0
BRH:0
end_of_record
TN:
SF:build/tests/index.js
FNF:0
FNH:0
DA:4,0
LF:1
LH:0
BRF:0
BRH:0
end_of_record
TN:
SF:build/tests/namespace.js
FNF:0
FNH:0
DA:4,0
LF:1
LH:0
BRF:0
BRH:0
end_of_record
TN:
SF:source/Art.Validation/DataTypes.caf
FN:1,(anonymous_0)
FN:1,(anonymous_1)
FN:22,(anonymous_2)
FN:22,(anonymous_3)
FNF:4
FNH:4
FNDA:5,(anonymous_0)
FNDA:5,(anonymous_1)
FNDA:45,(anonymous_2)
FNDA:45,(anonymous_3)
DA:1,10
DA:9,5
DA:22,90
LF:3
LH:3
BRF:0
BRH:0
end_of_record
TN:
SF:source/Art.Validation/FieldTypes.caf
FN:1,(anonymous_0)
FN:1,(anonymous_1)
FN:5,(anonymous_2)
FN:6,(anonymous_3)
FN:25,(anonymous_4)
FN:29,(anonymous_5)
FN:35,(anonymous_6)
FN:40,(anonymous_7)
FN:43,(anonymous_8)
FN:44,(anonymous_9)
FN:49,(anonymous_10)
FN:53,(anonymous_11)
FN:55,(anonymous_12)
FN:61,(anonymous_13)
FN:62,(anonymous_14)
FN:63,(anonymous_15)
FN:68,(anonymous_16)
FN:69,(anonymous_17)
FN:70,(anonymous_18)
FN:74,(anonymous_19)
FN:75,(anonymous_20)
FN:78,(anonymous_21)
FN:79,(anonymous_22)
FN:82,(anonymous_23)
FN:83,(anonymous_24)
FN:86,(anonymous_25)
FN:89,(anonymous_26)
FN:90,(anonymous_27)
FN:100,(anonymous_28)
FN:101,(anonymous_29)
FN:107,(anonymous_30)
FNF:31
FNH:11
FNDA:5,(anonymous_0)
FNDA:5,(anonymous_1)
FNDA:11,(anonymous_2)
FNDA:0,(anonymous_3)
FNDA:0,(anonymous_4)
FNDA:0,(anonymous_5)
FNDA:0,(anonymous_6)
FNDA:11,(anonymous_7)
FNDA:0,(anonymous_8)
FNDA:1,(anonymous_9)
FNDA:1,(anonymous_10)
FNDA:0,(anonymous_11)
FNDA:0,(anonymous_12)
FNDA:0,(anonymous_13)
FNDA:0,(anonymous_14)
FNDA:0,(anonymous_15)
FNDA:0,(anonymous_16)
FNDA:0,(anonymous_17)
FNDA:0,(anonymous_18)
FNDA:0,(anonymous_19)
FNDA:0,(anonymous_20)
FNDA:0,(anonymous_21)
FNDA:0,(anonymous_22)
FNDA:14,(anonymous_23)
FNDA:8,(anonymous_24)
FNDA:0,(anonymous_25)
FNDA:34,(anonymous_26)
FNDA:20,(anonymous_27)
FNDA:0,(anonymous_28)
FNDA:0,(anonymous_29)
FNDA:100,(anonymous_30)
DA:1,10
DA:3,5
DA:4,5
DA:5,11
DA:6,5
DA:23,5
DA:25,0
DA:29,0
DA:35,0
DA:40,11
DA:43,0
DA:44,1
DA:49,1
DA:53,0
DA:55,0
DA:61,0
DA:62,0
DA:63,0
DA:68,0
DA:69,0
DA:70,0
DA:74,0
DA:75,0
DA:78,0
DA:79,0
DA:82,14
DA:83,8
DA:86,0
DA:89,34
DA:91,20
DA:100,0
DA:101,0
DA:104,5
DA:108,100
DA:109,100
DA:110,5
LF:36
LH:17
BRDA:5,0,0,11
BRDA:5,0,1,9
BRDA:45,1,0,0
BRDA:45,1,1,1
BRDA:49,2,0,1
BRDA:49,2,1,0
BRDA:55,3,0,0
BRDA:55,3,1,0
BRDA:62,4,0,0
BRDA:62,4,1,0
BRDA:69,5,0,0
BRDA:69,5,1,0
BRDA:78,6,0,0
BRDA:78,6,1,0
BRDA:82,7,0,14
BRDA:82,7,1,14
BRDA:92,8,0,20
BRDA:92,8,1,20
BRDA:100,9,0,0
BRDA:100,9,1,0
BRDA:109,10,0,65
BRDA:109,10,1,35
BRDA:110,11,0,55
BRDA:110,11,1,45
BRF:24
BRH:12
end_of_record
TN:
SF:source/Art.Validation/Lib.caf
FN:1,(anonymous_0)
FN:1,(anonymous_1)
FN:4,(anonymous_2)
FN:8,(anonymous_3)
FN:14,(anonymous_4)
FN:16,(anonymous_5)
FN:20,(anonymous_6)
FN:24,(anonymous_7)
FN:33,(anonymous_8)
FNF:9
FNH:9
FNDA:5,(anonymous_0)
FNDA:5,(anonymous_1)
FNDA:46,(anonymous_2)
FNDA:6,(anonymous_3)
FNDA:57,(anonymous_4)
FNDA:66,(anonymous_5)
FNDA:76,(anonymous_6)
FNDA:49,(anonymous_7)
FNDA:46,(anonymous_8)
DA:1,10
DA:3,5
DA:4,46
DA:9,6
DA:15,57
DA:16,66
DA:20,76
DA:25,49
DA:26,1
DA:27,48
DA:28,1
DA:29,47
DA:30,46
DA:34,46
DA:35,46
LF:15
LH:15
BRDA:6,0,0,2
BRDA:6,0,1,44
BRDA:9,1,0,6
BRDA:9,1,1,3
BRDA:9,1,2,0
BRDA:17,2,0,8
BRDA:17,2,1,58
BRDA:18,3,0,8
BRDA:18,3,1,0
BRDA:20,4,0,76
BRDA:20,4,1,72
BRDA:22,5,0,57
BRDA:22,5,1,49
BRDA:25,6,0,1
BRDA:25,6,1,48
BRDA:27,7,0,1
BRDA:27,7,1,47
BRDA:29,8,0,1
BRDA:29,8,1,46
BRDA:34,9,0,4
BRDA:34,9,1,42
BRDA:35,10,0,0
BRDA:35,10,1,4
BRDA:37,11,0,23
BRDA:37,11,1,23
BRF:25
BRH:22
end_of_record
TN:
SF:source/Art.Validation/Validation.caf
FN:1,(anonymous_0)
FNF:1
FNH:1
FNDA:5,(anonymous_0)
DA:1,10
LF:1
LH:1
BRF:0
BRH:0
end_of_record
TN:
SF:source/Art.Validation/Validator.caf
FN:1,(anonymous_0)
FN:1,(anonymous_1)
FN:79,(anonymous_2)
FN:186,(anonymous_3)
FN:190,(anonymous_21)
FN:191,(anonymous_22)
FN:198,(anonymous_23)
FN:207,(anonymous_24)
FN:209,(anonymous_25)
FN:211,(anonymous_26)
FN:213,(anonymous_27)
FN:215,(anonymous_28)
FN:215,(anonymous_29)
FN:217,(anonymous_30)
FN:221,(anonymous_31)
FN:236,(anonymous_32)
FN:238,(anonymous_33)
FN:260,(anonymous_34)
FN:261,(anonymous_35)
FN:270,(anonymous_36)
FN:274,(anonymous_37)
FN:281,(anonymous_38)
FN:285,(anonymous_39)
FN:291,(anonymous_40)
FN:296,(anonymous_41)
FN:303,(anonymous_42)
FN:313,(anonymous_43)
FN:323,(anonymous_44)
FN:324,(anonymous_45)
FN:326,(anonymous_46)
FN:327,(anonymous_47)
FN:329,(anonymous_48)
FN:331,(anonymous_49)
FN:336,(anonymous_50)
FN:339,(anonymous_51)
FN:360,(anonymous_52)
FN:360,(anonymous_53)
FN:360,(anonymous_54)
FN:361,(anonymous_55)
FN:361,(anonymous_56)
FN:361,(anonymous_57)
FN:362,(anonymous_58)
FN:362,(anonymous_59)
FN:362,(anonymous_60)
FN:367,(anonymous_61)
FNF:45
FNH:36
FNDA:5,(anonymous_0)
FNDA:5,(anonymous_1)
FNDA:58,(anonymous_2)
FNDA:450,(anonymous_3)
FNDA:58,(anonymous_21)
FNDA:61,(anonymous_22)
FNDA:0,(anonymous_23)
FNDA:0,(anonymous_24)
FNDA:0,(anonymous_25)
FNDA:0,(anonymous_26)
FNDA:0,(anonymous_27)
FNDA:0,(anonymous_28)
FNDA:0,(anonymous_29)
FNDA:0,(anonymous_30)
FNDA:0,(anonymous_31)
FNDA:125,(anonymous_32)
FNDA:125,(anonymous_33)
FNDA:17,(anonymous_34)
FNDA:17,(anonymous_35)
FNDA:66,(anonymous_36)
FNDA:48,(anonymous_37)
FNDA:10,(anonymous_38)
FNDA:14,(anonymous_39)
FNDA:66,(anonymous_40)
FNDA:95,(anonymous_41)
FNDA:193,(anonymous_42)
FNDA:161,(anonymous_43)
FNDA:128,(anonymous_44)
FNDA:126,(anonymous_45)
FNDA:125,(anonymous_46)
FNDA:138,(anonymous_47)
FNDA:86,(anonymous_48)
FNDA:85,(anonymous_49)
FNDA:95,(anonymous_50)
FNDA:111,(anonymous_51)
FNDA:66,(anonymous_52)
FNDA:48,(anonymous_53)
FNDA:67,(anonymous_54)
FNDA:66,(anonymous_55)
FNDA:10,(anonymous_56)
FNDA:10,(anonymous_57)
FNDA:60,(anonymous_58)
FNDA:14,(anonymous_59)
FNDA:23,(anonymous_60)
FNDA:61,(anonymous_61)
DA:1,10
DA:79,5
DA:180,58
DA:181,58
DA:182,58
DA:183,58
DA:184,58
DA:185,6
DA:186,1712
DA:188,5
DA:190,58
DA:192,61
DA:194,58
DA:197,5
DA:198,0
DA:199,5
DA:208,0
DA:209,5
DA:212,0
DA:213,5
DA:215,5
DA:218,0
DA:219,5
DA:222,0
DA:223,5
DA:237,125
DA:238,125
DA:241,0
DA:243,0
DA:244,125
DA:246,5
DA:248,5
DA:260,17
DA:261,17
DA:263,0
DA:265,0
DA:268,5
DA:271,66
DA:272,66
DA:275,48
DA:279,66
DA:282,10
DA:285,66
DA:286,14
DA:289,66
DA:290,66
DA:291,66
DA:296,95
DA:301,5
DA:303,193
DA:311,5
DA:313,161
DA:321,5
DA:323,128
DA:324,126
DA:326,125
DA:327,138
DA:329,86
DA:331,85
DA:337,95
DA:338,80
DA:339,95
DA:340,111
DA:342,111
DA:345,111
DA:347,111
DA:351,95
DA:353,5
DA:355,5
DA:360,115
DA:361,66
DA:362,60
DA:367,61
LF:73
LH:64
BRDA:184,0,0,6
BRDA:184,0,1,52
BRDA:186,1,0,10
BRDA:186,2,0,54
BRDA:186,2,1,52
BRDA:186,2,2,46
BRDA:186,2,3,42
BRDA:186,2,4,28
BRDA:186,2,5,28
BRDA:186,3,0,643
BRDA:186,3,1,664
BRDA:186,4,0,92
BRDA:186,4,1,76
BRDA:186,4,2,75
BRDA:186,4,3,71
BRDA:194,5,0,13
BRDA:194,5,1,48
BRDA:193,6,0,61
BRDA:193,6,1,49
BRDA:217,7,0,0
BRDA:221,8,0,0
BRDA:236,9,0,3
BRDA:239,10,0,125
BRDA:239,10,1,111
BRDA:239,10,2,75
BRDA:246,11,0,125
BRDA:246,11,1,60
BRDA:260,12,0,1
BRDA:261,13,0,17
BRDA:261,13,1,6
BRDA:262,14,0,17
BRDA:262,14,1,11
BRDA:276,15,0,4
BRDA:276,15,1,44
BRDA:276,16,0,48
BRDA:276,16,1,8
BRDA:285,17,0,66
BRDA:285,17,1,60
BRDA:289,18,0,0
BRDA:289,18,1,66
BRDA:289,19,0,66
BRDA:289,19,1,0
BRDA:289,20,0,60
BRDA:289,20,1,6
BRDA:298,21,0,93
BRDA:298,21,1,2
BRDA:299,22,0,93
BRDA:299,22,1,53
BRDA:299,22,2,50
BRDA:299,22,3,50
BRDA:299,22,4,50
BRDA:304,23,0,182
BRDA:304,23,1,11
BRDA:307,24,0,14
BRDA:307,24,1,168
BRDA:306,25,0,182
BRDA:306,25,1,22
BRDA:309,26,0,168
BRDA:309,26,1,151
BRDA:309,26,2,145
BRDA:309,26,3,145
BRDA:309,26,4,145
BRDA:315,27,0,0
BRDA:315,27,1,161
BRDA:317,28,0,16
BRDA:317,28,1,145
BRDA:316,29,0,161
BRDA:316,29,1,45
BRDA:319,30,0,12
BRDA:319,30,1,133
BRDA:318,31,0,145
BRDA:318,31,1,18
BRDA:331,32,0,86
BRDA:331,32,1,76
BRDA:337,33,0,80
BRDA:337,33,1,15
BRDA:338,34,0,80
BRDA:338,34,1,0
BRDA:339,35,0,95
BRDA:339,35,1,95
BRDA:343,36,0,88
BRDA:343,36,1,23
BRDA:345,37,0,23
BRDA:345,37,1,19
BRDA:345,38,0,54
BRDA:345,38,1,57
BRDA:347,39,0,111
BRDA:347,39,1,58
BRDA:350,40,0,26
BRDA:350,40,1,85
BRDA:350,41,0,26
BRDA:350,41,1,25
BRDA:353,42,0,95
BRDA:353,42,1,70
BRDA:353,42,2,0
BRF:95
BRH:88
end_of_record
TN:
SF:source/tests/StandardImport.caf
FN:1,(anonymous_0)
FNF:1
FNH:1
FNDA:5,(anonymous_0)
DA:1,10
LF:1
LH:1
BRF:0
BRH:0
end_of_record
