TN:
SF:build/Art.Validation/index.js
FNF:0
FNH:0
DA:4,8
LF:1
LH:1
BRF:0
BRH:0
end_of_record
TN:
SF:build/Art.Validation/namespace.js
FNF:0
FNH:0
DA:4,8
LF:1
LH:1
BRF:0
BRH:0
end_of_record
TN:
SF:build/tests/index.js
FNF:0
FNH:0
DA:4,0
LF:1
LH:0
BRF:0
BRH:0
end_of_record
TN:
SF:build/tests/namespace.js
FNF:0
FNH:0
DA:4,0
LF:1
LH:0
BRF:0
BRH:0
end_of_record
TN:
SF:source/Art.Validation/DataTypes.caf
FN:1,(anonymous_0)
FN:1,(anonymous_1)
FN:22,(anonymous_2)
FN:22,(anonymous_3)
FNF:4
FNH:4
FNDA:8,(anonymous_0)
FNDA:8,(anonymous_1)
FNDA:72,(anonymous_2)
FNDA:72,(anonymous_3)
DA:1,16
DA:9,8
DA:22,144
LF:3
LH:3
BRF:0
BRH:0
end_of_record
TN:
SF:source/Art.Validation/FieldTypes.caf
FN:1,(anonymous_0)
FN:1,(anonymous_1)
FN:5,(anonymous_2)
FN:6,(anonymous_3)
FN:25,(anonymous_4)
FN:29,(anonymous_5)
FN:35,(anonymous_6)
FN:40,(anonymous_7)
FN:43,(anonymous_8)
FN:44,(anonymous_9)
FN:49,(anonymous_10)
FN:53,(anonymous_11)
FN:55,(anonymous_12)
FN:61,(anonymous_13)
FN:62,(anonymous_14)
FN:63,(anonymous_15)
FN:68,(anonymous_16)
FN:69,(anonymous_17)
FN:70,(anonymous_18)
FN:74,(anonymous_19)
FN:75,(anonymous_20)
FN:78,(anonymous_21)
FN:79,(anonymous_22)
FN:82,(anonymous_23)
FN:83,(anonymous_24)
FN:86,(anonymous_25)
FN:89,(anonymous_26)
FN:90,(anonymous_27)
FN:100,(anonymous_28)
FN:101,(anonymous_29)
FN:107,(anonymous_30)
FNF:31
FNH:14
FNDA:8,(anonymous_0)
FNDA:8,(anonymous_1)
FNDA:11,(anonymous_2)
FNDA:0,(anonymous_3)
FNDA:0,(anonymous_4)
FNDA:0,(anonymous_5)
FNDA:0,(anonymous_6)
FNDA:11,(anonymous_7)
FNDA:0,(anonymous_8)
FNDA:1,(anonymous_9)
FNDA:1,(anonymous_10)
FNDA:0,(anonymous_11)
FNDA:0,(anonymous_12)
FNDA:0,(anonymous_13)
FNDA:0,(anonymous_14)
FNDA:0,(anonymous_15)
FNDA:0,(anonymous_16)
FNDA:0,(anonymous_17)
FNDA:0,(anonymous_18)
FNDA:0,(anonymous_19)
FNDA:0,(anonymous_20)
FNDA:0,(anonymous_21)
FNDA:0,(anonymous_22)
FNDA:14,(anonymous_23)
FNDA:8,(anonymous_24)
FNDA:3,(anonymous_25)
FNDA:34,(anonymous_26)
FNDA:20,(anonymous_27)
FNDA:5,(anonymous_28)
FNDA:2,(anonymous_29)
FNDA:160,(anonymous_30)
DA:1,16
DA:3,8
DA:4,8
DA:5,11
DA:6,8
DA:23,8
DA:25,0
DA:29,0
DA:35,0
DA:40,11
DA:43,0
DA:44,1
DA:49,1
DA:53,0
DA:55,0
DA:61,0
DA:62,0
DA:63,0
DA:68,0
DA:69,0
DA:70,0
DA:74,0
DA:75,0
DA:78,0
DA:79,0
DA:82,14
DA:83,8
DA:86,3
DA:89,34
DA:91,20
DA:100,5
DA:101,2
DA:104,8
DA:108,160
DA:109,160
DA:110,8
LF:36
LH:20
BRDA:5,0,0,11
BRDA:5,0,1,9
BRDA:45,1,0,0
BRDA:45,1,1,1
BRDA:49,2,0,1
BRDA:49,2,1,0
BRDA:55,3,0,0
BRDA:55,3,1,0
BRDA:62,4,0,0
BRDA:62,4,1,0
BRDA:69,5,0,0
BRDA:69,5,1,0
BRDA:78,6,0,0
BRDA:78,6,1,0
BRDA:82,7,0,14
BRDA:82,7,1,14
BRDA:92,8,0,20
BRDA:92,8,1,20
BRDA:100,9,0,5
BRDA:100,9,1,5
BRDA:109,10,0,104
BRDA:109,10,1,56
BRDA:110,11,0,88
BRDA:110,11,1,72
BRF:24
BRH:14
end_of_record
TN:
SF:source/Art.Validation/Lib.caf
FN:1,(anonymous_0)
FN:1,(anonymous_1)
FN:6,(anonymous_2)
FN:10,(anonymous_3)
FN:16,(anonymous_4)
FN:18,(anonymous_5)
FN:22,(anonymous_6)
FN:26,(anonymous_7)
FN:35,(anonymous_8)
FN:43,(anonymous_9)
FN:49,(anonymous_10)
FN:55,(anonymous_11)
FN:67,(anonymous_12)
FN:71,(anonymous_13)
FN:77,(anonymous_14)
FN:81,(anonymous_15)
FN:85,(anonymous_16)
FN:86,(anonymous_17)
FN:90,(anonymous_18)
FN:94,(anonymous_19)
FN:99,(anonymous_20)
FN:114,(anonymous_21)
FN:116,(anonymous_22)
FN:122,(anonymous_23)
FNF:24
FNH:23
FNDA:8,(anonymous_0)
FNDA:8,(anonymous_1)
FNDA:57,(anonymous_2)
FNDA:6,(anonymous_3)
FNDA:68,(anonymous_4)
FNDA:88,(anonymous_5)
FNDA:100,(anonymous_6)
FNDA:60,(anonymous_7)
FNDA:57,(anonymous_8)
FNDA:113,(anonymous_9)
FNDA:11,(anonymous_10)
FNDA:47,(anonymous_11)
FNDA:0,(anonymous_12)
FNDA:8,(anonymous_13)
FNDA:40,(anonymous_14)
FNDA:28,(anonymous_15)
FNDA:16,(anonymous_16)
FNDA:3,(anonymous_17)
FNDA:19,(anonymous_18)
FNDA:8,(anonymous_19)
FNDA:110,(anonymous_20)
FNDA:9,(anonymous_21)
FNDA:51,(anonymous_22)
FNDA:39,(anonymous_23)
DA:1,16
DA:3,8
DA:6,57
DA:11,6
DA:17,68
DA:18,88
DA:22,100
DA:27,60
DA:28,1
DA:29,59
DA:30,1
DA:31,58
DA:32,57
DA:36,57
DA:37,57
DA:44,113
DA:50,11
DA:55,47
DA:67,110
DA:72,8
DA:74,8
DA:77,40
DA:81,94
DA:82,8
DA:86,16
DA:87,8
DA:90,19
DA:94,29
DA:95,8
DA:99,110
DA:100,330
DA:101,110
DA:103,110
DA:104,0
DA:106,110
DA:108,32
DA:109,8
DA:112,24
DA:113,4
DA:114,9
DA:116,24
DA:117,51
DA:122,39
DA:123,33
DA:125,6
DA:128,110
LF:46
LH:45
BRDA:8,0,0,2
BRDA:8,0,1,55
BRDA:11,1,0,6
BRDA:11,1,1,3
BRDA:11,1,2,0
BRDA:19,2,0,8
BRDA:19,2,1,80
BRDA:20,3,0,8
BRDA:20,3,1,0
BRDA:22,4,0,100
BRDA:22,4,1,96
BRDA:24,5,0,68
BRDA:24,5,1,60
BRDA:27,6,0,1
BRDA:27,6,1,59
BRDA:29,7,0,1
BRDA:29,7,1,58
BRDA:31,8,0,1
BRDA:31,8,1,57
BRDA:36,9,0,4
BRDA:36,9,1,53
BRDA:37,10,0,0
BRDA:37,10,1,4
BRDA:39,11,0,32
BRDA:39,11,1,25
BRDA:46,12,0,60
BRDA:46,12,1,53
BRDA:49,13,0,7
BRDA:49,13,1,46
BRDA:54,14,0,44
BRDA:54,14,1,2
BRDA:57,15,0,37
BRDA:57,15,1,10
BRDA:65,16,0,2
BRDA:65,16,1,0
BRDA:71,17,0,0
BRDA:72,18,0,7
BRDA:72,19,0,7
BRDA:76,20,0,2
BRDA:76,20,1,6
BRDA:78,21,0,40
BRDA:78,21,1,38
BRDA:78,21,2,32
BRDA:78,21,3,28
BRDA:78,21,4,16
BRDA:79,22,0,20
BRDA:79,22,1,18
BRDA:80,23,0,16
BRDA:80,23,1,16
BRDA:81,24,0,28
BRDA:81,24,1,0
BRDA:81,25,0,28
BRDA:81,25,1,0
BRDA:81,26,0,12
BRDA:81,26,1,42
BRDA:84,27,0,1
BRDA:84,27,1,7
BRDA:86,28,0,3
BRDA:86,28,1,13
BRDA:86,29,0,16
BRDA:86,29,1,16
BRDA:86,30,0,3
BRDA:86,30,1,0
BRDA:89,31,0,0
BRDA:89,31,1,8
BRDA:91,32,0,19
BRDA:91,32,1,19
BRDA:91,32,2,19
BRDA:91,32,3,19
BRDA:91,32,4,17
BRDA:92,33,0,6
BRDA:92,33,1,13
BRDA:93,34,0,6
BRDA:93,34,1,13
BRDA:94,35,0,8
BRDA:94,35,1,11
BRDA:94,36,0,8
BRDA:94,36,1,0
BRDA:94,37,0,2
BRDA:94,37,1,17
BRDA:103,38,0,0
BRDA:103,38,1,110
BRDA:103,39,0,110
BRDA:103,39,1,8
BRDA:106,40,0,32
BRDA:106,40,1,78
BRDA:106,41,0,110
BRDA:106,41,1,91
BRDA:106,41,2,90
BRDA:106,41,3,86
BRDA:108,42,0,8
BRDA:108,42,1,24
BRDA:112,43,0,4
BRDA:112,43,1,20
BRDA:117,44,0,0
BRDA:117,44,1,51
BRDA:117,45,0,51
BRDA:117,45,1,0
BRDA:119,46,0,51
BRDA:119,46,1,0
BRDA:119,47,0,4
BRDA:119,47,1,47
BRDA:119,48,0,51
BRDA:119,48,1,33
BRDA:120,49,0,8
BRDA:120,49,1,39
BRDA:120,50,0,47
BRDA:120,50,1,19
BRDA:122,51,0,39
BRDA:122,51,1,11
BRF:110
BRH:96
end_of_record
TN:
SF:source/Art.Validation/Validation.caf
FN:1,(anonymous_0)
FNF:1
FNH:1
FNDA:8,(anonymous_0)
DA:1,16
LF:1
LH:1
BRF:0
BRH:0
end_of_record
TN:
SF:source/Art.Validation/Validator.caf
FN:1,(anonymous_0)
FN:1,(anonymous_1)
FN:79,(anonymous_2)
FN:92,(anonymous_3)
FN:96,(anonymous_6)
FN:97,(anonymous_7)
FN:104,(anonymous_8)
FN:113,(anonymous_9)
FN:115,(anonymous_10)
FN:117,(anonymous_11)
FN:119,(anonymous_12)
FN:121,(anonymous_13)
FN:121,(anonymous_14)
FN:123,(anonymous_15)
FN:127,(anonymous_16)
FN:142,(anonymous_17)
FN:144,(anonymous_18)
FN:166,(anonymous_19)
FN:167,(anonymous_20)
FN:176,(anonymous_21)
FN:180,(anonymous_22)
FN:187,(anonymous_23)
FN:191,(anonymous_24)
FN:197,(anonymous_25)
FN:202,(anonymous_26)
FN:209,(anonymous_27)
FN:219,(anonymous_28)
FN:229,(anonymous_29)
FN:230,(anonymous_30)
FN:232,(anonymous_31)
FN:233,(anonymous_32)
FN:235,(anonymous_33)
FN:237,(anonymous_34)
FN:242,(anonymous_35)
FN:245,(anonymous_36)
FN:264,(anonymous_37)
FN:264,(anonymous_38)
FN:264,(anonymous_39)
FN:265,(anonymous_40)
FN:265,(anonymous_41)
FN:265,(anonymous_42)
FN:266,(anonymous_43)
FN:266,(anonymous_44)
FN:266,(anonymous_45)
FN:271,(anonymous_46)
FNF:45
FNH:37
FNDA:8,(anonymous_0)
FNDA:8,(anonymous_1)
FNDA:74,(anonymous_2)
FNDA:8,(anonymous_3)
FNDA:74,(anonymous_6)
FNDA:77,(anonymous_7)
FNDA:1,(anonymous_8)
FNDA:0,(anonymous_9)
FNDA:0,(anonymous_10)
FNDA:0,(anonymous_11)
FNDA:0,(anonymous_12)
FNDA:0,(anonymous_13)
FNDA:0,(anonymous_14)
FNDA:0,(anonymous_15)
FNDA:0,(anonymous_16)
FNDA:137,(anonymous_17)
FNDA:137,(anonymous_18)
FNDA:17,(anonymous_19)
FNDA:17,(anonymous_20)
FNDA:70,(anonymous_21)
FNDA:51,(anonymous_22)
FNDA:11,(anonymous_23)
FNDA:14,(anonymous_24)
FNDA:70,(anonymous_25)
FNDA:105,(anonymous_26)
FNDA:210,(anonymous_27)
FNDA:175,(anonymous_28)
FNDA:140,(anonymous_29)
FNDA:139,(anonymous_30)
FNDA:137,(anonymous_31)
FNDA:150,(anonymous_32)
FNDA:95,(anonymous_33)
FNDA:94,(anonymous_34)
FNDA:118,(anonymous_35)
FNDA:134,(anonymous_36)
FNDA:70,(anonymous_37)
FNDA:51,(anonymous_38)
FNDA:71,(anonymous_39)
FNDA:70,(anonymous_40)
FNDA:11,(anonymous_41)
FNDA:11,(anonymous_42)
FNDA:64,(anonymous_43)
FNDA:14,(anonymous_44)
FNDA:25,(anonymous_45)
FNDA:77,(anonymous_46)
DA:1,16
DA:79,8
DA:86,74
DA:87,74
DA:88,74
DA:89,74
DA:90,74
DA:91,6
DA:92,16
DA:94,8
DA:96,74
DA:98,77
DA:100,74
DA:103,8
DA:104,1
DA:105,8
DA:114,0
DA:115,8
DA:118,0
DA:119,8
DA:121,8
DA:124,0
DA:125,8
DA:128,0
DA:129,8
DA:143,137
DA:144,137
DA:147,0
DA:149,0
DA:152,8
DA:154,8
DA:166,17
DA:167,17
DA:169,0
DA:171,0
DA:174,8
DA:177,70
DA:178,70
DA:181,51
DA:185,70
DA:188,11
DA:191,70
DA:192,14
DA:195,70
DA:196,70
DA:197,70
DA:202,105
DA:207,8
DA:209,210
DA:217,8
DA:219,175
DA:227,8
DA:229,140
DA:230,139
DA:232,137
DA:233,150
DA:235,95
DA:237,94
DA:243,118
DA:244,94
DA:245,118
DA:246,134
DA:249,134
DA:251,134
DA:255,118
DA:257,8
DA:259,8
DA:264,122
DA:265,70
DA:266,64
DA:271,77
LF:71
LH:63
BRDA:90,0,0,6
BRDA:90,0,1,68
BRDA:100,1,0,16
BRDA:100,1,1,61
BRDA:99,2,0,77
BRDA:99,2,1,65
BRDA:123,3,0,0
BRDA:127,4,0,0
BRDA:142,5,0,3
BRDA:144,6,0,137
BRDA:144,6,1,64
BRDA:145,7,0,137
BRDA:145,7,1,123
BRDA:145,7,2,84
BRDA:166,8,0,1
BRDA:167,9,0,17
BRDA:167,9,1,6
BRDA:168,10,0,17
BRDA:168,10,1,11
BRDA:182,11,0,4
BRDA:182,11,1,47
BRDA:182,12,0,51
BRDA:182,12,1,8
BRDA:191,13,0,70
BRDA:191,13,1,64
BRDA:195,14,0,0
BRDA:195,14,1,70
BRDA:195,15,0,70
BRDA:195,15,1,0
BRDA:195,16,0,64
BRDA:195,16,1,6
BRDA:204,17,0,103
BRDA:204,17,1,2
BRDA:205,18,0,103
BRDA:205,18,1,61
BRDA:205,18,2,58
BRDA:205,18,3,58
BRDA:205,18,4,58
BRDA:210,19,0,199
BRDA:210,19,1,11
BRDA:213,20,0,14
BRDA:213,20,1,185
BRDA:212,21,0,199
BRDA:212,21,1,27
BRDA:215,22,0,185
BRDA:215,22,1,168
BRDA:215,22,2,160
BRDA:215,22,3,160
BRDA:215,22,4,160
BRDA:221,23,0,0
BRDA:221,23,1,175
BRDA:223,24,0,16
BRDA:223,24,1,159
BRDA:222,25,0,175
BRDA:222,25,1,45
BRDA:225,26,0,12
BRDA:225,26,1,147
BRDA:224,27,0,159
BRDA:224,27,1,23
BRDA:237,28,0,95
BRDA:237,28,1,84
BRDA:243,29,0,94
BRDA:243,29,1,24
BRDA:244,30,0,94
BRDA:244,30,1,0
BRDA:245,31,0,118
BRDA:245,31,1,118
BRDA:248,32,0,107
BRDA:248,32,1,27
BRDA:249,33,0,27
BRDA:249,33,1,21
BRDA:249,34,0,67
BRDA:249,34,1,67
BRDA:251,35,0,134
BRDA:251,35,1,74
BRDA:254,36,0,34
BRDA:254,36,1,100
BRDA:254,37,0,1
BRDA:254,37,1,33
BRDA:257,38,0,118
BRDA:257,38,1,0
BRDA:257,39,0,33
BRDA:257,39,1,85
BRF:83
BRH:76
end_of_record
TN:
SF:source/tests/StandardImport.caf
FN:1,(anonymous_0)
FNF:1
FNH:1
FNDA:8,(anonymous_0)
DA:1,16
LF:1
LH:1
BRF:0
BRH:0
end_of_record
