<?xml version="1.0" encoding="UTF-8"?>
<coverage generated="1605293997162" clover="3.2.0">
  <project timestamp="1605293997162" name="All files">
    <metrics statements="33" coveredstatements="27" conditionals="32" coveredconditionals="25" methods="27" coveredmethods="21" elements="92" coveredelements="73" complexity="0" loc="33" ncloc="33" packages="2" files="3" classes="3"/>
    <package name="source-source.ArtSuite.Test.ChainedTest">
      <metrics statements="31" coveredstatements="25" conditionals="32" coveredconditionals="25" methods="27" coveredmethods="21"/>
      <file name="ChainedTest.caf" path="/Users/shanebdavis/dev/art-suite-foundations/packages/@art-suite/chained-test/source-source/ArtSuite.Test.ChainedTest/ChainedTest.caf">
        <metrics statements="31" coveredstatements="25" conditionals="32" coveredconditionals="25" methods="27" coveredmethods="21"/>
        <line num="1" count="4" type="stmt"/>
        <line num="3" count="2" type="stmt"/>
        <line num="4" count="0" type="stmt"/>
        <line num="5" count="0" type="stmt"/>
        <line num="6" count="0" type="stmt"/>
        <line num="9" count="2" type="stmt"/>
        <line num="64" count="102" type="cond" truecount="1" falsecount="1"/>
        <line num="65" count="17" type="cond" truecount="1" falsecount="1"/>
        <line num="66" count="0" type="stmt"/>
        <line num="67" count="17" type="stmt"/>
        <line num="68" count="17" type="stmt"/>
        <line num="69" count="0" type="stmt"/>
        <line num="78" count="29" type="cond" truecount="2" falsecount="0"/>
        <line num="80" count="2" type="stmt"/>
        <line num="81" count="20" type="cond" truecount="2" falsecount="0"/>
        <line num="82" count="17" type="cond" truecount="4" falsecount="0"/>
        <line num="83" count="34" type="stmt"/>
        <line num="84" count="45" type="cond" truecount="2" falsecount="0"/>
        <line num="88" count="17" type="stmt"/>
        <line num="89" count="17" type="cond" truecount="4" falsecount="0"/>
        <line num="91" count="0" type="stmt"/>
        <line num="95" count="14" type="cond" truecount="2" falsecount="0"/>
        <line num="96" count="14" type="stmt"/>
        <line num="97" count="17" type="stmt"/>
        <line num="99" count="2" type="stmt"/>
        <line num="105" count="9" type="stmt"/>
        <line num="106" count="3" type="stmt"/>
        <line num="107" count="2" type="stmt"/>
        <line num="110" count="12" type="stmt"/>
        <line num="111" count="64" type="cond" truecount="1" falsecount="1"/>
        <line num="112" count="26" type="stmt"/>
      </file>
    </package>
    <package name="source.ArtSuite.Test.ChainedTest">
      <metrics statements="2" coveredstatements="2" conditionals="0" coveredconditionals="0" methods="0" coveredmethods="0"/>
      <file name="index.js" path="/Users/shanebdavis/dev/art-suite-foundations/packages/@art-suite/chained-test/source/ArtSuite.Test.ChainedTest/index.js">
        <metrics statements="1" coveredstatements="1" conditionals="0" coveredconditionals="0" methods="0" coveredmethods="0"/>
        <line num="4" count="2" type="stmt"/>
      </file>
      <file name="namespace.js" path="/Users/shanebdavis/dev/art-suite-foundations/packages/@art-suite/chained-test/source/ArtSuite.Test.ChainedTest/namespace.js">
        <metrics statements="1" coveredstatements="1" conditionals="0" coveredconditionals="0" methods="0" coveredmethods="0"/>
        <line num="4" count="2" type="stmt"/>
      </file>
    </package>
  </project>
</coverage>
