TN:
SF:source-source/ArtSuite.Test.ChainedTest/ChainedTest.caf
FN:1,(anonymous_0)
FN:1,(anonymous_1)
FN:3,(anonymous_2)
FN:5,(anonymous_3)
FN:11,(anonymous_4)
FN:67,(anonymous_5)
FN:69,(anonymous_6)
FN:78,(anonymous_7)
FN:78,(anonymous_8)
FN:81,(anonymous_16)
FN:81,(anonymous_17)
FN:82,(anonymous_18)
FN:82,(anonymous_19)
FN:83,(anonymous_20)
FN:84,(anonymous_21)
FN:87,(anonymous_22)
FN:88,(anonymous_23)
FN:89,(anonymous_24)
FN:90,(anonymous_25)
FN:91,(anonymous_26)
FN:95,(anonymous_27)
FN:96,(anonymous_28)
FN:96,(anonymous_29)
FN:105,(anonymous_30)
FN:106,(anonymous_31)
FN:107,(anonymous_32)
FN:109,(anonymous_33)
FNF:27
FNH:21
FNDA:2,(anonymous_0)
FNDA:2,(anonymous_1)
FNDA:0,(anonymous_2)
FNDA:0,(anonymous_3)
FNDA:17,(anonymous_4)
FNDA:17,(anonymous_5)
FNDA:0,(anonymous_6)
FNDA:0,(anonymous_7)
FNDA:17,(anonymous_8)
FNDA:20,(anonymous_16)
FNDA:3,(anonymous_17)
FNDA:17,(anonymous_18)
FNDA:3,(anonymous_19)
FNDA:34,(anonymous_20)
FNDA:45,(anonymous_21)
FNDA:17,(anonymous_22)
FNDA:17,(anonymous_23)
FNDA:17,(anonymous_24)
FNDA:0,(anonymous_25)
FNDA:0,(anonymous_26)
FNDA:14,(anonymous_27)
FNDA:14,(anonymous_28)
FNDA:17,(anonymous_29)
FNDA:9,(anonymous_30)
FNDA:3,(anonymous_31)
FNDA:2,(anonymous_32)
FNDA:12,(anonymous_33)
DA:1,4
DA:3,2
DA:4,0
DA:5,0
DA:6,0
DA:9,2
DA:64,102
DA:65,17
DA:66,0
DA:67,17
DA:68,17
DA:69,0
DA:78,29
DA:80,2
DA:81,20
DA:82,17
DA:83,34
DA:84,45
DA:88,17
DA:89,17
DA:91,0
DA:95,14
DA:96,14
DA:97,17
DA:99,2
DA:105,9
DA:106,3
DA:107,2
DA:110,12
DA:111,64
DA:112,26
LF:31
LH:25
BRDA:64,0,0,0
BRDA:64,0,1,17
BRDA:65,1,0,0
BRDA:65,1,1,17
BRDA:70,2,0,0
BRDA:70,2,1,0
BRDA:70,3,0,0
BRDA:70,3,1,0
BRDA:78,4,0,4
BRDA:78,4,1,2
BRDA:81,5,0,17
BRDA:81,5,1,3
BRDA:82,6,0,14
BRDA:82,6,1,3
BRDA:82,7,0,14
BRDA:82,7,1,3
BRDA:84,8,0,17
BRDA:84,8,1,17
BRDA:85,9,0,28
BRDA:85,9,1,17
BRDA:89,10,0,5
BRDA:89,10,1,12
BRDA:89,11,0,17
BRDA:89,11,1,5
BRDA:95,12,0,11
BRDA:95,12,1,3
BRDA:98,13,0,3
BRDA:98,13,1,14
BRDA:98,14,0,17
BRDA:98,14,1,8
BRDA:111,15,0,12
BRDA:111,15,1,0
BRF:32
BRH:25
end_of_record
TN:
SF:source/ArtSuite.Test.ChainedTest/index.js
FNF:0
FNH:0
DA:4,2
LF:1
LH:1
BRF:0
BRH:0
end_of_record
TN:
SF:source/ArtSuite.Test.ChainedTest/namespace.js
FNF:0
FNH:0
DA:4,2
LF:1
LH:1
BRF:0
BRH:0
end_of_record
