<?xml version="1.0" encoding="UTF-8"?>
<coverage generated="1595102221921" clover="3.2.0">
  <project timestamp="1595102221921" name="All files">
    <metrics statements="86" coveredstatements="85" conditionals="51" coveredconditionals="44" methods="29" coveredmethods="28" elements="166" coveredelements="157" complexity="0" loc="86" ncloc="86" packages="2" files="2" classes="2"/>
    <package name="Art.ObjectTreeFactory">
      <metrics statements="83" coveredstatements="82" conditionals="51" coveredconditionals="44" methods="28" coveredmethods="27"/>
      <file name="ObjectTreeFactory.js" path="/Users/shanebdavis/dev/art-suite-foundations/packages/art-object-tree-factory/source/Art.ObjectTreeFactory/ObjectTreeFactory.js">
        <metrics statements="83" coveredstatements="82" conditionals="51" coveredconditionals="44" methods="28" coveredmethods="27"/>
        <line num="2" count="4" type="stmt"/>
        <line num="3" count="4" type="stmt"/>
        <line num="4" count="4" type="stmt"/>
        <line num="33" count="4" type="stmt"/>
        <line num="35" count="18" type="stmt"/>
        <line num="40" count="18" type="stmt"/>
        <line num="42" count="20" type="stmt"/>
        <line num="43" count="20" type="stmt"/>
        <line num="45" count="18" type="stmt"/>
        <line num="51" count="4" type="stmt"/>
        <line num="52" count="79" type="stmt"/>
        <line num="54" count="4" type="stmt"/>
        <line num="58" count="4" type="stmt"/>
        <line num="68" count="53" type="stmt"/>
        <line num="69" count="53" type="stmt"/>
        <line num="72" count="101" type="stmt"/>
        <line num="73" count="101" type="cond" truecount="3" falsecount="0"/>
        <line num="75" count="1" type="stmt"/>
        <line num="77" count="51" type="stmt"/>
        <line num="79" count="49" type="stmt"/>
        <line num="82" count="101" type="stmt"/>
        <line num="84" count="53" type="cond" truecount="2" falsecount="0"/>
        <line num="85" count="49" type="stmt"/>
        <line num="86" count="49" type="stmt"/>
        <line num="87" count="49" type="stmt"/>
        <line num="88" count="49" type="stmt"/>
        <line num="90" count="49" type="stmt"/>
        <line num="92" count="53" type="cond" truecount="2" falsecount="0"/>
        <line num="95" count="53" type="cond" truecount="1" falsecount="1"/>
        <line num="96" count="0" type="stmt"/>
        <line num="98" count="53" type="stmt"/>
        <line num="102" count="3" type="stmt"/>
        <line num="113" count="4" type="stmt"/>
        <line num="114" count="4" type="stmt"/>
        <line num="115" count="53" type="stmt"/>
        <line num="119" count="4" type="stmt"/>
        <line num="121" count="53" type="cond" truecount="2" falsecount="0"/>
        <line num="122" count="2" type="cond" truecount="1" falsecount="1"/>
        <line num="125" count="2" type="stmt"/>
        <line num="126" count="2" type="stmt"/>
        <line num="127" count="2" type="stmt"/>
        <line num="130" count="2" type="stmt"/>
        <line num="135" count="2" type="stmt"/>
        <line num="137" count="137" type="stmt"/>
        <line num="138" count="137" type="stmt"/>
        <line num="139" count="137" type="stmt"/>
        <line num="144" count="2" type="stmt"/>
        <line num="150" count="2" type="cond" truecount="1" falsecount="1"/>
        <line num="151" count="2" type="stmt"/>
        <line num="153" count="3" type="stmt"/>
        <line num="156" count="53" type="cond" truecount="2" falsecount="0"/>
        <line num="157" count="53" type="stmt"/>
        <line num="158" count="53" type="stmt"/>
        <line num="160" count="4" type="stmt"/>
        <line num="163" count="39" type="stmt"/>
        <line num="164" count="39" type="stmt"/>
        <line num="167" count="64" type="cond" truecount="2" falsecount="0"/>
        <line num="172" count="12" type="cond" truecount="1" falsecount="1"/>
        <line num="173" count="12" type="stmt"/>
        <line num="175" count="12" type="stmt"/>
        <line num="176" count="12" type="cond" truecount="3" falsecount="0"/>
        <line num="178" count="1" type="stmt"/>
        <line num="182" count="9" type="stmt"/>
        <line num="185" count="1" type="stmt"/>
        <line num="191" count="10" type="stmt"/>
        <line num="200" count="4" type="stmt"/>
        <line num="206" count="11" type="cond" truecount="2" falsecount="0"/>
        <line num="207" count="11" type="stmt"/>
        <line num="208" count="11" type="stmt"/>
        <line num="209" count="43" type="stmt"/>
        <line num="210" count="43" type="stmt"/>
        <line num="211" count="43" type="stmt"/>
        <line num="214" count="34" type="stmt"/>
        <line num="218" count="11" type="stmt"/>
        <line num="220" count="4" type="stmt"/>
        <line num="226" count="1" type="cond" truecount="2" falsecount="0"/>
        <line num="227" count="1" type="stmt"/>
        <line num="228" count="1" type="stmt"/>
        <line num="230" count="1" type="stmt"/>
        <line num="231" count="1" type="stmt"/>
        <line num="232" count="1" type="stmt"/>
        <line num="233" count="1" type="stmt"/>
        <line num="238" count="1" type="stmt"/>
      </file>
    </package>
    <package name="Jest">
      <metrics statements="3" coveredstatements="3" conditionals="0" coveredconditionals="0" methods="1" coveredmethods="1"/>
      <file name="StandardImport.js" path="/Users/shanebdavis/dev/art-suite-foundations/packages/art-object-tree-factory/source/Jest/StandardImport.js">
        <metrics statements="3" coveredstatements="3" conditionals="0" coveredconditionals="0" methods="1" coveredmethods="1"/>
        <line num="2" count="4" type="stmt"/>
        <line num="3" count="4" type="stmt"/>
        <line num="4" count="4" type="stmt"/>
      </file>
    </package>
  </project>
</coverage>
