{"/Users/shanebdavis/dev/art-suite-foundations/packages/art-object-tree-factory/source/Art.ObjectTreeFactory/ObjectTreeFactory.js": {"path":"/Users/shanebdavis/dev/art-suite-foundations/packages/art-object-tree-factory/source/Art.ObjectTreeFactory/ObjectTreeFactory.js","statementMap":{"0":{"start":{"line":2,"column":10},"end":{"line":2,"column":44}},"1":{"start":{"line":3,"column":0},"end":{"line":244,"column":3}},"2":{"start":{"line":4,"column":2},"end":{"line":243,"column":4}},"3":{"start":{"line":33,"column":6},"end":{"line":50,"column":8}},"4":{"start":{"line":35,"column":8},"end":{"line":49,"column":10}},"5":{"start":{"line":40,"column":16},"end":{"line":44,"column":17}},"6":{"start":{"line":42,"column":18},"end":{"line":42,"column":30}},"7":{"start":{"line":43,"column":18},"end":{"line":43,"column":37}},"8":{"start":{"line":45,"column":16},"end":{"line":45,"column":28}},"9":{"start":{"line":51,"column":6},"end":{"line":53,"column":8}},"10":{"start":{"line":52,"column":8},"end":{"line":52,"column":17}},"11":{"start":{"line":54,"column":6},"end":{"line":241,"column":9}},"12":{"start":{"line":58,"column":10},"end":{"line":112,"column":12}},"13":{"start":{"line":68,"column":12},"end":{"line":68,"column":49}},"14":{"start":{"line":69,"column":12},"end":{"line":83,"column":14}},"15":{"start":{"line":72,"column":16},"end":{"line":81,"column":20}},"16":{"start":{"line":73,"column":18},"end":{"line":80,"column":19}},"17":{"start":{"line":75,"column":22},"end":{"line":75,"column":41}},"18":{"start":{"line":77,"column":22},"end":{"line":77,"column":47}},"19":{"start":{"line":79,"column":22},"end":{"line":79,"column":43}},"20":{"start":{"line":82,"column":19},"end":{"line":82,"column":28}},"21":{"start":{"line":84,"column":12},"end":{"line":91,"column":13}},"22":{"start":{"line":85,"column":14},"end":{"line":85,"column":54}},"23":{"start":{"line":86,"column":14},"end":{"line":86,"column":60}},"24":{"start":{"line":87,"column":14},"end":{"line":87,"column":34}},"25":{"start":{"line":88,"column":14},"end":{"line":89,"column":75}},"26":{"start":{"line":90,"column":14},"end":{"line":90,"column":38}},"27":{"start":{"line":92,"column":12},"end":{"line":94,"column":63}},"28":{"start":{"line":95,"column":12},"end":{"line":97,"column":13}},"29":{"start":{"line":96,"column":14},"end":{"line":96,"column":77}},"30":{"start":{"line":98,"column":12},"end":{"line":111,"column":14}},"31":{"start":{"line":102,"column":41},"end":{"line":102,"column":67}},"32":{"start":{"line":113,"column":10},"end":{"line":113,"column":48}},"33":{"start":{"line":114,"column":10},"end":{"line":118,"column":12}},"34":{"start":{"line":115,"column":12},"end":{"line":117,"column":14}},"35":{"start":{"line":119,"column":10},"end":{"line":159,"column":12}},"36":{"start":{"line":121,"column":12},"end":{"line":155,"column":13}},"37":{"start":{"line":122,"column":14},"end":{"line":124,"column":69}},"38":{"start":{"line":125,"column":14},"end":{"line":125,"column":36}},"39":{"start":{"line":126,"column":14},"end":{"line":126,"column":38}},"40":{"start":{"line":127,"column":14},"end":{"line":129,"column":23}},"41":{"start":{"line":130,"column":14},"end":{"line":149,"column":17}},"42":{"start":{"line":135,"column":22},"end":{"line":143,"column":23}},"43":{"start":{"line":137,"column":24},"end":{"line":137,"column":37}},"44":{"start":{"line":138,"column":24},"end":{"line":138,"column":31}},"45":{"start":{"line":139,"column":24},"end":{"line":142,"column":40}},"46":{"start":{"line":144,"column":22},"end":{"line":144,"column":34}},"47":{"start":{"line":150,"column":14},"end":{"line":150,"column":73}},"48":{"start":{"line":151,"column":14},"end":{"line":154,"column":16}},"49":{"start":{"line":153,"column":22},"end":{"line":153,"column":60}},"50":{"start":{"line":156,"column":12},"end":{"line":156,"column":79}},"51":{"start":{"line":157,"column":12},"end":{"line":157,"column":62}},"52":{"start":{"line":157,"column":36},"end":{"line":157,"column":61}},"53":{"start":{"line":158,"column":12},"end":{"line":158,"column":27}},"54":{"start":{"line":160,"column":10},"end":{"line":199,"column":12}},"55":{"start":{"line":163,"column":16},"end":{"line":163,"column":66}},"56":{"start":{"line":164,"column":16},"end":{"line":164,"column":71}},"57":{"start":{"line":164,"column":53},"end":{"line":164,"column":66}},"58":{"start":{"line":167,"column":16},"end":{"line":167,"column":75}},"59":{"start":{"line":172,"column":14},"end":{"line":174,"column":15}},"60":{"start":{"line":173,"column":16},"end":{"line":173,"column":41}},"61":{"start":{"line":175,"column":14},"end":{"line":197,"column":19}},"62":{"start":{"line":176,"column":16},"end":{"line":196,"column":17}},"63":{"start":{"line":178,"column":20},"end":{"line":183,"column":22}},"64":{"start":{"line":182,"column":24},"end":{"line":182,"column":60}},"65":{"start":{"line":185,"column":20},"end":{"line":189,"column":22}},"66":{"start":{"line":191,"column":20},"end":{"line":195,"column":22}},"67":{"start":{"line":200,"column":10},"end":{"line":219,"column":12}},"68":{"start":{"line":206,"column":12},"end":{"line":206,"column":42}},"69":{"start":{"line":207,"column":12},"end":{"line":207,"column":21}},"70":{"start":{"line":208,"column":12},"end":{"line":217,"column":14}},"71":{"start":{"line":209,"column":14},"end":{"line":216,"column":30}},"72":{"start":{"line":210,"column":16},"end":{"line":210,"column":53}},"73":{"start":{"line":211,"column":16},"end":{"line":215,"column":19}},"74":{"start":{"line":214,"column":18},"end":{"line":214,"column":60}},"75":{"start":{"line":218,"column":12},"end":{"line":218,"column":23}},"76":{"start":{"line":220,"column":10},"end":{"line":239,"column":12}},"77":{"start":{"line":226,"column":12},"end":{"line":226,"column":42}},"78":{"start":{"line":227,"column":12},"end":{"line":227,"column":21}},"79":{"start":{"line":228,"column":12},"end":{"line":237,"column":15}},"80":{"start":{"line":230,"column":14},"end":{"line":230,"column":61}},"81":{"start":{"line":231,"column":14},"end":{"line":231,"column":59}},"82":{"start":{"line":232,"column":14},"end":{"line":232,"column":43}},"83":{"start":{"line":233,"column":14},"end":{"line":236,"column":17}},"84":{"start":{"line":238,"column":12},"end":{"line":238,"column":23}}},"fnMap":{"0":{"name":"(anonymous_0)","decl":{"start":{"line":3,"column":19},"end":{"line":3,"column":20}},"loc":{"start":{"line":3,"column":25},"end":{"line":244,"column":1}},"line":3},"1":{"name":"(anonymous_1)","decl":{"start":{"line":19,"column":4},"end":{"line":19,"column":5}},"loc":{"start":{"line":31,"column":9},"end":{"line":242,"column":5}},"line":31},"2":{"name":"(anonymous_2)","decl":{"start":{"line":33,"column":23},"end":{"line":33,"column":24}},"loc":{"start":{"line":33,"column":47},"end":{"line":50,"column":7}},"line":33},"3":{"name":"(anonymous_3)","decl":{"start":{"line":39,"column":15},"end":{"line":39,"column":16}},"loc":{"start":{"line":39,"column":21},"end":{"line":46,"column":15}},"line":39},"4":{"name":"(anonymous_4)","decl":{"start":{"line":51,"column":31},"end":{"line":51,"column":32}},"loc":{"start":{"line":51,"column":43},"end":{"line":53,"column":7}},"line":51},"5":{"name":"(anonymous_5)","decl":{"start":{"line":56,"column":8},"end":{"line":56,"column":9}},"loc":{"start":{"line":56,"column":63},"end":{"line":240,"column":9}},"line":56},"6":{"name":"(anonymous_6)","decl":{"start":{"line":58,"column":41},"end":{"line":58,"column":42}},"loc":{"start":{"line":58,"column":54},"end":{"line":112,"column":11}},"line":58},"7":{"name":"(anonymous_7)","decl":{"start":{"line":71,"column":14},"end":{"line":71,"column":15}},"loc":{"start":{"line":72,"column":16},"end":{"line":81,"column":20}},"line":72},"8":{"name":"(anonymous_8)","decl":{"start":{"line":72,"column":17},"end":{"line":72,"column":18}},"loc":{"start":{"line":72,"column":23},"end":{"line":81,"column":17}},"line":72},"9":{"name":"(anonymous_9)","decl":{"start":{"line":82,"column":14},"end":{"line":82,"column":15}},"loc":{"start":{"line":82,"column":19},"end":{"line":82,"column":28}},"line":82},"10":{"name":"(anonymous_10)","decl":{"start":{"line":102,"column":20},"end":{"line":102,"column":21}},"loc":{"start":{"line":102,"column":41},"end":{"line":102,"column":67}},"line":102},"11":{"name":"(anonymous_11)","decl":{"start":{"line":114,"column":31},"end":{"line":114,"column":32}},"loc":{"start":{"line":114,"column":42},"end":{"line":118,"column":11}},"line":114},"12":{"name":"(anonymous_12)","decl":{"start":{"line":119,"column":34},"end":{"line":119,"column":35}},"loc":{"start":{"line":119,"column":75},"end":{"line":159,"column":11}},"line":119},"13":{"name":"(anonymous_13)","decl":{"start":{"line":134,"column":21},"end":{"line":134,"column":22}},"loc":{"start":{"line":134,"column":27},"end":{"line":145,"column":21}},"line":134},"14":{"name":"(anonymous_14)","decl":{"start":{"line":153,"column":16},"end":{"line":153,"column":17}},"loc":{"start":{"line":153,"column":22},"end":{"line":153,"column":60}},"line":153},"15":{"name":"(anonymous_15)","decl":{"start":{"line":157,"column":30},"end":{"line":157,"column":31}},"loc":{"start":{"line":157,"column":36},"end":{"line":157,"column":61}},"line":157},"16":{"name":"(anonymous_16)","decl":{"start":{"line":162,"column":30},"end":{"line":162,"column":31}},"loc":{"start":{"line":162,"column":45},"end":{"line":165,"column":15}},"line":162},"17":{"name":"(anonymous_17)","decl":{"start":{"line":164,"column":43},"end":{"line":164,"column":44}},"loc":{"start":{"line":164,"column":53},"end":{"line":164,"column":66}},"line":164},"18":{"name":"(anonymous_18)","decl":{"start":{"line":166,"column":33},"end":{"line":166,"column":34}},"loc":{"start":{"line":166,"column":51},"end":{"line":168,"column":15}},"line":166},"19":{"name":"(anonymous_19)","decl":{"start":{"line":170,"column":12},"end":{"line":170,"column":13}},"loc":{"start":{"line":170,"column":33},"end":{"line":198,"column":13}},"line":170},"20":{"name":"(anonymous_20)","decl":{"start":{"line":175,"column":22},"end":{"line":175,"column":23}},"loc":{"start":{"line":175,"column":28},"end":{"line":197,"column":15}},"line":175},"21":{"name":"(anonymous_21)","decl":{"start":{"line":181,"column":22},"end":{"line":181,"column":23}},"loc":{"start":{"line":182,"column":24},"end":{"line":182,"column":60}},"line":182},"22":{"name":"(anonymous_22)","decl":{"start":{"line":200,"column":57},"end":{"line":200,"column":58}},"loc":{"start":{"line":204,"column":15},"end":{"line":219,"column":11}},"line":204},"23":{"name":"(anonymous_23)","decl":{"start":{"line":208,"column":28},"end":{"line":208,"column":29}},"loc":{"start":{"line":209,"column":14},"end":{"line":216,"column":30}},"line":209},"24":{"name":"(anonymous_24)","decl":{"start":{"line":209,"column":15},"end":{"line":209,"column":16}},"loc":{"start":{"line":209,"column":31},"end":{"line":216,"column":15}},"line":209},"25":{"name":"(anonymous_25)","decl":{"start":{"line":213,"column":58},"end":{"line":213,"column":59}},"loc":{"start":{"line":214,"column":18},"end":{"line":214,"column":60}},"line":214},"26":{"name":"(anonymous_26)","decl":{"start":{"line":220,"column":64},"end":{"line":220,"column":65}},"loc":{"start":{"line":224,"column":15},"end":{"line":239,"column":11}},"line":224},"27":{"name":"(anonymous_27)","decl":{"start":{"line":228,"column":28},"end":{"line":228,"column":29}},"loc":{"start":{"line":228,"column":44},"end":{"line":237,"column":13}},"line":228}},"branchMap":{"0":{"loc":{"start":{"line":38,"column":10},"end":{"line":47,"column":23}},"type":"cond-expr","locations":[{"start":{"line":39,"column":14},"end":{"line":46,"column":18}},{"start":{"line":47,"column":14},"end":{"line":47,"column":23}}],"line":38},"1":{"loc":{"start":{"line":73,"column":18},"end":{"line":80,"column":19}},"type":"switch","locations":[{"start":{"line":74,"column":20},"end":{"line":75,"column":41}},{"start":{"line":76,"column":20},"end":{"line":77,"column":47}},{"start":{"line":78,"column":20},"end":{"line":79,"column":43}}],"line":73},"2":{"loc":{"start":{"line":84,"column":12},"end":{"line":91,"column":13}},"type":"if","locations":[{"start":{"line":84,"column":12},"end":{"line":91,"column":13}},{"start":{"line":84,"column":12},"end":{"line":91,"column":13}}],"line":84},"3":{"loc":{"start":{"line":89,"column":16},"end":{"line":89,"column":74}},"type":"cond-expr","locations":[{"start":{"line":89,"column":63},"end":{"line":89,"column":67}},{"start":{"line":89,"column":70},"end":{"line":89,"column":74}}],"line":89},"4":{"loc":{"start":{"line":92,"column":12},"end":{"line":94,"column":62}},"type":"cond-expr","locations":[{"start":{"line":93,"column":16},"end":{"line":93,"column":21}},{"start":{"line":94,"column":17},"end":{"line":94,"column":61}}],"line":92},"5":{"loc":{"start":{"line":94,"column":25},"end":{"line":94,"column":61}},"type":"binary-expr","locations":[{"start":{"line":94,"column":25},"end":{"line":94,"column":44}},{"start":{"line":94,"column":48},"end":{"line":94,"column":61}}],"line":94},"6":{"loc":{"start":{"line":95,"column":12},"end":{"line":97,"column":13}},"type":"if","locations":[{"start":{"line":95,"column":12},"end":{"line":97,"column":13}},{"start":{"line":95,"column":12},"end":{"line":97,"column":13}}],"line":95},"7":{"loc":{"start":{"line":100,"column":16},"end":{"line":102,"column":67}},"type":"cond-expr","locations":[{"start":{"line":101,"column":20},"end":{"line":101,"column":31}},{"start":{"line":102,"column":20},"end":{"line":102,"column":67}}],"line":100},"8":{"loc":{"start":{"line":103,"column":16},"end":{"line":105,"column":42}},"type":"cond-expr","locations":[{"start":{"line":104,"column":20},"end":{"line":104,"column":37}},{"start":{"line":105,"column":20},"end":{"line":105,"column":42}}],"line":103},"9":{"loc":{"start":{"line":106,"column":16},"end":{"line":106,"column":72}},"type":"cond-expr","locations":[{"start":{"line":106,"column":41},"end":{"line":106,"column":55}},{"start":{"line":106,"column":58},"end":{"line":106,"column":72}}],"line":106},"10":{"loc":{"start":{"line":121,"column":12},"end":{"line":155,"column":13}},"type":"if","locations":[{"start":{"line":121,"column":12},"end":{"line":155,"column":13}},{"start":{"line":121,"column":12},"end":{"line":155,"column":13}}],"line":121},"11":{"loc":{"start":{"line":122,"column":14},"end":{"line":124,"column":68}},"type":"cond-expr","locations":[{"start":{"line":123,"column":18},"end":{"line":123,"column":22}},{"start":{"line":124,"column":19},"end":{"line":124,"column":67}}],"line":122},"12":{"loc":{"start":{"line":124,"column":26},"end":{"line":124,"column":67}},"type":"binary-expr","locations":[{"start":{"line":124,"column":26},"end":{"line":124,"column":48}},{"start":{"line":124,"column":52},"end":{"line":124,"column":67}}],"line":124},"13":{"loc":{"start":{"line":128,"column":16},"end":{"line":129,"column":22}},"type":"binary-expr","locations":[{"start":{"line":128,"column":17},"end":{"line":128,"column":48}},{"start":{"line":128,"column":52},"end":{"line":128,"column":76}},{"start":{"line":129,"column":16},"end":{"line":129,"column":22}}],"line":128},"14":{"loc":{"start":{"line":133,"column":16},"end":{"line":146,"column":29}},"type":"cond-expr","locations":[{"start":{"line":134,"column":20},"end":{"line":145,"column":24}},{"start":{"line":146,"column":20},"end":{"line":146,"column":29}}],"line":133},"15":{"loc":{"start":{"line":140,"column":26},"end":{"line":142,"column":39}},"type":"cond-expr","locations":[{"start":{"line":141,"column":30},"end":{"line":141,"column":42}},{"start":{"line":142,"column":30},"end":{"line":142,"column":39}}],"line":140},"16":{"loc":{"start":{"line":140,"column":26},"end":{"line":140,"column":60}},"type":"binary-expr","locations":[{"start":{"line":140,"column":26},"end":{"line":140,"column":43}},{"start":{"line":140,"column":47},"end":{"line":140,"column":60}}],"line":140},"17":{"loc":{"start":{"line":150,"column":14},"end":{"line":150,"column":72}},"type":"cond-expr","locations":[{"start":{"line":150,"column":29},"end":{"line":150,"column":33}},{"start":{"line":150,"column":37},"end":{"line":150,"column":71}}],"line":150},"18":{"loc":{"start":{"line":156,"column":28},"end":{"line":156,"column":78}},"type":"cond-expr","locations":[{"start":{"line":156,"column":43},"end":{"line":156,"column":47}},{"start":{"line":156,"column":51},"end":{"line":156,"column":77}}],"line":156},"19":{"loc":{"start":{"line":167,"column":23},"end":{"line":167,"column":74}},"type":"cond-expr","locations":[{"start":{"line":167,"column":43},"end":{"line":167,"column":64}},{"start":{"line":167,"column":67},"end":{"line":167,"column":74}}],"line":167},"20":{"loc":{"start":{"line":172,"column":14},"end":{"line":174,"column":15}},"type":"if","locations":[{"start":{"line":172,"column":14},"end":{"line":174,"column":15}},{"start":{"line":172,"column":14},"end":{"line":174,"column":15}}],"line":172},"21":{"loc":{"start":{"line":176,"column":16},"end":{"line":196,"column":17}},"type":"switch","locations":[{"start":{"line":177,"column":18},"end":{"line":183,"column":22}},{"start":{"line":184,"column":18},"end":{"line":189,"column":22}},{"start":{"line":190,"column":18},"end":{"line":195,"column":22}}],"line":176},"22":{"loc":{"start":{"line":206,"column":21},"end":{"line":206,"column":41}},"type":"binary-expr","locations":[{"start":{"line":206,"column":21},"end":{"line":206,"column":35}},{"start":{"line":206,"column":39},"end":{"line":206,"column":41}}],"line":206},"23":{"loc":{"start":{"line":226,"column":21},"end":{"line":226,"column":41}},"type":"binary-expr","locations":[{"start":{"line":226,"column":21},"end":{"line":226,"column":35}},{"start":{"line":226,"column":39},"end":{"line":226,"column":41}}],"line":226}},"s":{"0":4,"1":4,"2":4,"3":4,"4":18,"5":18,"6":20,"7":20,"8":18,"9":4,"10":79,"11":4,"12":4,"13":53,"14":53,"15":101,"16":101,"17":1,"18":51,"19":49,"20":101,"21":53,"22":49,"23":49,"24":49,"25":49,"26":49,"27":53,"28":53,"29":0,"30":53,"31":3,"32":4,"33":4,"34":53,"35":4,"36":53,"37":2,"38":2,"39":2,"40":2,"41":2,"42":2,"43":137,"44":137,"45":137,"46":2,"47":2,"48":2,"49":3,"50":53,"51":53,"52":0,"53":53,"54":4,"55":39,"56":39,"57":39,"58":64,"59":12,"60":12,"61":12,"62":12,"63":1,"64":9,"65":1,"66":10,"67":4,"68":11,"69":11,"70":11,"71":43,"72":43,"73":43,"74":34,"75":11,"76":4,"77":1,"78":1,"79":1,"80":1,"81":1,"82":1,"83":1,"84":1},"f":{"0":4,"1":4,"2":18,"3":18,"4":79,"5":4,"6":53,"7":101,"8":101,"9":101,"10":3,"11":53,"12":53,"13":2,"14":3,"15":0,"16":39,"17":39,"18":64,"19":12,"20":12,"21":9,"22":11,"23":43,"24":43,"25":34,"26":1,"27":1},"b":{"0":[18,0],"1":[1,51,49],"2":[49,4],"3":[44,5],"4":[1,52],"5":[52,49],"6":[0,53],"7":[51,2],"8":[8,45],"9":[8,45],"10":[2,51],"11":[0,2],"12":[2,2],"13":[2,2,0],"14":[2,0],"15":[3,134],"16":[137,7],"17":[2,0],"18":[46,7],"19":[40,24],"20":[12,0],"21":[1,1,10],"22":[11,11],"23":[1,1]},"_coverageSchema":"1a1c01bbd47fc00a2c39e90264f33305004495a9","hash":"392b1f6e26ff06494783d1c4b7a7d9dc9c5b9cc4"}
,"/Users/shanebdavis/dev/art-suite-foundations/packages/art-object-tree-factory/source/Jest/StandardImport.js": {"path":"/Users/shanebdavis/dev/art-suite-foundations/packages/art-object-tree-factory/source/Jest/StandardImport.js","statementMap":{"0":{"start":{"line":2,"column":10},"end":{"line":2,"column":44}},"1":{"start":{"line":3,"column":0},"end":{"line":9,"column":3}},"2":{"start":{"line":4,"column":2},"end":{"line":8,"column":4}}},"fnMap":{"0":{"name":"(anonymous_0)","decl":{"start":{"line":3,"column":19},"end":{"line":3,"column":20}},"loc":{"start":{"line":3,"column":25},"end":{"line":9,"column":1}},"line":3}},"branchMap":{},"s":{"0":4,"1":4,"2":4},"f":{"0":4},"b":{},"_coverageSchema":"1a1c01bbd47fc00a2c39e90264f33305004495a9","hash":"99662ada8403f8a1e1266218eaba15d35bd6595e"}
}
