TN:
SF:source/Art.ObjectTreeFactory/ObjectTreeFactory.js
FN:3,(anonymous_0)
FN:19,(anonymous_1)
FN:33,(anonymous_2)
FN:39,(anonymous_3)
FN:51,(anonymous_4)
FN:56,(anonymous_5)
FN:58,(anonymous_6)
FN:71,(anonymous_7)
FN:72,(anonymous_8)
FN:82,(anonymous_9)
FN:102,(anonymous_10)
FN:114,(anonymous_11)
FN:119,(anonymous_12)
FN:134,(anonymous_13)
FN:153,(anonymous_14)
FN:157,(anonymous_15)
FN:162,(anonymous_16)
FN:164,(anonymous_17)
FN:166,(anonymous_18)
FN:170,(anonymous_19)
FN:175,(anonymous_20)
FN:181,(anonymous_21)
FN:200,(anonymous_22)
FN:208,(anonymous_23)
FN:209,(anonymous_24)
FN:213,(anonymous_25)
FN:220,(anonymous_26)
FN:228,(anonymous_27)
FNF:28
FNH:27
FNDA:4,(anonymous_0)
FNDA:4,(anonymous_1)
FNDA:18,(anonymous_2)
FNDA:18,(anonymous_3)
FNDA:79,(anonymous_4)
FNDA:4,(anonymous_5)
FNDA:53,(anonymous_6)
FNDA:101,(anonymous_7)
FNDA:101,(anonymous_8)
FNDA:101,(anonymous_9)
FNDA:3,(anonymous_10)
FNDA:53,(anonymous_11)
FNDA:53,(anonymous_12)
FNDA:2,(anonymous_13)
FNDA:3,(anonymous_14)
FNDA:0,(anonymous_15)
FNDA:39,(anonymous_16)
FNDA:39,(anonymous_17)
FNDA:64,(anonymous_18)
FNDA:12,(anonymous_19)
FNDA:12,(anonymous_20)
FNDA:9,(anonymous_21)
FNDA:11,(anonymous_22)
FNDA:43,(anonymous_23)
FNDA:43,(anonymous_24)
FNDA:34,(anonymous_25)
FNDA:1,(anonymous_26)
FNDA:1,(anonymous_27)
DA:2,4
DA:3,4
DA:4,4
DA:33,4
DA:35,18
DA:40,18
DA:42,20
DA:43,20
DA:45,18
DA:51,4
DA:52,79
DA:54,4
DA:58,4
DA:68,53
DA:69,53
DA:72,101
DA:73,101
DA:75,1
DA:77,51
DA:79,49
DA:82,101
DA:84,53
DA:85,49
DA:86,49
DA:87,49
DA:88,49
DA:90,49
DA:92,53
DA:95,53
DA:96,0
DA:98,53
DA:102,3
DA:113,4
DA:114,4
DA:115,53
DA:119,4
DA:121,53
DA:122,2
DA:125,2
DA:126,2
DA:127,2
DA:130,2
DA:135,2
DA:137,137
DA:138,137
DA:139,137
DA:144,2
DA:150,2
DA:151,2
DA:153,3
DA:156,53
DA:157,53
DA:158,53
DA:160,4
DA:163,39
DA:164,39
DA:167,64
DA:172,12
DA:173,12
DA:175,12
DA:176,12
DA:178,1
DA:182,9
DA:185,1
DA:191,10
DA:200,4
DA:206,11
DA:207,11
DA:208,11
DA:209,43
DA:210,43
DA:211,43
DA:214,34
DA:218,11
DA:220,4
DA:226,1
DA:227,1
DA:228,1
DA:230,1
DA:231,1
DA:232,1
DA:233,1
DA:238,1
LF:83
LH:82
BRDA:38,0,0,18
BRDA:38,0,1,0
BRDA:73,1,0,1
BRDA:73,1,1,51
BRDA:73,1,2,49
BRDA:84,2,0,49
BRDA:84,2,1,4
BRDA:89,3,0,44
BRDA:89,3,1,5
BRDA:92,4,0,1
BRDA:92,4,1,52
BRDA:94,5,0,52
BRDA:94,5,1,49
BRDA:95,6,0,0
BRDA:95,6,1,53
BRDA:100,7,0,51
BRDA:100,7,1,2
BRDA:103,8,0,8
BRDA:103,8,1,45
BRDA:106,9,0,8
BRDA:106,9,1,45
BRDA:121,10,0,2
BRDA:121,10,1,51
BRDA:122,11,0,0
BRDA:122,11,1,2
BRDA:124,12,0,2
BRDA:124,12,1,2
BRDA:128,13,0,2
BRDA:128,13,1,2
BRDA:128,13,2,0
BRDA:133,14,0,2
BRDA:133,14,1,0
BRDA:140,15,0,3
BRDA:140,15,1,134
BRDA:140,16,0,137
BRDA:140,16,1,7
BRDA:150,17,0,2
BRDA:150,17,1,0
BRDA:156,18,0,46
BRDA:156,18,1,7
BRDA:167,19,0,40
BRDA:167,19,1,24
BRDA:172,20,0,12
BRDA:172,20,1,0
BRDA:176,21,0,1
BRDA:176,21,1,1
BRDA:176,21,2,10
BRDA:206,22,0,11
BRDA:206,22,1,11
BRDA:226,23,0,1
BRDA:226,23,1,1
BRF:51
BRH:44
end_of_record
TN:
SF:source/Jest/StandardImport.js
FN:3,(anonymous_0)
FNF:1
FNH:1
FNDA:4,(anonymous_0)
DA:2,4
DA:3,4
DA:4,4
LF:3
LH:3
BRF:0
BRH:0
end_of_record
