<?xml version="1.0" encoding="UTF-8"?>
<coverage generated="1601860960049" clover="3.2.0">
  <project timestamp="1601860960049" name="All files">
    <metrics statements="34" coveredstatements="24" conditionals="2" coveredconditionals="2" methods="17" coveredmethods="10" elements="53" coveredelements="36" complexity="0" loc="34" ncloc="34" packages="2" files="8" classes="8"/>
    <package name="source">
      <metrics statements="9" coveredstatements="0" conditionals="0" coveredconditionals="0" methods="5" coveredmethods="0"/>
      <file name="aceCli.js" path="/Users/shanebdavis/dev/art-suite-foundations/packages/@art-suite/ace/source/aceCli.js">
        <metrics statements="6" coveredstatements="0" conditionals="0" coveredconditionals="0" methods="4" coveredmethods="0"/>
        <line num="2" count="0" type="stmt"/>
        <line num="3" count="0" type="stmt"/>
        <line num="4" count="0" type="stmt"/>
        <line num="8" count="0" type="stmt"/>
        <line num="14" count="0" type="stmt"/>
        <line num="20" count="0" type="stmt"/>
      </file>
      <file name="index.js" path="/Users/shanebdavis/dev/art-suite-foundations/packages/@art-suite/ace/source/index.js">
        <metrics statements="3" coveredstatements="0" conditionals="0" coveredconditionals="0" methods="1" coveredmethods="0"/>
        <line num="2" count="0" type="stmt"/>
        <line num="3" count="0" type="stmt"/>
        <line num="4" count="0" type="stmt"/>
      </file>
    </package>
    <package name="source.ArtSuite.Ace">
      <metrics statements="25" coveredstatements="24" conditionals="2" coveredconditionals="2" methods="12" coveredmethods="10"/>
      <file name="Ace.js" path="/Users/shanebdavis/dev/art-suite-foundations/packages/@art-suite/ace/source/ArtSuite.Ace/Ace.js">
        <metrics statements="3" coveredstatements="3" conditionals="0" coveredconditionals="0" methods="1" coveredmethods="1"/>
        <line num="2" count="1" type="stmt"/>
        <line num="3" count="1" type="stmt"/>
        <line num="4" count="1" type="stmt"/>
      </file>
      <file name="LoadAceConfig.js" path="/Users/shanebdavis/dev/art-suite-foundations/packages/@art-suite/ace/source/ArtSuite.Ace/LoadAceConfig.js">
        <metrics statements="11" coveredstatements="11" conditionals="2" coveredconditionals="2" methods="6" coveredmethods="6"/>
        <line num="2" count="1" type="stmt"/>
        <line num="3" count="1" type="stmt"/>
        <line num="4" count="1" type="stmt"/>
        <line num="17" count="1" type="stmt"/>
        <line num="20" count="1" type="stmt"/>
        <line num="21" count="1" type="stmt"/>
        <line num="22" count="2" type="stmt"/>
        <line num="24" count="1" type="stmt"/>
        <line num="26" count="2" type="stmt"/>
        <line num="27" count="2" type="stmt"/>
        <line num="30" count="2" type="cond" truecount="2" falsecount="0"/>
      </file>
      <file name="Main.js" path="/Users/shanebdavis/dev/art-suite-foundations/packages/@art-suite/ace/source/ArtSuite.Ace/Main.js">
        <metrics statements="6" coveredstatements="5" conditionals="0" coveredconditionals="0" methods="4" coveredmethods="2"/>
        <line num="2" count="1" type="stmt"/>
        <line num="3" count="1" type="stmt"/>
        <line num="5" count="1" type="stmt"/>
        <line num="10" count="1" type="stmt"/>
        <line num="11" count="1" type="stmt"/>
        <line num="12" count="0" type="stmt"/>
      </file>
      <file name="StandardImport.js" path="/Users/shanebdavis/dev/art-suite-foundations/packages/@art-suite/ace/source/ArtSuite.Ace/StandardImport.js">
        <metrics statements="3" coveredstatements="3" conditionals="0" coveredconditionals="0" methods="1" coveredmethods="1"/>
        <line num="2" count="1" type="stmt"/>
        <line num="3" count="1" type="stmt"/>
        <line num="4" count="1" type="stmt"/>
      </file>
      <file name="index.js" path="/Users/shanebdavis/dev/art-suite-foundations/packages/@art-suite/ace/source/ArtSuite.Ace/index.js">
        <metrics statements="1" coveredstatements="1" conditionals="0" coveredconditionals="0" methods="0" coveredmethods="0"/>
        <line num="4" count="1" type="stmt"/>
      </file>
      <file name="namespace.js" path="/Users/shanebdavis/dev/art-suite-foundations/packages/@art-suite/ace/source/ArtSuite.Ace/namespace.js">
        <metrics statements="1" coveredstatements="1" conditionals="0" coveredconditionals="0" methods="0" coveredmethods="0"/>
        <line num="4" count="1" type="stmt"/>
      </file>
    </package>
  </project>
</coverage>
