{"/Users/shanebdavis/dev/art-suite-foundations/packages/@art-suite/ace/source/aceCli.js": {"path":"/Users/shanebdavis/dev/art-suite-foundations/packages/@art-suite/ace/source/aceCli.js","statementMap":{"0":{"start":{"line":2,"column":10},"end":{"line":2,"column":44}},"1":{"start":{"line":3,"column":0},"end":{"line":28,"column":3}},"2":{"start":{"line":4,"column":2},"end":{"line":27,"column":4}},"3":{"start":{"line":8,"column":6},"end":{"line":25,"column":9}},"4":{"start":{"line":14,"column":14},"end":{"line":14,"column":42}},"5":{"start":{"line":20,"column":14},"end":{"line":20,"column":59}}},"fnMap":{"0":{"name":"(anonymous_0)","decl":{"start":{"line":3,"column":19},"end":{"line":3,"column":20}},"loc":{"start":{"line":3,"column":25},"end":{"line":28,"column":1}},"line":3},"1":{"name":"(anonymous_1)","decl":{"start":{"line":7,"column":4},"end":{"line":7,"column":5}},"loc":{"start":{"line":7,"column":32},"end":{"line":26,"column":5}},"line":7},"2":{"name":"(anonymous_2)","decl":{"start":{"line":13,"column":17},"end":{"line":13,"column":18}},"loc":{"start":{"line":13,"column":36},"end":{"line":15,"column":13}},"line":13},"3":{"name":"(anonymous_3)","decl":{"start":{"line":19,"column":17},"end":{"line":19,"column":18}},"loc":{"start":{"line":19,"column":36},"end":{"line":21,"column":13}},"line":19}},"branchMap":{},"s":{"0":0,"1":0,"2":0,"3":0,"4":0,"5":0},"f":{"0":0,"1":0,"2":0,"3":0},"b":{}}
,"/Users/shanebdavis/dev/art-suite-foundations/packages/@art-suite/ace/source/index.js": {"path":"/Users/shanebdavis/dev/art-suite-foundations/packages/@art-suite/ace/source/index.js","statementMap":{"0":{"start":{"line":2,"column":10},"end":{"line":2,"column":44}},"1":{"start":{"line":3,"column":0},"end":{"line":5,"column":3}},"2":{"start":{"line":4,"column":2},"end":{"line":4,"column":35}}},"fnMap":{"0":{"name":"(anonymous_0)","decl":{"start":{"line":3,"column":19},"end":{"line":3,"column":20}},"loc":{"start":{"line":3,"column":25},"end":{"line":5,"column":1}},"line":3}},"branchMap":{},"s":{"0":0,"1":0,"2":0},"f":{"0":0},"b":{}}
,"/Users/shanebdavis/dev/art-suite-foundations/packages/@art-suite/ace/source/ArtSuite.Ace/Ace.js": {"path":"/Users/shanebdavis/dev/art-suite-foundations/packages/@art-suite/ace/source/ArtSuite.Ace/Ace.js","statementMap":{"0":{"start":{"line":2,"column":10},"end":{"line":2,"column":44}},"1":{"start":{"line":3,"column":0},"end":{"line":5,"column":3}},"2":{"start":{"line":4,"column":2},"end":{"line":4,"column":27}}},"fnMap":{"0":{"name":"(anonymous_0)","decl":{"start":{"line":3,"column":19},"end":{"line":3,"column":20}},"loc":{"start":{"line":3,"column":25},"end":{"line":5,"column":1}},"line":3}},"branchMap":{},"s":{"0":1,"1":1,"2":1},"f":{"0":1},"b":{},"_coverageSchema":"1a1c01bbd47fc00a2c39e90264f33305004495a9","hash":"b170641e1c8fc1e6cfa15d43f08825320f168872"}
,"/Users/shanebdavis/dev/art-suite-foundations/packages/@art-suite/ace/source/ArtSuite.Ace/LoadAceConfig.js": {"path":"/Users/shanebdavis/dev/art-suite-foundations/packages/@art-suite/ace/source/ArtSuite.Ace/LoadAceConfig.js","statementMap":{"0":{"start":{"line":2,"column":10},"end":{"line":2,"column":44}},"1":{"start":{"line":3,"column":0},"end":{"line":37,"column":3}},"2":{"start":{"line":4,"column":2},"end":{"line":36,"column":4}},"3":{"start":{"line":17,"column":6},"end":{"line":34,"column":9}},"4":{"start":{"line":20,"column":10},"end":{"line":20,"column":45}},"5":{"start":{"line":21,"column":10},"end":{"line":23,"column":12}},"6":{"start":{"line":22,"column":12},"end":{"line":22,"column":64}},"7":{"start":{"line":24,"column":10},"end":{"line":32,"column":12}},"8":{"start":{"line":26,"column":12},"end":{"line":26,"column":35}},"9":{"start":{"line":27,"column":12},"end":{"line":31,"column":14}},"10":{"start":{"line":30,"column":14},"end":{"line":30,"column":72}}},"fnMap":{"0":{"name":"(anonymous_0)","decl":{"start":{"line":3,"column":19},"end":{"line":3,"column":20}},"loc":{"start":{"line":3,"column":25},"end":{"line":37,"column":1}},"line":3},"1":{"name":"(anonymous_1)","decl":{"start":{"line":15,"column":4},"end":{"line":15,"column":5}},"loc":{"start":{"line":15,"column":33},"end":{"line":35,"column":5}},"line":15},"2":{"name":"(anonymous_2)","decl":{"start":{"line":19,"column":8},"end":{"line":19,"column":9}},"loc":{"start":{"line":19,"column":60},"end":{"line":33,"column":9}},"line":19},"3":{"name":"(anonymous_3)","decl":{"start":{"line":21,"column":33},"end":{"line":21,"column":34}},"loc":{"start":{"line":21,"column":45},"end":{"line":23,"column":11}},"line":21},"4":{"name":"(anonymous_4)","decl":{"start":{"line":24,"column":31},"end":{"line":24,"column":32}},"loc":{"start":{"line":24,"column":44},"end":{"line":32,"column":11}},"line":24},"5":{"name":"(anonymous_5)","decl":{"start":{"line":29,"column":19},"end":{"line":29,"column":20}},"loc":{"start":{"line":30,"column":14},"end":{"line":30,"column":72}},"line":30}},"branchMap":{"0":{"loc":{"start":{"line":30,"column":14},"end":{"line":30,"column":72}},"type":"cond-expr","locations":[{"start":{"line":30,"column":35},"end":{"line":30,"column":67}},{"start":{"line":30,"column":70},"end":{"line":30,"column":72}}],"line":30}},"s":{"0":1,"1":1,"2":1,"3":1,"4":1,"5":1,"6":2,"7":1,"8":2,"9":2,"10":2},"f":{"0":1,"1":1,"2":1,"3":2,"4":2,"5":2},"b":{"0":[1,1]},"_coverageSchema":"1a1c01bbd47fc00a2c39e90264f33305004495a9","hash":"d605179867bc6b6cdf0cc1785530e768149a853e"}
,"/Users/shanebdavis/dev/art-suite-foundations/packages/@art-suite/ace/source/ArtSuite.Ace/Main.js": {"path":"/Users/shanebdavis/dev/art-suite-foundations/packages/@art-suite/ace/source/ArtSuite.Ace/Main.js","statementMap":{"0":{"start":{"line":2,"column":10},"end":{"line":2,"column":44}},"1":{"start":{"line":3,"column":0},"end":{"line":15,"column":3}},"2":{"start":{"line":5,"column":2},"end":{"line":14,"column":6}},"3":{"start":{"line":10,"column":4},"end":{"line":10,"column":39}},"4":{"start":{"line":11,"column":4},"end":{"line":13,"column":6}},"5":{"start":{"line":12,"column":6},"end":{"line":12,"column":65}}},"fnMap":{"0":{"name":"(anonymous_0)","decl":{"start":{"line":3,"column":19},"end":{"line":3,"column":20}},"loc":{"start":{"line":3,"column":25},"end":{"line":15,"column":1}},"line":3},"1":{"name":"(anonymous_1)","decl":{"start":{"line":5,"column":60},"end":{"line":5,"column":61}},"loc":{"start":{"line":9,"column":4},"end":{"line":14,"column":3}},"line":9},"2":{"name":"(anonymous_2)","decl":{"start":{"line":11,"column":21},"end":{"line":11,"column":22}},"loc":{"start":{"line":11,"column":49},"end":{"line":13,"column":5}},"line":11},"3":{"name":"(anonymous_3)","decl":{"start":{"line":12,"column":46},"end":{"line":12,"column":47}},"loc":{"start":{"line":12,"column":61},"end":{"line":12,"column":63}},"line":12}},"branchMap":{},"s":{"0":1,"1":1,"2":1,"3":1,"4":1,"5":0},"f":{"0":1,"1":1,"2":0,"3":0},"b":{},"_coverageSchema":"1a1c01bbd47fc00a2c39e90264f33305004495a9","hash":"fd0dfcab4bec351945c7911d3ce16b7b5ab33070"}
,"/Users/shanebdavis/dev/art-suite-foundations/packages/@art-suite/ace/source/ArtSuite.Ace/StandardImport.js": {"path":"/Users/shanebdavis/dev/art-suite-foundations/packages/@art-suite/ace/source/ArtSuite.Ace/StandardImport.js","statementMap":{"0":{"start":{"line":2,"column":10},"end":{"line":2,"column":44}},"1":{"start":{"line":3,"column":0},"end":{"line":5,"column":3}},"2":{"start":{"line":4,"column":2},"end":{"line":4,"column":80}}},"fnMap":{"0":{"name":"(anonymous_0)","decl":{"start":{"line":3,"column":19},"end":{"line":3,"column":20}},"loc":{"start":{"line":3,"column":25},"end":{"line":5,"column":1}},"line":3}},"branchMap":{},"s":{"0":1,"1":1,"2":1},"f":{"0":1},"b":{},"_coverageSchema":"1a1c01bbd47fc00a2c39e90264f33305004495a9","hash":"53ae9ad2efb5847f9cf40fc3fd46ee5be1ddb09e"}
,"/Users/shanebdavis/dev/art-suite-foundations/packages/@art-suite/ace/source/ArtSuite.Ace/index.js": {"path":"/Users/shanebdavis/dev/art-suite-foundations/packages/@art-suite/ace/source/ArtSuite.Ace/index.js","statementMap":{"0":{"start":{"line":4,"column":0},"end":{"line":10,"column":3}}},"fnMap":{},"branchMap":{},"s":{"0":1},"f":{},"b":{},"_coverageSchema":"1a1c01bbd47fc00a2c39e90264f33305004495a9","hash":"121adec571283c0399802f0459eadce6f1636e96"}
,"/Users/shanebdavis/dev/art-suite-foundations/packages/@art-suite/ace/source/ArtSuite.Ace/namespace.js": {"path":"/Users/shanebdavis/dev/art-suite-foundations/packages/@art-suite/ace/source/ArtSuite.Ace/namespace.js","statementMap":{"0":{"start":{"line":4,"column":0},"end":{"line":8,"column":2}}},"fnMap":{},"branchMap":{},"s":{"0":1},"f":{},"b":{},"_coverageSchema":"1a1c01bbd47fc00a2c39e90264f33305004495a9","hash":"0bcdd17614f1f8eedb2928f97acf7c6809713c08"}
}
