<?xml version="1.0" encoding="UTF-8"?>
<coverage generated="1604965554132" clover="3.2.0">
  <project timestamp="1604965554132" name="All files">
    <metrics statements="87" coveredstatements="85" conditionals="75" coveredconditionals="67" methods="74" coveredmethods="70" elements="236" coveredelements="222" complexity="0" loc="87" ncloc="87" packages="2" files="11" classes="11"/>
    <package name="source-source.ArtSuite.Test.Assert">
      <metrics statements="85" coveredstatements="83" conditionals="75" coveredconditionals="67" methods="74" coveredmethods="70"/>
      <file name="Assert.caf" path="/Users/shanebdavis/dev/art-suite-foundations/packages/@art-suite/assert/source-source/ArtSuite.Test.Assert/Assert.caf">
        <metrics statements="6" coveredstatements="6" conditionals="0" coveredconditionals="0" methods="2" coveredmethods="2"/>
        <line num="1" count="24" type="stmt"/>
        <line num="3" count="12" type="stmt"/>
        <line num="4" count="12" type="stmt"/>
        <line num="5" count="12" type="stmt"/>
        <line num="6" count="12" type="stmt"/>
        <line num="9" count="12" type="stmt"/>
      </file>
      <file name="CommunicationStatus.caf" path="/Users/shanebdavis/dev/art-suite-foundations/packages/@art-suite/assert/source-source/ArtSuite.Test.Assert/CommunicationStatus.caf">
        <metrics statements="8" coveredstatements="8" conditionals="10" coveredconditionals="9" methods="8" coveredmethods="8"/>
        <line num="1" count="24" type="stmt"/>
        <line num="4" count="36" type="stmt"/>
        <line num="6" count="24" type="stmt"/>
        <line num="11" count="6" type="stmt"/>
        <line num="13" count="3" type="cond" truecount="1" falsecount="1"/>
        <line num="22" count="12" type="stmt"/>
        <line num="25" count="9" type="stmt"/>
        <line num="27" count="6" type="stmt"/>
      </file>
      <file name="Comparison.caf" path="/Users/shanebdavis/dev/art-suite-foundations/packages/@art-suite/assert/source-source/ArtSuite.Test.Assert/Comparison.caf">
        <metrics statements="16" coveredstatements="16" conditionals="21" coveredconditionals="20" methods="12" coveredmethods="12"/>
        <line num="1" count="24" type="stmt"/>
        <line num="3" count="12" type="stmt"/>
        <line num="4" count="84" type="stmt"/>
        <line num="7" count="12" type="stmt"/>
        <line num="13" count="12" type="cond" truecount="2" falsecount="0"/>
        <line num="14" count="12" type="cond" truecount="2" falsecount="0"/>
        <line num="15" count="12" type="stmt"/>
        <line num="18" count="12" type="stmt"/>
        <line num="19" count="12" type="stmt"/>
        <line num="22" count="12" type="stmt"/>
        <line num="23" count="5" type="stmt"/>
        <line num="27" count="5" type="stmt"/>
        <line num="32" count="10" type="stmt"/>
        <line num="33" count="10" type="stmt"/>
        <line num="35" count="10" type="cond" truecount="3" falsecount="1"/>
        <line num="37" count="12" type="stmt"/>
      </file>
      <file name="Lib.caf" path="/Users/shanebdavis/dev/art-suite-foundations/packages/@art-suite/assert/source-source/ArtSuite.Test.Assert/Lib.caf">
        <metrics statements="11" coveredstatements="11" conditionals="24" coveredconditionals="18" methods="8" coveredmethods="7"/>
        <line num="1" count="24" type="stmt"/>
        <line num="3" count="12" type="stmt"/>
        <line num="17" count="636" type="stmt"/>
        <line num="23" count="636" type="cond" truecount="1" falsecount="1"/>
        <line num="25" count="636" type="stmt"/>
        <line num="27" count="636" type="cond" truecount="2" falsecount="0"/>
        <line num="28" count="444" type="stmt"/>
        <line num="30" count="98" type="stmt"/>
        <line num="41" count="192" type="stmt"/>
        <line num="43" count="57" type="stmt"/>
        <line num="53" count="636" type="stmt"/>
      </file>
      <file name="Presentation.caf" path="/Users/shanebdavis/dev/art-suite-foundations/packages/@art-suite/assert/source-source/ArtSuite.Test.Assert/Presentation.caf">
        <metrics statements="10" coveredstatements="8" conditionals="8" coveredconditionals="8" methods="8" coveredmethods="8"/>
        <line num="1" count="24" type="stmt"/>
        <line num="3" count="12" type="stmt"/>
        <line num="6" count="221" type="stmt"/>
        <line num="7" count="221" type="stmt"/>
        <line num="10" count="101" type="stmt"/>
        <line num="17" count="109" type="stmt"/>
        <line num="22" count="5" type="cond" truecount="2" falsecount="0"/>
        <line num="23" count="0" type="stmt"/>
        <line num="24" count="0" type="stmt"/>
        <line num="41" count="106" type="stmt"/>
      </file>
      <file name="Promises.caf" path="/Users/shanebdavis/dev/art-suite-foundations/packages/@art-suite/assert/source-source/ArtSuite.Test.Assert/Promises.caf">
        <metrics statements="12" coveredstatements="12" conditionals="4" coveredconditionals="4" methods="14" coveredmethods="12"/>
        <line num="1" count="24" type="stmt"/>
        <line num="3" count="135" type="stmt"/>
        <line num="5" count="111" type="cond" truecount="2" falsecount="0"/>
        <line num="10" count="12" type="stmt"/>
        <line num="13" count="3" type="stmt"/>
        <line num="15" count="2" type="stmt"/>
        <line num="23" count="130" type="stmt"/>
        <line num="27" count="12" type="stmt"/>
        <line num="32" count="118" type="stmt"/>
        <line num="35" count="12" type="stmt"/>
        <line num="37" count="2376" type="stmt"/>
        <line num="39" count="2388" type="stmt"/>
      </file>
      <file name="StandardImport.caf" path="/Users/shanebdavis/dev/art-suite-foundations/packages/@art-suite/assert/source-source/ArtSuite.Test.Assert/StandardImport.caf">
        <metrics statements="1" coveredstatements="1" conditionals="0" coveredconditionals="0" methods="1" coveredmethods="1"/>
        <line num="1" count="24" type="stmt"/>
      </file>
      <file name="Truth.caf" path="/Users/shanebdavis/dev/art-suite-foundations/packages/@art-suite/assert/source-source/ArtSuite.Test.Assert/Truth.caf">
        <metrics statements="7" coveredstatements="7" conditionals="4" coveredconditionals="4" methods="8" coveredmethods="8"/>
        <line num="1" count="24" type="stmt"/>
        <line num="4" count="12" type="stmt"/>
        <line num="5" count="12" type="stmt"/>
        <line num="8" count="12" type="stmt"/>
        <line num="9" count="12" type="stmt"/>
        <line num="12" count="12" type="cond" truecount="2" falsecount="0"/>
        <line num="13" count="9" type="cond" truecount="2" falsecount="0"/>
      </file>
      <file name="Type.caf" path="/Users/shanebdavis/dev/art-suite-foundations/packages/@art-suite/assert/source-source/ArtSuite.Test.Assert/Type.caf">
        <metrics statements="14" coveredstatements="14" conditionals="4" coveredconditionals="4" methods="13" coveredmethods="12"/>
        <line num="1" count="24" type="stmt"/>
        <line num="3" count="12" type="stmt"/>
        <line num="4" count="396" type="stmt"/>
        <line num="6" count="12" type="stmt"/>
        <line num="7" count="1" type="stmt"/>
        <line num="8" count="2" type="stmt"/>
        <line num="10" count="12" type="stmt"/>
        <line num="13" count="12" type="stmt"/>
        <line num="14" count="12" type="stmt"/>
        <line num="15" count="12" type="stmt"/>
        <line num="18" count="12" type="stmt"/>
        <line num="19" count="12" type="stmt"/>
        <line num="22" count="12" type="cond" truecount="2" falsecount="0"/>
        <line num="23" count="10" type="cond" truecount="2" falsecount="0"/>
      </file>
    </package>
    <package name="source.ArtSuite.Test.Assert">
      <metrics statements="2" coveredstatements="2" conditionals="0" coveredconditionals="0" methods="0" coveredmethods="0"/>
      <file name="index.js" path="/Users/shanebdavis/dev/art-suite-foundations/packages/@art-suite/assert/source/ArtSuite.Test.Assert/index.js">
        <metrics statements="1" coveredstatements="1" conditionals="0" coveredconditionals="0" methods="0" coveredmethods="0"/>
        <line num="4" count="12" type="stmt"/>
      </file>
      <file name="namespace.js" path="/Users/shanebdavis/dev/art-suite-foundations/packages/@art-suite/assert/source/ArtSuite.Test.Assert/namespace.js">
        <metrics statements="1" coveredstatements="1" conditionals="0" coveredconditionals="0" methods="0" coveredmethods="0"/>
        <line num="4" count="12" type="stmt"/>
      </file>
    </package>
  </project>
</coverage>
