TN:
SF:source-source/ArtSuite.Test.Assert/Assert.caf
FN:1,(anonymous_0)
FN:1,(anonymous_1)
FNF:2
FNH:2
FNDA:12,(anonymous_0)
FNDA:12,(anonymous_1)
DA:1,24
DA:3,12
DA:4,12
DA:5,12
DA:6,12
DA:9,12
LF:6
LH:6
BRF:0
BRH:0
end_of_record
TN:
SF:source-source/ArtSuite.Test.Assert/CommunicationStatus.caf
FN:1,(anonymous_0)
FN:1,(anonymous_1)
FN:4,(anonymous_2)
FN:6,(anonymous_3)
FN:10,(anonymous_4)
FN:11,(anonymous_5)
FN:25,(anonymous_6)
FN:27,(anonymous_7)
FNF:8
FNH:8
FNDA:12,(anonymous_0)
FNDA:12,(anonymous_1)
FNDA:36,(anonymous_2)
FNDA:24,(anonymous_3)
FNDA:6,(anonymous_4)
FNDA:3,(anonymous_5)
FNDA:9,(anonymous_6)
FNDA:6,(anonymous_7)
DA:1,24
DA:4,36
DA:6,24
DA:11,6
DA:13,3
DA:22,12
DA:25,9
DA:27,6
LF:8
LH:8
BRDA:8,0,0,12
BRDA:8,0,1,12
BRDA:7,1,0,24
BRDA:7,1,1,15
BRDA:13,2,0,0
BRDA:13,2,1,3
BRDA:20,3,0,3
BRDA:20,3,1,9
BRDA:20,4,0,12
BRDA:20,4,1,12
BRF:10
BRH:9
end_of_record
TN:
SF:source-source/ArtSuite.Test.Assert/Comparison.caf
FN:1,(anonymous_0)
FN:1,(anonymous_1)
FN:3,(anonymous_2)
FN:7,(anonymous_3)
FN:13,(anonymous_4)
FN:14,(anonymous_5)
FN:18,(anonymous_6)
FN:19,(anonymous_7)
FN:23,(anonymous_8)
FN:27,(anonymous_9)
FN:29,(anonymous_10)
FN:33,(anonymous_11)
FNF:12
FNH:12
FNDA:12,(anonymous_0)
FNDA:12,(anonymous_1)
FNDA:84,(anonymous_2)
FNDA:6,(anonymous_3)
FNDA:10,(anonymous_4)
FNDA:5,(anonymous_5)
FNDA:4,(anonymous_6)
FNDA:4,(anonymous_7)
FNDA:5,(anonymous_8)
FNDA:5,(anonymous_9)
FNDA:10,(anonymous_10)
FNDA:10,(anonymous_11)
DA:1,24
DA:3,12
DA:4,84
DA:7,12
DA:13,12
DA:14,12
DA:15,12
DA:18,12
DA:19,12
DA:22,12
DA:23,5
DA:27,5
DA:32,10
DA:33,10
DA:35,10
DA:37,12
LF:16
LH:16
BRDA:8,0,0,3
BRDA:8,0,1,3
BRDA:8,1,0,6
BRDA:8,1,1,6
BRDA:8,1,2,3
BRDA:9,2,0,2
BRDA:9,2,1,1
BRDA:9,3,0,3
BRDA:9,3,1,2
BRDA:10,4,0,2
BRDA:10,4,1,1
BRDA:10,5,0,3
BRDA:10,5,1,2
BRDA:13,6,0,2
BRDA:13,6,1,8
BRDA:14,7,0,2
BRDA:14,7,1,3
BRDA:35,8,0,5
BRDA:35,8,1,5
BRDA:35,9,0,0
BRDA:35,9,1,5
BRF:21
BRH:20
end_of_record
TN:
SF:source-source/ArtSuite.Test.Assert/Lib.caf
FN:1,(anonymous_0)
FN:1,(anonymous_1)
FN:16,(anonymous_2)
FN:23,(anonymous_3)
FN:27,(anonymous_4)
FN:29,(anonymous_5)
FN:42,(anonymous_6)
FN:53,(anonymous_7)
FNF:8
FNH:7
FNDA:12,(anonymous_0)
FNDA:12,(anonymous_1)
FNDA:636,(anonymous_2)
FNDA:0,(anonymous_3)
FNDA:636,(anonymous_4)
FNDA:98,(anonymous_5)
FNDA:57,(anonymous_6)
FNDA:636,(anonymous_7)
DA:1,24
DA:3,12
DA:17,636
DA:23,636
DA:25,636
DA:27,636
DA:28,444
DA:30,98
DA:41,192
DA:43,57
DA:53,636
LF:11
LH:11
BRDA:18,0,0,612
BRDA:18,0,1,24
BRDA:20,1,0,24
BRDA:20,1,1,0
BRDA:23,2,0,0
BRDA:23,2,1,636
BRDA:27,3,0,444
BRDA:27,3,1,192
BRDA:31,4,0,64
BRDA:31,4,1,34
BRDA:31,5,0,0
BRDA:31,5,1,64
BRDA:31,6,0,64
BRDA:31,6,1,0
BRDA:31,7,0,0
BRDA:31,7,1,0
BRDA:44,8,0,24
BRDA:44,8,1,33
BRDA:44,9,0,6
BRDA:44,9,1,18
BRDA:44,10,0,24
BRDA:44,10,1,6
BRDA:44,11,0,6
BRDA:44,11,1,6
BRF:24
BRH:18
end_of_record
TN:
SF:source-source/ArtSuite.Test.Assert/Presentation.caf
FN:1,(anonymous_0)
FN:1,(anonymous_1)
FN:6,(anonymous_2)
FN:7,(anonymous_3)
FN:10,(anonymous_4)
FN:17,(anonymous_5)
FN:22,(anonymous_6)
FN:41,(anonymous_7)
FNF:8
FNH:8
FNDA:12,(anonymous_0)
FNDA:12,(anonymous_1)
FNDA:221,(anonymous_2)
FNDA:221,(anonymous_3)
FNDA:101,(anonymous_4)
FNDA:109,(anonymous_5)
FNDA:5,(anonymous_6)
FNDA:106,(anonymous_7)
DA:1,24
DA:3,12
DA:6,221
DA:7,221
DA:10,101
DA:17,109
DA:22,5
DA:23,0
DA:24,0
DA:41,106
LF:10
LH:8
BRDA:15,0,0,4
BRDA:15,0,1,97
BRDA:21,1,0,41
BRDA:21,1,1,68
BRDA:22,2,0,5
BRDA:22,2,1,36
BRDA:28,3,0,36
BRDA:28,3,1,5
BRF:8
BRH:8
end_of_record
TN:
SF:source-source/ArtSuite.Test.Assert/Promises.caf
FN:1,(anonymous_0)
FN:1,(anonymous_1)
FN:3,(anonymous_2)
FN:5,(anonymous_3)
FN:10,(anonymous_4)
FN:13,(anonymous_5)
FN:14,(anonymous_6)
FN:23,(anonymous_7)
FN:26,(anonymous_8)
FN:32,(anonymous_9)
FN:36,(anonymous_10)
FN:37,(anonymous_11)
FN:39,(anonymous_12)
FN:39,(anonymous_13)
FNF:14
FNH:12
FNDA:12,(anonymous_0)
FNDA:12,(anonymous_1)
FNDA:135,(anonymous_2)
FNDA:111,(anonymous_3)
FNDA:5,(anonymous_4)
FNDA:3,(anonymous_5)
FNDA:2,(anonymous_6)
FNDA:130,(anonymous_7)
FNDA:12,(anonymous_8)
FNDA:118,(anonymous_9)
FNDA:2376,(anonymous_10)
FNDA:0,(anonymous_11)
FNDA:0,(anonymous_12)
FNDA:2388,(anonymous_13)
DA:1,24
DA:3,135
DA:5,111
DA:10,12
DA:13,3
DA:15,2
DA:23,130
DA:27,12
DA:32,118
DA:35,12
DA:37,2376
DA:39,2388
LF:12
LH:12
BRDA:5,0,0,111
BRDA:5,0,1,24
BRDA:7,1,0,22
BRDA:7,1,1,2
BRF:4
BRH:4
end_of_record
TN:
SF:source-source/ArtSuite.Test.Assert/StandardImport.caf
FN:1,(anonymous_0)
FNF:1
FNH:1
FNDA:12,(anonymous_0)
DA:1,24
LF:1
LH:1
BRF:0
BRH:0
end_of_record
TN:
SF:source-source/ArtSuite.Test.Assert/Truth.caf
FN:1,(anonymous_0)
FN:1,(anonymous_1)
FN:4,(anonymous_2)
FN:5,(anonymous_3)
FN:8,(anonymous_4)
FN:9,(anonymous_5)
FN:12,(anonymous_6)
FN:13,(anonymous_7)
FNF:8
FNH:8
FNDA:12,(anonymous_0)
FNDA:12,(anonymous_1)
FNDA:11,(anonymous_2)
FNDA:11,(anonymous_3)
FNDA:9,(anonymous_4)
FNDA:9,(anonymous_5)
FNDA:9,(anonymous_6)
FNDA:9,(anonymous_7)
DA:1,24
DA:4,12
DA:5,12
DA:8,12
DA:9,12
DA:12,12
DA:13,9
LF:7
LH:7
BRDA:12,0,0,9
BRDA:12,0,1,8
BRDA:13,1,0,9
BRDA:13,1,1,8
BRF:4
BRH:4
end_of_record
TN:
SF:source-source/ArtSuite.Test.Assert/Type.caf
FN:1,(anonymous_0)
FN:1,(anonymous_1)
FN:3,(anonymous_2)
FN:4,(anonymous_3)
FN:7,(anonymous_4)
FN:7,(anonymous_5)
FN:10,(anonymous_6)
FN:13,(anonymous_7)
FN:14,(anonymous_8)
FN:18,(anonymous_9)
FN:19,(anonymous_10)
FN:22,(anonymous_11)
FN:23,(anonymous_12)
FNF:13
FNH:12
FNDA:12,(anonymous_0)
FNDA:12,(anonymous_1)
FNDA:300,(anonymous_2)
FNDA:396,(anonymous_3)
FNDA:1,(anonymous_4)
FNDA:2,(anonymous_5)
FNDA:0,(anonymous_6)
FNDA:4,(anonymous_7)
FNDA:4,(anonymous_8)
FNDA:6,(anonymous_9)
FNDA:6,(anonymous_10)
FNDA:10,(anonymous_11)
FNDA:10,(anonymous_12)
DA:1,24
DA:3,12
DA:4,396
DA:6,12
DA:7,1
DA:8,2
DA:10,12
DA:13,12
DA:14,12
DA:15,12
DA:18,12
DA:19,12
DA:22,12
DA:23,10
LF:14
LH:14
BRDA:22,0,0,10
BRDA:22,0,1,4
BRDA:23,1,0,10
BRDA:23,1,1,4
BRF:4
BRH:4
end_of_record
TN:
SF:source/ArtSuite.Test.Assert/index.js
FNF:0
FNH:0
DA:4,12
LF:1
LH:1
BRF:0
BRH:0
end_of_record
TN:
SF:source/ArtSuite.Test.Assert/namespace.js
FNF:0
FNH:0
DA:4,12
LF:1
LH:1
BRF:0
BRH:0
end_of_record
